# column   1     --> step : The current simulation time step.
# column   2     --> time{picosecond} : The elapsed simulation time.
# column   3     --> conserved : The value of the conserved energy quantity per bead.
# column   4     --> temperature{kelvin} : The current temperature, as obtained from the MD kinetic energy.
# column   5     --> kinetic_md{electronvolt} : The kinetic energy of the (extended) classical system.
# column   6     --> kinetic_cv{electronvolt} : The centroid-virial quantum kinetic energy of the physical system.
# column   7     --> potential{electronvolt} : The physical system potential energy.
    0.00000000e+00     0.00000000e+00    -1.87018426e-01     4.87163489e+01     1.25941636e-02     2.81787092e-02    -5.10162426e+00   
    2.00000000e+02     1.00000000e-01    -1.87016911e-01     4.32424209e+01     1.11790422e-02     2.81787092e-02    -5.10016791e+00   
    4.00000000e+02     2.00000000e-01    -1.87018448e-01     4.86896217e+01     1.25872540e-02     2.81787092e-02    -5.10161796e+00   
    6.00000000e+02     3.00000000e-01    -1.87016813e-01     4.37848630e+01     1.13192745e-02     2.81787092e-02    -5.10030547e+00   
    8.00000000e+02     4.00000000e-01    -1.87018546e-01     4.90735309e+01     1.26865023e-02     2.81787092e-02    -5.10171985e+00   
    1.00000000e+03     5.00000000e-01    -1.87016809e-01     4.28758265e+01     1.10842702e-02     2.81787092e-02    -5.10007036e+00   
    1.20000000e+03     6.00000000e-01    -1.87018552e-01     4.90660312e+01     1.26845635e-02     2.81787092e-02    -5.10171808e+00   
    1.40000000e+03     7.00000000e-01    -1.87016755e-01     4.36104546e+01     1.12741864e-02     2.81787092e-02    -5.10025881e+00   
    1.60000000e+03     8.00000000e-01    -1.87018546e-01     4.90411903e+01     1.26781416e-02     2.81787092e-02    -5.10171149e+00   
    1.80000000e+03     9.00000000e-01    -1.87016815e-01     4.28995733e+01     1.10904092e-02     2.81787092e-02    -5.10007668e+00   
    2.00000000e+03     1.00000000e+00    -1.87018538e-01     4.90507794e+01     1.26806206e-02     2.81787092e-02    -5.10171375e+00   
    2.20000000e+03     1.10000000e+00    -1.87016828e-01     4.38315840e+01     1.13313528e-02     2.81787092e-02    -5.10031797e+00   
    2.40000000e+03     1.20000000e+00    -1.87018429e-01     4.86201005e+01     1.25692814e-02     2.81787092e-02    -5.10159945e+00   
    2.60000000e+03     1.30000000e+00    -1.87016930e-01     4.33106961e+01     1.11966928e-02     2.81787092e-02    -5.10018608e+00   
    2.80000000e+03     1.40000000e+00    -1.87018404e-01     4.86495160e+01     1.25768859e-02     2.81787092e-02    -5.10160638e+00   
    3.00000000e+03     1.50000000e+00    -1.87017021e-01     4.44162020e+01     1.14824884e-02     2.81787092e-02    -5.10047436e+00   
    3.20000000e+03     1.60000000e+00    -1.87018213e-01     4.78628984e+01     1.23735293e-02     2.81787092e-02    -5.10139784e+00   
    3.40000000e+03     1.70000000e+00    -1.87017138e-01     4.40578099e+01     1.13898368e-02     2.81787092e-02    -5.10038489e+00   
    3.60000000e+03     1.80000000e+00    -1.87018167e-01     4.79205845e+01     1.23884423e-02     2.81787092e-02    -5.10141149e+00   
    3.80000000e+03     1.90000000e+00    -1.87017305e-01     4.52797220e+01     1.17057259e-02     2.81787092e-02    -5.10070533e+00   
    4.00000000e+03     2.00000000e+00    -1.87017930e-01     4.68661107e+01     1.21158395e-02     2.81787092e-02    -5.10113243e+00   
    4.20000000e+03     2.10000000e+00    -1.87017416e-01     4.50472889e+01     1.16456372e-02     2.81787092e-02    -5.10064824e+00   
    4.40000000e+03     2.20000000e+00    -1.87017857e-01     4.69679879e+01     1.21421768e-02     2.81787092e-02    -5.10115680e+00   
    4.60000000e+03     2.30000000e+00    -1.87017639e-01     4.62975968e+01     1.19688671e-02     2.81787092e-02    -5.10097754e+00   
    4.80000000e+03     2.40000000e+00    -1.87017616e-01     4.57567850e+01     1.18290563e-02     2.81787092e-02    -5.10083710e+00   
    5.00000000e+03     2.50000000e+00    -1.87017728e-01     4.61546314e+01     1.19319077e-02     2.81787092e-02    -5.10094301e+00   
    5.20000000e+03     2.60000000e+00    -1.87017518e-01     4.59276227e+01     1.18732213e-02     2.81787092e-02    -5.10087860e+00   
    5.40000000e+03     2.70000000e+00    -1.87017973e-01     4.73236308e+01     1.22341177e-02     2.81787092e-02    -5.10125189e+00   
    5.60000000e+03     2.80000000e+00    -1.87017311e-01     4.46756857e+01     1.15495702e-02     2.81787092e-02    -5.10054934e+00   
    5.80000000e+03     2.90000000e+00    -1.87018036e-01     4.72398020e+01     1.22124463e-02     2.81787092e-02    -5.10123193e+00   
    6.00000000e+03     3.00000000e+00    -1.87017197e-01     4.49484783e+01     1.16200926e-02     2.81787092e-02    -5.10061673e+00   
    6.20000000e+03     3.10000000e+00    -1.87018261e-01     4.82111134e+01     1.24635499e-02     2.81787092e-02    -5.10148916e+00   
    6.40000000e+03     3.20000000e+00    -1.87017055e-01     4.37592756e+01     1.13126596e-02     2.81787092e-02    -5.10030545e+00   
    6.60000000e+03     3.30000000e+00    -1.87018299e-01     4.81648565e+01     1.24515916e-02     2.81787092e-02    -5.10147824e+00   
    6.80000000e+03     3.40000000e+00    -1.87016940e-01     4.41714085e+01     1.14192044e-02     2.81787092e-02    -5.10040887e+00   
    7.00000000e+03     3.50000000e+00    -1.87018464e-01     4.88335278e+01     1.26244567e-02     2.81787092e-02    -5.10165560e+00   
    7.20000000e+03     3.60000000e+00    -1.87016878e-01     4.31226806e+01     1.11480869e-02     2.81787092e-02    -5.10013605e+00   
    7.40000000e+03     3.70000000e+00    -1.87018483e-01     4.88117877e+01     1.26188364e-02     2.81787092e-02    -5.10165047e+00   
    7.60000000e+03     3.80000000e+00    -1.87016787e-01     4.37086333e+01     1.12995676e-02     2.81787092e-02    -5.10028507e+00   
    7.80000000e+03     3.90000000e+00    -1.87018557e-01     4.91018228e+01     1.26938164e-02     2.81787092e-02    -5.10172746e+00   
    8.00000000e+03     4.00000000e+00    -1.87016800e-01     4.28455879e+01     1.10764528e-02     2.81787092e-02    -5.10006232e+00   
    8.20000000e+03     4.10000000e+00    -1.87018559e-01     4.90983568e+01     1.26929204e-02     2.81787092e-02    -5.10172665e+00   
    8.40000000e+03     4.20000000e+00    -1.87016760e-01     4.36271629e+01     1.12785058e-02     2.81787092e-02    -5.10026328e+00   
    8.60000000e+03     4.30000000e+00    -1.87018528e-01     4.89759288e+01     1.26612702e-02     2.81787092e-02    -5.10169414e+00   
    8.80000000e+03     4.40000000e+00    -1.87016833e-01     4.29626116e+01     1.11067059e-02     2.81787092e-02    -5.10009345e+00   
    9.00000000e+03     4.50000000e+00    -1.87018517e-01     4.89897499e+01     1.26648433e-02     2.81787092e-02    -5.10169740e+00   
    9.20000000e+03     4.60000000e+00    -1.87016864e-01     4.39388076e+01     1.13590723e-02     2.81787092e-02    -5.10034665e+00   
    9.40000000e+03     4.70000000e+00    -1.87018386e-01     4.84691989e+01     1.25302703e-02     2.81787092e-02    -5.10155927e+00   
    9.60000000e+03     4.80000000e+00    -1.87016971e-01     4.34591386e+01     1.12350682e-02     2.81787092e-02    -5.10022558e+00   
    9.80000000e+03     4.90000000e+00    -1.87018357e-01     4.85042623e+01     1.25393349e-02     2.81787092e-02    -5.10156754e+00   
    1.00000000e+04     5.00000000e+00    -1.87017081e-01     4.45984113e+01     1.15295932e-02     2.81787092e-02    -5.10052310e+00   
    1.02000000e+04     5.10000000e+00    -1.87018151e-01     4.76455447e+01     1.23173390e-02     2.81787092e-02    -5.10133996e+00   
    1.04000000e+04     5.20000000e+00    -1.87017199e-01     4.42730797e+01     1.14454884e-02     2.81787092e-02    -5.10044218e+00   
    1.06000000e+04     5.30000000e+00    -1.87018099e-01     4.77118836e+01     1.23344889e-02     2.81787092e-02    -5.10135569e+00   
    1.08000000e+04     5.40000000e+00    -1.87017381e-01     4.55105972e+01     1.17654118e-02     2.81787092e-02    -5.10076708e+00   
    1.10000000e+04     5.50000000e+00    -1.87017857e-01     4.66100408e+01     1.20496402e-02     2.81787092e-02    -5.10106425e+00   
    1.12000000e+04     5.60000000e+00    -1.87017488e-01     4.53023492e+01     1.17115754e-02     2.81787092e-02    -5.10071613e+00   
    1.14000000e+04     5.70000000e+00    -1.87017778e-01     4.67255833e+01     1.20795103e-02     2.81787092e-02    -5.10109198e+00   
    1.16000000e+04     5.80000000e+00    -1.87017719e-01     4.65439191e+01     1.20325464e-02     2.81787092e-02    -5.10104341e+00   
    1.18000000e+04     5.90000000e+00    -1.87017542e-01     4.54945571e+01     1.17612651e-02     2.81787092e-02    -5.10076730e+00   
    1.20000000e+04     6.00000000e+00    -1.87017802e-01     4.64172934e+01     1.19998111e-02     2.81787092e-02    -5.10101294e+00   
    1.22000000e+04     6.10000000e+00    -1.87017439e-01     4.56861689e+01     1.18108006e-02     2.81787092e-02    -5.10081403e+00   
    1.24000000e+04     6.20000000e+00    -1.87018047e-01     4.75501212e+01     1.22926701e-02     2.81787092e-02    -5.10131244e+00   
    1.26000000e+04     6.30000000e+00    -1.87017245e-01     4.44404652e+01     1.14887610e-02     2.81787092e-02    -5.10048673e+00   
    1.28000000e+04     6.40000000e+00    -1.87018103e-01     4.74767395e+01     1.22736994e-02     2.81787092e-02    -5.10129501e+00   
    1.30000000e+04     6.50000000e+00    -1.87017129e-01     4.47426519e+01     1.15668823e-02     2.81787092e-02    -5.10056168e+00   
    1.32000000e+04     6.60000000e+00    -1.87018318e-01     4.83854638e+01     1.25086231e-02     2.81787092e-02    -5.10153578e+00   
    1.34000000e+04     6.70000000e+00    -1.87017005e-01     4.35806599e+01     1.12664839e-02     2.81787092e-02    -5.10025791e+00   
    1.36000000e+04     6.80000000e+00    -1.87018351e-01     4.83458674e+01     1.24983866e-02     2.81787092e-02    -5.10152644e+00   
    1.38000000e+04     6.90000000e+00    -1.87016894e-01     4.40308967e+01     1.13828792e-02     2.81787092e-02    -5.10037129e+00   
    1.40000000e+04     7.00000000e+00    -1.87018497e-01     4.89308754e+01     1.26496230e-02     2.81787092e-02    -5.10168164e+00   
    1.42000000e+04     7.10000000e+00    -1.87016850e-01     4.30230517e+01     1.11223308e-02     2.81787092e-02    -5.10010954e+00   
    1.44000000e+04     7.20000000e+00    -1.87018511e-01     4.89137841e+01     1.26452046e-02     2.81787092e-02    -5.10167761e+00   
    1.46000000e+04     7.30000000e+00    -1.87016769e-01     4.36537685e+01     1.12853839e-02     2.81787092e-02    -5.10027040e+00   
    1.48000000e+04     7.40000000e+00    -1.87018561e-01     4.91080446e+01     1.26954248e-02     2.81787092e-02    -5.10172919e+00   
    1.50000000e+04     7.50000000e+00    -1.87016798e-01     4.28373962e+01     1.10743351e-02     2.81787092e-02    -5.10006014e+00   
    1.52000000e+04     7.60000000e+00    -1.87018560e-01     4.91085591e+01     1.26955579e-02     2.81787092e-02    -5.10172931e+00   
    1.54000000e+04     7.70000000e+00    -1.87016773e-01     4.36658980e+01     1.12885196e-02     2.81787092e-02    -5.10027364e+00   
    1.56000000e+04     7.80000000e+00    -1.87018504e-01     4.88893497e+01     1.26388878e-02     2.81787092e-02    -5.10167111e+00   
    1.58000000e+04     7.90000000e+00    -1.87016856e-01     4.30468799e+01     1.11284909e-02     2.81787092e-02    -5.10011588e+00   
    1.60000000e+04     8.00000000e+00    -1.87018489e-01     4.89076165e+01     1.26436101e-02     2.81787092e-02    -5.10167542e+00   
    1.62000000e+04     8.10000000e+00    -1.87016905e-01     4.40655270e+01     1.13918318e-02     2.81787092e-02    -5.10038055e+00   
    1.64000000e+04     8.20000000e+00    -1.87018338e-01     4.83005615e+01     1.24866741e-02     2.81787092e-02    -5.10151437e+00   
    1.66000000e+04     8.30000000e+00    -1.87017018e-01     4.36253390e+01     1.12780343e-02     2.81787092e-02    -5.10026980e+00   
    1.68000000e+04     8.40000000e+00    -1.87018304e-01     4.83418197e+01     1.24973402e-02     2.81787092e-02    -5.10152411e+00   
    1.70000000e+04     8.50000000e+00    -1.87017146e-01     4.47947706e+01     1.15803561e-02     2.81787092e-02    -5.10057562e+00   
    1.72000000e+04     8.60000000e+00    -1.87018086e-01     4.74163387e+01     1.22580846e-02     2.81787092e-02    -5.10127893e+00   
    1.74000000e+04     8.70000000e+00    -1.87017262e-01     4.45003983e+01     1.15042549e-02     2.81787092e-02    -5.10050268e+00   
    1.76000000e+04     8.80000000e+00    -1.87018028e-01     4.74923180e+01     1.22777268e-02     2.81787092e-02    -5.10129699e+00   
    1.78000000e+04     8.90000000e+00    -1.87017459e-01     4.57482563e+01     1.18268515e-02     2.81787092e-02    -5.10083064e+00   
    1.80000000e+04     9.00000000e+00    -1.87017783e-01     4.63494993e+01     1.19822850e-02     2.81787092e-02    -5.10099489e+00   
    1.82000000e+04     9.10000000e+00    -1.87017561e-01     4.55622060e+01     1.17787537e-02     2.81787092e-02    -5.10078530e+00   
    1.84000000e+04     9.20000000e+00    -1.87017698e-01     4.64802001e+01     1.20160738e-02     2.81787092e-02    -5.10102637e+00   
    1.86000000e+04     9.30000000e+00    -1.87017799e-01     4.67887190e+01     1.20958322e-02     2.81787092e-02    -5.10110887e+00   
    1.88000000e+04     9.40000000e+00    -1.87017469e-01     4.52357673e+01     1.16943627e-02     2.81787092e-02    -5.10069841e+00   
    1.90000000e+04     9.50000000e+00    -1.87017876e-01     4.66768537e+01     1.20669127e-02     2.81787092e-02    -5.10108204e+00   
    1.92000000e+04     9.60000000e+00    -1.87017361e-01     4.54500847e+01     1.17497681e-02     2.81787092e-02    -5.10075089e+00   
    1.94000000e+04     9.70000000e+00    -1.87018117e-01     4.77670383e+01     1.23487475e-02     2.81787092e-02    -5.10137044e+00   
    1.96000000e+04     9.80000000e+00    -1.87017183e-01     4.42161166e+01     1.14307623e-02     2.81787092e-02    -5.10042702e+00   
    1.98000000e+04     9.90000000e+00    -1.87018168e-01     4.77030302e+01     1.23322001e-02     2.81787092e-02    -5.10135527e+00   
    2.00000000e+04     1.00000000e+01    -1.87017065e-01     4.45498087e+01     1.15170285e-02     2.81787092e-02    -5.10051010e+00   
