# step time temp etotal ke pe enthalpy density vol press
0 0 999.99999999999988631 2699.3857122272002016 628.95092054999986431 2070.4347916772003373 7412.2232774252897798 1.8084835349053700604 2948.6564125227605473 109592.8981843006477
125 0.025000000000000001388 1519.2030050463406496 2266.2175265450532606 955.50412852622207538 1310.7133980188309579 2929.7028988207503062 1.6526704150651740921 3226.654584925364361 14099.476456257185419
250 0.050000000000000002776 1346.6738890359774814 2077.6461292871754267 846.99178218982649469 1230.6543470973490457 1109.128568482414039 1.5516455528513080075 3436.7362844828544439 -19323.482672759590059
375 0.074999999999999997224 1154.9666821808866644 1938.9471506116374258 726.41735796224782007 1212.529792649389492 587.68179215827490225 1.5833971255546006596 3367.8200408964075905 -27511.601792384462897
500 0.10000000000000000555 984.49398639637695396 1856.9558450668182559 619.19839901994032516 1237.7574460468779307 1511.0970161827303855 1.6794696715536803211 3175.1669366005012307 -7468.8960246381957404
625 0.125 1154.3144510729584908 1773.2695108637826706 726.00713660650501424 1047.2623742572775427 1510.9887577321901517 1.7492422470780639721 3048.5180546308688463 -5899.3173748538620202
750 0.14999999999999999445 950.82542906152809792 1720.971366278759433 598.0225288905967318 1122.9488373881627012 2197.2963970840132788 1.7949012480835033756 2970.9693376359296053 10993.332032545120455
875 0.17500000000000001665 984.6698604065576319 1738.1328271180768752 619.30901514054437484 1118.823811977532614 1913.8633458496365165 1.8105189183353622706 2945.3415361400784604 4091.0580279738996978
1000 0.2000000000000000111 1071.3703146422476493 1764.8315347472437224 673.83934564418473201 1090.9921891030589904 994.85100262244179703 1.8153866210675559945 2937.4440189520973945 -17973.566246034806682
1125 0.22500000000000000555 873.95081356590515043 1675.8766240941195065 549.67216870769743764 1126.2044553864220688 1234.2062312348959949 1.8361338570964023109 2904.2526238110608574 -10427.687502970633432
1250 0.25 1013.350307728590451 1695.3660230197397141 637.34760888552261804 1058.0184141342172097 1760.9571985368775131 1.8518857503228980388 2879.5494383013365223 1561.8703688067398616
1375 0.2750000000000000222 1043.4487283364230734 1709.1365141351698185 656.27803823392002869 1052.8584759012496761 1957.4917098278933736 1.8535170178391762175 2877.0151667435311538 5919.0936226242511111
1500 0.2999999999999999889 929.87534891980226348 1647.6782649920880885 584.84595669986197208 1062.8323082922261165 2305.7106207631159123 1.856372548084354257 2872.58965213820602 15707.163611186280832
1625 0.3250000000000000111 953.07506699278962969 1574.4896855508120552 599.43744073836785446 975.05224481244420076 1642.2657030546936312 1.8604390384168416617 2866.3108341772776839 1621.3503573443883852
1750 0.35000000000000003331 893.96769642966421543 1587.7255108450617627 562.26180561140017744 1025.4637052336615852 1490.2907856189401627 1.8805110098202655333 2835.7167516132894889 -2355.9985922129812934
1875 0.375 1039.5955046436945395 1698.0094177742025749 653.85454964529333211 1044.1548681289091292 2101.1073441814000944 1.8765121021915027733 2841.7597551930657573 9726.2922571195158525
2000 0.4000000000000000222 1020.0062358832208247 1682.489122065609763 641.533861025492115 1040.955261040117648 2106.9715993679892563 1.8363812273314632506 2903.8614056677165536 10023.236855274417394
2125 0.4249999999999999889 924.10064941482073664 1606.55758343499906 581.21395413030427335 1025.3436293046947867 1692.8523222931989949 1.7979906856203700105 2965.8644034079720768 1995.0654047253622139
2250 0.4500000000000000111 923.63828433266701268 1566.4272433166229348 580.92314918625345399 985.5040941303695945 1483.9809155153700431 1.7886160084811892901 2981.4093952277357857 -1896.1548953831372728
2375 0.47500000000000003331 973.49103139214412295 1602.6722904758357799 612.27808034125791892 990.39421013457786103 789.68802674267112707 1.8081602941739787216 2949.1835371689971907 -18901.855948116502987
2500 0.5 911.52802683344305024 1656.8650907825171998 573.30639158401902478 1083.5586991984980614 1479.6301621314999011 1.8625997530099098753 2862.9857614461830053 -4244.7707228902254428
2625 0.5250000000000000222 1077.7813079545139772 1703.3175196488191432 677.87154578957449758 1025.4459738592447593 2128.9601204912196408 1.8847091276428420414 2829.4003005174026839 10315.132323589550651
2750 0.55000000000000004441 1004.8744497501550086 1660.3220934294854487 632.01671020753462926 1028.3053832219509331 1651.8623010660837735 1.8550157720838296171 2874.6906912549770823 -201.78677147847130868
2875 0.57500000000000006661 921.37107120994312481 1608.7133902088160085 579.49718340563322272 1029.2162068031827857 1597.8931273657947258 1.8210738064533658065 2928.2704266259547694 -253.36740291580110807
3000 0.5999999999999999778 1023.5534123147126593 1641.6073757987880981 643.76486090743208024 997.84251489135601787 933.92790948108415705 1.7954609673026469263 2970.0431639857952177 -16337.964350770935198
3125 0.625 1067.0904070839542328 1692.4887486779791743 671.14749384552715128 1021.341254832452023 876.07275331780215311 1.811216459999223316 2944.2072164819201134 -19013.726503050453175
3250 0.6500000000000000222 1038.071170330785435 1617.4078697006418679 652.89581817596319979 964.5120515246786681 2031.7542825393250041 1.8501460078318177072 2882.2571567688373761 9857.2317610738355143
3375 0.67500000000000004441 972.87210998153659602 1555.3022091058178376 611.88880915030824781 943.41339995550958974 1678.1564112978094272 1.8427521449490089633 2893.8219319170070776 2911.0007867049312154
3500 0.70000000000000006661 1021.3782442700312458 1602.5644774162951762 642.39678696337887231 960.16769045291619022 1472.984940572779351 1.8227008485909961255 2925.6564928154894005 -3036.9469141756576391
3625 0.7249999999999999778 1027.5332537887125 1639.771063122320129 646.26798586614745545 993.50307725617267351 1567.3506657079396973 1.8127476720383624009 2941.7202705019931273 -1688.0435281926982043
3750 0.75 1042.6307245695968504 1662.7084960402539764 655.76355401176135729 1006.9449420284927328 1238.6978174218711501 1.8098316299245023053 2946.4600374803931118 -9867.3458340194338234
3875 0.7750000000000000222 1106.5872512178771103 1771.1079064727500736 695.98907032237775638 1075.1188361503723172 1640.2554283999443214 1.8458572706642515371 2888.95390607398258 -3105.742532412964465
4000 0.80000000000000004441 1053.2152898573624498 1719.0194519701376521 662.4207260931231076 1056.5987258770146582 2236.8869750030480645 1.8816887949632694621 2833.9418220559900874 12530.022655363138256
4125 0.82500000000000006661 970.28511053604677272 1657.7146414764640667 610.26171346760497727 1047.4529280088590895 1893.207499603455517 1.8827167112571074892 2832.3945606133829642 5700.961387982186352
4250 0.8499999999999999778 912.7146882653079274 1631.6054135016788678 574.05274338397157408 1057.5526701177072937 1821.3868936980927629 1.8574083869437543193 2870.9876673460012171 4532.5918468509089507
4375 0.875 1035.3065753416888128 1685.9046429554223323 651.15702361262299291 1034.7476193427994531 1698.4833512164461808 1.8292458799113693324 2915.188510578426758 295.86494495159786311
4500 0.9000000000000000222 1185.7761388865569643 1736.7879876461627191 745.79499411892459193 990.99299352723812717 1492.9843854999603536 1.824613268534583721 2922.5900436553106374 -5720.0039419648828698
4625 0.92500000000000004441 918.00883020466108064 1620.091404004285323 577.38249883025014242 1042.7089051740351806 1680.0351481480356597 1.8585145168351686618 2869.2789450046007005 1432.501894686262176
4750 0.95000000000000006661 981.20697024266507924 1630.9550645825434003 617.13102718420054771 1013.8240373983427389 2246.3392840990336481 1.8916353953350311112 2819.0403844690599726 14968.185904936939551
4875 0.9749999999999999778 1004.9122255024476544 1663.38103430049091 632.04046930171352869 1031.3405649987773813 1819.8561164381260369 1.8922553066828753376 2818.1168541620281758 3807.2404106758767739
5000 1 966.03478881459420791 1625.1511731371376754 607.58846970826380129 1017.5627034288738741 1842.814460508638831 1.8692261780210379651 2852.8364490305843901 5231.574569872354914
5125 1.0249999999999999112 975.4474308078017657 1632.8397352993633831 613.5085595546992181 1019.3311757446640513 1534.3145577134555424 1.8330420172087169561 2909.151302631247745 -2322.2289121053486269
5250 1.0500000000000000444 1066.3512485053643104 1668.991072566762341 670.68259937709058249 998.30847318967187221 1420.100574802352412 1.8030338388593973864 2957.5687694879648006 -5770.2891362425416446
5375 1.0749999999999999556 971.62553663943299398 1620.7072071224133651 611.10477569925899388 1009.6024314231543713 1691.86961778556838 1.8124081441552510885 2942.2713583236682098 1658.4104973688351947
5500 1.1000000000000000888 1003.3241691447894937 1579.887696968192131 631.04165979367917316 948.84603717451295779 1628.0308279030170979 1.847887097754233432 2885.7805104117769588 1143.9186623612517906
5625 1.125 847.70472294483306541 1551.7868543787819817 533.16466585073533224 1018.6221885280466495 1396.9386973637704159 1.8846561978335580889 2829.4797630838202167 -3752.5246975501822817
5750 1.1500000000000001332 978.88906713340645638 1645.3369115949749357 615.67317988988668276 1029.6637317050881393 1953.9936802722781977 1.8977831879280548932 2809.9082161026649374 7531.9561279403224034
5875 1.1750000000000000444 987.41590342710730965 1669.2325250479966599 621.03614142618891947 1048.1963836218078541 1655.9743763047986249 1.8720815865312439019 2848.4851357473417011 -319.14867090111158632
6000 1.1999999999999999556 995.26088540049750009 1620.3583006389885668 625.97025006005083014 994.38805057893773665 1436.3131293376757185 1.8300010856216601951 2913.9854692102767331 -4330.7304781978155006
6125 1.2250000000000000888 872.66649653362117078 1570.6562682492376553 548.86439632796430033 1021.7918719212734686 1454.3356297213326798 1.8111453674053996643 2944.3227849677741688 -2708.9155633232207947
6250 1.25 1009.1998524251728213 1647.7232676448029451 634.73717620173647447 1012.986091443066357 1509.9229619101733988 1.8157416454049910559 2936.8696728609443198 -3217.2856146982112477
6375 1.2750000000000001332 984.51859349063306581 1716.9354023141495418 619.21387567452484291 1097.7215266396246989 1558.4237030591282291 1.851253532843066818 2880.5328268305866004 -3773.2241325756399419
6500 1.3000000000000000444 1121.0023534119522992 1695.634718705754949 705.05546211716375637 990.57925658859119267 1894.9893315055833227 1.895593169947499268 2813.154561159471541 4859.1108399635713795
6625 1.3249999999999999556 922.51609268169488587 1610.5228139430798819 580.217345714341036 1030.3054682287388459 1611.7770943899529357 1.9131043272889192153 2787.4050024743969516 30.854512398173454812
6750 1.3500000000000000888 1104.2694404338610639 1613.3157385059162152 694.53128109611020591 918.78445740980600931 1945.7582079776254886 1.89523098580680327 2813.6921631589161734 8101.4737535356780427
6875 1.375 940.55020685286638127 1607.2313741109885541 591.55991842360310784 1015.6714556873854463 1891.267440480050027 1.873786394615639006 2845.8935273859747213 6843.5107239062626832
7000 1.4000000000000001332 1032.5229016343146213 1679.579892980128534 649.40622947185920566 1030.1736635082693283 1965.7766923901108385 1.8643132220202129901 2860.354423899876565 6860.7095504128110406
7125 1.4250000000000000444 1105.1428272708715213 1653.7054824883705351 695.08059855124417936 958.6248839371263557 1727.4004921279333757 1.8701595730325970557 2851.4126008474045193 1772.1567208101753295
7250 1.4499999999999999556 1000.5180059514785853 1587.0860868798336014 629.27672087003270462 957.8093660098007831 1355.1370247182233015 1.8852574574270164476 2828.5773654588442696 -5622.7486465013580528
7375 1.4750000000000000888 980.93174595640005009 1601.9154097238251779 616.95792461599648959 984.95748510782868834 1659.7700732485070603 1.9058899761035872356 2797.9561459484357329 1417.8215709313924435
7500 1.5 1056.0689688765612573 1668.7393277810197105 664.21555013920237798 1004.5237776418173326 1848.4472149398666261 1.8860254765313424485 2827.4255244674213827 4358.1289334940238405
7625 1.5250000000000001332 999.06161028438214089 1724.060255731106281 628.36071947452740005 1095.6995362565789947 1594.3202049190820162 1.8496165819326999546 2883.082161043569613 -3085.6108668716919965
7750 1.5500000000000000444 993.24141362237617159 1731.637374603653825 624.70010142617672955 1106.9372731774769818 1933.9024416707975433 1.8191922317239954676 2931.2991113022744685 4731.3476148468598694
7875 1.5749999999999999556 1033.8299860683689531 1672.0969120066652067 650.22832142989420845 1021.8685905767708846 1574.2420997659612567 1.7784067909184553269 2998.5246341679444413 -2237.6835924609786161
8000 1.6000000000000000888 889.49422743429829552 1623.6916381967753296 559.44821316871286854 1064.2434250280623473 1166.6682281456830879 1.7592295178096546415 3031.2114014434851015 -10338.233364448078646
8125 1.625 1042.9447429242443377 1675.4396636790133925 655.96105614498651448 1019.4786075340269917 1383.4306085412301854 1.7804771415000888446 2995.0379299156443267 -6685.256929954586667
8250 1.6500000000000001332 1006.9813345440347803 1629.430172679901716 633.34183733813813433 996.0883353417636954 1653.1485398190445721 1.8362528993379121367 2904.0643443304002176 560.01887296133531891
8375 1.6750000000000000444 967.81997084670922504 1573.8884895046614929 608.71126159071184247 965.17722791394965043 1927.7303820186702978 1.8973181491633905882 2810.5969336201847 8632.4643139188337955
8500 1.6999999999999999556 981.97756279113070832 1593.1328982162931425 617.61569207692696182 975.51720613936606696 1941.6754001410874935 1.9381768908447272182 2751.3466894223533927 8686.2942460134690918
8625 1.7250000000000000888 1043.8040397606903298 1642.2130521468684492 656.50151168129491452 985.71154046557353468 1691.7400619135053148 1.9402326239276985742 2748.4315573178741943 1235.6096517469313767
8750 1.75 1147.1263619636813473 1685.211844642644337 721.4861813442297489 963.72566329841470179 1253.6404127238520232 1.9249192262555041566 2770.2962801789417426 -10681.950973143040756
8875 1.7750000000000001332 938.87201393601606014 1563.9102521132385846 590.50441744368959007 973.40583466954888081 1306.9682820594407531 1.9152867317358832633 2784.2288487569971949 -6327.8216664667770601
9000 1.8000000000000000444 999.92479295287341756 1595.6401342534031755 628.90361900847778998 966.73651524492549925 1768.6765282809674318 1.8973781669581386566 2810.5080289237885154 4221.5966486062206968
9125 1.8249999999999999556 998.12902582123660977 1669.4183166041514141 627.7741696179414248 1041.6441469862099893 1653.8812447686027554 1.8753547432942758721 2843.5135225526619251 -374.66056730700023536
9250 1.8500000000000000888 1019.9102552831299136 1679.3443686949406128 641.47349393870990752 1037.8708747562307053 2016.0748636709668062 1.8697085623637226259 2852.100417938384453 8095.46402274339016
9375 1.875 1033.8032416812679912 1670.8864313349890836 650.21150052300754396 1020.6749308119814259 1617.7762570316781421 1.8562525852258937586 2872.7752971676572997 -1267.6523903356401206
9500 1.9000000000000001332 971.24702936519895502 1611.7808185944775232 610.86671320069467583 1000.9141053937828474 955.93934524346639137 1.8309473006625365255 2912.4795510012359046 -15440.455299843746616
9625 1.9250000000000000444 992.81729643277571995 1576.0442506885087823 624.43335252935639801 951.61089815915227064 1382.0392923743734173 1.825485908981555383 2921.1929524647071048 -4553.82876455233054
9750 1.9499999999999999556 1079.0352024638591502 1644.6258917164864215 678.66018389549969925 965.96570782098683594 1747.6698434812815321 1.8324465277989592238 2910.0966883578266788 2427.9469737603676549
9875 1.9750000000000000888 1042.0543183545446482 1682.8143503730696011 655.40102279219354386 1027.4133275808760573 2001.8537769321706037 1.8505587275498922573 2881.6143431453347148 7591.5876299353722061
10000 2 1027.5058793638984298 1694.2427448134817496 646.25076869646102296 1047.9919761170208403 2053.7059454598120283 1.8807025879542389468 2835.4278907762641211 8692.8050610371592484
10125 2.0249999999999999112 1069.1245112497767877 1646.4377311387502232 672.42684553311585205 974.01088560563448482 1809.7387160002588189 1.8825585591051872125 2832.632507684236316 3952.9623661089613051
10250 2.0499999999999998224 947.6426236676066992 1566.4453654609833393 596.02070050815837021 970.42466495282508276 1203.5489256306088919 1.8578244240947052734 2870.344744627338514 -8669.0749377361880761
10375 2.0750000000000001776 1002.3504761731077224 1545.2565706925975064 630.42925470280681566 914.82731598979080445 1544.6011511937479099 1.8526257805861046091 2878.3992039954805477 -15.613218671624435885
10500 2.1000000000000000888 981.74636098064490852 1618.1143835864900211 617.47027748538914693 1000.6441061011007605 1554.7555847443315997 1.8693974123159713407 2852.5751330392968157 -1522.9791364975749275
10625 2.125 1108.3077449219372284 1676.1997649355087106 697.07117642134687685 979.1285885141618337 1728.2884501097485099 1.888836861138326606 2823.2171247054156993 1265.0952527090187232
10750 2.1499999999999999112 957.40913736445736504 1593.035152292375642 602.16335828835678967 990.87179400401896601 1359.6425180260898742 1.9024334419907458216 2803.0397565764033061 -5709.2886273793719738
10875 2.1750000000000002665 956.96193697007777246 1561.1311674318096721 601.88209118864142511 959.24907624316824695 1215.0600549069204135 1.9070158320369188232 2796.3043004444825783 -8486.0391121761695103
11000 2.2000000000000001776 1003.7234802285985324 1592.9010386737254521 631.2928068674266342 961.6082318062988179 1500.5848266401005731 1.9029613765834501038 2802.2621151221774198 -2258.8808890468817481
11125 2.2250000000000000888 1011.361407627067365 1680.9162014970847849 636.09668833578768954 1044.8195131612972091 1454.2945440295718527 1.8741963170569464481 2845.2710762522115147 -5461.3734300804617305
11250 2.25 1058.5059780256422073 1670.4710399969712853 665.74830928690562359 1004.7227307100657754 1576.6087755376806854 1.8483128276645830468 2885.1158160702143505 -2230.755058925425601
11375 2.2749999999999999112 1058.3065707966698028 1668.7068968950629824 665.62289192667913085 1003.0840049683837378 1608.6954236962690175 1.8563178138665354933 2872.6743515073271737 -1432.4253624143486832
11500 2.3000000000000002665 991.91229159492911549 1612.9209298685325393 623.86414890349055895 989.05678096504198038 1658.5242936791037209 1.8784267007410069272 2838.8632732046089586 1101.4797382719348207
11625 2.3250000000000001776 989.65075199325553967 1585.4718779348590942 622.44175148915769569 963.03012644570151224 1923.1404966882707868 1.8951241097446982486 2813.8508421271312727 8228.3686244214331964
11750 2.3500000000000000888 1077.6921470427855638 1678.8678053472108331 677.8154679520658874 1001.0523373951449457 2023.2569704042730336 1.8920261581774673321 2818.4581640653855175 8378.4174951437416894
11875 2.375 1080.4878755447323329 1698.3371920371955639 679.57384396697307238 1018.7633480702226052 1441.7031022167909668 1.8673643696179136331 2855.6807974394764642 -6162.1007465998918633
12000 2.3999999999999999112 989.90244885851154777 1625.8025250361811231 622.60005646426009207 1003.2024685719211448 1681.527733226041164 1.8473374868919145708 2886.6390737907190669 1323.6809671899920886
12125 2.4250000000000002665 978.98956228554754944 1615.2597976007139096 615.736386408336557 999.52341119237735256 1228.7662322833416511 1.847869565907028333 2885.8078895428106989 -9183.3040160236378142
12250 2.4500000000000001776 1040.3144235344577737 1595.5281242426979134 654.30671434343969395 941.22140989925821941 1376.2094096696869201 1.8789699220349949105 2838.0425410775860655 -5298.8411626834886192
12375 2.4750000000000000888 924.98641667924573539 1619.9438015588980306 581.77105826665740551 1038.1727432922407388 1545.2050388814591315 1.9107106680406913402 2790.8969481019225896 -1836.2263426954677925
12500 2.5 1022.5729045747766577 1671.9152193944325973 643.14816966179296287 1028.7670497326396344 1670.5846325522854841 1.908267154359100326 2794.4706588693165941 -32.648841917988953298
12625 2.5249999999999999112 970.41942688984727283 1624.6675757167035954 610.34619186197278395 1014.3213838547308114 1540.8416768079528083 1.8695755347998841422 2852.3033559654181772 -2015.1464647342243097
12750 2.5500000000000002665 863.21113903235891485 1542.1862804795669035 542.91744052341607585 999.26883995615094136 1168.8622218532095758 1.8248935347370898175 2922.1411937923335245 -8760.0965469280381512
12875 2.5750000000000001776 1041.090207699208122 1593.3934152893652936 654.79464450800753639 938.5987707813576435 1253.3398275906445178 1.8080600647590376884 2949.3470245144940236 -7905.7958693087621214
13000 2.6000000000000000888 986.60744212916040397 1616.8737362151100569 620.52765894861624929 996.34607726649392134 1385.9026541237224137 1.8351678706859426704 2905.7813496633143586 -5450.2796680405290317
13125 2.625 983.88374011017231169 1626.9452432682517156 618.81458405646969823 1008.1306592117820173 2044.5273429383707935 1.8896427242436644178 2822.0131264628016652 10146.282608770676234
13250 2.6499999999999999112 934.1071161984864375 1594.8494988309507789 587.50753062534374749 1007.3419682056069178 1944.4228568120870477 1.9180522936308699311 2780.2143819791026544 8621.5261809886833362
13375 2.6750000000000002665 941.93654903704782555 1566.3767639205666455 592.43185961654137373 973.94490430402515813 1744.1869677716570095 1.9175127235067297438 2780.9967082712992124 4384.0986264507127999
13500 2.7000000000000001776 1056.4805186172131926 1674.2891108954722768 664.47439472743758415 1009.8147161680348063 1731.0407718487292641 1.8803917471939792794 2835.8966051080228681 1372.1838212200946145
13625 2.7250000000000000888 1029.9067452634415076 1662.7157108509882164 647.76079551409577562 1014.9549153368924408 1514.5405097814164037 1.8327311981184901679 2909.6446754521743969 -3491.8829661109384688
13750 2.75 898.63187866511998436 1591.3015490559585032 565.19534732200304461 1026.1062017339554586 1928.991603326475115 1.8238436511821198849 2923.8233050756512057 7919.3813601517194911
13875 2.7749999999999999112 987.26149611556616037 1644.2676152736289623 620.93902680545545536 1023.3285884681733933 1669.1538181313731002 1.8111639931074869914 2944.2925060536335877 579.56452418213018518
14000 2.8000000000000002665 999.54814903240821877 1686.5893455739910678 628.66672846798167029 1057.9226171060092838 1792.5369061673111446 1.8240483387579484731 2923.4952050512433743 2484.9215727969976797
14125 2.8250000000000001776 1136.2927315543840905 1712.3872352028638488 714.6723595254037491 997.71487567745998604 1717.8376619786085939 1.8459078728153692772 2888.8747107445287838 129.36771667403490937
14250 2.8500000000000000888 1020.5049540112978548 1629.5920357229310866 641.84753025124109627 987.74450547169010406 1587.5866739674263499 1.8522104689933962529 2879.0446125912490061 -1000.4155769174573152
14375 2.875 971.96912227643679216 1607.4589944497361103 611.32087420194034166 996.13812024779588228 1460.600724540209967 1.8482968828077406265 2885.1407053394050308 -3490.2418376693308346
14500 2.8999999999999999112 974.88802933656847927 1619.4839941368441032 613.1567234844100085 1006.3272706524340947 1584.5640071828379405 1.8565558278572809048 2872.306069187853609 -833.61873685484204088
14625 2.9250000000000002665 1052.0812788585503768 1660.0345262871305749 661.7074888315064527 998.32703745562423592 1519.4085390085458585 1.884923449505105264 2829.0785885976665668 -3408.3539051781417584
14750 2.9500000000000001776 1017.742701617211651 1696.4754312499803746 640.11020906518911033 1056.3652221847912642 1536.7708599660224991 1.9094694264938389949 2792.7111574298642154 -3921.1678916603191283
14875 2.9750000000000000888 888.88986872913608295 1603.2453699605675865 559.06810120475870463 1044.1772687558088819 1536.3381537285108607 1.8965783386599308624 2811.693281232143363 -1631.6579762512253637
15000 3 945.22326232019759118 1596.4657141340699127 594.49904096156228661 1001.9666731725075124 1353.8988401099311432 1.8728853282925299606 2847.2627189632398768 -5841.5494898188217121
15125 3.0249999999999999112 1063.9666902604647021 1662.1813563449572939 669.182829273855873 992.99852707110142092 1569.9615638478535402 1.8457094666815341277 2889.1852528275817349 -2188.6325900932633886
15250 3.0500000000000002665 1017.9188767837662226 1662.9169182690816342 640.22101459837165294 1022.6959036707098676 1449.3614322615344463 1.8305350958759896152 2913.1353909326021494 -5026.5982266633909603
15375 3.0750000000000001776 924.65057151640303346 1573.3588221688178237 581.55982814232515921 991.79899402649277818 1417.4954493630903016 1.8674896247703176577 2855.4892629170053624 -3742.7226810600213867
15500 3.1000000000000000888 984.48413676540417327 1535.0464835816817413 619.19220408547300849 915.85427949620873278 1611.7250828162416383 1.9130330215212945077 2787.5088992974765461 1886.1751491660036208
15625 3.125 954.91098124151221782 1521.0052509978418129 600.59214069515280698 920.41311030268911964 1539.0977946895534387 1.9265673531237785809 2767.9263657687129125 448.19727128629182289
15750 3.1499999999999999112 984.83129606322870586 1619.4594302389546101 619.41055024541719831 1000.0488799935372981 1637.1551623492150611 1.9219410916874268835 2774.5889794461040765 437.31461202134198629
15875 3.1750000000000002665 974.79683195465133849 1638.3069282612455027 613.09936480710155138 1025.207563454144065 1664.1381065907432912 1.8754343099004964213 2843.3928845118957724 622.91882535257002473
16000 3.2000000000000001776 969.0270855447812437 1653.4595517081424987 609.47047749127364114 1043.9890742168688575 1495.8232875337816949 1.8296625085941944366 2914.5246990046289284 -3708.6214382223806751
16125 3.2250000000000000888 1157.7926248356766337 1738.1943107773095107 728.19473719639950104 1009.9995735809101234 1838.1352698838102242 1.8359876778651440521 2904.4838570709821397 2359.384144218741767
16250 3.25 969.0726104645804071 1685.0609357524867846 609.49911043148927092 1075.5618253209975137 1609.8847507084803965 1.8619414536167369079 2863.9979854265675385 -1799.8308240592107268
16375 3.2749999999999999112 972.24452117383918903 1605.23742349338022 611.49408659198002169 993.74333690140019826 1653.9095963441941421 1.8839293524719522566 2830.5714145509286936 1179.0459445149956537
16500 3.3000000000000002665 936.87793068649716588 1597.3824528734119212 589.25023694825142684 1008.1322159251604944 1807.7790049614911823 1.9061430780968735554 2797.5846269969965761 5156.7905967621754826
16625 3.3250000000000001776 1044.4148767396952735 1613.0261865665429468 656.88569816154597447 956.14048840499697235 1666.186740203559566 1.8872325302463619501 2825.6171333822994711 1290.0314272406174041
16750 3.3500000000000000888 903.37204516747749494 1580.6309570805019575 568.17667940722105868 1012.4542776732808989 1464.8884710289494251 1.8644731686864108866 2860.109044045700557 -2774.8168669431156559
16875 3.375 1044.5569508842288542 1652.2251401700675615 656.9750558255367423 995.25008434453081918 1637.6352830931400604 1.8610405216203218526 2865.3844503599007112 -349.13408381056791541
17000 3.3999999999999999112 1120.3729956108036276 1712.5705720759119686 704.65962694877589456 1007.9109451271359603 1793.0322932564183702 1.867674299793220527 2855.2069130741624576 1932.3057338702749348
17125 3.4250000000000002665 994.09749008046389918 1663.6729478833392477 625.2385315025521777 1038.43441638078707 1630.8913598009528414 1.9019853341616153042 2803.7001528674395558 -801.71966096061919416
17250 3.4500000000000001776 948.98517507649944491 1625.9227726593685475 596.86509945266709565 1029.0576732067013381 1935.1897059663667733 1.9365602231096843422 2753.6435523691520757 7701.048819672616446
17375 3.4750000000000000888 1045.1108289701573995 1638.1624897671265444 657.32341795755405656 980.83907180957248784 1515.901054039081373 1.9091560309557280561 2793.1695920479787674 -3001.3476042998613593
17500 3.5 991.81197783065874773 1636.525097732323502 623.80105646910897121 1012.7240412632145308 1555.8627701501827687 1.860288634336711544 2866.5425750138465446 -1929.4630405032307863
17625 3.5249999999999999112 1059.4909831104714613 1636.0919084551644573 666.36782914175546466 969.72407931340899268 1552.9308683354413461 1.8298950221607199751 2914.1543681800267223 -1956.7325509671009058
17750 3.5500000000000002665 884.10386882587988566 1558.7422982900752686 556.05794215985349638 1002.6843561302217722 1168.6252919458775068 1.8263053783270104535 2919.8822033944188661 -9161.2273804982723959
17875 3.5750000000000001776 1013.2409446351171027 1530.2235199946928788 637.27882486720841371 892.94469512748446505 1761.1775801793551182 1.875419835237384536 2843.4148300802025915 5569.4138179022629629
18000 3.6000000000000000888 1009.9875121570833016 1596.3958584112608605 635.23257551520180186 961.16328289605905866 1988.191240658790548 1.9177604686451896754 2780.6374462957755895 9661.3776099506103492
18125 3.625 1030.9452639701191856 1671.1818021725152903 648.41397281066906544 1022.7678293618461112 1630.0194974975070181 1.8893696460021760508 2822.4210034410643857 -1000.0046009689275479
18250 3.6499999999999999112 1091.1813090009284224 1668.5316417642561646 686.29948878308778148 982.23215298116849681 1702.7826238663230924 1.8455073542233448869 2889.5016646437024974 812.78221212642733917
18375 3.6750000000000002665 917.2931395258736984 1576.3077031910395363 576.93236451899781514 999.37533867204172111 1191.9847671446464119 1.8173842702980862462 2934.2152121003559841 -8981.0776197237701126
18500 3.7000000000000001776 969.28569502358618593 1563.6573338258028798 609.63313016103097652 954.02420366477190328 1354.4458057054109759 1.8291186818347799914 2915.3912346417282606 -4920.5412681794286982
18625 3.7250000000000000888 1019.5441579184263219 1587.2359723777972249 641.24323666416876222 945.992735713628349 1444.5478615690913102 1.8689386472395090877 2853.2753496306531815 -3429.0057560563964216
18750 3.75 975.9546850979060082 1597.0869840857285453 613.82759760741328137 983.25938647831526396 1585.882987355314981 1.9032536417781911187 2801.8317974467963722 -274.19215463601477722
18875 3.7749999999999999112 972.56730925685633338 1509.0447804261984857 611.69710445393627651 897.34767597226209546 1810.7470376447445233 1.9195850771390841061 2777.9943882915354152 7446.8277065601432696
19000 3.8000000000000002665 921.07660321026708061 1509.8522853612867038 579.31197748616443732 930.54030787512226652 1555.7012629555592866 1.9184747824288754803 2779.6021198617172558 1131.0222065761618069
19125 3.8250000000000001776 1024.9958207834699806 1594.1275357182075822 644.67206504166620107 949.45547067654126749 1218.5171581149331814 1.898891373599750354 2808.268364520232808 -9171.1349866692762589
19250 3.8500000000000000888 1027.6485025455756386 1606.1061941304699303 646.34047167786866339 959.76572245260126692 1659.7437501726903974 1.9022941681079656995 2803.2449773235571229 1311.9945748730865489
19375 3.875 956.1117143158816134 1585.2422965634177672 601.3473428676122694 983.89495369580561146 1718.9793002168025851 1.9117835531914473268 2789.3307080911681624 3287.5751666023252255
19500 3.8999999999999999112 1097.2861583262492786 1656.0327652787880197 690.13913938606742704 965.89362589272059267 1629.8491057975484182 1.9027377157763949445 2802.5915121804537193 -640.61138475777840995
19625 3.9250000000000002665 1006.2739486800146551 1648.9788878082663359 632.89692634777861713 1016.0819614604876051 1593.3708443530988461 1.8955954510657544443 2813.1511758705796638 -1355.4036603781046324
19750 3.9500000000000001776 986.97447881006644366 1570.9144544187349766 620.75850700694763873 950.15594741178733784 1402.7724289262314414 1.8956783887513162234 2813.0280979006843154 -4098.5129837539243454
19875 3.9750000000000000888 1001.0711840633464362 1557.5968950561500606 629.62464275272009218 927.97225230342996838 1206.6647374114431841 1.8815145133160509072 2834.2043255048738502 -8490.1648076982655766
20000 4 980.57492525604209277 1614.4518860925550143 616.73350190803500936 997.71838418452011865 1778.3923562456893706 1.8757709370417647854 2842.882607271048073 3954.1337950446968534
20125 4.0250000000000003553 1025.5789614367838567 1668.3250874658965586 645.03883189237808438 1023.2862555735185879 1946.2177119477034921 1.8697200206652655474 2852.0829392644341169 6680.9616714098747252
20250 4.0499999999999998224 994.38089882659733121 1654.9960086335433971 625.41678169432475443 1029.5792269392186427 1886.6369043907893683 1.8608271621495249271 2865.7129907651537906 5542.5121505324568716
20375 4.0750000000000001776 928.86929148832018655 1556.736826232941894 584.21319595220518295 972.52363028073659734 1409.871036276865425 1.864137597777493216 2860.6239037817299504 -3520.3349946485891451
20500 4.0999999999999996447 907.18709038980432524 1555.7860121716701087 570.57615561174338836 985.20985655992672037 1263.3548139406086648 1.8807250096957766061 2835.3940871999902811 -7071.8718959649095268
20625 4.125 992.26498570651233422 1590.7381962686899897 624.08597618964347475 966.6522200790466286 1609.9859486205364192 1.8979803062432885064 2809.6163877988110471 469.7395262961920821
20750 4.1500000000000003553 1029.4697544904313418 1601.6944257689322058 647.48594976513913934 954.20847600379306641 2247.9802601244432481 1.9172155088879767604 2781.4278297975806709 15932.390847593896979
20875 4.1749999999999998224 1051.2786391008617102 1638.8369109619738992 661.20266781703810466 977.63424314493579459 2282.2995894541531925 1.9132652790768516216 2787.1705144377683609 15830.110051506304444
21000 4.2000000000000001776 1052.3115662260527188 1668.1042292436563912 661.8523282832879886 1006.2519009603682889 1652.2209183850663976 1.8773202817932417297 2840.5363878809116613 -383.41119486178519082
21125 4.2249999999999996447 987.52648469166524592 1602.0763781979735541 621.10569161432829333 980.97068658364526073 1453.3452762077904481 1.8637346448183391701 2861.2423914351420535 -3564.2754193764581032
21250 4.25 941.59983751835136445 1553.3501823042861361 592.22008459689743631 961.13009770738881343 1346.4942655733163974 1.8897308599856623701 2821.8815097198598778 -5026.3564557048548522
21375 4.2750000000000003553 916.60417474938140003 1578.0336360293740654 576.49903948859639513 1001.5345965407775566 1473.3306565998309452 1.9211540420724280143 2775.7256603890327824 -2586.465027042748261
21500 4.2999999999999998224 957.49443115899850909 1618.1461390342835784 602.21700389895067929 1015.9291351353328992 1733.2271023633425102 1.9374793382824793131 2752.3372594351103544 2866.9884931784226865
21625 4.3250000000000001776 943.46819077352324712 1652.6722096063313074 593.39518709665037477 1059.2770225096810464 1533.7143518400464473 1.9144407953465907291 2785.459119499767894 -2928.3329637573156106
21750 4.3500000000000005329 1025.2399610316867893 1711.7765576713416067 644.82561727552547381 1066.9509403958161329 1803.2651732148012798 1.8679153549797087308 2854.8384475368684434 2197.4025758872235201
21875 4.375 1109.9252714434476275 1770.7081061993619642 698.08852121606491892 1072.6195849832970453 1570.2262925525965329 1.8357985007861532534 2904.7831610369794362 -4732.4428144841722315
22000 4.4000000000000003553 954.11582256949031944 1669.1503585930154259 600.09202491640132848 1069.0583336766142111 1377.4000412106843214 1.8369728801282907416 2902.9261290826088953 -6891.2731323877605973
22125 4.4249999999999998224 993.5786742043568438 1629.9849628097986169 624.91222177967870266 1005.0727410301199143 1710.434456366914219 1.8625267181142295403 2863.098027146529148 1926.6871788745143022
22250 4.4500000000000001776 936.78500979099226242 1568.7925859772142303 589.19179426548521405 979.60079171172901624 1653.0652511136750036 1.8884265833385589506 2823.8304942271174696 2046.3137175003960238
22375 4.4750000000000005329 950.02853486796618654 1540.7021245283835924 597.52132155397498536 943.18080297440872073 1725.9620547193560469 1.8988186470942223227 2808.3759237887547897 4523.2476423840571442
22500 4.5 1035.8209874811170721 1657.7097518643286094 651.48056360125849551 1006.2291882630702275 1706.4005081167988465 1.8924469105696950511 2817.8315293057521558 1184.8288113256326142
22625 4.5250000000000003553 1045.0416588347716242 1649.178128821336486 657.27991333722854961 991.89821548410805008 1335.332238629076528 1.8717126402870718493 2849.0466203843498079 -7553.3742027163343664
22750 4.5499999999999998224 1016.1494408393040203 1572.0037018351590632 639.1081262322479688 932.89557560291120808 1658.9512104640182315 1.8590763905585676596 2868.411755010426532 2078.4508515786742464
22875 4.5750000000000001776 916.93556026778674095 1550.5254639771976599 576.70746471545442091 973.817999261743239 1914.61718167239178 1.8617593422742293452 2864.2781325466721682 8716.0502024256948062
23000 4.6000000000000005329 966.24821857444396755 1634.2184331868788831 607.72270655219404034 1026.4957266346848428 1889.853741379881285 1.8746120642363504061 2844.6400585354481336 6161.9422985469618652
23125 4.625 1048.3095508625992807 1667.0929739916557537 659.33525703638872528 1007.7577169552670284 1555.2730516748590617 1.8814774771602136294 2834.2601157199301269 -2705.2262409367099281
23250 4.6500000000000003553 1068.2044434875308525 1591.9047608198702619 671.84816806708283821 920.05659275278753739 1743.185887900613352 1.9023549087469429075 2803.1554720002604881 3700.5108018279647695
23375 4.6749999999999998224 924.85255476454858581 1579.9467606372527371 581.68686569218198201 998.25989494507075506 1463.5613845144791867 1.9235481226936099741 2772.270945149597992 -2878.636658469466056
23500 4.7000000000000001776 1023.7979663607513885 1611.9791610211764237 643.91867339981240548 968.0604876213640182 1775.7636710072570168 1.9289348748734942429 2764.5290888787926633 4062.3353526918149328
23625 4.7250000000000005329 1039.9488109918315786 1619.4593656566712525 654.07676199819036356 965.38260365848100264 1907.0017614640364627 1.9062566919576946489 2797.4178895414443105 7048.0446984792788498
23750 4.75 1020.48238307861061 1623.493775345627455 641.83333424234979248 981.66044110327754879 1446.8144890747300906 1.8545798748582023041 2875.3663535512428098 -4213.2435082452830102
23875 4.7750000000000003553 1035.0818113141824597 1650.0811596922101216 651.01565807061638225 999.0655016215937394 1457.1254708419460258 1.8299546116343039515 2914.0594735178106021 -4540.2867957680718973
24000 4.7999999999999998224 972.69069266769258775 1630.0015311075890168 611.77470656376226543 1018.2268245438266376 1202.2898779746078617 1.8601550356212332993 2866.748453770483593 -10230.234917816163943
24125 4.8250000000000001776 979.67684570847018222 1611.660870334788342 616.16865394986257343 995.49221638492588227 1485.9986615802990855 1.9265643843731037332 2767.9306310210622541 -3112.9604127817051449
24250 4.8500000000000005329 986.53594753974039122 1630.7078043121914561 620.48269236078613176 1010.225111951405438 2076.8589976697326165 1.9616233433745740022 2718.4610084048558747 11253.381999705745329
24375 4.875 1036.3633004124960735 1655.9655991712470495 651.82165181867549109 1004.1439473525716721 1744.7411698628484373 1.9309009204034495166 2761.7142421923631446 2204.1383138218106978
24500 4.9000000000000003553 967.4388178456085825 1588.7537762112606288 608.47153505979918009 980.28224115146133499 1643.632653946088567 1.8858388685402771578 2827.7053045726092932 1330.7460495161801646
24625 4.9249999999999998224 993.35846485456431765 1552.9826601601187122 624.7737209064129047 928.20893925370580746 1349.7378905441723873 1.8489130270988607396 2884.1792415233044267 -4831.9367634880736659
24750 4.9500000000000001776 889.46719608477110341 1556.5799004813231932 559.43121177654404619 997.14868870477914697 1257.6270911897272526 1.8470968448216658064 2887.0151487132243346 -7100.3161525004534269
24875 4.9750000000000005329 999.05983647585810559 1655.2879067356229825 628.35960383602332513 1026.9283028995996574 1659.8017144300251857 1.8852335654849377011 2828.6132125855970116 109.41921569299657335
25000 5 993.94220479673072077 1677.6225683024513273 625.14086468040034106 1052.4817036220508726 2097.3661197886044647 1.9269598822405888949 2767.3625285545786028 10400.209490047951476
25125 5.0250000000000003553 1011.9181366941817259 1674.0626436444913452 636.44684359504628901 1037.6158000494449425 1873.6030605400965214 1.9246025032540154953 2770.7521751242029495 4938.0706935139523921
25250 5.0499999999999998224 960.85054693487938948 1585.6544756255086668 604.32783600566324367 981.32663961984542311 1740.6569058633065197 1.9026299533176955769 2802.7502472784458405 3792.0863526367515988
25375 5.0750000000000001776 984.28017313183670467 1567.06312942421755 619.06392097038201427 947.99920845383564938 1243.7153880692965231 1.869727363911404483 2852.0717378735598686 -7773.8023991876916625
25500 5.1000000000000005329 1072.8980146763494758 1666.6745207711644525 674.8001939869573107 991.87432678420714183 1163.1408449050338731 1.856082531470603092 2873.0385000258852415 -12017.41851108269293
25625 5.125 1051.3043206891175032 1704.4423930748776002 661.21882027561275663 1043.2235727992647298 1695.3389220229719285 1.8819413607394106513 2833.5614931409891142 -220.29187739124213863
25750 5.1500000000000003553 959.05683079357186216 1612.2353820455364257 603.19967658738255523 1009.0357054581538705 1841.5184460631794536 1.9172179984355348648 2781.4242180555315826 5652.3475218117300756
25875 5.1749999999999998224 1009.059042117522722 1590.0415712644899031 634.64861342911706288 955.39295783537284024 1486.2486631226377085 1.9279770016590216386 2765.9025847050338598 -2573.0896087529322358
26000 5.2000000000000001776 971.28860497894413584 1579.7437882035178518 610.89286222123212156 968.85092598228573024 1601.9678826208594273 1.9150409562376231598 2784.5861754399302299 547.25220661081073104
26125 5.2250000000000005329 1091.0998983761905947 1720.9143955082768116 686.24828549571645908 1034.6661100125602388 1623.717737760391401 1.8831429980587293116 2831.7533918761082532 -2353.5314848354400965
26250 5.25 952.37009580599692526 1659.568654519905067 598.99404846147331227 1060.5746060584317547 1418.0754557275622574 1.8547291490213406728 2875.1349354456028777 -5759.3143439386030877
26375 5.2750000000000003553 994.39329404574004911 1622.8381003014294492 625.42457767881489872 997.41352262261455053 1397.0364685312040365 1.8492561001181855307 2883.6441701069661576 -5369.1992082100996413
26500 5.2999999999999998224 925.43917657651934405 1604.9971637143860335 582.05582202083576249 1022.941341693550271 1578.8246115763993203 1.8713656666309583798 2849.5748678241416201 -629.7818095149510782
26625 5.3250000000000001776 1057.5339345130853417 1690.7428112723218874 665.13694162486831374 1025.6058696474535736 1903.9174404982095439 1.8897408001475886064 2821.8666664359866445 5179.9210140191025857
26750 5.3500000000000005329 1049.0013197747693994 1706.0829630273690327 659.77034573050605104 1046.3126172968629817 1865.398568303430693 1.8982342979894650803 2809.240449289440221 3888.6021811725881889
26875 5.375 978.46261000032075117 1634.2532378083737967 615.40495928345728771 1018.8482785249163953 1484.7110596376940066 1.9003597834411634082 2806.0984128407026219 -3654.1377472327449141
27000 5.4000000000000003553 982.9872603358617198 1640.1447906197026896 618.25074227716265796 1021.8940483425400316 1931.1527702630278327 1.9067805458100330895 2796.6493490078955801 7134.9509453423943341
27125 5.4249999999999998224 1060.7763846745385763 1659.8979627268849981 667.17628363875189734 992.72167908813298709 1880.634474788792204 1.9054430262871100421 2798.6124479048262401 5408.2346328604926384
27250 5.4500000000000001776 957.23484951322222969 1633.7704291967770587 602.05373978388172418 1031.7166894128952208 1420.7287989277951965 1.8990079707435363332 2808.0959397198462284 -5202.075438354679136
27375 5.4750000000000005329 1025.0844690913552313 1611.3336396576164589 644.72782047651583071 966.60581918110062816 1789.1071655852510958 1.8905511345775423138 2820.6571483887196337 4321.5634728178711157
27500 5.5 1042.696954916744744 1644.4029588133871584 655.8052096495683827 988.59774916381866205 1990.4271494725098819 1.8836636185304980184 2830.9707315474224743 8380.9874968876556522
27625 5.5250000000000003553 1123.9939097032920472 1695.7342264061007882 706.93700420047900934 988.79722220562166513 2110.9937769191224106 1.8796357392308500334 2837.0372305873775076 10036.417176800732705
27750 5.5499999999999998224 1055.9261976365071405 1611.5558450966241253 664.12575403634230042 947.43009106028193855 1491.8983850389704457 1.8681807467816258228 2854.4328921744763647 -2874.3791460547690804
27875 5.5750000000000001776 1010.8346554293980262 1549.3324483989385953 635.76538705616189873 913.56706134277669662 1275.8630525485293674 1.8667216682338865219 2856.6639916842782441 -6564.0772170108839418
28000 5.6000000000000005329 948.3246299601210012 1528.5563664363207863 596.44964899365606925 932.10671744266471705 1538.3692482473829841 1.8823980492419727373 2832.8740429198514903 237.51629693826652101
28125 5.625 1000.8989425655296372 1631.4134491135437202 629.51631130411135473 1001.8971378094324791 1792.9896429394018469 1.9171740149005163101 2781.4880290964415508 3983.1282380067882514
28250 5.6500000000000003553 1068.6352998411048247 1659.4670604264333633 672.11915556728808951 987.34790485914538749 1905.0753947333696487 1.93618618069513726 2754.1755154073143785 6114.7062342271001398
28375 5.6749999999999998224 972.18583257545481047 1624.1394837977718453 611.45717434400035017 1012.6823094537713814 1358.5564724176686013 1.9150671131831327187 2784.5481421676981881 -6539.8783614077337916
28500 5.7000000000000001776 982.156148258417943 1551.876660625427121 617.72801357097409891 934.14864705445290838 1393.0744709945604427 1.8749321268097431936 2844.1544607879391151 -3828.4891315295658387
28625 5.7250000000000005329 902.81800410244250088 1584.0035518279737516 567.82821476934475413 1016.1753370586288838 1057.5626986162305911 1.8208311433059727324 2928.6606788032395343 -12325.502628979049405
28750 5.75 1025.7113766829847918 1675.5625653629781482 645.12211458337094427 1030.4404507796070902 1119.960101164625712 1.8041973428042052952 2955.6614709631862752 -12889.426179027313992
28875 5.7750000000000003553 982.54764901089981777 1626.9390414769941344 617.97424832964361485 1008.9647931473504059 1662.4208645488492948 1.8546614095798474864 2875.2399465456005601 846.166725066037543
29000 5.7999999999999998224 967.80540517369092868 1582.1440268907667814 608.70210049725858426 973.44192639350831087 1543.9921082349969765 1.9106579078151970652 2790.9740149340900643 -937.31313062649167023
29125 5.8250000000000001776 881.26847178525474646 1512.9255817135463076 554.27461658102754427 958.650965132518877 1467.1209120700439144 1.9431667168318229599 2744.2815513199602719 -1144.472073407672724
29250 5.8500000000000005329 943.90137976617563709 1591.3997537193720291 593.66764171235126923 997.73211200702075985 1744.2485773392072588 1.9558138363760007028 2726.5358660216420503 3843.9258037412782869
29375 5.875 1026.2988446112908605 1637.39052991810604 645.49160307767272116 991.89892684043343252 1845.272537082084682 1.9340473222031044909 2757.2213517847653748 5169.7480614045989569
29500 5.9000000000000003553 947.01959828224210014 1592.3189601642311573 595.62884811850722144 996.69011204572404949 1770.0354056571045476 1.9041456334587101296 2800.5192872009292842 4351.2412296433976735
29625 5.9249999999999998224 980.6967753690732934 1592.4107588598444636 616.81013964879514333 975.60061921104920657 1779.9991240573463074 1.883505694129288921 2831.2080970934962352 4543.161941094537724
29750 5.9500000000000001776 988.95743816668232284 1674.967824967397064 622.00569111970446556 1052.9621338476927122 1463.9935427413863636 1.8531372079783254847 2877.604825580146553 -5027.157311318356733
29875 5.9750000000000005329 1044.3513067749743186 1696.655379631538608 656.84571577371548301 1039.809663857823125 1449.1327505735553132 1.83635469764671444 2903.9033575453931917 -5844.6278203573292558
30000 6 1022.1802669547370215 1653.3085269182579395 642.90121986922645192 1010.4073070490313739 1658.1024893367141431 1.8360948731425250635 2904.314286883045952 113.1814163803479687
30125 6.0250000000000003553 914.71157988429740726 1547.2571892293308338 575.3086902059736758 971.94849902335715797 1499.5593953673676424 1.8524757239407663167 2878.6323638274361656 -1136.1513770250965081
30250 6.0499999999999998224 974.5807002971178008 1584.7652632378476483 612.96342860213576387 971.80183463571177072 2068.6370293545396635 1.8891734252614418299 2822.7141568025040215 11754.048841932966752
30375 6.0750000000000001776 993.17227471025785235 1627.074090787242767 624.65661644375404649 1002.4174743434888342 1848.6048522209780458 1.9011368879497434481 2804.9513982611842948 5415.4283010646049661
30500 6.1000000000000005329 1047.828483979963039 1639.7400535319316077 659.03268957770853831 980.70736395422295573 1391.9849360274176888 1.8841209556671691949 2830.2835633247714213 -6002.2875218435847273
30625 6.125 998.86015137764763949 1613.0526622615152519 628.23401170968372753 984.81865055183152435 1870.5282191349936056 1.8666297741416288947 2856.8046251125228991 6179.8733735112837167
30750 6.1500000000000003553 943.95100406632400336 1598.698005790807656 593.69885296161123733 1004.9991528291964187 1761.9534623791180366 1.8589935983532110964 2868.5395026988949212 3902.3927987847459917
30875 6.1749999999999998224 1003.024814294032808 1631.467820433219913 630.85338028472460792 1000.614440148495305 1498.1158224366481591 1.8896488826063944089 2822.0039295264705288 -3240.1567708810421209
31000 6.2000000000000001776 1034.5997957008087269 1657.9718662018899522 650.71249390686546121 1007.259372295024491 1751.9384483676633408 1.9443255879460559221 2742.6458846194523176 2349.2422547901574035
31125 6.2250000000000005329 915.09870346213483572 1594.6282037627265709 575.55217193662110731 1019.0760318261053499 1518.5066045572878011 1.9645044273643397226 2714.4741940312037514 -1922.8539421223135832
31250 6.25 911.67818274726141681 1514.4644166653342836 573.40083228424111894 941.06358438109327835 1575.3196929713312784 1.945936264134719762 2740.3757617476439918 1522.6925806803001251
31375 6.2750000000000003553 929.10366152148912988 1492.7863143034524001 584.36060320031606352 908.42571110313645022 1972.5208757250802591 1.9113502203347914055 2789.9630927954644903 11790.348977140647548
31500 6.2999999999999998224 985.57245664736944946 1600.1637788820457899 619.87670387708783437 980.28707500495806926 1515.1055205610871326 1.8679721450844213315 2854.7516547146078665 -2043.018329141405502
31625 6.3250000000000001776 1048.8765397038955598 1611.8532604484298645 659.69186519006359504 952.16139525836638313 1179.8382350159413363 1.8509806325816726691 2880.9575196380405941 -10282.201437601263024
31750 6.3500000000000005329 988.75507834638256099 1585.3103351436016055 621.87841672444460528 963.43191841915700024 1525.5994152155983556 1.8728208344909578198 2847.3607693444814686 -1437.9221564528636463
31875 6.375 962.0349876524459205 1550.7585106681208345 605.07279108531361089 945.68571958280733725 1535.2259090211925923 1.8979784600288804874 2809.6191207878114255 -379.07126552357300397
32000 6.4000000000000003553 955.51532786671282338 1527.373108926283976 600.9722450614040099 926.40086386487996606 1810.8985114067795621 1.9164138162213730787 2782.5913834491789203 6986.6123987728924476
32125 6.4249999999999998224 1017.6085116391976726 1620.0772027925829661 640.025810154988676 980.05139263759429014 1704.2501217460385305 1.9126920168109682319 2788.0058709251006803 2070.1547650065745074
32250 6.4500000000000001776 1068.5939422948224546 1613.1276693793411141 672.09314370048207365 941.03452567885915414 1158.150053270142962 1.8969232439837924176 2811.1820491699945705 -11097.500429151205026
32375 6.4750000000000005329 913.2231419640478407 1577.9567364779827585 574.37253580585115742 1003.5842006721316011 1364.119057526844017 1.8939149530191619064 2815.6473254723796344 -5207.5096835852937147
32500 6.5 1101.2651429759625898 1655.8836408116985695 692.64172544435893997 963.2419153673395158 1773.7897831122106709 1.8906316372267197856 2820.53704547263942 2866.3467864347171599
32625 6.5250000000000003553 1049.0510700439758693 1677.2181030249657852 659.80163620812106728 1017.4164668168446042 1985.0214921692199823 1.8767013297295507268 2841.4732209461508319 7427.6929198797770368
32750 6.5499999999999998224 942.03656429997727173 1602.9311409894585267 592.49476430822983275 1010.4363766812288077 1793.5896901948269715 1.8533109390165489749 2877.3350763095745606 4543.4939548226138868
32875 6.5750000000000001776 1015.1553824836826152 1669.4352875683057391 638.48291231439941384 1030.9523752539062116 1459.8395830430040405 1.8354991492067229686 2905.2569021594067635 -4946.7726036297044629
33000 6.6000000000000005329 1079.6137240358739291 1715.0293126409326305 679.02404557077647951 1036.005267070156151 1433.9014157093702124 1.8349285448039782676 2906.1603446308695311 -6632.9768556968710982
33125 6.625 974.2658065864876562 1646.5834588216100656 612.76537591295959828 1033.8180829086504673 1536.7367856958658194 1.8576118590080725745 2870.6731959538892625 -2623.7790772810653834
33250 6.6500000000000003553 977.13498216929190221 1591.0566834474716416 614.56994653698393449 976.48673691048770706 1612.2637609216919827 1.8808834138746501896 2835.1552960719209295 512.89454627200746017
33375 6.6749999999999998224 989.5353788694440027 1587.0727113392049432 622.36918745672971909 964.70352388247522413 1721.5615061850853635 1.9036074808299687788 2801.3109981137226896 3291.9170717038068688
33500 6.7000000000000001776 1001.097289826679912 1615.4758028048777305 629.64106199660034235 985.83474080827750186 1992.2350292803098455 1.9147805054198905328 2784.9649383030296121 9276.1609457775739429
33625 6.7250000000000005329 1069.5908010684781857 1641.8790278295259668 672.72011894383115305 969.15890888569470007 1464.254595095041168 1.8908595236668166439 2820.1971142728802988 -4318.6434580186833045
33750 6.75 916.84546996294920973 1573.3261573985164432 576.65080233529420184 996.67535506322235506 932.31302600388073643 1.8591570062748838943 2868.2873765595800251 -15323.867048021333176
33875 6.7750000000000003553 916.31132768066015615 1562.5965474549223018 576.3148530551437716 986.28169439977853017 998.78111445646197808 1.8500929942466783906 2882.3397465552147878 -13412.690380947269659
34000 6.7999999999999998224 1041.3012897184771646 1668.9651000164362813 654.92740473833839587 1014.0376952780977717 1684.2709624439407889 1.8736936886818158499 2846.0343354692868161 368.75828017337778419
34125 6.8250000000000001776 1050.2972953099229017 1638.1833635000675713 660.58545073635104927 977.59791276371652202 2049.3280596161180256 1.9070622783316280024 2796.236196756883146 10081.959521527971447
34250 6.8500000000000005329 1019.0826830031782038 1568.3204859321072036 640.95299159141268319 927.36749434069440667 1872.7615381091450217 1.9192728568775252462 2778.4463022189438561 7513.2063527880291076
34375 6.875 994.9777775424641959 1577.082484103887964 625.79218911212592502 951.29029499176215268 1222.6223123571567157 1.8855213491605744558 2828.1814865233936871 -8593.7809412571805296
34500 6.9000000000000003553 978.57379549185020551 1638.5869787257893222 615.4748895007065812 1023.112089225082741 1420.8467599518544375 1.8456647382997093398 2889.2552701923114 -5167.4567619939662109
34625 6.9249999999999998224 1042.1240432037009214 1677.2902131897158142 655.44487630025560065 1021.8453368894602136 1779.6770200287242005 1.8159330138093874307 2936.5601768283581805 2390.7226956419731323
34750 6.9500000000000001776 940.06734041825689019 1592.7421877424030754 591.25621913505278826 1001.4859686073502871 1828.005270767004049 1.8100601816705119695 2946.0879953831549756 5475.6058665899718108
34875 6.9750000000000005329 964.5830015478182986 1567.254602287716807 606.67536677038231119 960.57923551733438217 1773.1089740440504556 1.8478491910492598205 2885.8397091986453233 4891.1614692806751918
35000 7 1018.4460223895040372 1596.3813140305810521 640.55256331236432743 955.82875071821661095 1526.2533444000021063 1.9087244266327876296 2793.8011887592751918 -1721.1545846869703382
35125 7.0250000000000003553 1074.2520966521228729 1679.376734783273605 675.65184509212019748 1003.7248896911534075 1645.7764749041639334 1.94639588274075237 2739.7286540863569826 -840.92873944370796835
35250 7.0499999999999998224 1027.2472038069070095 1678.3718379966876455 646.08807446676757991 1032.2837635299199519 1709.0027978315515611 1.9357902877514567841 2754.7387782044806954 762.43757935344308407
35375 7.0750000000000001776 1016.4931770815634309 1563.3720295728610381 639.32431945824339437 924.04771011461764374 1812.0586334607510253 1.9057423905043631152 2798.1728268789011054 6093.9932289119587949
35500 7.1000000000000005329 890.87997516431369149 1556.3354262602679228 560.31978047915617935 996.01564578111174342 1560.1794778894370666 1.8714535152476936553 2849.4411048381075489 92.502535652610589523
35625 7.125 990.91394036099075038 1642.2528301738786922 623.23623497587288966 1019.0165951980058026 1504.5315675029455633 1.8613163434010886466 2864.9598393342239433 -3296.1469698434048041
35750 7.1500000000000003553 971.54093791139518999 1657.1694338415077254 611.05156725138226648 1046.117866590125459 1470.863251977769778 1.8657852782874073672 2858.0976783326887016 -4469.6581547732739637
35875 7.1749999999999998224 980.21178888083761649 1666.3631136340568446 616.5051069505649366 1049.8580066834920217 1567.8459442866524114 1.8719429397777969104 2848.6961107765055203 -2371.318627804339485
36000 7.2000000000000001776 1077.4130605156144611 1764.669578742619251 677.63993622388841231 1087.029642518730725 1907.5630766461638359 1.871252830773117104 2849.7466961411951161 3438.1935342952383508
36125 7.2250000000000005329 1016.1069970321798337 1691.2920799289659044 639.08143116068549716 1052.2106487682804072 1875.549041283728684 1.8741105675796700947 2845.4012609444698683 4440.2200723769537944
36250 7.25 1075.8318895911650088 1628.645498134303125 676.64545731540908946 952.00004081889403551 2174.402456370283744 1.8948655582417834875 2814.2347877643537686 13297.287690481014579
36375 7.2750000000000003553 968.38747049949813572 1608.2754167724447143 609.06819101974519981 999.20722575269962817 2172.2357830046939853 1.9127590697397027775 2787.9081356891610994 13870.567663380268641
36500 7.2999999999999998224 1010.818000224128923 1647.296645236646782 635.75491174947592299 1011.5417334871709727 1566.6985512794294664 1.9158791040963760732 2783.3679905683125071 -1985.5382304439981453
36625 7.3250000000000001776 1076.8637620161459836 1684.760795526983884 677.29445442699102387 1007.4663410999928601 1793.5144585296375226 1.9114595135733416509 2789.803568568202536 2672.9718111885740655
36750 7.3500000000000005329 983.34837329588970078 1617.2087172652059053 618.47786460579482082 998.73085265941108446 1904.4693784221060469 1.8785487000332046215 2838.6789078432152564 6938.7940189213541089
36875 7.375 983.12989443377261978 1562.1116137634166989 618.34045212434546102 943.77116163907123791 1901.7514626257654982 1.8330953982589259788 2909.066586062814622 8005.5115338043824522
37000 7.4000000000000003553 959.03757437200340519 1581.8188895169544139 603.18756524331058699 978.63132427364382693 1223.8573196200031816 1.815996109927429103 2936.4581471232613694 -8358.6607569364950905
37125 7.4249999999999998224 1031.0715628203736287 1693.6518099206437 648.49340858880100313 1045.1584013318426969 1218.6219963218861722 1.8573557980196988559 2871.0689561074568701 -11344.917831709910388
37250 7.4500000000000001776 976.17635406966985556 1673.2727547886902357 613.96701651126147681 1059.3057382774288726 1376.7595082963127879 1.9073995075420557832 2795.7418207642963353 -7272.2893034981480014
37375 7.4750000000000005329 1025.7510394612684195 1614.6940931027625084 645.14706052428402927 969.54703257847859277 1984.6003460016995632 1.9303768306086845907 2762.4640368580676295 9181.6165283792397531
37500 7.5 992.41255210791223362 1550.953563308523826 624.1787882136461576 926.77477509487778207 1766.0098058639030114 1.9130418076638664449 2787.4960969371140891 5290.0758153816959748
37625 7.5250000000000003553 965.61072062954212925 1564.5166894568103544 607.32175163289934972 957.19493782391100467 1367.9857654656013892 1.8815556201055314567 2834.1424059744022088 -4754.8118711873876236
37750 7.5499999999999998224 957.60728123906528708 1619.3370688768100081 602.28798106069280038 1017.049087816117094 1092.4272636757355031 1.8479841076550584944 2885.6290214027762886 -12520.448721101729461
37875 7.5750000000000001776 1080.2208892348539848 1678.6986102185312575 679.40592268160094136 999.29268753693031613 900.51688094938867835 1.8337924861001166921 2907.9607494091419539 -18349.177432599793974
38000 7.6000000000000005329 1018.2165467230762488 1717.8674038971494156 640.40823438072084173 1077.4591695164285738 1450.1705729974555652 1.8642503166286878979 2860.4509408286012331 -6417.0117841622150081
38125 7.625 1182.7570973601195874 1821.0925071509873305 743.89616517169304188 1077.1963419792944023 2389.7992188011953658 1.9175515155981224247 2780.9404486727466974 14022.349107233849281
38250 7.6500000000000003553 1086.3992570441382668 1724.6383066114062785 683.29181280274667643 1041.3464938086594884 1894.3738493591438328 1.9572731397875089421 2724.5030158230651978 4271.7872095513739623
38375 7.6749999999999998224 1003.9558927338641752 1656.3810524504224304 631.43898292656081139 1024.942069523861619 1549.450932525490316 1.9599135756680869935 2720.8325093226599165 -2694.7740494462836978
38500 7.7000000000000001776 993.21957775393070733 1573.6787203938470157 624.68636773661694406 948.9923526572300716 1349.7386974072790053 1.9092864815604790873 2792.9787507750870645 -5497.7906391129063195
38625 7.7250000000000005329 879.54790766625194465 1566.5777637509954729 553.19246619451553215 1013.3852975564798271 1158.0435609983433096 1.8449877697937797638 2890.315404495385792 -9691.8636327610893204
38750 7.75 1002.3315113997084609 1647.6067420185740957 630.41732679111930793 1017.1894152274547878 1279.9804961228248885 1.8140683663917713808 2939.5786128762169938 -8575.2253343575557665
38875 7.7750000000000003553 1057.5568572684187529 1636.8358353182238716 665.15135891293687109 971.68447640528711418 1565.5905808301813522 1.8345260517805341838 2906.7979530543570945 -1680.6032807968488214
39000 7.7999999999999998224 981.00731388161568702 1603.2159974228868577 617.00545313212489873 986.21054429076195902 1418.9383014657166768 1.8773868276806495725 2840.4357021767937113 -4448.4828584402184788
39125 7.8250000000000001776 1057.1789828580069752 1566.7755172349534405 664.91369445465602439 901.86182278029752979 1660.5654337887974634 1.9227034132774942776 2773.4888986598589327 2318.7494726179729696
39250 7.8500000000000005329 958.02981443127225702 1493.2132831479402739 602.55373370089421314 890.65954944704617446 1833.8264692952188852 1.9375007520142786266 2752.3068399311000576 8485.7204012919992238
39375 7.875 1015.498571589459857 1556.8603074271056812 638.69876141840074979 918.16154600870493141 1755.3895010758085391 1.9141373650207422763 2785.9006723285833687 4886.3307564879514757
39500 7.9000000000000003553 1065.9513576963618107 1590.8332577875564766 670.43108768464901459 920.40217010290746202 1986.4030588203468142 1.8917397272224563132 2818.8849107536188967 9622.1006310727316304
39625 7.9249999999999998224 1050.8742965017772804 1601.0864153284128406 660.94835616712634874 940.13805916128649187 1439.0554595798180344 1.8776552466583180667 2840.0296495488323671 -3912.0034603798089847
39750 7.9500000000000001776 1050.3297060319532648 1597.5930910955066793 660.60583548980775959 936.98725560569880599 1199.7512058113795774 1.8930508483634636008 2816.9325598150530823 -9684.0754669453144743
39875 7.9750000000000005329 982.17056160501817885 1589.0837244543854467 617.73707885858652844 971.34664559579891829 1955.9605126149792795 1.9393916062704272818 2749.6234153531631819 9148.9473518436752784
40000 8 1016.4395017657142262 1594.3163093532082257 639.29056031892923784 955.02574903427898789 1894.2154395821371509 1.9617953149978510918 2718.2227072177456648 7565.0931636592295035
40125 8.0250000000000003553 979.50429315433177635 1606.6758643522034617 616.06012686209396634 990.61573749010949541 1742.5704897431423888 1.9471916063953091935 2738.6090586187292502 3402.4860323711895944
40250 8.0500000000000007105 1010.981774359216729 1689.5134887571575746 635.85791764250166125 1053.6555711146559133 1914.2745823164618741 1.9016383023235670091 2804.2118028569234411 5495.8444734192316901
40375 8.0749999999999992895 1077.5061511916892414 1703.1968272543531384 677.69848569030034469 1025.49834156405268 1403.6185389959887289 1.8402858364267637992 2897.7001651519071856 -7088.9350945708702056
40500 8.0999999999999996447 988.79669349447203786 1676.6397381510068954 621.90459061014428244 1054.7351475408624992 1343.4536892529704346 1.8338067211885238361 2907.9381761041836398 -7856.4391295478317261
40625 8.125 976.10411448164552439 1644.4256351907229146 613.92158135587339984 1030.5040538348496284 1566.8621200098384634 1.8670537851214266123 2856.1558400920603162 -1862.0858228836193575
40750 8.1500000000000003553 1064.6772592092688683 1583.2087680908207403 669.62974226832056956 913.57902582250005707 1259.8880380936986967 1.8889880449983607047 2822.9911704630067106 -7853.226827099681941
40875 8.1750000000000007105 943.79485583157213568 1576.3756992797596013 593.60064338562176545 982.77505589413783582 1829.8127848101066775 1.9223387416367949676 2774.0150352481869049 6264.4863262179733283
41000 8.1999999999999992895 1025.0892563013055678 1619.5497279001147035 644.73083139662094254 974.81889650349376097 1877.8922509656183593 1.9324196954331793741 2759.5436875037498794 6419.2269953611503297
41125 8.2249999999999996447 1027.6575229981849589 1621.5219361822905739 646.34614509984112374 975.1757910824493365 1457.2180949880873868 1.9190777533279526068 2778.7287737003211987 -4054.3913733961385333
41250 8.25 929.71424007059204087 1578.525601975498148 584.74462714084245363 993.78097483465569439 1708.437190117546379 1.9172455921511442067 2781.3841867579367317 3202.6613696313120272
41375 8.2750000000000003553 957.71515858912027852 1580.3996958850502779 602.35583061931629345 978.04386526573398442 1437.7447476228287542 1.8977862165941981054 2809.9037317862516829 -3481.1241337543510781
41500 8.3000000000000007105 1063.4014205158837285 1643.1186308873254802 668.82730234764267152 974.2913285396828087 1657.2549398400817608 1.8844130808296624124 2829.8448075900287222 342.52913666537546078
41625 8.3249999999999992895 1016.8954954794184005 1602.0563800083123169 639.57735798492842605 962.47902202338400457 2234.758285840460303 1.8834608253151154944 2831.2755436516022201 15322.905235297756008
41750 8.3499999999999996447 971.04766622148395072 1554.7528409529991222 610.74132356793143117 944.01151738506780475 1792.1222913676488133 1.8687965984567795896 2853.4922294615244027 5703.9044355221622027
41875 8.375 921.44512072116106083 1602.2647469002301932 579.54375691388008818 1022.720989986350105 1658.2934631844104842 1.8594550812202432777 2867.8275834666046649 1339.6203775427104574
42000 8.4000000000000003553 975.04108062851287286 1656.1444628559022476 613.25298523536980611 1042.8914776205324415 1567.4945748648535755 1.8638614995339812808 2861.0476548144006301 -2124.600161498558009
42125 8.4250000000000007105 1024.7730425294998895 1703.2504853873094817 644.53194845375310251 1058.7185369335563792 1567.0503478541659206 1.8686039671123331196 2853.786391335416738 -3272.5040604947002976
42250 8.4499999999999992895 1046.1426508338379335 1677.8215609424564718 657.97238326855949708 1019.8491776738969747 2092.7269073888578532 1.8805579454763519109 2835.6459767528108387 10032.776381145415144
42375 8.4749999999999996447 962.73607080170768313 1617.3020966061412764 605.51373797742394345 1011.788358628717333 1975.8161186950687807 1.8995360633172744258 2807.3152571938612709 8756.6717656374585204
42500 8.5 1023.6248237659445977 1635.8050629201375159 643.80977520542228376 991.99528771471523214 1702.6335330815347788 1.9063124662676234067 2797.336043540260107 1638.1021816894374297
42625 8.5250000000000003553 1169.0249809908218595 1721.088326929986124 735.25933794012360067 985.82898898986263703 1810.1613583663397549 1.9182017827781889796 2779.9977145351153922 2196.9789949475848516
42750 8.5500000000000007105 1021.6665738580715015 1662.5450259123231262 642.57813212319854301 1019.9668937891245832 1247.9836340858726089 1.9361334576506834537 2754.2505146371240698 -10320.708812313247108
42875 8.5750000000000010658 936.85074837687261606 1565.8244520446185106 589.23314060959035032 976.5913114350281603 1369.3689683130023695 1.9441259754921746961 2742.9274848254367498 -4911.0453018018761213
43000 8.5999999999999996447 968.37596206777914176 1565.423033290348485 609.06095278102145585 956.36208050932691549 2129.232468809814236 1.939118974933812023 2750.0099999395688428 14057.955918874475174
43125 8.625 1042.0056646511361578 1635.5186523662041509 655.37042200064661301 980.14823036555753788 1432.2420119181269911 1.9142412348272526135 2785.7495048798173229 -5003.4495268270275119
43250 8.6500000000000003553 1070.8942429962894494 1646.0728736305472921 673.53991994421153322 972.5329536863357589 1318.6333660002151191 1.8980899183607942149 2809.454136264430872 -7991.5908776661581214
43375 8.6750000000000007105 985.04327952840310445 1563.8179190261621443 619.54387744098005442 944.27404158518197619 1535.6473349036436957 1.879028252817482203 2837.9544395592047294 -680.63541682694585688
43500 8.7000000000000010658 1031.729261971946471 1564.7079029041033209 648.90706907562775996 915.80083382847544726 1774.5988114527413018 1.8612922405149934235 2864.9969392582297587 5023.3515871804856943
43625 8.7249999999999996447 989.57016087936801796 1625.3778161174134311 622.39106363388998489 1002.9867524835234462 1842.7618315424460889 1.8623134517927018017 2863.4259001927307509 5205.5397637587802819
43750 8.75 1109.553712371896836 1687.7052167694992022 697.85482879597429928 989.85038797352490292 1730.3085141543792815 1.8777337809907179711 2839.9108681567195163 1028.6381196713193731
43875 8.7750000000000003553 1063.6981353477851826 1655.0285444026530968 669.01392141430790161 986.01462298834530884 1370.9424206038520424 1.8778652008570857479 2839.7121208203188871 -6859.6161876966907585
44000 8.8000000000000007105 1037.8183327620317868 1629.5912214490435872 652.73679575434596245 976.85442569469773844 1122.3227613686335644 1.8700949843211469581 2851.5110819765691303 -12197.951642921332677
44125 8.8250000000000010658 1013.0276336958346519 1595.5704385903877665 637.14466275558334019 958.42577583480431258 1767.1969950998629884 1.8798078473605059902 2836.7774821390421494 4148.4258197400067729
44250 8.8499999999999996447 915.50915275736599597 1556.6128847712607239 575.81032439869579775 980.80256037256503987 1791.6231204648502171 1.9022863177162527837 2803.2565458087710795 5748.4140701923206507
44375 8.875 978.55610954125131684 1571.4714532564389629 615.4637659057965493 956.00768735064241355 1567.6900007104584347 1.9425920734244517263 2745.0933446568169529 -94.45515139960006934
44500 8.9000000000000003553 1102.502768663542156 1642.5486786215697066 693.42013125985840816 949.12854736171118475 2083.4039097481004319 1.9939214720014140081 2674.426574476834503 11302.888152282945157
44625 8.9250000000000007105 872.08978881692644336 1580.3484786662193073 548.5016754786608999 1031.8468031875584074 1579.7758354644931842 1.9771705049541705712 2697.0848284347407571 -14.558398864179588728
44750 8.9500000000000010658 1072.9591127020664771 1678.1564838570648135 674.8386216464757581 1003.3178622105890554 1404.051413496566056 1.9229475323268661047 2773.1368030035800984 -6777.5056022213129836
44875 8.9749999999999996447 1057.1551504366238987 1665.9936123275610953 664.89870503128827295 1001.094907296272936 1934.1021729269373282 1.8855481137562946081 2828.1413416267682805 6500.3042024965407109
45000 9 929.78882616478085765 1625.0412219027789433 584.79153813344271384 1040.2496837693361158 1554.8375559715368581 1.8799023540898505136 2836.6348712416556737 -1696.9946146039180803
45125 9.0250000000000003553 1098.3574393338112714 1619.8796993640710298 690.81292256194126367 929.06677680212976611 1636.4582417390349747 1.9264088324732508983 2768.154133354034002 410.65790375055729555
45250 9.0500000000000007105 862.92502598552289328 1520.8938863386422327 542.73748945922716302 978.15639687941506963 2042.0873593023338799 1.9720395740093685788 2704.1022109403238574 13215.998346837031931
45375 9.0750000000000010658 1026.4534920545506793 1556.356739678586564 645.58886872947164193 910.76787094911492204 2192.3365715015338537 1.9592720453788585733 2721.7233996259055857 16022.248640717823946
45500 9.0999999999999996447 974.94613221307872664 1589.1253432853864069 613.19326734207777463 975.9320759433086323 2200.6246682699829762 1.9089371645938095767 2793.4898387685993839 15009.734027257705748
45625 9.125 1014.232774234154931 1633.6230594858884615 637.90263700655191315 995.72042247933654835 2063.2832665484320387 1.8524412506541918511 2878.6859341732620123 10234.224941704676894
45750 9.1500000000000003553 1006.0728990978587944 1663.7916085583956374 632.77047602800541881 1031.0211325303901049 1574.7926278736813401 1.8196636942543151783 2930.5396315695616067 -2082.3874812769681739
45875 9.1750000000000007105 964.27061364173084712 1658.9696902516161572 606.47889010927985964 1052.4908001423361839 1527.1158059811987187 1.843107976911281698 2893.2632482427989089 -3124.8493760486339852
46000 9.2000000000000010658 952.91100680762747288 1604.9108011007365349 599.33425493388449468 1005.5765461668520402 1704.8778504226834229 1.8906876975512252326 2820.4534144095846386 2430.3121225874288029
46125 9.2249999999999996447 879.02817266170916355 1549.3859962665837884 552.86557838496628392 996.52041788161761815 1667.2040349468456952 1.9259077711898213714 2768.8743209370213663 2917.6463913971902002
46250 9.25 991.06730619444726926 1618.912721592204889 623.33269455800621017 995.58002703419879253 1956.5098358300406289 1.9399607785794139581 2748.816693111434688 8421.2596241403498425
46375 9.2750000000000003553 1008.228411292927035 1638.9567841129269254 634.12618740735035772 1004.830596705576454 1473.9144745373184833 1.9228644841912876373 2773.2565742319152378 -4080.6500490035155053
46500 9.3000000000000007105 887.21793052385953615 1535.1110381350731586 558.0165341314473153 977.09450400362584332 1149.122946210733744 1.9128710053703195104 2787.7449954385151614 -9493.9069805281906156
46625 9.3250000000000010658 929.31455007420333914 1512.3333165688109148 584.49324174967921408 927.84007481913158699 1240.3873051157193004 1.9192840588853989914 2778.4300856629788541 -6711.3104868575010187
46750 9.3499999999999996447 914.08774259428446385 1599.1683024346671118 574.91632716814660853 1024.2519752665205033 1629.6499181164592756 1.9282832896607382533 2765.4632494786410462 755.77792412669725763
46875 9.375 1039.50485561247433 1641.7396092247590786 653.79753585366051993 987.94207337109844502 1877.2712059920208958 1.9192348092485285171 2778.5013831780770488 5812.4960349228604173
47000 9.4000000000000003553 1031.5946475150094557 1631.3117886110221662 648.82240318901790488 982.48938542200437496 1434.135611535973112 1.8866164538684584429 2826.53984131549214 -4783.2539772385180186
47125 9.4250000000000007105 965.97415663486265203 1571.1198513338349585 607.55033504300661207 963.56951629082823274 1105.333988474711532 1.8600429084950047542 2866.9212671310106089 -11140.242570253318263
47250 9.4500000000000010658 887.99505516112014902 1512.6390454118720754 558.50530738743441361 954.13373802443766181 1515.462695261618137 1.8720304975744972431 2848.5628728002807293 67.968727866536184479
47375 9.4749999999999996447 990.90965625057958732 1560.5450127101480575 623.23354048068597422 937.31147222946196962 1576.8739922543206831 1.896537735540448022 2811.7534769857570609 398.20427184520406172
47500 9.5 1050.5354203790980137 1623.6347979177035086 660.73521971781485718 962.89957819988876508 1565.1758752499179081 1.9119517090729336584 2789.0853868512276676 -1437.1864299439762362
47625 9.5250000000000003553 1029.2069580833947384 1605.078412792372319 647.32066372301630963 957.75774906935600939 2026.6031356911287276 1.9289295772235304227 2764.5366814356184477 10455.018494264473702
47750 9.5500000000000007105 956.18676859815695934 1554.6301866406956833 601.39454832754051949 953.23563831315516381 1739.3685679890058964 1.9293760771510097829 2763.8969070326943438 4583.1007540431928646
47875 9.5750000000000010658 910.90052125290503682 1501.4484549197643446 572.91172137148942056 928.53673354827492403 823.28320114043867761 1.9138529401388171269 2786.3146955030729259 -16688.967916929912462
48000 9.5999999999999996447 991.4574480459825736 1561.700533814737355 623.57807463467440812 938.12245918006306056 1075.5115937713167114 1.9075337930138660525 2795.5450077322880134 -11925.118328304117313
48125 9.625 1008.235132574689942 1617.4931917312958376 634.13041476370244709 983.36277696759339051 1816.213578098656626 1.9158081684869228134 2783.47104885357885 4895.3057826879903587
48250 9.6500000000000003553 1014.8776805433493564 1652.1235995653421469 638.30825142338835576 1013.8153481419537911 1623.0250394735949158 1.9173621823562796429 2781.2150574427355423 -717.39944702727780168
48375 9.6750000000000007105 1123.8639003028899879 1745.510522675271659 706.85523466841596019 1038.6552880068556988 1450.0662118157533769 1.9152554950746667473 2784.2742578491629502 -7275.916896223349795
48500 9.7000000000000010658 972.68882300611971914 1677.2690361683155515 611.77353063839495917 1065.4955055299205924 1577.1705734503557323 1.9082332969305690895 2794.5202406425546542 -2456.0898978956506653
48625 9.7249999999999996447 1057.9156765695613558 1610.7404085097546158 665.37703864270156373 945.36336986705305208 1567.3161951404756564 1.8772244613285971049 2840.6813793415135478 -1048.1743940052426751
48750 9.75 960.78524915812351992 1583.9188441443191095 604.28676690886277356 979.63207723545633598 1499.1451301834126753 1.8529714582527796463 2877.8622295503723763 -2019.8323395317283939
48875 9.7750000000000003553 965.93241569493034149 1649.1568083155962086 607.52408204041159934 1041.6327262751844955 1677.6650946695003768 1.844217234918070103 2891.5230110499705916 676.03404924781023055
49000 9.8000000000000007105 1030.8608198615502261 1706.0560031919544599 648.36086161084961077 1057.6951415811049628 1494.3926116266227382 1.8436778001245237579 2892.3690309556150169 -5017.8324818960072662
49125 9.8250000000000010658 1011.9472688006349017 1686.9649187969794184 636.46516626021752927 1050.4997525367618891 1544.5874555772618351 1.8731414662177623409 2846.8733773259000372 -3429.2347044486191407
49250 9.8499999999999996447 976.73190132803040342 1620.3421208631293666 614.31642847081639047 1006.0256923923128625 1522.6659708343056536 1.9108230664254635123 2790.7327820341447477 -2399.9068753178485167
49375 9.875 1022.1438848644830841 1585.3343192907495904 642.87833732006970422 942.45598197067977253 1637.0485759961500207 1.9233584729755632825 2772.5443005383535819 1278.9568824937814497
49500 9.9000000000000003553 951.57269714330936949 1558.6705084565378456 598.49252383853070114 960.17798461800714449 2175.13905840629468 1.9150979305492674687 2784.5033337857098559 15180.542560146270262
49625 9.9250000000000007105 970.61210650907014497 1561.9213287143288653 610.46737788585426188 951.45395082847448975 1853.2954822680717371 1.8926227130573021196 2817.5697857532245507 7090.8851955216896386
49750 9.9500000000000010658 1069.2284474758739634 1627.199407719052715 672.49221631819818867 954.70719140085452636 1186.7424604145144258 1.8808097333439957044 2835.2663629932576441 -10652.062588054812295
49875 9.9749999999999996447 864.75126640942028189 1595.7716701878291587 543.88610505498309067 1051.8855651328460681 1213.5485469253394513 1.9065904671775739665 2796.9281625721500859 -9370.4350684346409253
50000 10 973.87067511399607156 1584.4845776709153142 612.51685760959776417 971.96772006131766375 1592.7150581211974441 1.9299359811023766298 2763.095058259174948 204.24595870396262853
