# step time temp etotal ke pe enthalpy density vol press
0 0 216.00851253232755766 -64119.786805455187277 1220.1532538544249746 -65339.940059309614298 -73634.122289240753162 0.45256861535284537146 49708.227095228081453 -13124.244054241513368
5 0.002500000000000000052 346.08285957544194389 -64137.81277871504426 1954.895768985134282 -66092.708547700181953 -60964.893133420293452 0.45257542624279939458 49707.479027072091412 4376.8478156321853021
10 0.0050000000000000001041 280.88208181832351329 -64122.435847190063214 1586.6003708013188316 -65709.03621799137909 -50583.301430012579658 0.45257641256949177055 49707.370696606754791 18676.445252437839372
15 0.0074999999999999997224 310.79663721641139773 -64131.364710075336916 1755.5767767710733551 -65886.941486846408225 -67525.120444862710428 0.45255704520823747394 49709.497943581416621 -4681.2875055717058785
20 0.010000000000000000208 254.47407011602081184 -64124.599844699609093 1437.431150437523911 -65562.030995137130958 -71790.86126909282757 0.4525416868815523852 49711.184980888479913 -10574.348510267394886
25 0.012500000000000000694 312.90577117050241895 -64130.095388485839067 1767.4905047382242174 -65897.58589322406624 -55052.996417458678479 0.45253710896261167829 49711.687865117819456 12520.240530360193588
30 0.014999999999999999445 330.20226231507905368 -64133.166735487953702 1865.1920707686876995 -65998.358806256641401 -55269.220146123043378 0.45251846994442024297 49713.735465637990274 12225.731230708033763
35 0.017500000000000001665 258.85783111990537009 -64124.575481090294488 1462.1934164718745706 -65586.768897562171333 -71657.80217882085708 0.45248596485558112423 49717.306735275822575 -10389.569516495319476
40 0.020000000000000000416 301.2066026279868538 -64131.966276558378013 1701.4061713145338217 -65833.372447872912744 -67314.363119958361494 0.45246403613782798514 49719.716289847609005 -4388.8405593637198763
45 0.022499999999999999167 288.24323902449361867 -64124.792595807601174 1628.1808613660055016 -65752.973457173604402 -52524.245768673317798 0.45244612229518144098 49721.684858324952074 15997.670057568393531
50 0.025000000000000001388 337.13718720048041178 -64133.88238676047331 1904.3649305090746111 -66038.247317269546329 -61712.142091886918934 0.45241084275268694803 49725.562215205223765 3339.4271711288083679
55 0.027500000000000000139 262.56774320729925876 -64124.942233406050946 1483.1493559016691961 -65608.091589307718095 -72243.071856954455143 0.45237110213074388509 49729.930586128110008 -11193.40555055056393
60 0.02999999999999999889 304.96578603479525782 -64130.92231105913379 1722.6404264458744819 -65853.562737505009864 -61714.286633801180869 0.45234299094695717969 49733.021088791763759 3331.8884393969424309
65 0.03250000000000000111 306.89802581630476652 -64129.008665375207784 1733.5549437905692685 -65862.563609165779781 -54160.65290992968221 0.45231081918557031196 49736.55847684363107 13742.695016287832914
70 0.035000000000000003331 308.01099408508855504 -64130.551477486078511 1739.8416953573162118 -65870.393172843396314 -66563.428137162103667 0.45226350975020213063 49741.761214734193345 -3353.6909906411992779
75 0.037499999999999998612 276.99012764734345637 -64128.310514111995872 1564.6161420785599603 -65692.926656190553331 -70015.626098195643863 0.45221914536493640346 49746.641067082207883 -8114.797090743399167
80 0.040000000000000000833 292.25923090723972564 -64129.012921878740599 1650.8657338543166588 -65779.878655733060441 -58081.874584992518066 0.45218313178408980901 49750.603078386891866 8334.4254217926718411
85 0.042500000000000003053 313.02249947895916193 -64130.846387225101353 1768.1498603520872166 -65898.996247577189934 -58261.589746161051153 0.45213795264114192696 49755.574325757501356 8088.4530137490037305
90 0.044999999999999998335 302.55635094527445972 -64129.81295675005822 1709.0304069611570412 -65838.843363711217535 -68902.990014962415444 0.45208358808470017198 49761.557599205196311 -6577.1491325104998396
95 0.047500000000000000555 290.52201274947890397 -64128.496123072094633 1641.05282248801268 -65769.548945560105494 -66018.96746756102948 0.45203578078391570827 49766.820381163568527 -2604.6796379940774386
100 0.050000000000000002776 312.50333158284507817 -64130.031924403752782 1765.2172703799881219 -65895.249194783740677 -57443.343104212952312 0.45199056325478692564 49771.799097166018328 9211.9566163082381536
105 0.052499999999999998057 323.21965744498891127 -64130.799702308351698 1825.7498841958545199 -65956.549586504203035 -62072.284741572955681 0.45193513628949877337 49777.903291240276303 2835.5776113264369087
110 0.055000000000000000278 308.24938727369232083 -64129.832032791455276 1741.1882914768930277 -65871.020324268349214 -68753.351180221652612 0.4518762064570797099 49784.394899909217202 -6368.0070893463434913
115 0.057500000000000002498 305.16662184873234764 -64129.574577511913958 1723.7748746627205492 -65853.349452174632461 -63280.564563105093839 0.45182380835484975412 49790.16840667265933 1169.2121732048817648
120 0.05999999999999999778 313.28089493601225968 -64130.192385825699603 1769.6094419862015457 -65899.801827811897965 -58883.678028147282021 0.45177004546624549564 49796.093685040490527 7224.3653499436022685
125 0.0625 320.41509788479692133 -64131.54690615185973 1809.9079507790654588 -65941.454856930926326 -64653.198317088201293 0.45170825382990370533 49802.905564358923584 -718.20730186506114023
130 0.06500000000000000222 301.89205139625488528 -64129.132983856317878 1705.2780212483535252 -65834.411005104673677 -67102.955467614694498 0.45164682520083865302 49809.679273464294965 -4093.7885402387305476
135 0.067500000000000004441 303.7506690825079545 -64130.505040190459113 1715.7766742457147302 -65846.281714436176117 -61837.468841274749138 0.45158967207800526644 49815.983179186288908 3156.2130798809034786
140 0.070000000000000006661 302.14706425798942746 -64130.311523355157988 1706.7184958360091969 -65837.030019191166502 -60575.028158729313873 0.45152892926695498144 49822.684771614600322 4892.9548117637659743
145 0.072499999999999995004 311.49781441066522802 -64131.594550394096586 1759.5374708431152158 -65891.132021237208392 -65574.22671698119666 0.45146264909053696046 49829.999344244104577 -1985.1294881126525524
150 0.074999999999999997224 297.61662969862442196 -64130.003427658622968 1681.1277244160335158 -65811.131152074653073 -65779.499901288931142 0.45139821989876488528 49837.111704112234293 -2269.4605461172272953
155 0.077499999999999999445 298.05538391994321046 -64130.683209524679114 1683.6060868866068176 -65814.289296411283431 -61682.507753373531159 0.45133616893344813414 49843.963450333118089 3367.8603997344075651
160 0.080000000000000001665 302.59472981182705098 -64131.349110821116483 1709.2471951717438969 -65840.596305992861744 -62209.914263296581339 0.45127036423651345487 49851.231747054582229 2642.858308677763489
165 0.082500000000000003886 301.63600550484051155 -64130.84339662851562 1703.8317114530459548 -65834.675108081559301 -65699.635535390989389 0.45120148587160352482 49858.841809164303413 -2157.482735582332225
170 0.085000000000000006106 296.78477058711882819 -64130.449503008399915 1676.4288558864884635 -65806.878358894886333 -64846.375297600665363 0.45113481101509256277 49866.210628954446292 -984.43207080795377806
175 0.087500000000000008327 298.80494855475711802 -64130.948742813590798 1687.8401039511218187 -65818.788846764713526 -61994.715176873905875 0.45106916395285934218 49873.467986570751236 2936.995472737602995
180 0.089999999999999996669 303.32122979103462512 -64131.454099422393483 1713.3509284143058267 -65844.805027836700901 -63051.306544447368651 0.45100022020504604292 49881.092071095314168 1484.8112327853500574
185 0.09249999999999999889 303.92584216729909485 -64131.230667461240955 1716.7661630713628256 -65847.996830532603781 -65596.769151961096213 0.45092953340298064235 49888.911330249684397 -2014.2682677207708366
190 0.09500000000000000111 301.07903726093326213 -64130.967715847968066 1700.6856011116985883 -65831.653316959665972 -64479.345967631292297 0.45086097725742396713 49896.497241737575678 -478.7459213724489473
195 0.097500000000000003331 295.24793043697394523 -64130.96873292834789 1667.7478067562010438 -65798.716539684552117 -62305.373795992338273 0.45079291954858580205 49904.03028215161612 2508.3775909477553796
200 0.10000000000000000555 299.90582366665319114 -64131.823792095507088 1694.0585456880710353 -65825.882337783579715 -63698.081412122650363 0.45072210316153699106 49911.871084941114532 595.87081923762536917
205 0.10250000000000000777 296.56157721093609325 -64130.739446804407635 1675.1681179600266205 -65805.907564764434937 -65499.151036939045298 0.45065056252368385081 49919.794579086694284 -1879.6113764953431655
210 0.10499999999999999611 305.41066706803042052 -64131.718494375963928 1725.1533970409514041 -65856.871891416914877 -64059.220121689977532 0.45058106287620236508 49927.494432479223178 99.566352400886501073
215 0.10749999999999999833 300.92917467795905395 -64130.835586850917025 1699.8390820736137812 -65830.674668924533762 -62444.164482413638325 0.45051140861470073684 49935.213799151897547 2316.0482444861004296
220 0.11000000000000000056 305.31246344524407732 -64131.973232416377869 1724.5986806157588944 -65856.571913032137672 -64233.856422482684138 0.45043924938917806466 49943.21329377618531 -139.87824165211941363
225 0.11250000000000000278 298.3725169289484711 -64130.798478725089808 1685.3974555151210097 -65816.1959342402115 -65434.674527467279404 0.45036719392115431848 49951.203843836367014 -1789.8410276201282159
230 0.115000000000000005 303.69081337948756527 -64131.588859260780737 1715.4385712240055 -65847.027430484784418 -63742.420424532931065 0.45029711670728250761 49958.977469438315893 534.13148324829774083
235 0.11750000000000000722 301.83292077685518962 -64131.669529898135806 1704.9440139593946242 -65836.613543857529294 -63068.542615491278411 0.45022652163240789447 49966.810987868833763 1458.906942898900752
240 0.11999999999999999556 295.38606462233894945 -64130.877125115985109 1668.528076356531983 -65799.405201472516637 -64885.567421595238557 0.45015440915692567225 49974.815420034756244 -1035.4799114418881345
245 0.12249999999999999778 301.77794375252449299 -64131.634085012701689 1704.633468813104173 -65836.267553825804498 -65195.409927086766402 0.45008349088451032882 49982.689798112696735 -1459.3336953439288664
250 0.125 298.14305234048720195 -64130.586971657125105 1684.1012937992095431 -65814.688265456337831 -63399.79975397879025 0.45001421470499430866 49990.384243483531463 1002.3711955163682887
255 0.12750000000000000222 304.52884351993083101 -64131.946991816155787 1720.1722976438702517 -65852.119289460024447 -63609.018985769340361 0.44994398519946476878 49998.186992452596314 717.15289474703058659
260 0.13000000000000000444 298.6194600586255774 -64130.809307564646588 1686.7923471314752533 -65817.601654696118203 -65168.127328316382773 0.44987303523358734836 50006.072260924411239 -1422.372310361666905
265 0.13250000000000000666 304.64068299064075518 -64131.484661525340925 1720.8040379975084306 -65852.28869952284731 -64825.835655147457146 0.44980374027549835381 50013.775995623000199 -951.94866091514927575
270 0.13500000000000000888 302.00949311512897566 -64131.204411066435569 1705.941406657301286 -65837.1458177237364 -63624.974637057668588 0.44973562325592836286 50021.351089038107602 693.93114088028585229
275 0.1375000000000000111 294.60519275539002138 -64130.9781972235578 1664.1172161634249278 -65795.095413386981818 -64354.728170990980288 0.44966694760368736139 50028.990629658830585 -306.66581245051753513
280 0.14000000000000001332 292.50891127053739638 -64131.149300375378516 1652.2760871044256419 -65783.425387479801429 -65273.556065784563543 0.44959876598009790305 50036.577522830644739 -1565.5151704499205607
285 0.14250000000000001554 292.3268383462839779 -64130.422907970380038 1651.2476236037878152 -65781.670531574171036 -64500.006453807029175 0.44953245120256557499 50043.958890956637333 -506.38995214822006119
290 0.14499999999999999001 304.33829369695820333 -64131.73010835533205 1719.0959512360561803 -65850.826059591388912 -64025.389030155703949 0.44946694176853735359 50051.252756464476988 145.68345006304818412
295 0.14749999999999999223 299.1548113809141114 -64130.463510332068836 1689.8163513718075137 -65820.279861703878851 -64595.432808917794318 0.44940143504348983861 50058.5484466802518 -636.89836835049345609
300 0.14999999999999999445 306.65751576591281946 -64131.047125900091487 1732.1963902913107631 -65863.243516191403614 -64977.633610248318291 0.44933681611933112832 50065.747343876137165 -1159.4572431620858879
305 0.15249999999999999667 307.45517377164088657 -64130.311743900645524 1736.7020692561916348 -65867.013813156838296 -64499.885364110516093 0.44927365521679091254 50072.785810859168123 -506.08483137575194633
310 0.15499999999999999889 313.87938917147897655 -64131.083803201290721 1772.9901174987396644 -65904.073920700029703 -64523.134819097431318 0.4492113322778097384 50079.732837682568061 -536.7903388436361638
315 0.15750000000000000111 307.13422683437966043 -64130.709956963335571 1734.8891571388726334 -65865.599114102209569 -64814.035121675136907 0.44914981796106467904 50086.591619374317816 -935.47039155641061825
320 0.16000000000000000333 301.43988019405003342 -64130.381315066842944 1702.7238711493523624 -65833.10518621619849 -64829.910864756930096 0.4490895676204783582 50093.311290507772355 -957.52569020132079913
325 0.16250000000000000555 303.02869023405753524 -64130.447455084104149 1711.6984792207892951 -65842.145934304891853 -64725.512876786633569 0.44903064536725206812 50099.884585233325197 -814.42688192290461302
330 0.16500000000000000777 303.19602281335153293 -64130.509976717185054 1712.6436798923177776 -65843.153656609501923 -64664.251503803898231 0.44897288049877137617 50106.330438356453669 -730.40292936717821703
335 0.16750000000000000999 296.75793900721959062 -64130.385278843721608 1676.2772940839636249 -65806.662572927685687 -64633.953886552160839 0.44891615528433576054 50112.661893139804306 -689.02548717036120252
340 0.17000000000000001221 295.70439422223012116 -64130.143500146521546 1670.3262040902584431 -65800.469704236777034 -64767.626388489930832 0.44886043016314880472 50118.883279498099 -872.15014348115300891
345 0.17250000000000001443 301.31645582529614558 -64130.334477353855618 1702.026691934632936 -65832.361169288487872 -64936.126230949208548 0.44880594179069560612 50124.968083919753553 -1102.2822652295865282
350 0.17500000000000001665 300.48160662609171823 -64130.092080499918666 1697.3109334909254358 -65827.403013990842737 -64777.176266133828904 0.44875293377525760086 50130.888992468848301 -885.0738112214372677
355 0.17749999999999999112 299.84226787560879757 -64130.053384397346235 1693.699542219480918 -65823.752926616827608 -64729.852450114311068 0.44870118810896042483 50136.670248061054735 -820.30320424567082682
360 0.17999999999999999334 298.67834115135354978 -64130.047804314919631 1687.1249449353317686 -65817.172749250254128 -65044.143761131796055 0.44865066343847020969 50142.316375327078276 -1250.0042967237689027
365 0.18249999999999999556 296.01237359930786397 -64130.055734860317898 1672.0658671926801162 -65802.121602052997332 -65006.186022086323646 0.44860181467605009242 50147.776429253928654 -1197.9567072795903186
370 0.18499999999999999778 294.87151078885688094 -64129.772160320237163 1665.6215495403146178 -65795.393709860552917 -64627.744612565984426 0.44855456501870988317 50153.058875220245682 -680.81952586594502463
375 0.1875 297.75152824626991332 -64129.883102936808427 1681.8897170797497438 -65811.772820016558398 -64786.728580686365603 0.44850837181518576902 50158.224287064404052 -897.93556190186336607
380 0.19000000000000000222 296.89148950476862865 -64129.444225291976181 1677.0316721046629027 -65806.475897396638175 -65155.669938002210984 0.44846346703878886553 50163.246644539693079 -1402.7535149670270584
385 0.19250000000000000444 298.39919375131438528 -64129.628547858541424 1685.5481431488196904 -65815.176691007363843 -65013.278178275104437 0.44842042294536060831 50168.061838863468438 -1207.7495592237917208
390 0.19500000000000000666 297.66235123814698227 -64129.698009879844903 1681.3859887064804752 -65811.083998586327652 -64713.555875799400383 0.44837902539240581667 50172.693712521693669 -797.92822527675411948
395 0.19750000000000000888 294.95079201351165921 -64129.789373257903208 1666.0693802442904143 -65795.858753502194304 -65010.017865622117824 0.44833884896575371126 50177.189775161656144 -1202.854779825290052
400 0.2000000000000000111 290.98839257604760178 -64129.494807377683173 1643.6872319205331223 -65773.182039298219024 -65229.586971961827658 0.44830032013678527969 50181.502215452514065 -1503.1749299889643225
405 0.20250000000000001332 291.26088243185438387 -64129.191330020294117 1645.2264276693822467 -65774.417757689676364 -64815.332668355018541 0.44826374967064314125 50185.596146601492364 -937.47265446754556706
410 0.20500000000000001554 293.51974664802111192 -64129.371562912630907 1657.985927242153366 -65787.357490154783591 -64620.173451249866048 0.44822852558919196175 50189.539986463132664 -670.52831269957709992
415 0.20750000000000001776 290.23973174025695698 -64129.029569875259767 1639.4583200868542008 -65768.487889962110785 -65011.097156713964068 0.44819433985809797871 50193.368160906946287 -1204.9794339067934743
420 0.20999999999999999223 292.39048199629348801 -64129.416992257079983 1651.6071233556072002 -65781.024115612686728 -65231.591294282115996 0.44816179448658610696 50197.013187846605433 -1505.554616581957589
425 0.21249999999999999445 294.93966317845416825 -64129.458848477399442 1666.0065175165773326 -65795.465365993979503 -64902.11158856509428 0.44813121998073196517 50200.437963459509774 -1055.3607873258720247
430 0.21499999999999999667 294.14589816877492012 -64129.103565385332331 1661.5228286656067667 -65790.626394050937961 -64838.38148826869292 0.44810214355640215489 50203.695366390420531 -968.73472384192245954
435 0.21749999999999999889 294.64271320317004665 -64129.004799955793715 1664.3291554796498986 -65793.333955435446114 -65344.625815828192572 0.44807450632353457154 50206.791930020073778 -1660.1978157704356818
440 0.22000000000000000111 292.87098080606909889 -64128.743779633921804 1654.3212857714663642 -65783.06506540538976 -65412.535112439501972 0.44804907397255361312 50209.641789172041172 -1753.1998585219921551
445 0.22250000000000000333 293.76999545168007444 -64129.053154431814619 1659.3994914044080815 -65788.452645836223383 -64870.426751224673353 0.44802594452963034888 50212.233873532648431 -1012.3989421177839176
450 0.22500000000000000555 295.59113297467564507 -64128.974058535786753 1669.6864326381100909 -65798.660491173897753 -64859.252519553061575 0.44800429422711302019 50214.66043521395477 -997.19954584176070966
455 0.22750000000000000777 296.51884277942667723 -64128.895339611015515 1674.9267267525849547 -65803.822066363602062 -65489.625148757477291 0.44798412683023880465 50216.921004116396944 -1858.0009365523799261
460 0.23000000000000000999 296.25305458337311393 -64128.562300217519805 1673.4253862338759973 -65801.987686451393529 -65394.794288479628449 0.44796637339217298956 50218.911160185816698 -1728.9008951326304668
465 0.23250000000000001221 303.13805728228192038 -64128.919078721832193 1712.3162537621306001 -65841.235332483964157 -64815.564628052750777 0.44795089886224170872 50220.645979885564884 -937.50679756853310209
470 0.23500000000000001443 300.44433934493599736 -64128.759827344925725 1697.1004242205667651 -65825.860251565492945 -65174.696363998256857 0.44793687214150157416 50222.218592055622139 -1428.0175691054205345
475 0.23750000000000001665 294.8127135623105346 -64128.615400883885741 1665.289425465910881 -65793.904826349797077 -65879.716302992397686 0.44792486218459881542 50223.565172100119526 -2390.7146565802022451
480 0.23999999999999999112 293.39831750964737012 -64128.400488711478829 1657.3000183556816864 -65785.700507067158469 -65331.798507467996387 0.44791588853184566288 50224.571362872578902 -1642.9228268391366328
485 0.24249999999999999334 297.42161239727875 -64129.023992496811843 1680.0261428533196977 -65809.050135350131313 -64800.282171844504774 0.44790916522220997065 50225.325255337418639 -916.41237124224528543
490 0.24499999999999999556 289.31556445585209758 -64128.112757930786756 1634.2380363769534597 -65762.350794307742035 -65442.247177667515643 0.44790388705834527361 50225.917117798351683 -1794.0561253855341874
495 0.24749999999999999778 292.67030378705351268 -64128.82420957681461 1653.1877345291791244 -65782.011944105994189 -65864.829033409841941 0.44790102400024345286 50226.238170243464992 -2369.9783925507604181
500 0.25 290.86324997754701371 -64128.299584317392146 1642.9803470530516734 -65771.279931370445411 -65036.584228374267695 0.44790115457575180313 50226.223527913316502 -1239.982503904696614
505 0.25250000000000000222 293.50334675473521884 -64128.538385571060644 1657.8932902302085495 -65786.431675801271922 -64895.075326504251279 0.44790309831839986154 50226.005563686034293 -1046.4742813778373147
510 0.25500000000000000444 293.9735562263653037 -64128.508303419206641 1660.5493319300314852 -65789.057635349236079 -65752.061624159978237 0.44790663595726154522 50225.608870592237508 -2216.488368672886736
515 0.25750000000000000666 289.3577833129468786 -64128.324185643417877 1634.4765152926884184 -65762.800700936102658 -65648.484848587308079 0.44791301885469131383 50224.893140313644835 -2075.3654350684219025
520 0.26000000000000000888 289.08146920383097722 -64128.588564797879371 1632.9157177325773773 -65761.504282530455384 -64769.540676394157344 0.44792208713260617259 50223.876326670550043 -875.06328856821608042
525 0.2625000000000000111 293.64863123396327182 -64128.242743447597604 1658.7139492310343485 -65786.956692678635591 -65067.486909857812861 0.44793253559878443149 50222.704805444838712 -1282.3380189942015477
530 0.26500000000000001332 299.77107138530419661 -64128.804081659916847 1693.2973792292832513 -65822.101460889200098 -65877.694296509493142 0.44794481943333813723 50221.327565727122419 -2387.8028688967210655
535 0.26750000000000001554 292.15980954143691406 -64128.127886445741751 1650.3041388432459371 -65778.43202528898837 -65243.990166551702714 0.44796008173718204759 50219.616491030959878 -1523.5661530552833938
540 0.27000000000000001776 294.76003068741471225 -64128.689707753102994 1664.9918391325161338 -65793.681546885622083 -64617.26191950764769 0.44797741579696226388 50217.673290763043042 -667.10821067083406888
545 0.27250000000000001998 295.71059694001286289 -64128.412883634286118 1670.3612409792986 -65798.774124613584718 -65363.871263275112142 0.44799587897214615539 50215.603678646475601 -1686.9940154968792285
550 0.2750000000000000222 300.1355595618647385 -64128.757249018162838 1695.3562399167999502 -65824.113488934963243 -65816.03294340413413 0.44801657837130315354 50213.283601947005081 -2304.0480871397171541
555 0.27750000000000002442 296.55395348476343997 -64128.373126828308159 1675.1250543131961876 -65803.498181141505484 -64839.151452074664121 0.44804014237036560164 50210.642709634412313 -970.64965808823717452
560 0.28000000000000002665 297.88569396340449202 -64128.664503152445832 1682.6475702513600936 -65811.312073403809336 -64645.705470608554606 0.44806515466956775562 50207.839805624811561 -706.11840234083160794
565 0.28250000000000002887 296.57537886596117005 -64128.289686700503808 1675.2460784722766221 -65803.535765172782703 -65521.154909489865531 0.44809129157045457514 50204.911211926548276 -1902.3350172283569464
570 0.28500000000000003109 298.94093012316875502 -64128.839397084331722 1688.6082142038919756 -65817.447611288225744 -65424.555096718242567 0.44811983540337979592 50201.713315996836172 -1769.7637380476182898
575 0.28750000000000003331 291.98269130997277898 -64128.326280159999442 1649.3036625939334954 -65777.629942753934301 -64516.161083676764974 0.448150619604960887 50198.264877916357364 -529.76368453484678867
580 0.28999999999999998002 290.5511883766520782 -64128.516044141135353 1641.2176249581157208 -65769.733669099252438 -64881.816444713207602 0.44818233791355632789 50194.712296920493827 -1029.0449356607082336
585 0.29249999999999998224 294.87110938426491202 -64128.772487253896543 1665.6192821522693066 -65794.391769406167441 -65594.611544347862946 0.44821549501951052363 50190.999102235211467 -2002.5554897860388337
590 0.29499999999999998446 297.04188821147846511 -64128.801541733882914 1677.8812195100690587 -65806.682761243951973 -65057.012458801837056 0.44825113245988001953 50187.00875261182955 -1268.1758277879798698
595 0.29749999999999998668 299.47860682334368221 -64129.315076875849627 1691.6453536552455716 -65820.960430531093152 -64660.802925675074221 0.44828850404805592467 50182.824910719951731 -726.21020137385005455
600 0.2999999999999999889 291.27346762089899812 -64127.879063070329721 1645.2975168092643798 -65773.176579879596829 -65132.425987203263503 0.44832697393020193299 50178.518840658754925 -1372.7027415784959885
605 0.30249999999999999112 302.6721469636881352 -64129.285000035451958 1709.6844964088111283 -65838.969496444260585 -65395.204412269296881 0.44836727352596267293 50174.008756750867178 -1730.0209763073273734
610 0.30499999999999999334 295.54150335399788219 -64128.275332839104522 1669.4060930234920761 -65797.68142586259637 -64705.907614136871416 0.44840972104715570712 50169.259166810959869 -789.4740851111404254
615 0.30749999999999999556 296.8333525925419849 -64129.492826660156425 1676.7032779048658995 -65806.196104565024143 -64694.756947273075639 0.44845335838884586854 50164.377381306068855 -772.64518828136465345
620 0.30999999999999999778 291.65865919808942408 -64128.929095478772069 1647.4733234511247701 -65776.402418929894338 -65133.992385516488866 0.4484980782087794049 50159.375482674688101 -1373.9325123052044546
625 0.3125 295.97691568984214427 -64129.106220116598706 1671.865578402658457 -65800.971798519254662 -65023.339240667446575 0.44854454095424345361 50154.179694780956197 -1222.5529603510758534
630 0.31500000000000000222 300.02330749061752613 -64128.967075383567135 1694.72216893330733 -65823.689244316876284 -64713.009949865147064 0.44859260154211555438 50148.806357476489211 -798.56126404642373018
635 0.31750000000000000444 299.15931308615483886 -64128.549695061272359 1689.8417798617913377 -65818.391474923060741 -64944.360335019089689 0.44864181645738715476 50143.305155481226393 -1115.5794846109906757
640 0.32000000000000000666 300.02103102825435599 -64129.352295555945602 1694.7093100282245359 -65824.06160558416741 -65115.058426994139154 0.4486925222079091724 50137.638571360206697 -1348.0552537850644512
645 0.32250000000000000888 296.27984506084879968 -64128.612031254124304 1673.5767158638107048 -65802.188747117936146 -64740.738773415549076 0.44874492007606542332 50131.784231270779856 -837.24449733312144417
650 0.3250000000000000111 306.40749230573874229 -64129.997545978258131 1730.7840990121617324 -65860.781644990420318 -64786.914576575800311 0.44879851524625535841 50125.797532526186842 -898.61432220308245178
655 0.32750000000000001332 297.46624736607401474 -64128.972774945679703 1680.278269502277908 -65809.251044447955792 -64966.529011663027632 0.44885330286833857727 50119.679112021578476 -1145.8553734295278446
660 0.33000000000000001554 296.95556890488933277 -64129.223290617614111 1677.3936332498312822 -65806.616923867448349 -64838.076857658619701 0.44890956597865339095 50113.397470353556855 -969.89962789595699633
665 0.33250000000000001776 299.84700043408031434 -64129.242023534170585 1693.726274715114414 -65822.968298249281361 -64674.494005549204303 0.44896710253326382878 50106.975279921345646 -746.14490245155070625
670 0.33500000000000001998 298.4908366575938885 -64128.795854057083488 1686.0658004808326496 -65814.861654537919094 -64862.690562720395974 0.44902568043882484794 50100.438545400887961 -1004.4222847336669702
675 0.3375000000000000222 301.58490769958240207 -64129.617025255502085 1703.5430785995552014 -65833.160103855057969 -64952.497118285420584 0.44908558149803146087 50093.755923069584242 -1126.3596165710864625
680 0.34000000000000002442 296.67397160192859928 -64129.014794609021919 1675.8029928558200936 -65804.817787464839057 -64691.939143233190407 0.44914690357599601489 50086.916616860871727 -770.63698381211634114
685 0.34250000000000002665 305.0613032827486677 -64130.037774209384224 1723.1799685200421663 -65853.217742729422753 -64788.256337009996059 0.44920930732971203758 50079.958587367822474 -901.21886774483277804
690 0.34500000000000002887 304.3091260202287458 -64129.357104255606828 1718.9311936751080339 -65848.288297930717818 -64929.95889412084216 0.44927288467858167431 50072.871689611318288 -1096.3220986706783151
695 0.34750000000000003109 302.98751209264634099 -64129.638925086648669 1711.4658789281363624 -65841.104804014787078 -64848.439018528304587 0.44933787891519383351 50065.628925929115212 -984.44749754497956928
700 0.35000000000000003331 297.4595308506947049 -64129.147070284590882 1680.2403303581277214 -65809.387400642721332 -64705.844917693255411 0.44940415204807865335 50058.245803045960201 -789.9449270816784292
705 0.35249999999999998002 300.96379153816013741 -64129.464666367115569 1700.0346200832848353 -65829.499286450401996 -64798.089757399866357 0.44947150382782247169 50050.744744765346695 -916.00160906978635467
710 0.35499999999999998224 301.61308547892667775 -64129.795496730257582 1703.7022445914424225 -65833.497741321698413 -64763.607047409066581 0.4495400312237888274 50043.115063390367141 -868.44021167921641791
715 0.35749999999999998446 298.48573822084819085 -64129.448850970176863 1686.0370012723574291 -65815.485852242534747 -64724.842545753344893 0.4496096848222636555 50035.362376647346537 -815.92697670416941946
720 0.35999999999999998668 302.76157986751138651 -64130.067609741527122 1710.1896702435008137 -65840.257279985031346 -64825.266478983961861 0.44968042932521978816 50027.490726891817758 -952.84980080206025832
725 0.3624999999999999889 298.8451747629694637 -64129.244789235759526 1688.0673271205475885 -65817.312116356304614 -64700.208735896019789 0.44975236528035383854 50019.489045063739468 -782.69677663775041765
730 0.36499999999999999112 305.90944361887267178 -64129.990512048098026 1727.9708037455384328 -65857.961315793640097 -64681.48397955767723 0.44982534287559122754 50011.374113161109562 -756.12865314241275883
735 0.36749999999999999334 301.45767189690218402 -64129.644236299798649 1702.8243699855888735 -65832.468606285387068 -64716.496946723738802 0.44989929649649662569 50003.153335242750472 -804.74045151593043101
740 0.36999999999999999556 298.76340324575238583 -64129.936613723919436 1687.6054296627328313 -65817.542043386652949 -64729.376032095678966 0.4499742912339349532 49994.819585007418937 -822.13739638335209747
745 0.37249999999999999778 298.88949794582464392 -64129.72416876542411 1688.3176926045182427 -65818.041861369943945 -64530.54356938222918 0.45005029797910395262 49986.37620983573288 -549.82083290399395992
750 0.375 302.29096574970276379 -64130.070972124914988 1707.5313428450929223 -65837.602314970004954 -64573.692032818071311 0.45012703845030366256 49977.854219961234776 -608.63743486208841205
755 0.37750000000000000222 296.45262976215309436 -64129.617302279475552 1674.552713582794695 -65804.170015862269793 -64707.5330726467364 0.45020455802681130786 49969.248660499841208 -793.02309800210628055
760 0.38000000000000000444 298.62352249701103801 -64130.00732022075681 1686.8152943633065206 -65816.82261458405992 -64565.013492222889909 0.45028304896154169867 49960.538288114774332 -597.02486705391208943
765 0.38250000000000000666 301.68024535115938534 -64130.127225365213235 1704.0816061993371022 -65834.208831564552383 -64369.893415603568428 0.45036227184138372115 49951.749768362751638 -329.12536020200286657
770 0.38500000000000000888 299.23879788611623098 -64129.815860514805536 1690.2907604883782824 -65820.106621003185865 -64506.209630825287604 0.45044192823500833756 49942.916273982293205 -516.76446174027103098
775 0.3875000000000000111 301.12908274394897035 -64130.175531265078462 1700.968289780892519 -65831.143821045974619 -64657.638641314486449 0.45052222296286553727 49934.015152869462327 -724.30204773909667892
780 0.39000000000000001332 293.83135410910995233 -64129.248487557066255 1659.7460840670653397 -65788.994571624134551 -64382.647829846660898 0.45060334702405357987 49925.025317069579614 -348.02568756834494934
785 0.39250000000000001554 301.23104009638990419 -64130.624073650011269 1701.5442096549604685 -65832.168283304970828 -64388.73060313177848 0.45068494022462979309 49915.98675766611268 -354.5548586194663585
790 0.39500000000000001776 294.55724681531614806 -64129.553647504784749 1663.8463870460700491 -65793.400034550853889 -64445.344846388070437 0.45076692834513631958 49906.907746584896813 -433.87384544694731403
795 0.39750000000000001998 300.74949699594043295 -64130.697566876195197 1698.8241484222039617 -65829.521715298396884 -64418.437889344357245 0.45084942753555107275 49897.775474846850557 -395.40636141537873982
800 0.4000000000000000222 293.76582979522100914 -64129.24205373312725 1659.3759611313489586 -65788.618014864478027 -64240.893070620404615 0.45093233479082683868 49888.601398627841263 -153.45656214987249655
805 0.40250000000000002442 299.69161726683915958 -64130.093516046479635 1692.8485719112718471 -65822.942087957751937 -64368.860535843065009 0.45101544289751999139 49879.408482347258541 -328.22915507347715902
810 0.40500000000000002665 299.03679091298300818 -64129.742717817447556 1689.1496968206540714 -65818.892414638103219 -64313.320094287548272 0.45109887167008105857 49870.183502886880888 -252.40752791062814708
815 0.40750000000000002887 299.77340700403658502 -64129.641493106282724 1693.3105722871061971 -65822.952065393386874 -64267.563585752133804 0.45118256095520253846 49860.933145343369688 -189.66952059725980462
820 0.41000000000000003109 305.03515743604572208 -64130.296466145620798 1723.0322801740812793 -65853.328746319704806 -64483.235721165023278 0.45126647426138138952 49851.661471093168075 -485.44992471302663262
825 0.41250000000000003331 298.09993556753704524 -64129.152393378513807 1683.8577428845067061 -65813.010136263023014 -64352.084231675078627 0.45135088035529841166 49842.338826110761147 -306.6887141544745532
830 0.41500000000000003553 305.98881001702881122 -64130.351774213784665 1728.4191155635387531 -65858.770889777326374 -64200.816199127788423 0.45143562606664122683 49832.982177643265459 -96.956548035120164286
835 0.41749999999999998224 300.29171700277913715 -64128.912590304491459 1696.238316310047594 -65825.150906614537234 -64310.844611606706167 0.45152043361327504067 49823.622218170086853 -250.37903273700209184
840 0.41999999999999998446 310.3810671751041923 -64130.469851757901779 1753.2293732721973356 -65883.699225030097296 -64642.873149558159639 0.45160555479831077097 49814.231178310365067 -705.31414697884076759
845 0.42249999999999998668 301.09010669769702417 -64129.162235180199787 1700.7481283201279894 -65829.910363500326639 -64164.628762875829125 0.45169136892787464799 49804.767271796925343 -48.828329552696764893
850 0.4249999999999999889 306.46708334658990225 -64129.98897201474756 1731.1207070538666812 -65861.109679068613332 -64039.585674044610641 0.45177722832495131877 49795.30197115449846 124.48585724363425697
855 0.42749999999999999112 303.69965707835143576 -64129.460014071511978 1715.4885260513333378 -65844.948540122844861 -64487.594704690636718 0.4518629045822279422 49785.860445728125342 -493.24703585344906287
860 0.42999999999999999334 303.67947128360401621 -64129.671328580749105 1715.3745038637168818 -65845.045832444462576 -64537.199094651383348 0.45194908313105597308 49776.367178974171111 -561.38152644771344058
865 0.43249999999999999556 299.38664736831134405 -64129.558714603124827 1691.1259082548538117 -65820.684622857981594 -63918.522403978007787 0.45203579784845193679 49766.818502445748891 290.76452468628212955
870 0.43499999999999999778 296.83693870153189209 -64129.252852985926438 1676.7235345257804511 -65805.97638751170598 -63985.531074987862667 0.45212212775912430374 49757.315837718721014 198.05679531528241455
875 0.4375 296.98429897404247413 -64129.321070069367124 1677.5559189252876422 -65806.876988994656131 -64536.484137499784993 0.4522081683923829809 49747.848624910184299 -561.20067403803579964
880 0.44000000000000000222 296.70097044450056956 -64129.453046546157566 1675.955499464139848 -65805.408546010294231 -64160.593982532787777 0.45229469924261833658 49738.331105367942655 -42.930363258396759818
885 0.44250000000000000444 295.03915122955976358 -64129.226998275000369 1666.568489208586243 -65795.795487483585021 -63506.848794188503234 0.45238112274815739378 49728.829026882274775 858.16392261495684579
890 0.44500000000000000666 299.49154048816927798 -64129.201617606071522 1691.7184112076363363 -65820.920028813707177 -64032.544340645123157 0.45246646979064653049 49719.448865550417395 133.30067872132826778
895 0.44750000000000000888 304.80591992250276689 -64128.998807924595894 1721.7374011215113114 -65850.736209046110162 -64520.854171049708384 0.45255151004450699936 49710.105941133013403 -540.51184663651042683
900 0.4500000000000000111 306.69745895223434218 -64129.067691167649173 1732.4220147733653903 -65861.489705941014108 -63778.365654932138568 0.4526369516428820905 49700.722458649775945 483.83769032629504636
905 0.45250000000000001332 306.09641511077626319 -64128.943438583431998 1729.0269374670742764 -65857.970376050507184 -63511.92296268530481 0.45272170127222410851 49691.418469478143379 851.41695202094751949
910 0.45500000000000001554 304.48762620552952285 -64128.55978908236284 1719.939476077292511 -65848.499265159654897 -64304.667227538397128 0.45280535747545391789 49682.237934544908057 -243.05281780078502152
915 0.45750000000000001776 308.58940380001240555 -64129.229640603451116 1743.10892074325875 -65872.338561346710776 -64242.20504081503168 0.4528890791928627535 49673.053605587345373 -155.95063246982729765
920 0.46000000000000001998 298.7790461047958388 -64128.065783112229838 1687.6937904645255912 -65815.75957357675361 -63235.822528183023678 0.45297270681518575497 49663.882988232129719 1231.8751999200972023
925 0.4625000000000000222 303.38604565081089959 -64129.005327667829988 1713.7170495512937123 -65842.722377219120972 -63651.575871267843468 0.45305480563413930151 49654.883312944999489 659.28220782111941389
930 0.46500000000000002442 297.26594689679700423 -64127.74424583347718 1679.146845252040066 -65806.891091085519292 -64340.800382462548441 0.45313591256603541479 49645.995570597748156 -294.26183173031250817
935 0.46750000000000002665 307.11547929555473502 -64128.964600640472781 1734.7832591340634281 -65863.747859774535755 -63753.327204472407175 0.45321708744436578487 49637.103567710662901 518.90338111360699713
940 0.47000000000000002887 301.67071598095986928 -64127.672200458750012 1704.027778264873632 -65831.699978723627282 -63089.119483811431564 0.45329739443752281591 49628.309767910657683 1434.905077514765253
945 0.47250000000000003109 302.92213750588012999 -64127.890475115244044 1711.0966017462928903 -65838.98707686153648 -63998.086556301408564 0.45337591904496910011 49619.714155794870749 179.37324156902451477
950 0.47500000000000003331 300.62560782273834548 -64127.479159964786959 1698.1243436967895377 -65825.603503661579452 -64233.902286233664199 0.45345395106537833563 49611.175413242053764 -147.08913922756968873
955 0.47750000000000003553 306.50912658769902919 -64127.894054007556406 1731.3581939789905846 -65859.252247986543807 -63231.522738282801583 0.45353184409796248877 49602.654809996020049 1239.1022336636099226
960 0.47999999999999998224 305.47104135129541191 -64127.809936725410807 1725.4944293332036978 -65853.304366058611777 -63228.573508134868462 0.45360810323280198464 49594.315771265020885 1243.2718479894745087
965 0.48249999999999998446 299.09462691100850407 -64126.979807632487791 1689.4763912659489051 -65816.456198898435105 -64109.332401286315871 0.45368269174457032111 49586.16212936318334 24.403071946985381402
970 0.48499999999999998668 305.87037904044740344 -64127.42679776231671 1727.7501421988370112 -65855.17693996115122 -63817.339259969783598 0.45375692150802110492 49578.050365308845358 428.86339460747251451
975 0.4874999999999999889 306.59523233625600369 -64126.631935200937733 1731.8445739278440669 -65858.476509128784528 -62918.141114261874463 0.453830327941921019 49570.031183572951704 1671.6612468321602591
980 0.48999999999999999112 310.55724285349322145 -64127.188647236136603 1754.2245253831781611 -65881.413172619315446 -63449.961013618340075 0.45390160641477111936 49562.246950003464008 936.93140018886811049
985 0.49249999999999999334 304.27583442959775084 -64126.526571516107651 1718.7431416295744384 -65845.269713145680726 -64041.721031543675053 0.45397148814627158453 49554.617625862287241 117.34489615139435159
990 0.49499999999999999556 304.90323454155179661 -64127.032435667599202 1722.287095889038028 -65849.319531556640868 -63359.558270841589547 0.45404087350261357336 49547.04481688622036 1062.1115190634591272
995 0.49749999999999999778 300.36549151543272274 -64126.306192125935922 1696.6550416076320289 -65822.961233733571135 -62824.969460734711902 0.45410870859343144268 49539.643443115346599 1801.1957868699075789
1000 0.5 300.08989723240563308 -64126.260371991971624 1695.0983100823923451 -65821.358682074365788 -63578.28093125099258 0.45417420842584005358 49532.49896356784302 758.57431969729384491
1005 0.50250000000000005773 299.12646299717641796 -64125.874062819057144 1689.6562216979648383 -65815.530284517022665 -63772.811764814876369 0.45423845897964826301 49525.492752563463 488.81739130503660817
1010 0.50500000000000000444 304.45738133044579854 -64126.000509937788593 1719.768633815970361 -65845.769143753757817 -62984.981854734782246 0.45430175995816629575 49518.59202615396498 1579.9690070222393388
1015 0.50750000000000006217 307.45868135936910903 -64126.118929528660374 1736.7218823391558544 -65862.840811867819866 -63025.41231468533806 0.4543629487154351998 49511.923390173957159 1524.3541917177922187
1020 0.51000000000000000888 308.05166583024697502 -64125.522005297476426 1740.0714352023489937 -65865.593440499826102 -63783.656625628012989 0.45442207239692061771 49505.481521774367138 473.50649881059791824
1025 0.51249999999999995559 313.66676336510124656 -64126.014589755126508 1771.7890719174163223 -65897.803661672543967 -63562.787258522112097 0.45448027472945690119 49499.141676773142535 780.20757692146776208
1030 0.51500000000000001332 304.83400527507404831 -64124.945524243710679 1721.8960450282895636 -65846.841569272000925 -62874.841774245520355 0.45453721735785063141 49492.94061969206814 1731.9163430112894275
1035 0.51749999999999996003 306.4791955609263141 -64125.375631214417808 1731.1891245322369741 -65856.564755746658193 -63314.65588872468652 0.45459191370385382269 49486.985645740169275 1123.3209504752746852
1040 0.52000000000000001776 301.01274514240157032 -64125.071539650431077 1700.3111411277698153 -65825.382680778202484 -63672.210531112323224 0.4546449582400000633 49481.2118784272825 627.55054680254329469
1045 0.52249999999999996447 294.2352720363923595 -64125.072723702614894 1662.027669026315607 -65787.100392728927545 -63223.252324407396372 0.45469691228626868407 49475.558114124301937 1249.8372479538988955
1050 0.5250000000000000222 294.23604664798244812 -64124.902060610402259 1662.0320445244892653 -65786.934105134889251 -63057.050291620173084 0.45474711621194507938 49470.096029475913383 1480.1043282992372951
1055 0.52749999999999996891 298.74653239625024526 -64124.700581724209769 1687.5101323910002975 -65812.210714115208248 -63451.878256836760556 0.45479531160230302067 49464.853603865180048 932.66950234220996663
1060 0.53000000000000002665 299.24437943339262347 -64124.662532338923484 1690.3222886119276609 -65814.984820950849098 -63420.034156002751843 0.45484207161434109246 49459.768372541329882 976.85962791968711372
1065 0.53249999999999997335 301.0158441300639538 -64124.454872498346958 1700.3286461780828631 -65824.783518676427775 -63222.654411800445814 0.45488738516427068559 49454.84144390635629 1250.3331611417752356
1070 0.53500000000000003109 303.73813019732773455 -64124.582725878266501 1715.705846659463532 -65840.288572537727305 -63320.129426827472344 0.45493096936835147881 49450.103472549366415 1115.469610453984842
1075 0.5374999999999999778 303.95183592776572823 -64124.368306534095609 1716.9129923376794977 -65841.281298871777835 -63336.987064666209335 0.45497293308242531262 49445.54251990326884 1091.8978942111968991
1080 0.54000000000000003553 302.74374884177370859 -64124.062385904930125 1710.0889492866351702 -65834.151335191563703 -63248.511216772465559 0.45501331021283308864 49441.154804041783791 1214.2749528557208123
1085 0.54249999999999998224 303.31495766686799698 -64124.163478920250782 1713.3154994739331869 -65837.478978394181468 -63375.969136017927667 0.4550520027377220611 49436.950882069599174 1037.7359300972939309
1090 0.54500000000000003997 300.69215746337539485 -64123.583569688489661 1698.5002583291075098 -65822.083828017595806 -63329.649366486104554 0.45508917614515348449 49432.912684692826588 1101.2664836303042648
1095 0.54749999999999998668 306.41574711287563559 -64124.396597417464363 1730.8307274050428077 -65855.227324822510127 -63079.840143489622278 0.4551247542975515592 49429.048399825063825 1449.0179912932769639
1100 0.55000000000000004441 300.19761588776395911 -64123.550017456051137 1695.706773454022823 -65819.256790910076234 -63075.819952253921656 0.45515832033299641335 49425.403212828634423 1453.5276446689676959
1105 0.55249999999999999112 301.98396041767097131 -64123.896904226734478 1705.7971817676530009 -65829.694085994386114 -63477.599015794658044 0.45518992689274351271 49421.971311401612184 896.67855513911104026
1110 0.55500000000000004885 304.09493609740019338 -64123.40851577695139 1717.7213129707863573 -65841.129828747740248 -63321.466902008396573 0.4552201446053978362 49418.690659291649354 1112.6936923067471525
1115 0.55749999999999999556 308.60032097791298611 -64123.449262427995563 1743.1705878969378318 -65866.619850324932486 -62956.3012645606359 0.45524875724117946918 49415.584667294635437 1619.5192027578079887
1120 0.56000000000000005329 307.2550562811521786 -64123.502388873064774 1735.5716785863496625 -65859.074067459412618 -63254.615445189796446 0.4552752314693741531 49412.711153924203245 1205.7262018464343782
1125 0.5625 301.54532598574684243 -64123.054504699204699 1703.3194959436523277 -65826.374000642856117 -63632.970310404816701 0.45530002879637837543 49410.019954541043262 680.1109663634061917
1130 0.56500000000000005773 306.27778298650315492 -64123.625704839112586 1730.0514184058970386 -65853.677123245011899 -63215.719908820821729 0.45532371756090034287 49407.449338773432828 1260.005570727426857
1135 0.56750000000000000444 303.696672525447525 -64122.81060884604085 1715.4716674012072417 -65838.282276247249683 -62797.740746053175826 0.45534563004063521863 49405.071716894657584 1839.0407522656034871
1140 0.57000000000000006217 304.2787725672394572 -64123.204845195796224 1718.7597380968236394 -65841.964583292618045 -63415.480893589825428 0.45536519821558535392 49402.948658104556671 982.27961968413922023
1145 0.57250000000000000888 302.16397829803264585 -64122.661374261158926 1706.8140370753455954 -65829.475411336505204 -63636.38167136341508 0.4553833134012441608 49400.983404743928986 674.9547514304562128
1150 0.57500000000000006661 306.64279727388748142 -64123.440534293207747 1732.1132509014505558 -65855.553785194657394 -63044.88948597376293 0.45540034160578102274 49399.136216736180359 1497.0815593896388691
1155 0.57750000000000001332 298.11652645190446265 -64122.801443436015688 1683.9514587353678507 -65806.752902171385358 -62941.605493751412723 0.45541537727360836829 49397.505290245382639 1639.6118305651868923
1160 0.57999999999999996003 296.41778543282981673 -64122.621399194038531 1674.3558906830685373 -65796.97728987710434 -63601.669215297450137 0.45542829079717644936 49396.104639777113334 723.15146712626574299
1165 0.58250000000000001776 298.71618397091668839 -64122.688851641491055 1687.3387052121081524 -65810.027556853601709 -63490.569188183952065 0.45544006194766573081 49394.827964688818611 877.48951053341409079
1170 0.58499999999999996447 296.0855000604267957 -64122.34689125083969 1672.4789318836549228 -65794.825823134495295 -62781.75676180604205 0.45545051184422008506 49393.694645416740968 1861.0096086263156394
1175 0.5875000000000000222 297.92515235587933375 -64122.930883446490043 1682.8704563099029201 -65805.801339756391826 -63068.173942574860121 0.45545859553870632341 49392.817982771724928 1464.2414545175906824
1180 0.58999999999999996891 296.36641370863839029 -64122.673863172349229 1674.0657105614916418 -65796.73957373383746 -63680.190303139774187 0.45546472674489352217 49392.153084847828723 614.27563853859840037
1185 0.59250000000000002665 295.96845809718212195 -64122.57779739407124 1671.8178045483648475 -65794.39560194243677 -63117.483382234197052 0.45546980017104277128 49391.602911288719042 1395.3329495429834424
1190 0.59499999999999997335 301.50758342071594598 -64122.540399424840871 1703.1063019681400874 -65825.646701392979594 -62617.446938538552786 0.45547297370676004258 49391.258772283727012 2089.4764702322158882
1195 0.59750000000000003109 301.86680156306925937 -64122.257411547660013 1705.135394155747008 -65827.392805703406339 -63359.873523647664115 0.45547352358129095107 49391.199144239850284 1058.3961458837570717
1200 0.5999999999999999778 299.09896973503742856 -64122.327377308582072 1689.5009222939520441 -65811.8282996025373 -63709.819136630074354 0.45547257503477855956 49391.302004109486006 572.67241579115420791
1205 0.60250000000000003553 301.04264136225600623 -64122.470798300935712 1700.4800139629451223 -65822.950812263879925 -62831.114616086910246 0.45547062920165609645 49391.513010539405514 1792.7421376213455915
1210 0.60499999999999998224 305.18785116656158607 -64122.684478097216925 1723.8947913313868412 -65846.579269428606494 -62729.68066475323576 0.45546639040950320787 49391.972672025251086 1933.8377959552756238
1215 0.60750000000000003997 304.49445791593763033 -64122.230880203205743 1719.9780659161192489 -65842.208946119324537 -63597.826388879926526 0.45545969829374960414 49392.69839331224648 727.99393348769069689
1220 0.60999999999999998668 306.43090586254822938 -64122.243718881392851 1730.916353649678058 -65853.160072531070909 -63464.034002424334176 0.45545185454692732607 49393.54902948201925 913.73059603636147585
1225 0.61250000000000004441 305.05758128937537776 -64122.348448351192928 1723.1589443378375108 -65845.507392689032713 -62684.50307435268769 0.45544267555528294977 49394.544507064951176 1995.9851699018731779
1230 0.61499999999999999112 299.7775312954241258 -64122.192600751492137 1693.3338689039724159 -65815.526469655465917 -63058.150855434345431 0.45543100978039741111 49395.809738514763012 1477.0413999983970825
1235 0.61750000000000004885 298.83674108465964991 -64122.269035007739149 1688.0196883496905684 -65810.288723357429262 -63701.586393125267932 0.45541741055333989641 49397.284747631143546 583.9499502708399632
1240 0.61999999999999999556 300.91223661815865853 -64122.563474491013039 1699.7434051554350845 -65822.306879646450398 -63170.084486686733726 0.45540283702280409672 49398.865530136499729 1322.0946233006163766
1245 0.62250000000000005329 296.78337842212772557 -64122.153988117301196 1676.4209920545315526 -65798.574980171833886 -62706.979154098044091 0.45538650418152160082 49400.63726430699171 1964.2721367624806135
1250 0.625 298.3486307958174848 -64122.158417848215322 1685.2625314664337566 -65807.420949314648169 -63382.712354050985596 0.4553677430092462064 49402.672572869043506 1026.3137990718728361
1255 0.62750000000000005773 303.01713113291543777 -64122.122816643073747 1711.6331860769923878 -65833.756002720067045 -63631.021489596030733 0.45534754890846912412 49404.863520313439949 681.59361651038284435
1260 0.63000000000000000444 305.01814588436241138 -64122.478719998209272 1722.9361881270774575 -65845.414908125283546 -62996.060172664736456 0.45532632251187088457 49407.16667560035421 1563.2698576783955104
1265 0.63250000000000006217 299.8721130779187547 -64122.227312817311031 1693.8681268751665812 -65816.095439692478976 -62930.17999074562249 0.45530311506108739339 49409.685029529959138 1654.2666772840138947
1270 0.63500000000000000888 300.27770109211326144 -64122.270274016271287 1696.1591455458762994 -65818.429419562147814 -63538.199650246126112 0.45527782664067861784 49412.429491953073011 810.5004617613933533
1275 0.63750000000000006661 301.946532448394521 -64122.373402876553882 1705.5857648287442316 -65827.95916770529584 -63477.258883019370842 0.45525137209297600327 49415.300836342627008 895.15755993456514261
1280 0.64000000000000001332 297.87849506322191928 -64122.002282194356667 1682.6069062915050836 -65804.609188485861523 -62963.989276338725176 0.45522367646481565195 49418.307243671930337 1606.7550830785251037
1285 0.64249999999999996003 299.80124711153956696 -64122.668548926747462 1693.4678308939969611 -65816.136379820745788 -63170.068037147393625 0.45519399616160616251 49421.52949694297422 1321.656935464520302
1290 0.64500000000000001776 296.5911360906070513 -64122.031925606359437 1675.3350852836194917 -65797.367010889982339 -63446.946262045144977 0.45516258235237627705 49424.940406713816628 936.56266570485774992
1295 0.64749999999999996447 303.86063602269950934 -64122.748910840295139 1716.3978373578445371 -65839.146748198138084 -63265.842473646291182 0.45512989014037369406 49428.490625376653043 1188.721635200486844
1300 0.6500000000000000222 301.63919562210719505 -64122.3010350091281 1703.8497312612353198 -65826.150766270366148 -63071.442640197637957 0.45509564300853377894 49432.210247968301701 1457.666856493224941
1305 0.65249999999999996891 299.58947220727833383 -64122.336565414218057 1692.2715917481884844 -65814.608157162409043 -63287.321362243019394 0.45505956723320423185 49436.129087257388164 1158.1745990122490184
1310 0.65500000000000002665 301.44852930157605897 -64122.318042706734559 1702.7727268012297372 -65825.090769507965888 -63353.623350461188238 0.45502196509612546915 49440.214393561647739 1066.0992738950121748
1315 0.65749999999999997335 305.79295727308721098 -64122.407907105145568 1727.3128148904997943 -65849.720721995647182 -63250.851498990450636 0.45498296684364464282 49444.452094979351386 1208.654135204505792
1320 0.66000000000000003109 309.07500719317266658 -64122.965870286745485 1745.8519170877134457 -65868.817787374457112 -63387.604402357814251 0.45494246132545002048 49448.854350922054437 1019.691375458928519
1325 0.6624999999999999778 302.56276328181962754 -64122.409683281453908 1709.0666279100848897 -65831.476311191538116 -63422.262494371949288 0.45490063009323633558 49453.401512152915529 970.77211156916689561
1330 0.66500000000000003553 302.6540349080940473 -64122.876620566094061 1709.582188016849841 -65832.458808582945494 -63308.255536488839425 0.45485755075919548363 49458.085219391898136 1129.3861521929338778
1335 0.66749999999999998224 296.92695015125002556 -64122.122068351360213 1677.2319763550872267 -65799.354044706444256 -63264.499380680594186 0.45481303340851664263 49462.926204064468038 1188.8869679689978511
1340 0.67000000000000003997 303.5305421683701752 -64123.017352566654154 1714.5332576442233403 -65837.550610210877494 -63472.818939069795306 0.45476705876299189368 49467.926655295552337 901.25213776715668246
1345 0.67249999999999998668 300.63907778756009748 -64122.595213666347263 1698.200430612133232 -65820.795644278477994 -63334.678733613589429 0.45471988699745086171 49473.058362759227748 1092.0324309334580448
1350 0.67500000000000004441 300.84844645498566251 -64123.010059915694001 1699.3830778042258771 -65822.393137719918741 -63306.959956566242909 0.45467136428209969923 49478.338147933907749 1130.9042348988919002
1355 0.67749999999999999112 300.05358167389459823 -64122.678805147341336 1694.8931767459173443 -65817.571981893255725 -63514.894167881255271 0.45462144488956263144 49483.771082547646074 842.19186062365213274
1360 0.68000000000000004885 300.76512484220540955 -64122.904739985475317 1698.9124244222903144 -65821.817164407766541 -63553.968314224453934 0.4545704688672452809 49489.3202459707245 788.27247487551494487
1365 0.68249999999999999556 296.17386131470544797 -64122.815622149777482 1672.9780523611714216 -65795.793674510947312 -63293.051020892773522 0.45451848313006143476 49494.980607190795126 1149.5235038648311274
1370 0.68500000000000005329 297.37131383385769823 -64122.89000355470489 1679.7420246252791003 -65802.632028179985355 -63329.874330573940824 0.45446510470016243666 49500.793956390480162 1098.4839518807261811
1375 0.6875 306.53326258549282102 -64123.71031086689618 1731.4945294219687639 -65855.204840288861305 -63619.894291732038255 0.45441040409758476359 49506.752717970477534 697.80108746956511823
1380 0.69000000000000005773 302.01378393790031396 -64122.904610962446895 1705.9656439491782294 -65828.870254911627853 -63405.787206384484307 0.45435477354202258304 49512.814254721393809 993.10864350910776466
1385 0.69250000000000000444 303.83297948391901855 -64123.569013165557408 1716.2416156636727465 -65839.810628829232883 -63292.475531406009395 0.45429794825295510829 49519.007502992462832 1150.8058346613672711
1390 0.69500000000000006217 296.0927898306695738 -64122.416931653940992 1672.5201091353164884 -65794.937040789256571 -63533.966850614560826 0.45423973819440460753 49525.35328052740806 814.71583120147579393
1395 0.69750000000000000888 304.14894333515968583 -64123.624175646807998 1718.0263801466649056 -65841.650555793472449 -63745.894357226585271 0.45418057069328215958 49531.80510076124483 522.90311032727277052
1400 0.70000000000000006661 299.68704728536937409 -64123.168259002268314 1692.8227577537877551 -65815.991016756059253 -63428.537728247341875 0.45412072521563373595 49538.332560025817656 961.47189546116987913
1405 0.70250000000000001332 298.29557672763058918 -64123.759652729590016 1684.9628483976066491 -65808.722501127194846 -63411.761407840240281 0.45405977450673340456 49544.982337559085863 985.37912078000078964
1410 0.70499999999999996003 294.03277466706919085 -64123.421857389657816 1660.8838352894870241 -65784.305692679146887 -63650.433264134146157 0.45399765831623783985 49551.761107239071862 654.50909166318160715
1415 0.70750000000000001776 297.11890640044009615 -64123.403269338385144 1678.3162671513209716 -65801.719536489705206 -63697.65090966851858 0.45393476361740947578 49558.626726136419165 589.06322498393274145
1420 0.70999999999999996447 299.32315317893153406 -64123.413188092963537 1690.7672527515849197 -65814.180440844545956 -63555.192774046823615 0.45387118655055053162 49565.568766561482335 786.06932456049150915
1425 0.7125000000000000222 299.4010332104568306 -64123.200755661877338 1691.2071686269450765 -65814.407924288825598 -63614.006509118036774 0.45380672949995115584 49572.608878940365685 704.3131923497196567
1430 0.71499999999999996891 304.6768917104128036 -64123.93706324294908 1721.00856784093844 -65844.945631083886838 -63783.200378886103863 0.45374149611393399528 49579.735820510781195 471.23636284158857279
1435 0.71750000000000002665 303.0943775212679725 -64123.626674675193499 1712.0695227333208095 -65835.696197408513399 -63749.326063130123657 0.45367573273781164334 49586.922739668072609 517.58000394416126255
1440 0.71999999999999997335 303.25524886368168609 -64123.971825459302636 1712.978226235774855 -65836.95005169507931 -63731.939378695125924 0.4536094319348908388 49594.170500760665163 542.02022600174893796
1445 0.72250000000000003109 296.79642551804840878 -64123.303694462294516 1676.4946903377813214 -65799.798384800073109 -63681.810493658726045 0.45354253634146191043 49601.485429792519426 610.31416196649968242
1450 0.7249999999999999778 299.71754538287757441 -64123.604276363636018 1692.9950303761706891 -65816.599306739808526 -63766.77141949149518 0.45347500547699776119 49608.872013726191653 493.20741275622083322
1455 0.72750000000000003553 299.33652960731581061 -64123.321610835140746 1690.8428113137299533 -65814.164422148867743 -63766.253885543905199 0.45340695241454465059 49616.317942041583592 493.4579788745166411
1460 0.72999999999999998224 300.61059675751761233 -64123.98335159169801 1698.0395516677247088 -65822.022903259421582 -63746.042017929059512 0.45333840253686519262 49623.820488719298737 522.22577699603823476
1465 0.73250000000000003997 293.89349861779874118 -64123.576739605407056 1660.0971157166836747 -65783.673855322093004 -63729.754544101160718 0.45326930458689251857 49631.385316584062821 544.0864397658327789
1470 0.73499999999999998668 298.68842721115112226 -64123.763102037191857 1687.1819174061677131 -65810.945019443359342 -63855.847734908420534 0.45319966413325979415 49639.011871635637362 370.08254970240432158
1475 0.73750000000000004441 304.80069572958495883 -64123.622526605468011 1721.7078915623151261 -65845.330418167781318 -63895.766684367910784 0.45312967590017028119 49646.678874963778071 314.69806852675799291
1480 0.73999999999999999112 306.52252362015417475 -64123.690156077260326 1731.4338689260123374 -65855.124025003271527 -63841.303151080130192 0.45305942415273164903 49654.377127686391759 389.95211438175186913
1485 0.74250000000000004885 303.98031801321496914 -64123.59859536478325 1717.0738772436957333 -65840.672472608479438 -63828.732659859102569 0.45298882528662409719 49662.115823492575146 407.12099152152245551
1490 0.74499999999999999556 304.75341151540243345 -64123.699772290048713 1721.440800293020402 -65845.140572583070025 -63951.304002316646802 0.45291787927065696451 49669.895002508092148 237.98932329499942284
1495 0.74750000000000005329 304.4077480034503651 -64123.963140896696132 1719.4882732657165434 -65843.451414162409492 -63961.853308481157001 0.4528467717528890657 49677.694335884698376 223.7546330047761387
1500 0.75 297.0147544599527123 -64123.43187089892308 1677.7279508503052057 -65801.159821749228286 -63855.425268267441425 0.45277551550502975752 49685.5124399549386 369.86209962479364322
1505 0.75250000000000005773 298.50997427689713959 -64123.873304571730841 1686.1739019079020636 -65810.047206479634042 -63934.678509357428993 0.45270397879631346649 49693.363791383941134 261.05673362251945946
1510 0.75500000000000000444 296.69417022145091778 -64123.437232000622316 1675.9170874859094056 -65799.354319486534223 -64003.587162924726726 0.45263226588800192784 49701.236972130944196 165.34657434749266258
1515 0.75750000000000006217 300.6551675082915267 -64123.752908648406446 1698.2913155725170782 -65822.044224220924661 -63963.958290876638785 0.45256050193769553625 49709.118254489796527 220.41959404804839551
1520 0.76000000000000000888 300.73417687384272767 -64123.622854273147823 1698.7376106436329337 -65822.360464916782803 -63908.922854340926278 0.45248861809709300941 49717.015209662116831 296.10865885189718938
1525 0.76250000000000006661 300.77957448573340571 -64123.845911218908441 1698.9940451851066427 -65822.839956404015538 -64112.534180362119514 0.45241657253976635955 49724.932448522951745 15.598361175446154192
1530 0.76500000000000001332 299.08282994784337916 -64123.370486130326753 1689.4097545263928168 -65812.780240656720707 -64142.247318715388246 0.4523446568447151428 49732.837931707734242 -26.026153833311813202
1535 0.76750000000000007105 304.84115271321871887 -64123.677953354243073 1721.9364182978738427 -65845.61437165211828 -64101.634580857898982 0.45227296026070806789 49740.721831268354435 30.387156793911628938
1540 0.77000000000000001776 300.67888895249143388 -64123.307983782651718 1698.4253093535367043 -65821.733293136188877 -64153.813177139956679 0.45220143017472402835 49748.589913658375735 -42.045267240921617713
1545 0.77249999999999996447 298.22917267437844657 -64123.347976939643559 1684.587756135293148 -65807.935733074933523 -64224.496031328249956 0.45213015833814534927 49756.432065536449954 -139.39025532669484164
1550 0.7750000000000000222 302.15532623169059434 -64123.4257865611944 1706.765164710196359 -65830.190951271390077 -64139.836202479287749 0.45205923951634702229 49764.237829096884525 -22.611342162189728811
1555 0.77749999999999996891 304.3741830903944674 -64123.631721612400725 1719.2986773215550329 -65842.930398933953256 -64056.303391320958326 0.4519885443042750417 49772.021418728218123 92.754860282682301431
1560 0.78000000000000002665 299.47845816486488957 -64123.192811311040714 1691.6445139377524356 -65814.837325248794514 -64131.015791639838426 0.45191793761696297249 49779.79769238474546 -10.77564366646006988
1565 0.78249999999999997335 299.69041766433247176 -64123.037748040216684 1692.841795794512791 -65815.879543834729702 -64240.92084385954513 0.45184754573588853388 49787.552727533526195 -162.35096108980968665
1570 0.78500000000000003109 302.53495822043510088 -64123.154904560018622 1708.909567265926853 -65832.064471825942746 -64158.359910733721335 0.45177753819279214964 49795.267817259278672 -48.477527668986937215
1575 0.7874999999999999778 300.77695801088782446 -64123.140112284942006 1698.9792656736001391 -65822.119377958544646 -64132.466748905389977 0.45170780166481894202 49802.955417682103871 -12.840858237867522007
1580 0.79000000000000003553 298.31180981801247754 -64123.252848051881301 1685.0545432008223088 -65808.307391252703383 -64324.370750626236259 0.45163831569706386349 49810.617758174448682 -276.85534587422284858
1585 0.79249999999999998224 294.82583410180922101 -64122.87920386166661 1665.3635386051291789 -65788.242742466798518 -64321.046583509181801 0.45156936019405652383 49818.22393455706333 -272.75205846324274717
1590 0.79500000000000003997 299.50495080098488643 -64123.234026122452633 1691.7941611705678042 -65815.028187293020892 -64156.96194527202897 0.4515009433877624212 49825.772985842035268 -46.415134552786888378
1595 0.79749999999999998668 296.11909577665880988 -64122.579391369174118 1672.668701823716674 -65795.248093192887609 -64165.296574524101743 0.45143280262920981727 49833.293852617665834 -58.77696045661659241
1600 0.80000000000000004441 296.70055345016953652 -64123.01874382547976 1675.9531440153480162 -65798.971887840831187 -64468.628142409594147 0.4513649994995906356 49840.779708380046941 -475.47186879244259217
1605 0.80249999999999999112 293.08252758050821285 -64122.33684321459441 1655.5162362951671184 -65777.853079509761301 -64336.220606190297985 0.45129794805586315176 49848.1847857803441 -294.20671353439377071
1610 0.80500000000000004885 300.71592919528126231 -64123.280015667682164 1698.6345361670253169 -65821.914551834706799 -64168.48009843165346 0.45123149202735451935 49855.526277781144017 -62.165586533497162236
1615 0.80749999999999999556 295.73961533918173927 -64122.51728134509176 1670.5251553257864998 -65793.042436670875759 -64368.600868659297703 0.45116536036013543676 49862.834084103429632 -338.39956852810257715
1620 0.81000000000000005329 292.64497550494053257 -64122.410008424332773 1653.0446643072123152 -65775.454672731546452 -64614.716259966618964 0.4510998925443374663 49870.070642770224367 -676.89215049748065667
1625 0.8125 294.42408029226976396 -64122.40009039232973 1663.0941779572026462 -65785.494268349531922 -64370.899246448483609 0.45103544499779235633 49877.196476747580164 -341.62291514423372973
1630 0.81500000000000005773 294.76851198771936424 -64121.931463698019797 1665.0397469026420367 -65786.971210600662744 -64220.94821790993592 0.45097165966056046438 49884.251096986568882 -136.10351454521418191
1635 0.81750000000000000444 299.39239109353292179 -64122.639905893447576 1691.1583524624277288 -65813.798258355876897 -64633.374260000520735 0.45090835517308863745 49891.254508904712566 -701.93154074568872147
1640 0.82000000000000006217 291.28393945982833202 -64121.350759989283688 1645.3566684056236227 -65766.707428394904127 -64655.478724145657907 0.45084610354313908731 49898.14336053057923 -733.98137571485744957
1645 0.82250000000000000888 300.43504653663217141 -64122.590473800366453 1697.0479325379176316 -65819.638406338286586 -64416.163988714499283 0.45078500263217247124 49904.906722215346235 -403.36455723059924594
1650 0.82500000000000006661 294.94304490098869564 -64121.375640169964754 1666.0256196329974046 -65787.401259802965797 -64424.900165552564431 0.45072464979498871873 49911.589078530771076 -416.98122627124274686
1655 0.82750000000000001332 298.87118664321269534 -64122.018453672149917 1688.2142587388693755 -65810.232712411016109 -64813.06731297463557 0.45066512570461847442 49918.181427859308315 -949.23580175708320894
1660 0.83000000000000007105 296.46138135394841129 -64121.312318338830664 1674.6021481309071532 -65795.914466469737818 -64567.559685700383852 0.45060693871778495501 49924.62737512714375 -612.89340124646889763
1665 0.83250000000000001776 299.30101881378982398 -64121.372953372090706 1690.6422238009522516 -65812.015177173045231 -64343.105071852616675 0.45054976385765022062 49930.962820879045466 -304.49683042050793347
1670 0.83499999999999996447 303.04413675532509842 -64121.825501514802454 1711.7857309821408762 -65833.611232496943558 -64707.212450780280051 0.45049328080951356323 49937.22318723002536 -803.79029331137530789
1675 0.8375000000000000222 294.53464626877445198 -64120.680956426447665 1663.7187248068441932 -65784.399681233291631 -64695.5660992432895 0.45043797641188748626 49943.35443768427649 -789.27343775403392101
1680 0.83999999999999996891 299.51473087937449691 -64121.831492813864315 1691.849405264099687 -65813.680898077960592 -64377.091093137300049 0.45038386732735385953 49949.354628595196118 -350.40985690115883244
1685 0.84250000000000002665 292.14918237318443062 -64120.170009998946625 1650.2441098482283905 -65770.414119847177062 -64454.118125230321311 0.45033043725983240568 49955.280937744311814 -458.3758218112974987
1690 0.84499999999999997335 301.47507327648486353 -64121.252635621858644 1702.922664028126519 -65824.175299649985391 -64950.132361606323684 0.45027788636113058596 49961.111103932118567 -1137.5841685777897965
1695 0.84750000000000003109 297.33014307142025245 -64120.014461288723396 1679.5094660137558549 -65799.523927302478114 -64646.519341765531863 0.45022687684201023739 49966.771566208393779 -722.51226189834221714
1700 0.8499999999999999778 301.76643043892499918 -64120.733767510690086 1704.5684343064247059 -65825.302201817117748 -64456.27457770917681 0.45017703797308689095 49972.30336185444321 -460.40506391163529543
1705 0.85250000000000003553 301.78173424178743289 -64120.699460085663304 1704.6548799035915636 -65825.354339989251457 -64903.021284787042532 0.45012808121436909126 49977.738441558110935 -1073.3292304214398882
1710 0.85499999999999998224 300.35634385528311441 -64119.980737445584964 1696.6033698139335684 -65816.584107259521261 -64961.121722911077086 0.45008064981002426919 49983.005307221552357 -1153.9062889556591927
1715 0.85750000000000003997 307.81754615897204985 -64120.903436361739296 1738.7489786225200987 -65859.65241498425894 -64530.940923814210691 0.45003485026489398191 49988.092021963682782 -562.44636408297196795
1720 0.85999999999999998668 293.08589165580315239 -64118.719906007812824 1655.535238728771219 -65774.255144736584043 -64534.262461755322875 0.44998999996116917366 49993.074312925709819 -569.94083289030970718
1725 0.86250000000000004441 303.81533746666030993 -64120.58481229627796 1716.1419623467249949 -65836.726774643000681 -65235.795441032518283 0.44994621864499667607 49997.938811175125011 -1529.4275528515552196
1730 0.86499999999999999112 295.40304785895762052 -64118.747921581074479 1668.6240084620694688 -65787.37193004314031 -64794.107756822049851 0.44990441172549783255 50002.584819857213006 -926.119192117136663
1735 0.86750000000000004885 303.87747577986220904 -64120.498380677337991 1716.4929590002989244 -65836.991339677639189 -64420.283028176003427 0.44986402690694504702 50007.073610234612715 -411.05700926498627723
1740 0.86999999999999999556 291.86713234960041063 -64118.765493137980229 1648.6509122006391408 -65767.41640533861937 -64953.598898953394382 0.44982445038478208188 50011.473340074437147 -1144.6014204893526767
1745 0.87250000000000005329 300.35278141761943971 -64119.262339962100668 1696.5832469037015926 -65815.845586865805672 -65393.358558925625402 0.44978654620195485103 50015.687881494028261 -1746.7071231493850973
1750 0.875 302.93903091537862338 -64118.983933109389909 1711.1920264512114045 -65830.17595956059813 -64617.530555771751096 0.44975090732018840889 50019.651193536010396 -683.42243306124112223
1755 0.87750000000000005773 298.52920245445682212 -64118.479205570489285 1686.2825148655124394 -65804.76172043599945 -64451.184334917139495 0.4497164100468623027 50023.488148426586122 -456.04703362508905684
1760 0.88000000000000000444 299.84943816200967603 -64119.15265325888322 1693.7400445505259086 -65812.892697809409583 -65310.124489821908355 0.44968282582912200152 50027.224114359923988 -1632.3722250926336983
1765 0.88250000000000006217 293.11887093200135723 -64117.836347492178902 1655.7215266240548317 -65773.557874116231687 -65097.494092787303089 0.44965135250912652287 50030.725766971998382 -1342.6464998775879849
1770 0.88500000000000000888 303.20985775569511134 -64119.084637898813526 1712.7218284324819706 -65831.806466331297997 -64331.990875244220661 0.44962171693424202168 50034.023404217157804 -291.77432165405286923
1775 0.88750000000000006661 297.23959585698668207 -64117.766898673653486 1678.9979978451017359 -65796.76489651875454 -64668.567361354806053 0.44959273797896082137 50037.248397870942426 -754.78800127067279391
1780 0.89000000000000001332 299.25862587562164663 -64118.47500349310576 1690.4027615647655693 -65808.87776505787042 -65455.130640540162858 0.4495649701097810258 50040.339002922504733 -1831.5694949184751295
1785 0.89250000000000007105 296.423668060884836 -64117.65044222814322 1674.3891195020553369 -65792.039561730198329 -64837.913157121591212 0.44953950892979055443 50043.173205596198386 -986.89330792312716767
1790 0.89500000000000001776 306.49000605461259283 -64118.438426769826037 1731.2501890657242711 -65849.688615835548262 -64431.197400184275466 0.44951551209372753171 50045.844699218061578 -428.51483900302542907
1795 0.89749999999999996447 301.2933425361816262 -64117.616250520062749 1701.8961333997413021 -65819.51238391980587 -65043.021101592225023 0.44949233464401466831 50048.425243889134435 -1267.8429653304037856
1800 0.9000000000000000222 300.04373149029356682 -64117.237976332180551 1694.8375366536313322 -65812.075512985815294 -65290.412197576239123 0.4494708858804625784 50050.813556175722624 -1607.2205655414068133
1805 0.90249999999999996891 307.75569079691052821 -64117.707449348446971 1738.3995802566737439 -65856.107029605118441 -64691.555686992287519 0.44945153855570868506 50052.968069534777896 -786.12449218033611942
1810 0.90500000000000002665 305.85385444189267901 -64117.207290451973677 1727.6568007723403753 -65844.864091224313597 -64714.498594912089175 0.44943342243272438319 50054.985644730608328 -818.20656848842850195
1815 0.90749999999999997335 304.70941016180552197 -64117.498530061900965 1721.192252705076271 -65838.690782766978373 -65286.462157805835886 0.44941657375258137197 50056.862212022395397 -1601.2586407743485779
1820 0.91000000000000003109 300.36847803178704908 -64116.786919765363564 1696.6719113485728485 -65813.458831113937777 -64989.628919792026863 0.44940178422522752966 50058.509551572256896 -1195.5887824746162096
1825 0.9124999999999999778 304.20378804362547953 -64117.203905967573519 1718.3361778889238849 -65835.540083856496494 -64601.515913231807644 0.44938865352140194842 50059.972213029599516 -663.37445339079829409
1830 0.91500000000000003553 302.03959855183444461 -64116.692635090759723 1706.111461282113396 -65822.804096372870845 -64963.068568867543945 0.44937658775747485462 50061.316323567116342 -1159.2714801607926347
1835 0.91749999999999998224 302.12910655054224662 -64116.685087121826655 1706.6170593003996601 -65823.302146422225633 -65211.579713986517163 0.44936611709486534716 50062.482800373159989 -1499.6297617817870105
1840 0.92000000000000003997 303.36104678594432471 -64116.551753976134933 1713.5758400871293361 -65830.127594063262222 -64724.648309116106248 0.44935758104408435321 50063.433793331627385 -832.86769990719051293
1845 0.92249999999999998668 306.91244987673911737 -64116.532627648324706 1733.6364200438263197 -65850.169047692150343 -64696.054788846311567 0.44935028146894129275 50064.247060424058873 -793.71843948358969101
1850 0.92500000000000004441 307.25033049801174911 -64116.332287363955402 1735.5449843620888259 -65851.877271726043546 -65136.434780429488455 0.44934416556383827146 50064.928471706414712 -1397.1219618656184593
1855 0.92749999999999999112 305.86739706465783684 -64116.065710098846466 1727.7332981058893893 -65843.799008204732672 -64899.212906049811863 0.44933984327548548432 50065.410056102846283 -1072.5800882860505681
1860 0.93000000000000004885 307.94056297236966202 -64116.23047548046452 1739.4438557057715116 -65855.674331186237396 -64604.738380332732049 0.44933698259589388568 50065.728794827540696 -669.04474491843586748
1865 0.93249999999999999556 308.92554559237504463 -64116.184776432877698 1745.0076630516034584 -65861.192439484482748 -65000.700868747677305 0.44933516008650165041 50065.931862090161303 -1211.3999327743185859
1870 0.93500000000000005329 308.68085385994544367 -64116.03260806567414 1743.6254887566410616 -65859.658096822313382 -65117.731202722468879 0.44933493605881003052 50065.956823770735355 -1371.8879913772716463
1875 0.9375 307.60209437557557521 -64115.651909617838101 1737.5319701283729046 -65853.18387974621146 -64669.491098865037202 0.44933647469487086878 50065.785385904171562 -758.51951744788209453
1880 0.94000000000000005773 311.11893800694105039 -64116.004084142732609 1757.3973363114098447 -65873.401420454145409 -64691.312323755708348 0.4493391268485457668 50065.48988046348677 -787.92745703454090744
1885 0.94250000000000000444 308.61125672391915487 -64115.578026700102782 1743.2323599350686436 -65858.810386635173927 -65019.013528511059121 0.44934289072171745838 50065.07051218576089 -1237.3325310473471745
1890 0.94500000000000006217 307.93347174458722293 -64115.81051818683045 1739.4037999480092367 -65855.214318134836503 -64842.880492263648193 0.44934824164024944615 50064.474328449447057 -995.79664792782602944
1895 0.94750000000000000888 305.54758251973032657 -64115.465291607004474 1725.9267824595910952 -65841.392074066592613 -64497.032687262239051 0.449354894427362761 50063.733114113565534 -522.60328801532705256
1900 0.95000000000000006661 306.28605941673117741 -64115.529540755276685 1730.098168939728339 -65845.62770969500707 -64751.54271207434067 0.44936234579440592629 50062.902952764990914 -871.1123906981295022
1905 0.95250000000000001332 305.87231540545684538 -64115.573613279768324 1727.7610800180887054 -65843.334693297860213 -64956.762278168163903 0.44937095126557646818 50061.944246228973498 -1152.1520854977238741
1910 0.95500000000000007105 299.8923334694065943 -64115.124717022277764 1693.9823444871433367 -65809.107061509421328 -64583.34757662172342 0.44938099242561846403 50060.825640852548531 -641.32580592721217272
1915 0.95750000000000001776 302.93833307223553675 -64115.792607440489519 1711.1880845899775068 -65826.980692030469072 -64525.67244632710208 0.44939194018325462343 50059.606095646733593 -561.42692851421213618
1920 0.95999999999999996447 298.22620083786080158 -64114.81155384030717 1684.5709693153921762 -65799.382523155698436 -64776.76408306403755 0.44940365808712279261 50058.300824447112973 -906.72346017677011787
1925 0.9625000000000000222 300.9168925556525096 -64115.503617089911131 1699.7697048471291055 -65815.273321937042056 -64791.19376980362722 0.44941655048570083864 50056.864803531389043 -925.56741187312547936
1930 0.96499999999999996891 299.17121371389868045 -64114.724577578315802 1689.9090021647198228 -65804.633579743036535 -64480.781356839514046 0.44943059384087269414 50055.30067696578044 -501.4440591602611903
1935 0.96750000000000002665 309.28931072332994745 -64115.405470040139335 1747.0624395183733668 -65862.467909558516112 -64662.416859689488774 0.44944537712164822629 50053.654244269215269 -749.3499633844935488
1940 0.96999999999999997335 309.57628752607575962 -64115.133139693782141 1748.6834667433936374 -65863.816606437176233 -64868.861053992062807 0.44946113430860129556 50051.899465652320941 -1032.5667752160968575
1945 0.97250000000000003109 306.97866415832260145 -64114.764812371213338 1734.0104403552418262 -65848.775252726452891 -64695.546876168511517 0.44947818297727154535 50050.001001427306619 -795.67042513892658917
1950 0.9749999999999999778 309.36988022346679372 -64114.956901228666538 1747.5175472203843583 -65862.474448449051124 -64572.218518588524603 0.44949627854085277834 50047.986117169974023 -626.47284686537352627
1955 0.97750000000000003553 309.17364528463849638 -64114.430960770128877 1746.4090876679144912 -65860.840048438039958 -64713.981296350670164 0.44951521691014306725 50045.877562870438851 -821.4506014372715299
1960 0.97999999999999998224 313.8338657059811112 -64115.40756023277936 1772.732972056169956 -65888.140532288947725 -64825.755994338862365 0.44953522815028801318 50043.649750651369686 -973.29963875690043551
1965 0.98250000000000003997 306.42153628202669324 -64114.448747080517933 1730.8634283087894801 -65845.312175389306503 -64588.444669517004513 0.44955642928643085865 50041.289686013580649 -649.48664036964123625
1970 0.98499999999999998668 309.9501683519633275 -64115.152360492415028 1750.795383079062276 -65865.947743571479805 -64572.804301006959577 0.44957850522701081619 50038.832476594514446 -627.12230940709446259
1975 0.98750000000000004441 306.92343242014760563 -64114.609968106888118 1733.6984564234039681 -65848.308424530288903 -64652.133268826364656 0.44960137722348969547 50036.286914996642736 -736.60783060335302252
1980 0.98999999999999999112 305.97185567883809654 -64114.471869856330159 1728.3233466946740009 -65842.795216551006888 -64661.596651222564105 0.4496251776650547205 50033.638296142518811 -749.80513796448315134
1985 0.99250000000000004885 308.43497411889245541 -64114.721338676448795 1742.2366038345351171 -65856.95794251098414 -64651.312149723453331 0.4496499342203869598 50030.883574211780797 -735.40938693360374145
1990 0.99499999999999999556 309.57955449595868913 -64114.455820128583582 1748.701920663964529 -65863.157740792550612 -64621.383477198432956 0.44967561511089487736 50028.026319782351493 -694.79506832349750312
1995 0.99750000000000005329 312.69684227599566384 -64114.9087075704374 1766.3103416628523519 -65881.219049233288388 -64598.855682348337723 0.44970217568039877465 50025.071535611692525 -663.33692258577343637
2000 1 307.43296762342509965 -64114.288666450120218 1736.5766348291710983 -65850.865301279292908 -64657.006557010150573 0.44972957008285369129 50022.024355631452636 -743.93841567220465549
