# step time temp etotal ke pe enthalpy density vol press
0 0 73.247984697363037299 34928.01149679574155 1598.0182294251001167 33329.99326737064257 131508.73069746466354 0.81234924174018163789 157621.48183409147896 42014.49420530442876
5 0.002500000000000000052 132.79507640865250551 34846.382396431305096 2897.13025901947276 31949.252137411833246 125977.38373723630502 0.81167673529834949431 157752.07749772793613 39610.941538261969981
10 0.0050000000000000001041 210.9642111477523656 34636.904640444874531 4602.510998265469425 30034.393642179402377 114915.56182711508882 0.80974030916504824429 158129.32837926567299 34810.62202715400781
15 0.0074999999999999997224 191.93990555461331837 34373.841751441854285 4187.4663077446593888 30186.375443697193987 106802.86176214294392 0.80673455600342891536 158718.49085555199417 31290.261615811807133
20 0.010000000000000000208 212.16618483049171573 34072.628750716787181 4628.7339157183214411 29443.894834998463921 92110.966929438785883 0.80293761816771713757 159469.04012553356006 24955.294488611878478
25 0.012500000000000000694 240.58834187865022614 33847.973176637577126 5248.8072907087398562 28599.16588592883636 66634.740514372228063 0.79881933298578700064 160291.1771943384374 14025.330081621234058
30 0.014999999999999999445 191.47139380455993773 33779.211418495375256 4177.244998306884554 29601.966420188487973 46623.361171782118618 0.7949632605719207934 161068.69034144986654 5467.8720534605981811
35 0.017500000000000001665 194.972195838129295 33765.639523243975418 4253.6204165571789417 29512.019106686795567 36974.376893449967611 0.79172566611962247318 161727.3466419892502 1360.4256805952550167
40 0.020000000000000000416 216.06173800245582584 33801.546975651937828 4713.7214414258723991 29087.82553422606361 24364.321871575331897 0.78915999046691476249 162253.14612583137932 -3988.1850234380290203
45 0.022499999999999999167 201.40713644606228172 33871.449875624544802 4394.0086120717915037 29477.441263552755117 7687.3293778488659882 0.78725740752799633349 162645.26700605807127 -11038.769671881171234
50 0.025000000000000001388 187.372051554299901 33942.663432218694652 4087.811498236760599 29854.851933981932234 3947.1011085481259215 0.78602021484597928147 162901.27000738549395 -12625.734381779591786
55 0.027500000000000000139 225.94795141060765786 33980.205595707040629 4929.4044982565428654 29050.801097450497764 5962.4209107214883261 0.78534747256326864484 163040.81406408632756 -11783.154412523936116
60 0.02999999999999999889 220.84833722344356488 34008.3149669313716 4818.1485167057435319 29190.166450225631706 -439.10513660308060935 0.78512939017001937003 163086.10128855350194 -14483.17777343466696
65 0.03250000000000000111 190.28972675177308815 34019.319766746542882 4151.4651014364599177 29867.854665310085693 -4216.9216422440222232 0.7853762245560604871 163034.84527083262219 -16081.215427392417041
70 0.035000000000000003331 213.03300803315016765 33994.469787802510837 4647.645006381908388 29346.82478142060063 4034.4687962110328954 0.78608294949896584392 162888.26940146790002 -12611.7724065729617
75 0.037499999999999998612 210.79116059808512773 33982.347768894331239 4598.7356325114105857 29383.612136382922472 11270.654932321598608 0.78712270927533511955 162673.10006564480136 -9573.2163408837368479
80 0.040000000000000000833 195.71031353120636709 33967.295459687906259 4269.7235971958243681 29697.571862492080982 11388.817715151461016 0.78838633623235521153 162412.36734492398682 -9532.3432406333013205
85 0.042500000000000003053 205.93987423684816918 33955.25600666639366 4492.8973070824094975 29462.358699583986891 18401.160668331263878 0.78983535181315167595 162114.40897897267132 -6578.8085761510774319
90 0.044999999999999998335 218.56627949243696207 33970.087709218620148 4768.3618929533449773 29201.72581626527608 31327.488561621797999 0.79135830532837914131 161802.42298304493306 -1119.8771420750153993
95 0.047500000000000000555 207.95240676323803086 34008.820831137425557 4536.8038210673284993 29472.017010070096148 37282.710516394217848 0.79278861637486264247 161510.50684277707478 1389.9122168035357845
100 0.050000000000000002776 210.18834146293843901 34050.862227436082321 4585.5841994584634449 29465.278027977616148 39479.493141838378506 0.79404783456491290217 161254.37999594537541 2308.3566314907275228
105 0.052499999999999998057 228.10889399986925241 34093.526426277865539 4976.5488076139772602 29116.977618663891917 47200.759132186874922 0.79510968162059769693 161039.02921784142382 5580.8966065275490109
110 0.055000000000000000278 218.10914693264862763 34146.500580774496484 4758.3888381747910898 29388.111742599703575 54635.339251659483125 0.79589811925038778107 160879.49971597528202 8732.5432720362023247
115 0.057500000000000002498 205.23893074730963804 34189.739491916960105 4477.6051392677263721 29712.134352649234643 54338.454727279022336 0.79635267883866522887 160787.66939870954957 8592.4839457012294588
120 0.05999999999999999778 215.34777319642324755 34217.902280165770208 4698.1451934250299018 29519.757086740741215 53385.001709282034426 0.79650149079221987947 160757.62911947927205 8175.3981767491495702
125 0.0625 221.21330160754416738 34241.829268921683251 4826.110779985659974 29415.718488936025096 56648.492997497189208 0.79637911401444883008 160782.33217899900046 9555.7104843830074969
130 0.06500000000000000222 216.12538528477813315 34256.331787987684947 4715.1100054638409347 29541.221782523847651 56562.21896764493431 0.7959763920738258669 160863.67953235996538 9507.9220711860052688
135 0.067500000000000004441 212.4632224993156342 34268.819945435076079 4635.2142525025719806 29633.605692932502279 51290.448825428116834 0.79532138252492234898 160996.16339169105049 7249.527494514094542
140 0.070000000000000006661 218.35975296869858653 34282.142729927276378 4763.8561969788097485 29518.286532948462991 47757.104576941979758 0.7944982192377142427 161162.96820997315808 5733.0588180250069854
145 0.072499999999999995004 215.47306319028407984 34299.059139448814676 4700.8785886847272195 29598.180550764085638 46802.091749328646983 0.79356864849876851409 161351.75134768031421 5313.3177767958495679
150 0.074999999999999997224 216.36049639183562476 34320.635904940063483 4720.2393183940257586 29600.396586546041362 43068.598984758471488 0.79256392795560504094 161556.29436753815389 3712.847990292803388
155 0.077499999999999999445 233.91265477943446172 34347.183661116228905 5103.1668376292327594 29244.016823486992507 37569.604463500909333 0.79154205381342757075 161764.86218642388121 1365.9102718358424227
160 0.080000000000000001665 230.41569087913529756 34387.119524323607038 5026.875154200558427 29360.24437012305134 34688.467832396891026 0.79057349053088288304 161963.04680530662881 127.57833502820955118
165 0.082500000000000003886 216.526235899802316 34428.696910738617589 4723.8551824503683747 29704.841728288251034 32838.373254207814171 0.78969458389321056657 162143.30687014464638 -672.52836130111245438
170 0.085000000000000006106 226.50684513869956049 34466.735257691849256 4941.5976305248550489 29525.137627166994207 29776.448307764218043 0.78892398605656044452 162301.68370201913058 -1981.5293021986133226
175 0.087500000000000008327 231.92867559532029986 34508.558783287029655 5059.8832590282163437 29448.67552425881513 27271.348822101659607 0.788288643315128712 162432.49517258474953 -3055.0784529501461293
180 0.089999999999999996669 215.71755698422393266 34548.879006079041574 4706.2125994607431494 29842.666406618300243 26818.2692983428351 0.7878059069225137323 162532.02740009670379 -3261.3612413646014829
185 0.09249999999999999889 213.99133740008468862 34584.676662315141584 4668.5524457398942104 29916.124216575248283 27598.528598941447854 0.7874671066752468862 162601.95526197834988 -2946.0229976266855374
190 0.09500000000000000111 235.74398764382530658 34613.51686789705127 5143.1202003535890981 29470.396667543460353 27947.219620157549798 0.78725079025587052506 162646.63412820652593 -2810.37132213908626
195 0.097500000000000003331 230.85674275179073334 34647.650839025343885 5036.4973838842488476 29611.153455141095037 28865.488891500950558 0.78713969664012295446 162669.58939618704608 -2437.2944044841492541
200 0.10000000000000000555 227.76722788480142867 34677.431560000244644 4969.094832156344637 29708.336727843896369 31129.48775124713211 0.78711197114621722637 162675.31932391622104 -1495.4750633736607597
205 0.10250000000000000777 242.58705295415677483 34703.917704661966127 5292.4122683365858393 29411.505436325380288 33485.697853610770835 0.78713258723628276581 162671.05863252954441 -513.49886704070820542
210 0.10499999999999999611 234.04465313644001867 34738.834178586315829 5106.0465862205492158 29632.787592365766614 34838.472468539592228 0.78716824813564945096 162663.68918353880872 42.001012332245338143
215 0.10749999999999999833 224.13731967134486922 34770.666017397452379 4889.9027626378456262 29880.763254759604024 36197.627714829170145 0.78719967384185407511 162657.19550540819182 601.53810936294610201
220 0.11000000000000000056 231.75742432852993602 34802.453799862989399 5056.1471474167656197 29746.306652446226508 38659.621742512827041 0.7872080934311259659 162655.45580431810231 1626.0130403156697412
225 0.11250000000000000278 234.07776606365979433 34835.125494631276524 5106.7689960116922521 29728.356498619581544 40297.38888933101407 0.7871665517633691378 162664.0397296496958 2302.5294583213953956
230 0.115000000000000005 223.29444325146852179 34872.090456047364569 4871.5141081283727544 30000.576347918991814 41268.622049631274422 0.78705788009555710527 162686.49928813643055 2695.9829782351025642
235 0.11750000000000000722 238.71780978182735566 34906.559159226053453 5207.9987360188342791 29698.560423207218264 42669.350580938509665 0.78687419791665469404 162724.47563905298011 3271.0647963192732277
240 0.11999999999999999556 254.04502862627825266 34942.244951908862276 5542.3857532319125312 29399.859198676949745 43634.138076232171443 0.7866049341513217108 162780.17806745140115 3661.3139385883123396
245 0.12249999999999999778 237.05076852220213368 34981.7953375377474 5171.6296491000402966 29810.165688437704375 43054.539983660870348 0.78624625521000146566 162854.43701819394482 3398.9574691327425171
250 0.125 227.94238793715609859 35014.602491821402509 4972.9162199786351266 30041.686271842769202 41852.484639912196144 0.78581264171514830785 162944.30052743156557 2877.4417965754396391
255 0.12750000000000000222 234.45654333191802721 35046.501471021379984 5115.0326087522935268 29931.468862269084639 41011.675680940934399 0.78532476573560694444 163045.52821526085609 2508.6400421423954867
260 0.13000000000000000444 231.02331003180580637 35081.598257392310188 5040.1313070698433876 30041.466950322464982 39713.800698677434411 0.7847994602561102484 163154.66273142243153 1946.75882405461698
265 0.13250000000000000666 224.5492228673271029 35117.690380106861994 4898.8890687957236878 30218.801311311141035 38143.866390465162112 0.78425667785199604243 163267.58173177108984 1270.9203525914272177
270 0.13500000000000000888 233.54075700786259517 35154.025796932197409 5095.053311763505917 30058.97248516869513 37009.464288034738274 0.78371760093078779441 163379.88466485380195 778.70342928612092237
275 0.1375000000000000111 241.46081315348513385 35191.364435589268396 5267.8416028143410585 29923.522832774928247 35811.64827216098638 0.78319770694249035703 163488.33776563926949 260.1523760355995023
280 0.14000000000000001332 234.83886587821589842 35232.711894686683081 5123.3735672241000429 30109.338327462584857 34340.00771804049873 0.78271132728634873477 163589.93001137985266 -374.17529582811590672
285 0.14250000000000001554 239.12460719953449484 35271.31120212085807 5216.8736517160359654 30054.437550404822105 33141.022601703174587 0.78227465699088594153 163681.24686848933925 -892.40835842709634562
290 0.14499999999999999001 247.1409537120034372 35310.325561832840322 5391.7626662499051235 29918.562895582934289 32380.029143089766876 0.78189915503856577406 163759.85371613875031 -1226.953837304187573
295 0.14749999999999999223 238.75363598608814186 35352.61380978453235 5208.780340150829943 30143.833469633704226 31379.797385787329404 0.78159092989410416941 163824.4334120360727 -1662.8150002162149121
300 0.14999999999999999445 235.79929142431626587 35391.323306194317411 5144.3267379770586558 30246.996568217255117 30475.74531511234818 0.78135785281508518541 163873.30182779979077 -2056.7925824278245273
305 0.15249999999999999667 245.60563069129779024 35430.338481925857195 5358.2672167125474516 30072.071265213311563 30830.742224193105358 0.78120449419135629121 163905.47187318623764 -1924.2007080561734256
310 0.15499999999999999889 250.77158487145459276 35469.260003831484937 5470.9705079549421498 29998.289495876539149 31435.09923449357666 0.78112211292153010955 163922.75821123889182 -1687.4777659135047543
315 0.15750000000000000111 243.80022570054001108 35509.799662945355522 5318.8795107074447515 30190.92015223791168 31801.931844781000109 0.78109840543131525692 163927.73350904934341 -1550.9432960408921645
320 0.16000000000000000333 248.97891946165293575 35546.896398507218692 5431.8607356388993139 30115.035662868318468 32474.331550103514019 0.78112436728518586104 163922.28512203064747 -1285.2486864913914815
325 0.16250000000000000555 252.53960367476955184 35584.161839654872892 5509.542576378898957 30074.619263275970297 33547.801598128040496 0.78118811373844454504 163908.90874814218841 -851.87556428103300732
330 0.16500000000000000777 240.7797232849567024 35624.828616006721859 5252.9825724904067101 30371.846043516317877 34431.653598678218259 0.78127417597303727703 163890.85315717253252 -499.19881542963747734
335 0.16750000000000000999 242.97582845432728504 35660.429970920435153 5300.894007991174476 30359.535962929257948 34967.183599289652193 0.78137057067602788685 163870.63456857213168 -290.07518663957381477
340 0.17000000000000001221 248.43697153234131747 35698.856018858830794 5420.0373022158864842 30278.818716642945219 35829.336707151727751 0.78146906170446783779 163849.98143190852716 54.603936516594522743
345 0.17250000000000001443 245.92018544451912021 35738.300046667609422 5365.1297158226161628 30373.170330844994169 36797.557417890355282 0.78155942632599273434 163831.03694597407593 443.33235250022767104
350 0.17500000000000001665 252.50394645585822673 35777.161997507231717 5508.7646589240184767 30268.397338583210512 37918.255638257178362 0.78162978377797343033 163816.2898949352093 896.19535033397301049
355 0.17749999999999999112 268.1978112057467456 35815.7015599444494 5851.1506244092470297 29964.550935535204189 38589.899557822158386 0.78166806981771552731 163808.26618611623417 1161.2500641116625957
360 0.17999999999999999334 263.29250819886129875 35855.74758439805737 5744.1338421968221155 30111.613742201232526 38441.415667948211194 0.7816686605335460003 163808.14239436035859 1082.3342454997875848
365 0.18249999999999999556 251.24159228379647857 35895.988814240481588 5481.2244475819570653 30414.764366658524523 38433.189742077011033 0.78163502091038938868 163815.19228853436653 1062.0006833789659595
370 0.18499999999999999778 261.1758703951607572 35930.1563215720671 5697.9561103537025701 30232.200211218361801 38409.901101487543201 0.78157030679722017119 163828.75620568988961 1037.8652264798345186
375 0.1875 259.20121789267568602 35968.85157464868098 5654.8760077571778311 30313.97556689150224 37647.563052606063138 0.78147785229860189382 163848.13833593158051 702.51994593827191693
380 0.19000000000000000222 245.77732309354723839 36007.495899450776051 5362.012952377248439 30645.482947073523974 36586.471427319294889 0.78136948273664519338 163870.8627337627986 242.26048247656802914
385 0.19250000000000000444 249.65925283832063997 36042.829314921691548 5446.7032619212704958 30596.126053000418324 36327.797665669080743 0.78125902831154814265 163894.03080130185117 119.22232945507207091
390 0.19500000000000000666 258.73785919374893183 36080.525487992017588 5644.7671201105495129 30435.758367881469894 35981.279696466859605 0.78115144268053393617 163916.6034316009318 -41.515785941357201239
395 0.19750000000000000888 254.71497329559468881 36120.002574524281954 5557.0016337738434231 30563.00094075044035 34888.526372430460469 0.78105248687749517789 163937.37092084970209 -515.07701272433848771
400 0.2000000000000000111 253.36418453337441292 36158.689789339914569 5527.532084883875541 30631.157704456036299 34178.24376427061361 0.78097493410483331822 163953.65031357103726 -828.25874673930377412
405 0.20250000000000001332 259.15710940681793772 36196.234556409130164 5653.913712824911272 30542.320843584220711 34088.342756070691394 0.78092710155037847741 163963.69263620412676 -881.50490768337920144
410 0.20500000000000001554 255.86746477361916163 36235.130601083386864 5582.1450202949808954 30652.985580788408697 33564.989847136035678 0.78091031219582318634 163967.21781000049668 -1116.6092940433379681
415 0.20750000000000001776 251.70954585657634084 36274.555889915427542 5491.4335795180295463 30783.122310397397086 33037.603132766322233 0.78092953242557461291 163963.18225049460307 -1353.6741416039744763
420 0.20999999999999999223 263.80032483603207538 36310.025584524366423 5755.2126486207407652 30554.812935903628386 33213.929532526897674 0.78098956539104313901 163950.57875808657263 -1294.8682498185619352
425 0.21249999999999999445 265.66396955396101021 36349.76236012915615 5795.8709444732066913 30553.89141565594764 33847.967717525738408 0.78108629790936578985 163930.2745325404685 -1046.4454707221034369
430 0.21499999999999999667 261.32371749998566202 36388.348720502377546 5701.1816239245408724 30687.167096577835764 33775.503537615324603 0.78121165749680854251 163903.96894507569959 -1093.0708632869452686
435 0.21749999999999999889 265.42523631901588033 36425.114849796118506 5790.662609213360156 30634.452240582759259 33642.028945730038686 0.7813647162937087387 163871.86237080793944 -1164.5183406705941707
440 0.22000000000000000111 269.58428913691125217 36462.353992680153169 5881.3987877935460347 30580.955204886606225 34176.127041207939328 0.78154545815090514793 163833.9650169966626 -956.84041081755174218
445 0.22250000000000000333 263.54089057860858247 36499.098383852942789 5749.552688494697577 30749.545695358243393 34685.273968445348146 0.78174691257753958773 163791.74537154016434 -759.32437847023822997
450 0.22500000000000000555 258.97496102486769587 36536.620647293646471 5649.9398637692765988 30886.680783524367143 34755.311585662078869 0.78196209466985799885 163746.67278974395595 -745.91768431257060001
455 0.22750000000000000777 270.09093749752429403 36570.381749888947525 5892.4521064549826406 30677.929643433963065 34823.510689365968574 0.78218972259441332806 163699.02026478320477 -731.70981497436741847
460 0.23000000000000000999 269.54830836635090918 36608.715000311116455 5880.6138115583398758 30728.101188752778398 35629.427983659297752 0.78242752196522369346 163649.26802201513783 -410.31750018497274368
465 0.23250000000000001221 266.0267905552270804 36646.155540342406312 5803.7864465370103062 30842.369093805398734 36151.367411805855227 0.78266638838372937226 163599.32296863905503 -207.37761696649161536
470 0.23500000000000001443 275.15025482462993978 36680.812235618817795 6002.8289495936051026 30677.983286025209964 36072.978084465692518 0.78290025584999944908 163550.45268297969596 -254.83405055581226861
475 0.23750000000000001665 277.08031514944235596 36717.328992785827722 6044.936204771800476 30672.392788014029065 36240.101969733004807 0.78312981480545884594 163502.51111521784333 -200.13576759589682297
480 0.23999999999999999112 265.29039482238277969 36752.853881081871805 5787.7208331277388424 30965.133047954132053 36632.48978618610272 0.78335377056119226413 163455.76680911093717 -50.49179586028880351
485 0.24249999999999999334 262.01540275614758002 36788.273864912633144 5716.2718090393691455 31072.00205587326127 36579.905736335778784 0.78356827454126221078 163411.02034133634879 -87.432734237796083221
490 0.24499999999999999556 275.95909440318934003 36821.716226227610605 6020.4750376949887141 30801.241188532618253 36089.121742914867355 0.78377533466632287595 163367.84992653556401 -307.48303647925666837
495 0.24749999999999999778 276.06169645623367614 36859.389877627967508 6022.7134603876911569 30836.676417240272713 36390.062123906784109 0.78398054276308482002 163325.08814390591579 -197.03684567931730953
500 0.25 273.45253714562448977 36895.933656528221036 5965.7906090757451238 30930.14304745247864 36893.309541219714447 0.78418127540865045777 163283.2806204945955 -1.1019586745053764343
505 0.25250000000000000222 282.9993819202488794 36928.728182238693989 6174.0698135668244504 30754.658368671869539 36262.119657502378686 0.78437332317223806832 163243.30196753938799 -280.00101330801419408
510 0.25500000000000000444 281.03205479409155032 36964.715657933520561 6131.1495254001101785 30833.566132533407654 35452.586367336058174 0.78456461979650027327 163203.49913701167679 -635.30689770504125136
515 0.25750000000000000666 273.92189271230296299 36998.136457626242191 5976.030327680062328 31022.106129946179863 35505.638059158532997 0.78476535464532193309 163161.75337245606352 -627.21959930987782172
520 0.26000000000000000888 272.69167798090768429 37031.796996515935462 5949.1912880122890783 31082.605708503644564 35535.090359352427186 0.78497554707784800154 163118.06364738850971 -629.15657245741863335
525 0.2625000000000000111 273.12638109144188547 37064.834053766680881 5958.6750096176219813 31106.159044149055262 34394.635884416144108 0.78519658482291687651 163072.14489319938002 -1122.762298418161663
530 0.26500000000000001332 267.32156511443139379 37099.30291337131348 5832.0339588358547189 31267.268954535455123 34144.76673899495654 0.78544079236119968002 163021.44285753462464 -1242.7068426464174991
535 0.26750000000000001554 275.35603586301095902 37132.011248852853896 6007.3183816504952119 31124.692867202360503 35266.579421874179388 0.78571012543734741751 162965.56084041230497 -784.88794200966378867
540 0.27000000000000001776 287.01880818614341706 37164.673162746912567 6261.7598226676582271 30902.913340079252521 35352.900166374791297 0.78599193470036221587 162907.13122737215599 -762.58418993117379614
545 0.27250000000000001998 279.92688620254079979 37200.893044871096208 6107.0385609389986712 31093.854483932100266 34599.968945897249796 0.78628459595963995366 162846.49592252791626 -1095.1494043002505805
550 0.2750000000000000222 279.47456406600622358 37233.3607077471097 6097.1704529938961059 31136.190254753211775 35295.248043333129317 0.7865953087359220941 162782.16997716063634 -816.38740599747120541
555 0.27750000000000002442 288.69030192662364698 37266.0304820582096 6298.2260473521109816 30967.804434706100437 36637.824142559438769 0.7869150424815709588 162716.02947898500133 -264.72568885996355448
560 0.28000000000000002665 286.14516087420616941 37299.31360118772136 6242.6998534912745527 31056.61374769644317 36141.550282276955841 0.78722935178982933468 162651.06345281764516 -488.07547911224810377
565 0.28250000000000002887 273.75631926867509947 37332.184480548283318 5972.4180865744647235 31359.766393973815866 35780.099948123264767 0.78754300662497334073 162586.28439686243655 -654.5692136897941964
570 0.28500000000000003109 278.7810074977657564 37361.973220195191971 6082.0394423078687396 31279.933777887323231 37041.393520968122175 0.787859392258510427 162520.99360373514355 -135.25416852159801806
575 0.28750000000000003331 286.94313068300914438 37393.266285542435071 6260.1088007308007946 31133.157484811636095 37525.61256650537689 0.78816497876615254636 162457.98113275266951 55.859211431158520611
580 0.28999999999999998002 282.19731926286021917 37426.998087608611968 6156.5715744965773411 31270.426513112037355 36723.421367299932172 0.78845498619203691071 162398.22626817857963 -297.06691785412550644
585 0.29249999999999998224 282.90050869245067133 37458.236988541706523 6171.9127409719067145 31286.324247569802537 37215.667185326339677 0.78873805015716835776 162339.94445224662195 -102.45554160721205506
590 0.29499999999999998446 289.91185721118017682 37489.274663388590852 6324.8761677757265716 31164.3984956128661 38327.07354290112562 0.78900914490684337377 162284.16625640742132 353.98734566738551166
595 0.29749999999999998668 286.47752349707712938 37521.323820717923809 6249.9508588577946284 31271.372961860128271 37752.908469242094725 0.78925753754875938029 162233.09269564959686 97.880105863632024921
600 0.2999999999999999889 280.39581704435590837 37552.175471365946578 6117.2690135126267705 31434.906457853321626 37107.849659678846365 0.78949047711433462116 162185.22573939120048 -187.85136877960030688
605 0.30249999999999999112 283.75342734996820582 37581.186007851531031 6190.520482448497205 31390.665525403030188 37799.505267725646263 0.78971594906202147168 162138.92020538632642 92.327034092607959792
610 0.30499999999999999334 283.72679209483169416 37612.208696670910285 6189.9393931061840703 31422.269303564728034 37905.996521522349212 0.7899279122849227619 162095.41308587579988 124.27597495117618109
615 0.30749999999999999556 281.80882074099577039 37643.299420146220655 6148.0958775527078615 31495.203542593513703 36987.314644710058928 0.79012669347663333497 162054.63289245867054 -277.55970633457638996
620 0.30999999999999999778 287.16961957404242867 37673.283528461746755 6265.0500066647100539 31408.233521797035792 37156.811677325524215 0.79032286727383227465 162014.40772119688336 -218.5833761492886822
625 0.3125 290.64917065288079812 37702.838590945517353 6340.9618024250057715 31361.876788520508853 37696.733176245055802 0.79051572104839873401 161974.88277661797474 -2.584589670645564663
630 0.31500000000000000222 284.89687899456475861 37734.084769218578003 6215.4666510029092024 31518.618118215672439 36946.848206653492525 0.79070069056308922573 161936.99180748540675 -333.33682886556522362
635 0.31750000000000000444 288.66380121016396743 37762.723894463153556 6297.6478931794008531 31465.076001283749065 36219.547222277025867 0.79088707288324411326 161898.82935258277575 -653.57593319181796687
640 0.32000000000000000666 294.57403512511018562 37791.550194447110698 6426.5887995438934013 31364.961394903217297 36594.347794244989927 0.79108343806026537592 161858.64232457050821 -507.17261579052410525
645 0.32250000000000000888 288.67802778209096459 37822.159401191180223 6297.9582678794758976 31524.201133311707963 36477.8428107055297 0.79128677153885484952 161817.05022172312601 -569.64119505022904377
650 0.3250000000000000111 288.46510900471002969 37849.702113614213886 6293.3131149916871436 31556.388998622525833 35689.629996362615202 0.79149902345941414161 161773.65663730821689 -915.5552544485085491
655 0.32750000000000001332 296.08782724735539205 37876.449379358629812 6459.6145191852292555 31416.834860173403285 35700.688268418241933 0.79172869491402286801 161726.72794661411899 -922.47269631936433143
660 0.33000000000000001554 294.44346373107032377 37903.042761094817251 6423.7401823596910617 31479.30257873512528 35917.518395850842353 0.7919761150625059809 161676.20312612873386 -842.07976211842446901
665 0.33250000000000001776 285.93208874749245751 37931.590741205916856 6238.0513550502910221 31693.539386155629472 35726.535096765852359 0.79223847778658884611 161622.66140824847389 -935.49486939918847384
670 0.33500000000000001998 296.08597176027575415 37955.827215456680278 6459.5740388608901412 31496.253176595786499 35669.448914921500545 0.79251752157406607502 161565.75440196305863 -970.33766059143238181
675 0.3375000000000000222 301.25342621421640388 37981.649115273721691 6572.3100608994373033 31409.339054374282568 36150.51716442360339 0.79281286837559394876 161505.56626589404186 -777.42097952796655136
680 0.34000000000000002442 292.10306418792958993 38008.191880836347991 6372.6807416183582973 31635.511139217989694 36310.574972754118789 0.79311883378862813032 161443.26145710036508 -721.0143031911578646
685 0.34250000000000002665 292.76734354145759198 38031.351101713225944 6387.1730245221724545 31644.17807719105258 36333.230536334311182 0.79343284917618506213 161379.36736906564329 -721.5137693572075932
690 0.34500000000000002887 301.57360207666494034 38054.021413198439404 6579.2951932130245041 31474.72621998541581 36617.254671764334489 0.79375394243704322506 161314.08539119645138 -610.71429655967153849
695 0.34750000000000003109 299.720024621275968 38077.859459600018454 6538.8565302846009217 31539.002929315418442 36868.457271281047724 0.79407872658694655943 161248.10672140333918 -514.28071210684049674
700 0.35000000000000003331 295.05221260751733325 38101.22627186452155 6437.0209819028268612 31664.205289961693779 36982.370848418075184 0.79440398066031647772 161182.08665502510848 -475.9718936017688975
705 0.35249999999999998002 295.74137966060231975 38122.621480573856388 6452.0562285174501085 31670.565252056403551 37026.306594259658596 0.79472836071263197599 161116.29781913332408 -466.57337037285543602
710 0.35499999999999998224 290.74645642799811185 38143.901084919045388 6343.0842422811128927 31800.816842637934315 36881.716999229458452 0.79505178520450625612 161050.7562308688357 -537.38314689993887896
715 0.35749999999999998446 284.25458336176507146 38166.092172268028662 6201.4539770142009729 31964.638195253828599 36893.03764828153362 0.79537599059183872185 160985.10989074589452 -542.23232805552277114
720 0.35999999999999998668 293.27771836629062818 38186.129605588554114 6398.3076417719521487 31787.821963816604693 37214.555980715384067 0.79570092998314101429 160919.36860322754364 -413.9915790846673076
725 0.3624999999999999889 301.85886818842470802 38208.989127855806146 6585.5187152486514606 31623.470412607155595 37548.149755185149843 0.79602265438306030187 160854.33064606113476 -281.70026987539330321
730 0.36499999999999999112 302.85518720642801327 38232.227888536508544 6607.2549576814008105 31624.972930855106824 37569.948255716830317 0.7963376618286632791 160790.70146683251369 -282.42593816032820087
735 0.36749999999999999334 305.62438072368655639 38253.420142411334382 6667.6692030653330221 31585.750939346002269 37808.991134695665096 0.79664550972882486324 160728.56708057466312 -189.59786174046647034
740 0.36999999999999999556 306.35676957108796614 38273.675850870211434 6683.6474000629796137 31590.028450807229092 38135.766531538647541 0.79694368345195287784 160668.43104304204462 -58.855516163975096333
745 0.37249999999999999778 301.96866052551587245 38292.099573623410834 6587.9140051238309752 31704.185568499578949 37767.77446973091719 0.79722961078880782981 160610.80712142260745 -223.84633987573963054
750 0.375 301.36967424822739758 38310.564023622500827 6574.8461918012217211 31735.717831821279105 37406.823639791116875 0.79750804204188985302 160554.73362005598028 -385.96212203530302531
755 0.37750000000000000222 310.42535507487400537 38326.389169936912367 6772.4098940740786929 31553.979275862831855 37561.796762251506152 0.79778395693632975227 160499.20550120444386 -326.64890366469040828
760 0.38000000000000000444 307.98976641177284819 38344.309480697149411 6719.2737552560938639 31625.035725441055547 37679.456723867660912 0.7980560673126928517 160444.48065040295478 -284.1350450908385028
765 0.38250000000000000666 304.1806123917340301 38359.691386176506057 6636.1711608589939715 31723.520225317512086 37103.709404768975219 0.79832429956915007541 160390.57225114191533 -536.94361535679752251
770 0.38500000000000000888 309.57542050394476973 38372.496036490323604 6753.8672550680339555 31618.628781422292377 36909.692531828128267 0.79859526453205265106 160336.15141071102698 -625.57393880686186094
775 0.3875000000000000111 314.26850674546022901 38383.676031137780228 6856.254199871934361 31527.421831265844958 37080.384122334864514 0.79887166293162215069 160280.6773493575165 -557.55105323242389659
780 0.39000000000000001332 307.09013319945307785 38394.761186071096745 6699.6468634170478254 31695.11432265404801 36716.530605369975092 0.79915220653240048865 160224.41057315241778 -718.20274146471024324
785 0.39250000000000001554 302.98631187372149043 38404.586172970397456 6610.1156453785170015 31794.470527591882274 36056.343479621151346 0.7994414073702250656 160166.44880966292112 -1005.2996786463982062
790 0.39500000000000001776 307.4062004181224097 38411.736530067646527 6706.5423593033046927 31705.194170764341834 35988.65242868167843 0.79974680427078825851 160105.28653082731762 -1037.7361038090689362
795 0.39750000000000001998 303.28158497903478974 38419.76629350597068 6616.5574854769056401 31803.208808029063221 36209.001988075433474 0.80006888629606254248 160040.83328708013869 -947.18704750823951599
800 0.4000000000000000222 297.3444315038183845 38426.736577586787462 6487.0292872132886259 31939.707290373498836 35954.850776126622804 0.80040497098695329026 159973.63321219946374 -1059.5076705065596343
805 0.40250000000000002442 301.68247712587475462 38431.607597727677785 6581.6704710324165717 31849.937126695258485 35877.206331547822629 0.8007569956363277397 159903.30643085687188 -1095.3572506124644406
810 0.40500000000000002665 307.26019211752634419 38436.544398282792827 6703.356962094577284 31733.187436188214633 36430.327034734902554 0.80112459342012098951 159829.93444658876979 -860.68448466972097322
815 0.40750000000000002887 306.97258383393818804 38442.559248555873637 6697.082341953060677 31745.476906602816598 36915.001744502951624 0.8015003473843348436 159755.00405926661915 -655.64266666355581492
820 0.41000000000000003109 311.16685868577616247 38446.016032183499192 6788.5869437540386571 31657.429088429464173 36885.439006731307018 0.80187790373938461208 159679.78498071077047 -670.13049355995667611
825 0.41250000000000003331 310.85868891538467551 38448.953376936558925 6781.863742933182948 31667.089634003375977 37089.514803675010626 0.80225651904418326943 159604.42602877269383 -584.03485779023117175
830 0.41500000000000003553 303.52576992350634555 38450.639843668643152 6621.8847582234375295 31828.755085445205623 37590.834624439339677 0.8026333917140736629 159529.48453395732213 -369.55852558234681737
835 0.41749999999999998224 301.93916224356900102 38451.601569152873708 6587.2704544175203409 31864.331114735356095 37855.271829236276972 0.80300232634336510262 159456.18966380969505 -256.43021553225889875
840 0.41999999999999998446 310.15867148206763204 38449.332893507707922 6766.5917784692064743 31682.741115038501448 37734.859802970961027 0.80336041307289030033 159385.11428527458338 -307.37053204712276511
845 0.42249999999999998668 306.26904898096859142 38449.234408368254662 6681.7336395317397546 31767.500768836514908 37970.280751522222999 0.80370868533986150606 159316.04769922653213 -206.1380104682685328
850 0.4249999999999999889 300.84678676537049569 38448.34688040806941 6563.4385915375978584 31884.908288870468823 38339.411680582554254 0.80404473385304564559 159249.46195007406641 -46.904484940020921613
855 0.42749999999999999112 307.87667517446629972 38445.203022607194725 6716.8064947635248245 31728.396527843673539 38255.282252753873763 0.80436481373944934692 159186.09201043951907 -81.807185539600340007
860 0.42999999999999999334 310.77990329163583283 38441.587956035647949 6780.1449125313984041 31661.443043504248635 38068.461385722352134 0.80467038852866490384 159125.64085279087885 -160.7829975336117343
865 0.43249999999999999556 305.19990799598053854 38436.721550708913128 6658.4086731057632278 31778.312877603148081 38169.768891452564276 0.80496426428061274017 159067.54738276387798 -115.07388544312482281
870 0.43499999999999999778 301.55020416183401721 38431.844970216174261 6578.7847314633281712 31853.06023875284518 38170.219163863075664 0.80524590661866546348 159011.91201028329669 -112.81712569790825285
875 0.4375 305.91825918626722114 38424.170128820500395 6674.08061687254758 31750.089511947950086 37487.613382869349152 0.80551689622178324068 158958.41769485827535 -403.99377748401838062
880 0.44000000000000000222 301.70897543876878899 38419.651837264893402 6582.2485727676203169 31837.403264497275813 37376.453265316529723 0.80578503959802383338 158905.52065072374535 -450.14466656566145275
885 0.44250000000000000444 302.2151171168366659 38411.985278662759811 6593.2908373646059772 31818.694441298150196 37628.534434676774254 0.80605238749308916191 158852.81556961560273 -338.17457002509968333
890 0.44500000000000000666 305.68362547709318733 38404.378938002970244 6668.9617191165625627 31735.417218886406772 37345.194537497183774 0.80631634041324240503 158800.81406295797206 -457.34397499129568132
895 0.44750000000000000888 306.36244473025590196 38395.277754199501942 6683.7712124496647448 31711.506541749840835 36667.597098757512867 0.80658083438678873645 158748.74010270097642 -746.23788568765451146
900 0.4500000000000000111 302.57951557909746043 38385.762930951692397 6601.240754183111676 31784.522176768579811 36661.498941389501852 0.80685349984495147169 158695.09306769253453 -745.01389123243995982
905 0.45250000000000001332 299.58950090269695465 38376.830995918913686 6536.0089532144138502 31840.822042704501655 36704.388115602872858 0.80713455039751780262 158639.8341971928603 -722.87492017143631529
910 0.45500000000000001554 301.52586407468754715 38366.416913206354366 6578.2537147653729335 31788.163198440979613 35966.589164902768971 0.80742409533524917009 158582.94543058343697 -1037.6423803165230311
915 0.45750000000000001776 305.19320543633386933 38356.028352377034025 6658.2624463864422069 31697.765905990592728 35878.259053439738636 0.80772952707623835167 158522.97948469387484 -1071.7481725114555502
920 0.46000000000000001998 309.02881733708068168 38342.861163648820366 6741.9422604279870939 31600.918903220830543 36497.540571831341367 0.8080510785963808118 158459.89769892441109 -798.50302811753920196
925 0.4625000000000000222 302.04547650191801722 38331.006828077508544 6589.5898646182440643 31741.416963459261751 36363.685420775793318 0.80838096573381701404 158395.23278935064445 -851.64249149875683997
930 0.46500000000000002442 296.79505314703192198 38318.441621649129956 6475.043747506992986 31843.397874142134242 35602.676280871564813 0.80872042425197498972 158328.74675858704722 -1176.1333853857022405
935 0.46750000000000002665 301.1849304837282375 38304.562964722179458 6570.81572045566827 31733.747244266509369 36034.180948857851035 0.80907671358166632913 158259.02426860984997 -983.68163832537823055
940 0.47000000000000002887 301.63746172787170963 38291.476924466260243 6580.6883904071146389 31710.788534059149242 36727.964857314553228 0.80944389140745831579 158187.23522299499018 -677.72563397316162082
945 0.47250000000000003109 293.51632214856073233 38279.476278515176091 6403.5131528212014018 31875.963125693975599 36074.891584563432843 0.80981390280106613222 158114.95802553842077 -956.04413450317190382
950 0.47500000000000003331 294.37349833377680852 38266.685783224762417 6422.2137788584077498 31844.472004366358306 35835.995413082760933 0.8101930373354570003 158040.96721319030621 -1054.5910277274604141
955 0.47750000000000003553 305.61071744996957023 38252.273867655581853 6667.3711175881198869 31584.902750067463785 37013.752239365188871 0.81058248700525081798 157965.03539442812325 -537.60925500407745403
960 0.47999999999999998224 305.46357470411129498 38238.813588856857677 6664.160970699018435 31574.652618157841061 37401.940094084013253 0.81096821911600636135 157889.90028420803719 -363.43736356025823397
965 0.48249999999999998446 295.62591045496822062 38227.281518618416158 6449.5370889629230078 31777.744429655489512 36680.564643419020285 0.81134533228680894013 157816.51308573110146 -672.02045281891480499
970 0.48499999999999998668 299.83170088000679243 38212.750339806909324 6541.2929208280838793 31671.457418978821806 36993.157516365077754 0.8117212740502818269 157743.42171787947882 -530.13650862945939934
975 0.4874999999999999889 304.33408206433671239 38198.890727663936559 6639.5193394538900975 31559.371388210045552 38019.333348967789789 0.81209178208008703237 157671.45299995239475 -78.086201557065308521
980 0.48999999999999999112 296.92458923052703312 38185.878741376698599 6477.8697777882189257 31708.008963588483311 37556.247091189652565 0.81244595014152143353 157602.71957486384781 -273.93464023729734436
985 0.49249999999999999334 293.33110754446880719 38172.420081805867085 6399.4724093807162717 31772.947672425150813 36965.263400610769168 0.81278907540703204671 157536.18635408670525 -525.4209981963355176
990 0.49499999999999999556 298.78934983171319573 38158.297103249075008 6518.5524183621710108 31639.744684886900359 37861.433044870100275 0.81312748364489406683 157470.62278097437229 -129.26536768592299609
995 0.49749999999999999778 298.14977731318953147 38145.506041324479156 6504.5991533288342907 31640.906887995643046 38255.218209246180777 0.81345163001445131012 157407.87346828880254 47.791697421797515233
1000 0.5 294.58033469313062369 38134.960213449696312 6426.7262343767533821 31708.23397907294202 37562.227252124335791 0.81375736811439414176 157348.73350097672665 -249.58187144285008685
1005 0.50250000000000005773 301.78835317182478093 38120.648976059179404 6583.9803209509727822 31536.668655108205712 37576.685750599572202 0.81405294773076475323 157291.60075744419009 -237.13088307601771021
1010 0.50500000000000000444 299.75392693427119184 38108.503166067501297 6539.5961617490011122 31568.907004318498366 38241.337736929635867 0.81433835963808443026 157236.47269520050031 57.92711973943639947
1015 0.50750000000000006217 293.45361620786724188 38096.618094142031623 6402.1451256087748334 31694.47296853325679 37648.044807123682403 0.8146075643553615242 157184.51049643175793 -195.68059985711224158
1020 0.51000000000000000888 296.78509572195588362 38083.004262977709004 6474.8265108573377802 31608.177752120369405 36715.318452484461886 0.81486829516921166494 157134.21666908648331 -596.81494095589960125
1025 0.51249999999999995559 296.09850743884788926 38071.70114433341223 6459.8475241036485386 31611.853620229761873 36876.340627615929407 0.81513169051684097877 157083.44153409232968 -521.78622510705440618
1030 0.51500000000000001332 292.21940504746680745 38060.740836023265729 6375.2188976527604609 31685.521938370507996 36974.223437071443186 0.81539693432327231548 157032.34321840584744 -474.42949897544883697
1035 0.51749999999999996003 295.37928221016397856 38050.327433443737391 6444.1565118355565573 31606.170921608179924 36493.090931586251827 0.8156628645477979056 156981.14602885008208 -680.19148422377179486
1040 0.52000000000000001776 301.67755750428983674 38037.552086308896833 6581.5631418682487492 31455.988944440650812 36158.506741399236489 0.81593526313485642554 156928.73814270383446 -821.02973960333144987
1045 0.52249999999999996447 296.28551113306770048 38027.428297940299672 6463.927299316137578 31563.500998624163913 36526.945561554748565 0.81621729866006043075 156874.51302501233295 -655.84728191261831398
1050 0.5250000000000000222 295.43131897578899725 38016.466197178859147 6445.2917744699170726 31571.174422708940256 36591.857665169634856 0.81650462737807727454 156819.30874177179066 -622.90256103730212089
1055 0.52749999999999996891 298.30564023161855403 38004.602841948457353 6507.9995442879853726 31496.60329766047289 36159.895537066506222 0.8167962387909984967 156763.32133876511944 -806.87660196568094761
1060 0.53000000000000002665 290.73864452306406747 37996.238719011031208 6342.913813476242467 31653.324905534787831 36327.361510828974133 0.81709615271812408022 156705.78159491054248 -730.23639479033147381
1065 0.53249999999999997335 290.07884457334267836 37986.001909581464133 6328.519255703971794 31657.48265387749052 36965.769799000830972 0.81740187894154692216 156647.17019698035438 -446.58131178910593917
1070 0.53500000000000003109 294.35058888627310125 37977.10642673203256 6421.7139737799707291 31555.392452952059102 37311.743434965865163 0.8177049508850124937 156589.11091501245392 -291.35414000674404633
1075 0.5374999999999999778 295.2651531539527241 37968.35274568231398 6441.6666097162533333 31526.686135966061556 37422.862502297684841 0.81800082317732913939 156532.47236663263175 -238.94978991478203056
1080 0.54000000000000003553 294.82620859256513768 37960.942124470995623 6432.0903542915821163 31528.851770179411687 38063.729313766205451 0.8182870500342259712 156477.71921177589684 45.041266499667059975
1085 0.54249999999999998224 297.59988645835488796 37953.597842518924153 6492.6024326838833076 31460.995409835039027 38357.6718633936689 0.81855640658024442224 156426.22819950489793 177.12320672158290336
1090 0.54500000000000003997 297.06146257465451299 37946.093216650158865 6480.8558817737657591 31465.237334876394016 37940.420557433113572 0.81880637545505441377 156378.47370048542507 -2.4873324450826985732
1095 0.54749999999999998668 294.3172240615160149 37940.674064865917899 6420.9860684539244176 31519.687996411994391 38282.38496933800343 0.81904156441822151269 156333.5693968590349 149.87552064642025584
1100 0.55000000000000004441 300.78327742092989183 37931.725187147269025 6562.0530368281515621 31369.672150319114735 38843.623786438409297 0.81925894771465423982 156292.08763245062437 400.06786358346164434
1105 0.55249999999999999112 297.3034248243602633 37924.884460870503972 6486.1346629915706217 31438.749797878932441 38400.288633675285382 0.81945307973678593871 156255.06135264821933 208.61859021667910952
1110 0.55500000000000004885 287.96815248123510855 37919.104999281349592 6282.4712387677091101 31636.63376051364321 37756.550116166028602 0.81963041632686040039 156221.25374959912733 -71.348362775230782518
1115 0.55749999999999999556 288.74595997723446317 37913.008669189999637 6299.4403139269224994 31613.568355263076228 38209.986077940135146 0.81979894281136322931 156189.13926722522592 130.37571180902978085
1120 0.56000000000000005329 291.35816729460259467 37908.396377150791523 6356.4296622269339423 31551.966714923859399 38494.176574782206444 0.8199544126284490364 156159.52457580011105 257.21146243933691267
1125 0.5625 288.06478412639779663 37904.631785806042899 6284.5794077657683374 31620.05237804027638 37792.932163582059729 0.82009485386821412423 156132.78225797050982 -49.054823344802244378
1130 0.56500000000000005773 287.48141948518878053 37902.639190133049851 6271.8524046283346252 31630.786785504718864 37958.673754516945337 0.82022816067628367964 156107.40692481849692 24.612549402410468957
1135 0.56750000000000000444 296.37719823821009868 37898.760482891404536 6465.9275955157690987 31432.832887375632708 38979.930898917584273 0.82035251529662489567 156083.74310108588543 474.96388988950417342
1140 0.57000000000000006217 295.84961044948931885 37897.74603954446502 6454.4174508000978676 31443.328588744367153 38839.851974700948631 0.82045668554095374514 156063.9257457749336 413.92468135783593652
1145 0.57250000000000000888 288.69382616414793574 37898.121687377453782 6298.3029340518869503 31599.818753325565922 37843.367887091269949 0.8205434933723328994 156047.41526088298997 -24.059234140940866098
1150 0.57500000000000006661 291.85678238027708176 37897.204414292718866 6367.3077225540037034 31529.8966917387188 38221.869512797253265 0.82062479814190836258 156031.95460313861258 142.67443657228298548
1155 0.57750000000000001332 298.45424845842404693 37897.493873706283921 6511.2416629136232586 31386.252210792663391 39158.819770815738593 0.82069651006396937554 156018.32063341859612 554.33949815713663156
1160 0.57999999999999996003 297.96286393052781705 37897.353557487207581 6500.5213484028554376 31396.832209084353963 38490.522476204889244 0.82074929392524398342 156008.28681498760125 260.70828296428641124
1165 0.58250000000000001776 292.37033249899150178 37899.217905001074541 6378.5116137575605535 31520.706291243513988 38010.468874604062876 0.82079083943989750161 156000.39023006669595 48.899253659813226136
1170 0.58499999999999996447 298.893897020278132 37898.193633159309684 6520.8332771987961678 31377.360355960514426 38767.10544847426354 0.82082717815865835487 155993.48395983345108 381.93842741700780152
1175 0.5875000000000000222 301.15846713174670413 37899.446720184823789 6570.2383814469167191 31329.208338737906161 38865.492770546181418 0.82085035839556907966 155989.0788135388284 424.64669317951688754
1180 0.58999999999999996891 297.72412072783419035 37901.021979990699037 6495.3127956811385957 31405.709184309562261 37783.544289740115346 0.82086062267492210243 155987.12828084579087 -51.640536671976967398
1185 0.59250000000000002665 299.31727748533512568 37900.593880529129819 6530.069977757028937 31370.523902772099973 37707.81831533897639 0.82087074079232769108 155985.2055712165311 -84.740824666113681474
1190 0.59499999999999997335 296.91205285580878126 37901.079253361036535 6477.5962773579549321 31423.482976003084332 38260.87585532740195 0.82088214347256260872 155983.03881751789595 158.16259835841259473
1195 0.59750000000000003109 288.29855357439350882 37901.922576891185599 6289.6794503256187454 31612.243126565565035 37519.199501365015749 0.82088985180658557983 155981.57410290060216 -168.24240185858485574
1200 0.5999999999999999778 286.47761214040485811 37904.255340706491552 6249.9527927492754316 31654.302547957213392 36938.487020741718879 0.82090223009465246307 155979.22207511143642 -424.55143753255038064
1205 0.60250000000000003553 296.41361032773443185 37904.509364389341499 6466.7219816421820724 31437.787382747159427 37573.826569387667405 0.82092592437648925774 155974.72006641761982 -145.37224436998064903
1210 0.60499999999999998224 294.66623106005988575 37908.719120471301721 6428.6001966538242414 31480.11892381747748 37960.000881618776475 0.82095324737438180041 155969.52890972106252 22.544846450913709646
1215 0.60750000000000003997 291.94111684836548193 37912.388827988586854 6369.1476095888610871 31543.241218399722129 37458.901913331988908 0.82097973414491454136 155964.49695953945047 -199.37152087445974757
1220 0.60999999999999998668 293.59921438428210649 37915.073831353234709 6405.3215753233071155 31509.752256029925775 37530.099527160695288 0.82101046664565358046 155958.65881348308176 -169.25689189068614837
1225 0.61250000000000004441 287.039782349208906 37920.834015322798223 6262.2174065187919041 31658.616608804008138 37959.990699571819277 0.82104457155451970873 155952.18053443467943 17.216250304483310174
1230 0.61499999999999999112 285.45963009072715977 37926.128628493912402 6227.7439377298005638 31698.384690764109109 37891.147653043582977 0.82107731955397533774 155945.9605088638491 -15.380905244073575844
1235 0.61750000000000004885 295.64821691956927907 37932.125530331621121 6450.023739035464132 31482.101791296154261 38212.297161535636405 0.82110833190649767932 155940.07060260689468 123.19427973442792279
1240 0.61999999999999999556 300.98867661746220392 37938.219553337221441 6566.5341384137318528 31371.685414923489589 38757.634733115082781 0.82113373971112157967 155935.24545092295739 360.31623217594807329
1245 0.62250000000000005329 290.73770726366836925 37947.477808890362212 6342.8933657109391788 31604.584443179421214 38918.53301843754889 0.82114697885124754428 155932.73134733582265 427.00282372294429933
1250 0.625 290.8971473851021301 37954.804614073153061 6346.3717988938533381 31608.432815179301542 38889.869551161005802 0.82114640085977785855 155932.84110582523863 411.17650524097047082
1255 0.62750000000000005773 297.89758848058193053 37961.200866313360166 6499.0972633665442117 31462.103602946812316 39018.914289794120123 0.82113273388527197039 155935.43645987226046 465.10103552352620682
1260 0.63000000000000000444 292.13777737021524672 37971.390056054246088 6373.4380634521667162 31597.951992602080281 39042.377630718539876 0.82110515899469405099 155940.67318570511998 470.92217174137857683
1265 0.63250000000000006217 290.17753407555301237 37979.596897375435219 6330.672320040644081 31648.924577334790229 38899.094282149839273 0.82106438498091005584 155948.41719125970849 404.29059432710562305
1270 0.63500000000000000888 294.65849345583768581 37989.022594216090511 6428.4313888340566336 31560.591205382035696 39014.603751708425989 0.82101233877753021506 155958.30318523876485 450.90561378825583461
1275 0.63750000000000006661 296.87640730065106709 37998.696715676473104 6476.818614365924077 31521.878101310547208 39004.281635928360629 0.82094878719850805648 155970.37628478358965 442.07987293482108271
1280 0.64000000000000001332 294.31814072230008605 38009.674553610100702 6421.0060668286123473 31588.668486781491083 38912.358844755268365 0.82087431357250628672 155984.52665991254617 396.80622440308877685
1285 0.64249999999999996003 295.79143273402019076 38019.596323852376372 6453.1482138340561505 31566.448110018318403 38612.942151125658711 0.82079110260536336519 156000.34021257108543 260.79932176785115416
1290 0.64500000000000001776 296.58790268610101748 38029.974603365044459 6470.5244393762768595 31559.450163988767599 38157.036154038658424 0.82070383484324971324 156016.92817037185887 55.842716808383961791
1295 0.64749999999999996447 297.69270870929818784 38041.414391086436808 6494.6274938472242866 31546.786897239209793 38027.162424057612952 0.82061847474135307667 156033.15693111286964 -6.2629944110542519198
1300 0.6500000000000000222 305.52317945658950293 38050.839738065245911 6665.4613406875459987 31385.378397377699002 38349.430264073402213 0.82053677067999786221 156048.69376393119455 131.20186147388079689
1305 0.65249999999999996891 307.26328101493618306 38061.076677091725287 6703.4243511755212239 31357.652325916205882 38433.197668396591325 0.82045494357668879992 156064.25709581898991 163.49513358678441932
1310 0.65500000000000002665 301.19323816100637714 38070.502267193616717 6570.9969653020552869 31499.505301891564159 37788.888059738419543 0.82037276109657497614 156079.89114452645299 -123.71766603042701149
1315 0.65749999999999997335 296.52052219611061901 38079.211337481145165 6469.0544296312009465 31610.15690784994149 37355.742371610693226 0.82029804373223191849 156094.10777978770784 -317.80264480841151453
1320 0.66000000000000003109 295.03652792103258662 38087.149535870586988 6436.6787961754107528 31650.470739695174416 37432.645580194825015 0.82023620114219242261 156105.87666282599093 -287.48628694389219618
1325 0.6624999999999999778 291.10762055693726325 38095.915704994069529 6350.96359710901379 31744.952107885055739 37268.216642266095732 0.82018666462613276646 156115.30493275506888 -363.53907038575658817
1330 0.66500000000000003553 291.03448529499888764 38105.271414296883449 6349.3680381011563441 31755.903376195728924 37095.27051569007017 0.82015095396863357813 156122.10243772395188 -443.58972678881309548
1335 0.66749999999999998224 297.55052794516177528 38114.249272800196195 6491.525600274284443 31622.723672525909933 37668.97973479245411 0.82012999724924018352 156126.09181392390747 -195.55620789740422083
1340 0.67000000000000003997 300.01445629070650511 38124.527942888198595 6545.2800131560279624 31579.247929732173361 38450.357109812379349 0.82011587843207678361 156128.77962402821868 143.09718932385069934
1345 0.67249999999999998668 298.57023868524805721 38134.869164712436032 6513.7721693523426438 31621.096995360090659 38478.104074594579288 0.82009887030761996485 156132.0175966816023 150.73829253959920038
1350 0.67500000000000004441 298.0074024086536042 38145.005708408425562 6501.4930242824020752 31643.512684126024396 38334.547980136390834 0.82007808804438009354 156135.9742646345403 83.23906908127290194
1355 0.67749999999999999112 297.97810722798982397 38154.524821931103361 6500.8539045451370839 31653.670917385963548 38682.735464273348043 0.82005505162201497438 156140.36032901209546 231.96159183456086339
1360 0.68000000000000004885 295.01025903361278324 38164.804171568313905 6436.1056997122514076 31728.698471856063406 38960.330502805467404 0.82002584549811796677 156145.92143996257801 349.33976578229089682
1365 0.68249999999999999556 294.79357478539685644 38174.690890312973352 6431.3783972464025283 31743.312493066572642 38701.547587572014891 0.81998773560206950073 156153.17850561870728 231.34801999491577362
1370 0.68500000000000005329 296.56549518872662929 38185.027205863218114 6470.0355851173089832 31714.991620745910041 38730.785055001702858 0.81994371278065314446 156161.56237805262208 239.63483791639146148
1375 0.6875 298.88909552282160575 38195.46112206390535 6520.7285250954337243 31674.732596968475264 39092.08959247545863 0.81989374643197643344 156171.07924912235467 393.67335716443170668
1380 0.69000000000000005773 300.21112495216988236 38206.152077869533969 6549.5706445976111354 31656.581433271923743 39004.616786504877382 0.81983423270454980347 156182.41608121790341 350.54816590935388376
1385 0.69250000000000000444 299.70422298185610543 38216.611538621982618 6538.5117930477736081 31678.099745574210829 38663.950851817520743 0.81976680034086912841 156195.26333177421475 196.37821927963082658
1390 0.69500000000000006217 298.05912370056324789 38226.653578729950823 6502.6214043690697508 31724.032174360883801 38828.654884482093621 0.81969570661307900039 156208.81043644223246 264.25062227939969262
1395 0.69750000000000000888 299.2258627352179019 38236.454368074897502 6528.0756234040827621 31708.378744670812011 38982.746785970404744 0.81961961005193761931 156223.31344875236391 327.55730941783576782
1400 0.70000000000000006661 303.0601191142423545 38245.132598437056004 6611.7258646398822748 31633.406733797175548 38828.263585249180323 0.81953719932554858207 156239.02289641476818 255.91793114068801174
1405 0.70250000000000001332 302.45661001942130497 38254.596881143705104 6598.5593790480597818 31656.037502095641685 39078.267930578324012 0.81944992849994791051 156255.66223952165456 361.44493922111325901
1410 0.70499999999999996003 301.15276624841976627 38263.325384990239399 6570.1140078478629221 31693.211377142379206 39242.146964644052787 0.81935536969737965407 156273.69513326021843 429.47883344939089056
1415 0.70750000000000001776 301.31906818779685864 38271.298923270114756 6573.7421422164925389 31697.556781053623126 38759.210109602630837 0.81925246538357576753 156293.3242928206455 214.05454685262600378
1420 0.70999999999999996447 298.74926653881550465 38279.184367724628828 6517.6779392483695119 31761.506428476259316 38422.614092716845335 0.8191474412419208484 156313.36289808730362 62.916878789271308392
1425 0.7125000000000000222 296.49624377706749101 38286.559172752553422 6468.5247583184291216 31818.03441443412521 38610.078548503392085 0.81904468904274307928 156332.97299020257196 141.8971979661298235
1430 0.71499999999999996891 298.70851575573095715 38293.942408123941277 6516.7888978023629534 31777.153510321579233 38372.534996985144971 0.81894276346223082719 156352.4301851814671 34.466808367331225327
1435 0.71750000000000002665 302.5766694857420589 38300.349168385117082 6601.178662248659748 31699.170506136455515 37724.748440411545744 0.81884511728469644432 156371.07500192828593 -252.39980980822321044
1440 0.71999999999999997335 299.81585669848379894 38307.834219728116295 6540.9472554693893471 31766.886964258726948 37820.969762931599689 0.81875892431254737591 156387.53660901717376 -213.46665371317146764
1445 0.72250000000000003109 296.32336481628760794 38314.579678107395011 6464.7531360416969619 31849.82654206569714 37910.968251559861528 0.8186835035371576863 156401.94372632366139 -176.94790189231835598
1450 0.7249999999999999778 295.86158007848121088 38321.670056990260491 6454.6785867945900463 31866.991470195669535 37411.430402813326509 0.81861797331065588867 156414.46367473897408 -399.02761477895296593
1455 0.72750000000000003553 299.23733279610962654 38328.646518461253436 6528.3258605467608504 31800.320657914493495 37453.037242448466714 0.81856748819078484214 156424.11053106066538 -383.82280079241616022
1460 0.72999999999999998224 303.52260617544999377 38335.215769049827941 6621.8157361597150157 31713.400032890116563 38224.530498524356517 0.81853055416937570143 156431.16875438272837 -48.516632741487235592
1465 0.73250000000000003997 305.32575645837323464 38342.406079686901649 6661.1542522214149358 31681.251827465483075 38279.555589801471797 0.81849774402100627935 156437.43942512548529 -27.548127157118990738
1470 0.73499999999999998668 308.74088964261204637 38347.418138724395249 6735.6606718434240975 31611.757466880968423 37769.380478050086822 0.81846820841511080946 156443.08469577942742 -253.35173031022651458
1475 0.73750000000000004441 308.91818004168220568 38352.41192679238884 6739.528536478699607 31612.883390313687414 38230.673865874836338 0.81844667668941684102 156447.20040628607967 -53.355930055713677973
1480 0.73999999999999999112 308.80421298811887709 38355.660308465972776 6737.0421686980635059 31618.618139767910179 38631.924991223779216 0.81842793600909102825 156450.78279496281175 121.07981231392497534
1485 0.74250000000000004885 307.34037564522679986 38358.019464696168143 6705.106289936077701 31652.913174760091351 38031.452861943587777 0.81840757000015040834 156454.67606056539807 -143.12230804792986305
1490 0.74499999999999999556 302.10595962785492929 38360.100607747765025 6590.9093976841586482 31769.191210063607286 37725.94658456005709 0.81839229711416705548 156457.59582708502421 -277.92154165471964689
1495 0.74750000000000005329 299.96091299562840504 38360.076285076545901 6544.1118832484025916 31815.964401828143309 38041.36166968614998 0.81838583169709555598 156458.83187440139591 -139.67735635529513161
1500 0.75 300.74033859816773884 38361.577809074573452 6561.1162599078379571 31800.461549166735495 37967.008173158217687 0.81838446777488238482 156459.09262919897446 -172.92069183879826255
1505 0.75250000000000005773 305.84599657840180953 38360.428792674196302 6672.5040961648192024 31687.9246965093771 37332.233236953288724 0.81838954771100291818 156458.12145086677629 -450.61092969831292976
1510 0.75500000000000000444 303.5711294656505288 38360.938268550518842 6622.874346886173953 31738.063921664346708 37561.203331462384085 0.8184073626260504053 156454.71570420634816 -350.49475376589043663
1515 0.75750000000000006217 302.1791813540963858 38359.540500437004084 6592.5068430447008723 31767.033657392301393 37805.14627608157025 0.81843542144423642171 156449.35189136629924 -242.97916731289578252
1520 0.76000000000000000888 302.09087669789789743 38357.101214051421266 6590.580340207368863 31766.520873844052403 37178.356658722725115 0.8184710330408200285 156442.54479498730507 -516.64108350248739043
1525 0.76250000000000006661 298.57917441187737495 38355.657974658512103 6513.9671160680209141 31841.690858590493008 36934.327161474211607 0.81852078296467367657 156433.03617302802741 -623.00396025626696428
1530 0.76500000000000001332 301.23873724162865528 38352.221898711315589 6571.9895982128018659 31780.232300498515542 37454.274264127379865 0.81858700124640038087 156420.38177362407441 -393.6241898803621666
1535 0.76750000000000007105 305.31842683237675828 38349.510754181246739 6660.9943450784994639 31688.516409102743637 37641.429677879008523 0.81866286319362135959 156405.88697328572744 -310.42307954707194995
1540 0.77000000000000001776 304.09598516813224478 38345.186158088356024 6634.3248869092049063 31710.861271179150208 37134.179012945045542 0.81874602382741568096 156390.00071269780165 -530.96003656076300103
1545 0.77249999999999996447 297.43726991914343216 38341.844591708249936 6489.0547010276522997 31852.789890680596727 37273.427690619500936 0.81884115538509016918 156371.83159128192347 -468.49648508530913205
1550 0.7750000000000000222 298.77336010553659662 38336.7344303727441 6518.2035777214450718 31818.530852651299938 37650.499050552491099 0.81894632808429601578 156351.7496310310089 -300.95008480710248477
1555 0.77749999999999996891 301.2404143771709073 38331.083267341542523 6572.0261875221303853 31759.05707981940941 37295.47642343644111 0.81905712299400701415 156330.59972890914651 -454.22917824701391964
1560 0.78000000000000002665 296.43901879591322768 38327.644256736282841 6467.2763067270188913 31860.367950009265769 37205.153318451943051 0.81917666458923155126 156307.78656774156843 -492.40940697898935241
1565 0.78249999999999997335 295.31906281255993463 38322.426063933133264 6442.8427324116737509 31879.583331521462242 37687.346537487312162 0.81930550187745998514 156283.20688250300009 -278.63772055867679001
1570 0.78500000000000003109 296.63248509456178681 38318.6855593478831 6471.4970736641180338 31847.188485683764156 37843.052158076585329 0.81943744250187922074 156258.04315085880808 -208.71519819779967975
1575 0.7874999999999999778 302.17118706740711787 38313.669182927078509 6592.3324352993749926 31721.336747627701698 37721.971404913332663 0.8195702262051954845 156232.7268070250575 -259.68809241573035251
1580 0.79000000000000003553 306.59647618940613256 38308.290069479189697 6688.8769711886416189 31619.413098290551716 38210.154329483440961 0.8197040707329851239 156207.21650850222795 -43.077472966779303931
1585 0.79249999999999998224 304.73923911051883806 38303.441488743948867 6648.3584679057385074 31655.083020838213997 38361.288630423070572 0.81983327543944084503 156182.5984450984979 25.396470904613888564
1590 0.79500000000000003997 300.99299591398334996 38297.090295612659247 6566.6283705568766891 31730.461925055780739 37577.161111970614002 0.8199569058981784897 156159.04973643625272 -316.11618486341797052
1595 0.79749999999999998668 297.49999349761714029 38291.698726376780542 6490.423113035571987 31801.275613341211283 37479.563204538586433 0.82008365531530647008 156134.91431024519261 -356.65850744306573006
1600 0.80000000000000004441 298.49230077269601225 38284.65682631470554 6512.0718330832141874 31772.584993231488625 37905.208159342953877 0.82021501280430431091 156109.90929330632207 -166.66586884777333921
1605 0.80249999999999999112 298.21217655160478444 38278.662440449901624 6505.9604893560544951 31772.7019510938444 37671.013889194924559 0.82034621545138497467 156084.94174552097684 -266.94117684030612736
1610 0.80500000000000004885 299.10417935305287074 38271.830294901345042 6525.4209119642910082 31746.409382937057671 37350.964139518662705 0.8204797162240961006 156059.54506609117379 -404.60410591991438878
1615 0.80749999999999999556 299.97269527347879148 38264.648187451595732 6544.368931887582221 31720.27925556401533 37660.580063392073498 0.82061879055320330334 156033.09688237824594 -265.45646177879973493
1620 0.81000000000000005329 297.79629847552871524 38258.975158097338863 6496.8874650328107236 31762.087693064531777 37781.532283067244862 0.82075974636458137734 156006.30003729622695 -209.84730223093674795
1625 0.8125 298.56124707447668243 38251.933965036951122 6513.576003437554391 31738.35796159939855 37309.182448764957371 0.82090141974243369116 155979.37604988313979 -414.43284905142962771
1630 0.81500000000000005773 299.3076445277813491 38245.658009873921401 6529.8598198688923731 31715.79819000502539 37319.102569817245239 0.82104868619216464509 155951.3989891699166 -407.38613661763662321
1635 0.81750000000000000444 300.92882081499823244 38238.354391018074239 6565.2282913809494858 31673.126099637127481 37747.738727367112006 0.82120123495016594806 155922.42899836637662 -215.753042373857852
1640 0.82000000000000006217 302.24686649165982999 38230.862989942215791 6593.9834991484067359 31636.879490793806326 37622.285147358081304 0.82135396907474655936 155893.43458597877179 -267.67784147509451032
1645 0.82250000000000000888 302.28368463144857969 38223.44031179099693 6594.7867438902112553 31628.653567900782946 37218.636187106720172 0.82150817856427982289 155864.17103438382037 -442.03761363388684913
1650 0.82500000000000006661 303.81555020699295255 38214.820832319477631 6628.2067639066362972 31586.614068412840425 37335.818270646399469 0.82166830526744272234 155833.79622779949568 -386.76984000798370289
1655 0.82750000000000001332 302.35637435791363714 38206.440812814464152 6596.3725828516926413 31610.068229962769692 37629.446376717882231 0.82183264664093447216 155802.63423853905988 -253.93405021886891859
1660 0.83000000000000007105 297.71280733767196125 38196.772596505543333 6495.0659765530690493 31701.706619952470646 37267.396096298318298 0.82199809199345097444 155771.27550182703999 -409.09900334422690094
1665 0.83250000000000001776 293.15051041397447307 38188.490644099569181 6395.5324032781018104 31792.958240821470099 37156.423919063257927 0.82216814589300524219 155739.05640775250504 -454.39584098095122044
1670 0.83499999999999996447 298.09680576119967554 38178.34223907381238 6503.4434968821688017 31674.898742191646306 37809.673899884051934 0.82234346680663328311 155705.85335482010851 -162.35101721782294248
1675 0.8375000000000000222 299.63710385346968224 38169.583127885307476 6537.0474853108744355 31632.535642574435769 38264.225194572369219 0.8225157187150108351 155673.24530882699764 41.686395707766706664
1680 0.83999999999999996891 296.20771441215180175 38161.963374308768834 6462.2300433612226698 31699.733330947543436 38030.332395848628948 0.82267932306466939885 155642.28692766444874 -57.99020135257848807
1685 0.84250000000000002665 298.02989495142929854 38152.847740990728198 6501.9837339385139785 31650.864007052216039 38062.525913215242326 0.82283659966278233089 155612.53753462512395 -39.799007641592908158
1690 0.84499999999999997335 298.81097131478020401 38144.221283658596803 6519.0241245016786706 31625.197159156919952 38403.730750529844954 0.82298715055702642562 155584.07098242492066 114.37001685645817872
1695 0.84750000000000003109 296.49472436493226724 38135.911869808471238 6468.4916099895008301 31667.420259818969498 38260.521494128566701 0.82312758930188201223 155557.5258490430715 54.926847073062504023
1700 0.8499999999999999778 299.01481028129529705 38127.643235893978272 6523.471187253017888 31604.172048640957655 37988.364005248295143 0.82325968262070925441 155532.56639786172309 -61.402935147125653259
1705 0.85250000000000003553 303.57670793339275406 38117.929556937422603 6622.9960497996553386 31494.933507137764536 37994.365948533617484 0.82338709478201044245 155508.49905388333718 -54.482943578496417558
1710 0.85499999999999998224 297.35304402657038736 38110.25417456478317 6487.2171827358197334 31623.036991828961618 38060.929173096592422 0.82351006397095394274 155485.27802133120713 -21.752137653074221646
1715 0.85750000000000003997 295.06250488116904762 38102.177075276806136 6437.2455237927588314 31664.931551484045485 37864.725514862177079 0.82362824050483873783 155462.96854926235392 -104.73026013103947207
1720 0.85999999999999998668 300.99167481633088528 38092.471099158399738 6566.5995487655300167 31525.871550392868812 37672.291912160420907 0.82374408110442742803 155441.10626957658678 -185.35007605050142843
1725 0.86250000000000004441 300.85457645159135609 38083.551327688037418 6563.6085356068288093 31519.942792081208609 37531.709344235372555 0.82386021936359032924 155419.19398511352483 -243.4636878854863653
1730 0.86499999999999999112 297.12702676399925394 38074.847321679866582 6482.286266107249503 31592.561055572619807 37484.236952218554507 0.82397841107606450972 155396.90060892608017 -260.60504912155465718
1735 0.86750000000000004885 299.04741867768780139 38065.716132400106289 6524.1825899227678747 31541.533542477340234 37286.092224591549893 0.82409932863323054342 155374.0997001521755 -344.05718686514381943
1740 0.86999999999999999556 299.00010925632881253 38057.001688623138762 6523.1504616250740582 31533.851226998067432 36767.554507939414179 0.82422579891963487775 155350.2588947385957 -569.1355137400150852
1745 0.87250000000000005329 294.63546287757924347 38048.756759656927898 6427.928941100603879 31620.82781855632129 36528.187750446013524 0.82436393824903120287 155324.22672667595907 -671.26042766776185999
1750 0.875 293.30410783280120768 38040.477968210791005 6398.8833688547238125 31641.594599356067192 36866.363645077457477 0.82451593947717105593 155295.59238246025052 -518.41238331979457143
1755 0.87750000000000005773 294.42353394068067018 38031.320086905529024 6423.305383115958648 31608.014703789569467 36808.224991969902476 0.82467771988786420234 155265.12740916392067 -540.14506317959239823
1760 0.88000000000000000444 291.04485555821918297 38024.46741756080155 6349.5942814543141139 31674.873136106489255 36407.882114527237718 0.82484933692116368942 155232.8231575289683 -714.06735822114069379
1765 0.88250000000000006217 293.78801867632427047 38016.961752821414848 6409.4406333659771917 31607.521119455435837 36585.224207389896037 0.82503470628411457177 155197.94534048854257 -632.55975438882387607
1770 0.88500000000000000888 297.37141378803062253 38010.011678714392474 6487.6179475323515362 31522.3937311820373 37093.460106299156905 0.82523085186426436977 155161.05700680820155 -405.04034838788584239
1775 0.88750000000000006661 293.76397014414135356 38004.705840259739489 6408.9159773910996591 31595.789862868638011 36898.913802060313174 0.82543151243006640527 155123.33769876076258 -488.78788004288816182
1780 0.89000000000000001332 294.49330922407318667 37998.370565271645319 6424.8276389880520583 31573.542926283596898 36571.174660124728689 0.82563849639154140991 155084.44895617614384 -631.01466181221087481
1785 0.89250000000000007105 299.53620576313494439 37992.29428157415532 6534.8462372037047317 31457.44804437044877 37241.25663520557282 0.8258543615924721637 155043.91234670591075 -332.14758475435365881
1790 0.89500000000000001776 301.3950425243830864 37985.443466190976324 6575.3996400348269162 31410.043826156150317 37840.296553619700717 0.82607080844211555615 155003.28778275707737 -64.208275059977722776
1795 0.89749999999999996447 294.8766963991480452 37980.907710799983761 6433.1918239854785497 31547.715886814505211 37644.472910302662058 0.82628011961364056237 154964.02274540968938 -148.86552770279155311
1800 0.9000000000000000222 292.98766597070090256 37974.705448743683519 6391.9796995417882499 31582.725749201894359 37433.854350906309264 0.82648455077103621935 154925.69235617859522 -239.37477358150701434
1805 0.90249999999999996891 291.67423113157423131 37969.7293179131957 6363.3250843362184241 31606.404233576980914 38131.342464472909342 0.8266858509411364464 154887.96754428217537 71.545630551281561793
1810 0.90500000000000002665 289.60590370703329199 37965.730991223623278 6318.2013182354521632 31647.529672988173843 38586.232613762083929 0.82687585838305299735 154852.37590595052461 274.75724872462456005
1815 0.90749999999999997335 290.63747387863406857 37961.275152612543025 6340.7066191793646794 31620.568533433175617 38068.896834610881342 0.82704973157289807251 154819.82081823813496 47.664750645357557346
1820 0.91000000000000003109 290.87004996149789804 37958.908779630772187 6345.7806266306306497 31613.128153000143357 38003.588187745874166 0.82721341436997686269 154789.18623123248108 19.792055712562486747
1825 0.9124999999999999778 291.99712765237831036 37956.467413412996393 6370.3695720254672779 31586.097841387530934 38597.662839129086933 0.82736811553334999036 154760.24377292644931 284.0894597653361302
1830 0.91500000000000003553 290.15892078599034676 37956.214087856911647 6330.266242301391685 31625.947845555518143 38419.931886520513217 0.827507639741243195 154734.14999519102275 205.4904781048054474
1835 0.91749999999999998224 289.04265321753319995 37955.902145497624588 6305.913136469460369 31649.989009028166038 37428.666476094287646 0.82763548499237971079 154710.24813667451963 -233.67368754081221027
1840 0.92000000000000003997 289.97575600676987051 37956.174649048014544 6326.2702189651554363 31629.904430082860927 37471.817014357657172 0.82776356596081024364 154686.30961217026925 -214.70313298658987833
1845 0.92249999999999998668 292.32897716124278986 37957.094192302960437 6377.609383015246749 31579.484809287710959 38034.480791032023262 0.8278918299851080187 154662.34429706988158 34.30878046760176403
1850 0.92500000000000004441 293.90742197107613265 37958.477310961068724 6412.0456011675523769 31546.431709793516347 37405.560282054037089 0.82801478420185958829 154639.37805568528711 -245.16811161133873043
1855 0.92749999999999999112 294.26046723085414669 37961.857106221963477 6419.7478302905565215 31542.109275931408774 36845.536168364313198 0.82813973819674069343 154616.04526876207092 -495.06089233597424482
1860 0.93000000000000004885 296.27055008050217566 37964.475031206326094 6463.6009007834018121 31500.874130422922462 37365.29755010392546 0.82827326137566525954 154591.1201301155088 -265.76332552803995668
1865 0.93249999999999999556 292.36042917134329855 37968.418810188653879 6378.2955573270774039 31590.123252861576475 37487.279262462208862 0.82840962330049516815 154565.67336789832916 -213.44309808617128965
1870 0.93500000000000005329 289.31184697842815012 37972.717743200133555 6311.78601527882347 31660.931727921306447 36835.233938357021543 0.82854766270726265542 154539.92209875755361 -504.69458329621039638
1875 0.9375 294.47199100110753989 37976.220375586395676 6424.3625489373316668 31551.85782664906219 37054.629104643849132 0.82869433049366314492 154512.57060442402144 -408.97677437615891449
1880 0.94000000000000005773 298.43538597300835136 37981.307160404518072 6510.8301485808933649 31470.477011823622888 37881.331926901053521 0.82884647083317397609 154484.20878377609188 -44.374394991933115762
1885 0.94250000000000000444 298.57151072301707018 37986.358104354367242 6513.7999208263499895 31472.558183528013615 37720.638018002282479 0.82899457035542178929 154456.61024654333596 -117.96196437137325574
1890 0.94500000000000006217 297.6180027742543075 37992.017131475105998 6492.9976681729813208 31499.019463302127406 37365.411967447820643 0.82913994279746405791 154429.52949278618325 -278.21960650455150699
1895 0.94750000000000000888 296.62223500269629994 37996.621793483347574 6471.2734520351823448 31525.348341448167048 37637.528970091567317 0.8292868242005867474 154402.17728446266847 -159.46942051527139483
1900 0.95000000000000006661 292.6765689639717607 38002.690717362886062 6385.1926365266517678 31617.498080836234294 37801.475045720057096 0.8294323159501912901 154375.09340735315345 -89.37348229680088707
1905 0.95250000000000001332 293.8633950265649446 38008.664686461343081 6411.0850851860486728 31597.57960127529077 37493.193574180368159 0.82957484113203683318 154348.57098023820436 -228.99491017586851171
1910 0.95500000000000007105 299.0789296452128383 38013.597366608184529 6524.8700504821254071 31488.727316126056394 37445.439694866232458 0.82971808872001795443 154321.9233021872642 -252.44417765031687395
1915 0.95750000000000001776 298.05071905705386826 38020.826056915677327 6502.4380440541708595 31518.388012861509196 37933.749820603436092 0.82986227952018287723 154295.10945348843234 -38.696492255937009475
1920 0.95999999999999996447 299.79165298834129771 38025.758804838034848 6540.4192140469913284 31485.339590791041701 37976.007059028597723 0.83000208108850037636 154269.12072553604958 -22.113293558634492086
1925 0.9625000000000000222 296.57341814137367919 38032.625601800042205 6470.20843660002447 31562.417165200015006 37646.651124494528631 0.83013679760432601551 154244.08557650566217 -171.58296890525184608
1930 0.96499999999999996891 289.87671269192981072 38038.287178356382356 6324.1094356579960731 31714.177742698386282 37520.399674396045157 0.8302709601846599563 154219.1614426812157 -230.26143419969824322
1935 0.96750000000000002665 282.96202863705059372 38045.850330361892702 6173.2548938427344183 31872.595436519157374 37918.881327221701213 0.83040582470341239851 154194.11502276020474 -56.461709308217578496
1940 0.96999999999999997335 285.11395011087626017 38053.416776980448049 6220.2023935954275657 31833.214383385020483 37977.632813927950338 0.83053720710807188432 154169.72310697045759 -33.70562081974200197
1945 0.97250000000000003109 290.03398342722124426 38062.269046741821512 6327.5405403223658141 31734.728506419454789 37927.928598503895046 0.83066425592218640084 154146.14308609746513 -59.758300932117691673
1950 0.9749999999999999778 292.34604653806195529 38073.989996069569315 6377.9817779068562231 31696.008218162711273 38590.114192194872885 0.83078673502279676288 154123.41802300745621 229.61999237635902205
1955 0.97750000000000003553 297.90549117975740501 38083.871331077338255 6499.2696729884100932 31584.601658088926342 39129.398574627259222 0.83089696544666957756 154102.97133659035899 465.20936817598584412
1960 0.97999999999999998224 296.08993037230891332 38096.876455478319258 6459.660402113318014 31637.216053364998515 38985.150553472114552 0.83098851881091584382 154085.99318930332083 395.28282697416210567
1965 0.98250000000000003997 296.32121745250464073 38107.631339257401123 6464.7062879750292268 31642.925051282374625 38806.903656572816544 0.83106391385454436715 154072.01433643125347 311.20508586975341814
1970 0.98499999999999998668 297.79723547551196816 38119.405975881862105 6496.9079071386295254 31622.498068743228941 39425.347034184545919 0.83112514721898500536 154060.66304013665649 581.24057552516626401
1975 0.98750000000000004441 300.60778432557060569 38130.6327680269751 6558.2243831569130634 31572.408384870064765 39580.337737502632081 0.83116613832533836614 154053.06514035182772 645.25799524992180523
1980 0.98999999999999999112 299.92509786375507019 38142.018071364989737 6543.330520677687673 31598.687550687303883 39124.670042829806334 0.83118579649453838698 154049.42166950201499 437.38488239522530421
1985 0.99250000000000004885 296.07973231775889644 38153.581703559721063 6459.4379157590110481 31694.143787800712744 38914.234197209880222 0.83119041020094908134 154048.56658407801297 338.57332795707878859
1990 0.99499999999999999556 293.04620418724761066 38164.045385038371023 6393.2568013971658729 31770.78858364120606 38816.775646382739069 0.83118408077438354908 154049.73965646026772 290.53395054564083466
1995 0.99750000000000005329 292.27237739359190982 38176.785989778552903 6376.3745714247161231 31800.41141835383678 38540.317711156691075 0.83116893509893641223 154052.54677215122501 161.80708764255624033
2000 1 300.4782564029010814 38187.02386689010018 6555.3985309167364903 31631.625335973367328 37951.555765394921764 0.83114991475611832428 154056.07216775036068 -104.80388260842211423
