| *********************************************************************************************************
| **                                                                                                     **
| **           888888888888                                                                              **
| **         8888888888888888                                                                            **
| **      888888888888888888                                                                             **
| **     888888888888888888                                                                              **
| **    888888888888888                                                                                  **
| **   88888888888888888888                               88888                       8888:              **
| **   8888888888888888888888Z                            88888                       8888:              **
| **   888888888888888888888888?                          88888                       8888:              **
| **   8888888888888      8888888                                        888888       8888:              **
| **    88888888888         888888     8888:     88888    88888        888888888I     8888:    888888    **
| **    8888888888           88888:    8888:     88888    88888      $888888888888    8888:   888888     **
| **    I8Z 88888             88888    8888:     88888    88888    .888888     8888   8888: 888888       **
| **    .8Z 88888             88888    8888:     88888    88888    $88888             8888:88888         **
| **     8I 88888      .=88. .88888    8888:     88888    88888    88888              8888888888         **
| **    :8  88888      888888$8888$    8888:     88888    88888    8888O              88888888888        **
| **   ,7   +88888.     8888888888.    8888:     88888    88888    888888             88888O888888       **
| **         $888888:.   .8888888      88888....888888    88888     888888     8888   8888:  888888      **
| **          I8888888888888888888     888888888888888    88888     O888888888888O    8888:   888888     **
| **            O888888888888888888     88888888888888    88888       88888888888$    8888:    888888    **
| **               8888888Z     888      .8888I  88888    88888         8888888       8888:     888888   **
| **                                                                                                     **
| **                                                                                                     **
| **                                         Copyright (c) 2025                                          **
| **                          Regents of the University of California San Diego                          **
| **                                    & Michigan State University                                      **
| **                                        All Rights Reserved.                                         **
| **                                                                                                     **
| **             This software is subject to the terms of the Mozilla Public License, v. 2.0.            **
| **                                                                                                     **
| *********************************************************************************************************
|                                                                                                          
| Cite this work as:                                                                                       
| Manathunga, M.; O'Hearn, K. A.; Shajan, A.; Smith, J.; Miao, Y.; He, X.; Ayers, K.;                      
| Brothers, E.; Palos, E.; Tripathy, V.; Goetz, A.W.; Merz, K.M. QUICK-25.03.                              
| University of California,San Diego, CA and                                                               
| Michigan State University, East Lansing, MI, 2025                                                        
|                                                                                                          
| If you have any comments or queries, please reach out to us on GitHub issues or discussion sections:     
| https://github.com/merzlab/QUICK.                                                                        
|                                                                                                          
| TASK STARTS ON: Tue Jul 15 10:17:08 2025
| INPUT FILE :    dopamine_esp.in
| OUTPUT FILE:    dopamine_esp.out
| BASIS SET PATH: /expanse/projects/qstore/csd973/QUICK/install/basis

 @ Read Job And Atom

  KEYWORD=B3LYP BASIS=6-31G ESP_CHARGE
 ============== JOB CARD =============
 METHOD = DENSITY FUNCTIONAL THEORY
 DENSITY FUNCTIONAL = B3LYP
 DIRECT SCF 
 SAD INITAL GUESS 
 USE DIIS SCF
 PRINT ENERGY EVERY CYCLE
 READ SAD GUESS FROM FILE
 STANDARD GRID = SG1
 ESP CHARGE CALCULATION
 ESP grids are created at 0.250 A spacing 
 Van der waals radii for ESP charges are obtained from J. Phys. Chem. 1964, 68, 3, 441–451
 MAX SCF CYCLES =    200
 MAX DIIS CYCLES =   10
 DELTA DENSITY START CYCLE =    3
 COMPUTATIONAL CUTOFF: 
      TWO-e INTEGRAL   =  0.100E-06
      BASIS SET PRIME  =  0.100E-07
      MATRIX ELEMENTS  =  0.100E-09
      BASIS FUNCTION   =  0.100E-05
 DENSITY MATRIX MAXIMUM RMS FOR CONVERGENCE  =  0.100E-05
 BASIS SET = 6-31G,  TYPE = CARTESIAN
| BASIS FILE = /expanse/projects/qstore/csd973/QUICK/install/basis/6-31G.BAS
| DATA FILE  =    dopamine_esp.dat

 @ Finish reading job


 @ Begin SAD initial guess

 For Atom Kind =    1
 ELEMENT = O 
 BASIS FUNCTIONS =    9
 For Atom Kind =    2
 ELEMENT = N 
 BASIS FUNCTIONS =    9
 For Atom Kind =    3
 ELEMENT = C 
 BASIS FUNCTIONS =    9
 For Atom Kind =    4
 ELEMENT = H 
 BASIS FUNCTIONS =    2

 @ Finish SAD initial guess


 @ Begin Reading Molecular Information


 =========== Molecule Input ==========
 TOTAL MOLECULAR CHARGE  =    0    MULTIPLICITY                =    1
 TOTAL ATOM NUMBER       =   22    NUMBER OF ATOM TYPES        =    4
 NUMBER OF HYDROGEN ATOM =   11    NUMBER OF NON-HYDROGEN ATOM =   11
 NUMBER OF ELECTRONS     =   82

 -- INPUT GEOMETRY -- :
    O          -2.3717       1.9086       0.0619
    O          -3.4755      -0.4905       0.3791
    N           4.3651       0.1490       0.3022
    C           2.1167      -0.0822      -0.6862
    C           0.6310      -0.2176      -0.4346
    C           2.9318       0.0820       0.6078
    C          -0.1851       0.9189      -0.3215
    C           0.0363      -1.4698      -0.2679
    C          -1.5480       0.8224      -0.0498
    C          -1.3303      -1.5801       0.0053
    C          -2.1332      -0.4476       0.1179
    H           2.3081       0.7837      -1.3364
    H           2.4984      -0.9616      -1.2171
    H           2.5442       0.9535       1.1667
    H           2.7642      -0.7947       1.2453
    H           0.2515       1.9091      -0.4540
    H           0.6380      -2.3708      -0.3549
    H          -1.7829      -2.5630       0.1279
    H           4.9000       0.1981       1.1680
    H           4.5667       1.0135      -0.1998
    H          -1.8420       2.7082      -0.0806
    H          -3.7390      -1.4198       0.4642

 -- DISTANCE MATRIX -- :
              1           2           3           4           5
      1     0.00000
      2     5.02629     0.00000
      3    13.16570    14.86646     0.00000
      4     9.38593    10.78540     4.66183     0.00000
      5     7.01596     7.92786     7.22573     2.85898     0.00000
      6    10.65013    12.16398     2.77225     2.90672     4.80680
      7     4.59315     6.89262     8.80018     4.79327     2.65278
      8     7.86477     6.99721     8.79962     4.79121     2.63841
      9     2.58469     4.48105    11.26603     7.23389     4.62039
     10     6.88098     4.60136    11.26167     7.22146     4.58874
     11     4.47658     2.58547    12.33647     8.20271     5.34460
     12     9.47158    11.65158     5.11246     2.07801     4.06553
     13    10.95270    11.71898     5.00912     2.07084     4.07629
     14     9.69108    11.79262     4.10123     4.09198     5.20829
     15    11.19355    11.91831     3.93798     4.07834     5.24572
     16     5.05212     8.52310     8.57520     5.17464     4.08254
     17     9.91801     8.65880     8.59199     5.18689     4.07170
     18     8.52408     5.07896    12.70240     8.86842     6.44845
     19    14.27057    15.95062     1.92537     6.34214     8.65269
     20    13.22968    15.49969     1.92727     5.15440     7.80538
     21     1.83242     6.84259    12.70828     9.22393     7.27041
     22     6.84207     1.83237    15.60181    11.55700     8.73170
              6           7           8           9          10
      6     0.00000
      7     6.34661     0.00000
      8     6.42471     4.53444     0.00000
      9     8.67003     2.63246     5.28177     0.00000
     10     8.71955     5.23116     2.64182     4.55990     0.00000
     11     9.66803     4.57267     4.59030     2.66144     2.63199
     12     4.07997     5.09335     6.37509     7.68226     8.58222
     13     4.05623     6.41952     5.07812     8.64314     7.68440
     14     2.08908     5.87495     7.12601     8.07143     9.01922
     15     2.07268     7.09336     6.03143     9.04066     8.21957
     16     6.45001     2.06024     6.40767     4.04519     7.29124
     17     6.60179     6.40859     2.05399     7.33557     4.06579
     18    10.25598     7.28922     4.07996     6.42182     2.05809
     19     3.87326    10.10548    10.08818    12.45639    12.43919
     20     3.86951     8.98440     9.76381    11.56426    12.18000
     21    10.37815     4.63080     8.66373     3.60712     8.16281
     22    12.92438     8.17547     7.26785     6.00329     4.64362
             11          12          13          14          15
     11     0.00000
     12     9.13268     0.00000
     13     9.16044     3.32540     0.00000
     14     9.43745     4.76196     5.77908     0.00000
     15     9.51939     5.78283     4.69092     3.33296     0.00000
     16     6.42713     4.73366     7.03830     5.60469     7.67884
     17     6.43663     6.99541     4.70171     7.79154     5.84464
     18     4.05212    10.36442     9.00413    10.71809     9.45842
     19    13.49335     6.90018     6.76121     4.67507     4.45314
     20    12.97240     4.79777     5.73610     4.61398     5.54397
     21     6.00067     8.96465    10.95374     9.23339    11.21898
     22     3.60722    12.62937    12.23839    12.76160    12.43392
             16          17          18          19          20
     16     0.00000
     17     8.12283     0.00000
     18     9.34926     4.67899     0.00000
     19     9.84965     9.83442    13.80490     0.00000
     20     8.34222     9.80335    13.78546     3.07447     0.00000
     21     4.29300    10.69361     9.96967    13.79822    12.52909
     22     9.97232     8.60470     4.32853    16.66235    16.40329
             21          22
     21     0.00000
     22     8.64649     0.00000

============== BASIS INFOS ==============
 BASIS FUNCTIONS =  121
 NSHELL =   55 NPRIM  =  286
 JSHELL =   55 JBASIS =  154


 @ End Reading Molecular Information 


 @ Begin XC Quadrature Formation

 OCTAGO: OCTree Algorithm for Grid Operations 
   PRUNING CUTOFF       = 0.100E-06
   INITIAL GRID POINTS  =       83248
|   FINAL GRID POINTS    =       53558
|   SIGNIFICANT NUMBER OF BASIS FUNCTIONS     =       46391
|   SIGNIFICANT NUMBER OF PRIMITIVE FUNCTIONS =       54571

 @ End XC Quadrature Formation


 @ Begin Energy Calculation

                                         SCF ENERGY
| ------------------------------------------------------------------------------------------------------------------------
| NCYC       ENERGY         DELTA_E      SCF_TIME  DII_CYC   DII_TIME   O_TIME  DIAG_TIME    MAX_ERR    RMS_CHG    MAX_CHG
| ------------------------------------------------------------------------------------------------------------------------
|  1   -518.430928296      ------         1.554     1        0.01      1.54      0.00    0.2026E+01  0.4208E-01  0.5190E+00
|  2   -516.180334396  -.225059E+01       2.229     2        0.01      2.22      0.00    0.2370E+00  0.2593E-01  0.3340E+00
|  3   -516.090115986  -.902184E-01       2.130     3        0.01      2.12      0.00    0.3072E+00  0.1358E-01  0.1986E+00
|  4   -516.490703311  0.400587E+00       2.068     4        0.01      2.05      0.00    0.5624E-01  0.2371E-02  0.3546E-01
|  5   -516.498915268  0.821196E-02       1.905     5        0.01      1.89      0.00    0.1380E-01  0.8259E-03  0.1073E-01
|  6   -516.499623801  0.708533E-03       1.796     6        0.01      1.78      0.00    0.5728E-02  0.3071E-03  0.4631E-02
|  7   -516.499786831  0.163030E-03       1.698     7        0.01      1.68      0.00    0.8827E-03  0.8550E-04  0.1472E-02
|  8   -516.499792270  0.543898E-05       1.552     8        0.01      1.54      0.00    0.6953E-03  0.2844E-04  0.4123E-03
|  9   -516.499795192  0.292218E-05       1.439     9        0.01      1.43      0.00    0.4997E-04  0.4988E-05  0.5632E-04
| -------------- 2E-INT CUTOFF CHANGE TO 0.1000E-08 ------------
| 10   -516.499795208  0.163855E-07       1.654    10        0.01      1.64      0.00    0.2949E-04  0.1862E-05  0.3246E-04
| 11   -516.499795206  -.230034E-08       1.555     1        0.01      1.54      0.00    0.9557E-05  0.5182E-06  0.8846E-05
| ------------------------------------------------------------------------------------------------------------------------
| REACH CONVERGENCE AFTER  11 CYCLES
| MAX ERROR = 0.955711E-05   RMS CHANGE = 0.518205E-06   MAX CHANGE = 0.884581E-05
| -----------------------------------------------
 ALPHA ELECTRON DENSITY    =    41.0000767529
 BETA ELECTRON DENSITY     =    41.0000767529
 ELECTRONIC ENERGY    =  -1106.540139584
 CORE_CORE REPULSION  =    590.040344377
 TOTAL ENERGY         =   -516.499795206

 @ End Energy calculation

 *** Printing Electrostatic Potential (ESP) at points on vdw surface to dopamine_esp.vdw with coordinates in angstroms***
  ESP charges:
  ----------------
     1   O     -0.622021
     2   O     -0.614867
     3   N     -1.103632
     4   C     -0.087229
     5   C      0.000162
     6   C      0.349855
     7   C     -0.397113
     8   C     -0.196666
     9   C      0.366510
    10   C     -0.327867
    11   C      0.317737
    12   H      0.073125
    13   H      0.065650
    14   H     -0.042407
    15   H      0.025249
    16   H      0.162203
    17   H      0.161489
    18   H      0.159797
    19   H      0.411793
    20   H      0.393567
    21   H      0.452896
    22   H      0.451770
  ----------------
  Net charge =   0.000000
  

 @ Output Timing Information

------------- TIMING ---------------
| INITIAL GUESS TIME  =     0.255897000(  0.92%)
| DFT GRID OPERATIONS =     0.287449000(  1.04%)
| ESP COMPUTATION TIME =     7.143676000( 25.82%)
| ESP Surface Creation TIME =     0.082829000(  0.30%)
| ESP Charge COMPUTATION TIME =     0.024989000(  0.09%)
| TOTAL SCF TIME      =    19.604637000( 70.86%)
|       TOTAL OP TIME      =    19.457080000( 70.33%)
|             TOTAL 1e TIME      =     0.024184000(  0.09%)
|             TOTAL 2e TIME      =    12.169768000( 43.99%)
|             TOTAL EXC TIME     =     7.237709000( 26.16%)
|       TOTAL DII TIME      =     0.147167000(  0.53%)
|             TOTAL DIAG TIME    =     0.035934000(  0.13%)
| TOTAL TIME          =    27.666665000
------------------------------------
| Job cpu time:  0 days  0 hours  0 minutes 27.7 seconds.

 @ Finish Output Timing Information

| Normal Termination. Task Finished on: Tue Jul 15 10:17:36 2025
