| *********************************************************************************************************
| **                                                                                                     **
| **           888888888888                                                                              **
| **         8888888888888888                                                                            **
| **      888888888888888888                                                                             **
| **     888888888888888888                                                                              **
| **    888888888888888                                                                                  **
| **   88888888888888888888                               88888                       8888:              **
| **   8888888888888888888888Z                            88888                       8888:              **
| **   888888888888888888888888?                          88888                       8888:              **
| **   8888888888888      8888888                                        888888       8888:              **
| **    88888888888         888888     8888:     88888    88888        888888888I     8888:    888888    **
| **    8888888888           88888:    8888:     88888    88888      $888888888888    8888:   888888     **
| **    I8Z 88888             88888    8888:     88888    88888    .888888     8888   8888: 888888       **
| **    .8Z 88888             88888    8888:     88888    88888    $88888             8888:88888         **
| **     8I 88888      .=88. .88888    8888:     88888    88888    88888              8888888888         **
| **    :8  88888      888888$8888$    8888:     88888    88888    8888O              88888888888        **
| **   ,7   +88888.     8888888888.    8888:     88888    88888    888888             88888O888888       **
| **         $888888:.   .8888888      88888....888888    88888     888888     8888   8888:  888888      **
| **          I8888888888888888888     888888888888888    88888     O888888888888O    8888:   888888     **
| **            O888888888888888888     88888888888888    88888       88888888888$    8888:    888888    **
| **               8888888Z     888      .8888I  88888    88888         8888888       8888:     888888   **
| **                                                                                                     **
| **                                                                                                     **
| **                                         Copyright (c) 2025                                          **
| **                          Regents of the University of California San Diego                          **
| **                                    & Michigan State University                                      **
| **                                        All Rights Reserved.                                         **
| **                                                                                                     **
| **             This software is subject to the terms of the Mozilla Public License, v. 2.0.            **
| **                                                                                                     **
| *********************************************************************************************************
|                                                                                                          
| Cite this work as:                                                                                       
| Manathunga, M.; O'Hearn, K. A.; Shajan, A.; Smith, J.; Miao, Y.; He, X.; Ayers, K.;                      
| Brothers, E.; Palos, E.; Tripathy, V.; Goetz, A.W.; Merz, K.M. QUICK-25.03.                              
| University of California,San Diego, CA and                                                               
| Michigan State University, East Lansing, MI, 2025                                                        
|                                                                                                          
| If you have any comments or queries, please reach out to us on GitHub issues or discussion sections:     
| https://github.com/merzlab/QUICK.                                                                        
|                                                                                                          
| TASK STARTS ON: Mon Jul 14 22:07:16 2025
| INPUT FILE :    dopamine_opt_dlfind.in
| OUTPUT FILE:    dopamine_opt_dlfind.out
| BASIS SET PATH: /home/vtripathy/QUICK_dev/QUICK/install_cuda/basis

| - MPI Enabled -
| TOTAL RANKS     =     4
| MASTER NAME     = exp-16-57                     

|------------ GPU INFORMATION -------------------------------
| CUDA ENABLED DEVICES          :        4
|                                                            
|        --    MPI RANK   0 --          
|   CUDA DEVICE IN USE          :        0
|   CUDA DEVICE NAME            : NVIDIA A100-PCIE-40GB
|   CUDA DEVICE PM              :      108
|   CUDA DEVICE CORE FREQ(GHZ)  :     1.41
|   CUDA DEVICE MEMORY SIZE (MB):    40513
|   SUPPORTING CUDA VERSION     :      8.0
|                                                            
|        --    MPI RANK   1 --          
|   CUDA DEVICE IN USE          :        1
|   CUDA DEVICE NAME            : NVIDIA A100-PCIE-40GB
|   CUDA DEVICE PM              :      108
|   CUDA DEVICE CORE FREQ(GHZ)  :     1.41
|   CUDA DEVICE MEMORY SIZE (MB):    40513
|   SUPPORTING CUDA VERSION     :      8.0
|                                                            
|        --    MPI RANK   2 --          
|   CUDA DEVICE IN USE          :        2
|   CUDA DEVICE NAME            : NVIDIA A100-PCIE-40GB
|   CUDA DEVICE PM              :      108
|   CUDA DEVICE CORE FREQ(GHZ)  :     1.41
|   CUDA DEVICE MEMORY SIZE (MB):    40513
|   SUPPORTING CUDA VERSION     :      8.0
|                                                            
|        --    MPI RANK   3 --          
|   CUDA DEVICE IN USE          :        3
|   CUDA DEVICE NAME            : NVIDIA A100-PCIE-40GB
|   CUDA DEVICE PM              :      108
|   CUDA DEVICE CORE FREQ(GHZ)  :     1.41
|   CUDA DEVICE MEMORY SIZE (MB):    40513
|   SUPPORTING CUDA VERSION     :      8.0
|------------------------------------------------------------

 @ Read Job And Atom

  KEYWORD=B3LYP BASIS=6-31G OPTIMIZE
 ============== JOB CARD =============
 METHOD = DENSITY FUNCTIONAL THEORY
 DENSITY FUNCTIONAL = B3LYP
 DIRECT SCF 
 SAD INITAL GUESS 
 USE DIIS SCF
 PRINT ENERGY EVERY CYCLE
 READ SAD GUESS FROM FILE
 STANDARD GRID = SG1
 GEOMETRY OPTIMIZATION ANALYTICAL GRADIENT
 REQUEST CRITERIA FOR GEOMETRY CONVERGENCE: 
      MAX ALLOWED GEO CHANGE  =  0.189E+00
      MAX GEOMETRY CHANGE     =  0.180E-02
      GEOMETRY CHANGE RMS     =  0.120E-02
      MAX GRADIENT CHANGE     =  0.100E-02
      GRADIENT NORMALIZATION  =  0.300E-03
      MAX OPTIMIZATION CYCLE  =     0
 GRADIENT CALCULATION
 MAX SCF CYCLES =    200
 MAX DIIS CYCLES =   10
 DELTA DENSITY START CYCLE =    3
 COMPUTATIONAL CUTOFF: 
      TWO-e INTEGRAL   =  0.100E-06
      BASIS SET PRIME  =  0.100E-07
      MATRIX ELEMENTS  =  0.100E-09
      BASIS FUNCTION   =  0.100E-05
      GRADIENT CUTOFF  =  0.100E-06
 DENSITY MATRIX MAXIMUM RMS FOR CONVERGENCE  =  0.100E-05
 BASIS SET = 6-31G,  TYPE = CARTESIAN
| BASIS FILE = /home/vtripathy/QUICK_dev/QUICK/install_cuda/basis/6-31G.BAS
| DATA FILE  =    dopamine_opt_dlfind.dat

 @ Finish reading job


 @ Begin SAD initial guess

 For Atom Kind =    1
 ELEMENT = O 
 BASIS FUNCTIONS =    9
 For Atom Kind =    2
 ELEMENT = N 
 BASIS FUNCTIONS =    9
 For Atom Kind =    3
 ELEMENT = C 
 BASIS FUNCTIONS =    9
 For Atom Kind =    4
 ELEMENT = H 
 BASIS FUNCTIONS =    2

 @ Finish SAD initial guess


 @ Begin Reading Molecular Information


 =========== Molecule Input ==========
 TOTAL MOLECULAR CHARGE  =    0    MULTIPLICITY                =    1
 TOTAL ATOM NUMBER       =   22    NUMBER OF ATOM TYPES        =    4
 NUMBER OF HYDROGEN ATOM =   11    NUMBER OF NON-HYDROGEN ATOM =   11
 NUMBER OF ELECTRONS     =   82

 -- INPUT GEOMETRY -- :
    O          -2.3717       1.9086       0.0619
    O          -3.4755      -0.4905       0.3791
    N           4.3651       0.1490       0.3022
    C           2.1167      -0.0822      -0.6862
    C           0.6310      -0.2176      -0.4346
    C           2.9318       0.0820       0.6078
    C          -0.1851       0.9189      -0.3215
    C           0.0363      -1.4698      -0.2679
    C          -1.5480       0.8224      -0.0498
    C          -1.3303      -1.5801       0.0053
    C          -2.1332      -0.4476       0.1179
    H           2.3081       0.7837      -1.3364
    H           2.4984      -0.9616      -1.2171
    H           2.5442       0.9535       1.1667
    H           2.7642      -0.7947       1.2453
    H           0.2515       1.9091      -0.4540
    H           0.6380      -2.3708      -0.3549
    H          -1.7829      -2.5630       0.1279
    H           4.9000       0.1981       1.1680
    H           4.5667       1.0135      -0.1998
    H          -1.8420       2.7082      -0.0806
    H          -3.7390      -1.4198       0.4642

 -- DISTANCE MATRIX -- :
              1           2           3           4           5
      1     0.00000
      2     5.02629     0.00000
      3    13.16570    14.86646     0.00000
      4     9.38593    10.78540     4.66183     0.00000
      5     7.01596     7.92786     7.22573     2.85898     0.00000
      6    10.65013    12.16398     2.77225     2.90672     4.80680
      7     4.59315     6.89262     8.80018     4.79327     2.65278
      8     7.86477     6.99721     8.79962     4.79121     2.63841
      9     2.58469     4.48105    11.26603     7.23389     4.62039
     10     6.88098     4.60136    11.26167     7.22146     4.58874
     11     4.47658     2.58547    12.33647     8.20271     5.34460
     12     9.47158    11.65158     5.11246     2.07801     4.06553
     13    10.95270    11.71898     5.00912     2.07084     4.07629
     14     9.69108    11.79262     4.10123     4.09198     5.20829
     15    11.19355    11.91831     3.93798     4.07834     5.24572
     16     5.05212     8.52310     8.57520     5.17464     4.08254
     17     9.91801     8.65880     8.59199     5.18689     4.07170
     18     8.52408     5.07896    12.70240     8.86842     6.44845
     19    14.27057    15.95062     1.92537     6.34214     8.65269
     20    13.22968    15.49969     1.92727     5.15440     7.80538
     21     1.83242     6.84259    12.70828     9.22393     7.27041
     22     6.84207     1.83237    15.60181    11.55700     8.73170
              6           7           8           9          10
      6     0.00000
      7     6.34661     0.00000
      8     6.42471     4.53444     0.00000
      9     8.67003     2.63246     5.28177     0.00000
     10     8.71955     5.23116     2.64182     4.55990     0.00000
     11     9.66803     4.57267     4.59030     2.66144     2.63199
     12     4.07997     5.09335     6.37509     7.68226     8.58222
     13     4.05623     6.41952     5.07812     8.64314     7.68440
     14     2.08908     5.87495     7.12601     8.07143     9.01922
     15     2.07268     7.09336     6.03143     9.04066     8.21957
     16     6.45001     2.06024     6.40767     4.04519     7.29124
     17     6.60179     6.40859     2.05399     7.33557     4.06579
     18    10.25598     7.28922     4.07996     6.42182     2.05809
     19     3.87326    10.10548    10.08818    12.45639    12.43919
     20     3.86951     8.98440     9.76381    11.56426    12.18000
     21    10.37815     4.63080     8.66373     3.60712     8.16281
     22    12.92438     8.17547     7.26785     6.00329     4.64362
             11          12          13          14          15
     11     0.00000
     12     9.13268     0.00000
     13     9.16044     3.32540     0.00000
     14     9.43745     4.76196     5.77908     0.00000
     15     9.51939     5.78283     4.69092     3.33296     0.00000
     16     6.42713     4.73366     7.03830     5.60469     7.67884
     17     6.43663     6.99541     4.70171     7.79154     5.84464
     18     4.05212    10.36442     9.00413    10.71809     9.45842
     19    13.49335     6.90018     6.76121     4.67507     4.45314
     20    12.97240     4.79777     5.73610     4.61398     5.54397
     21     6.00067     8.96465    10.95374     9.23339    11.21898
     22     3.60722    12.62937    12.23839    12.76160    12.43392
             16          17          18          19          20
     16     0.00000
     17     8.12283     0.00000
     18     9.34926     4.67899     0.00000
     19     9.84965     9.83442    13.80490     0.00000
     20     8.34222     9.80335    13.78546     3.07447     0.00000
     21     4.29300    10.69361     9.96967    13.79822    12.52909
     22     9.97232     8.60470     4.32853    16.66235    16.40329
             21          22
     21     0.00000
     22     8.64649     0.00000

============== BASIS INFOS ==============
 BASIS FUNCTIONS =  121
 NSHELL =   55 NPRIM  =  286
 JSHELL =   55 JBASIS =  154


 @ End Reading Molecular Information 


***********************************************************************
**                                                                   **
**                       ---------------------                       **
**                              DL-FIND                              **
**                       Geometry Optimisation                       **
**                       ---------------------                       **
**                                                                   **
**                 J. Kaestner, J.M. Carr, T.W. Keal,                **
**                W. Thiel, A. Wander and P. Sherwood                **
**                                                                   **
**              J. Phys. Chem. A, 2009, 113 (43), 11856.             **
**                                                                   **
**   Please include this reference in published work using DL-FIND.  **
**                                                                   **
**               Copyright:  STFC Daresbury Laboratory               **
**                           Revision:                               **
**                                                                   **
***********************************************************************

Residue member list:
    0 :     1    1    1    1    1    1    1    1    1    1
   10 :     1    1    1    1    1    1    1    1    1    1
   20 :     1    1

Generating new HDLC for    1 residues

Located a new residue for HDLC
   Residue number is    1
   Number of atoms it contains    22
   Atoms:      1     2     3     4     5     6     7     8     9    10
   Atoms:     11    12    13    14    15    16    17    18    19    20
   Atoms:     21    22
   Generating HDLC for residue    1
       System near planar - making improper
       System near planar - making improper
       System near planar - making improper
       System near planar - making improper
       System near planar - making improper
       System near planar - making improper

   The Cartesian coordinates
         1    -4.48195039676699     3.60675586366527     0.11703640858801
         2    -6.56775262347472    -0.92687854283615     0.71639139752468
         3     8.24880007895807     0.28149171502851     0.57115649558176
         4     3.99997007739611    -0.15541107716852    -1.29678676417011
         5     1.19243608711217    -0.41126865720443    -0.82133166913609
         6     5.54031797365546     0.15490652029103     1.14862278672122
         7    -0.34986389624245     1.73647690241315    -0.60747892158195
         8     0.06862162506348    -2.77747978586653    -0.50623495428647
         9    -2.92532817905123     1.55420147853953    -0.09404411072919
        10    -2.51384787251992    -2.98589768106249     0.01009869645414
        11    -4.03111654351833    -0.84580740200922     0.22288563846933
        12     4.36166743868269     1.48098970869928    -2.52539598891798
        13     4.72132011629348    -1.81721167198842    -2.30000457359644
        14     4.80786579372738     1.80183874989740     2.20474725868995
        15     5.22361310186675    -1.50175779889969     2.35326650465183
        16     0.47520754091062     3.60760435069893    -0.85791109789035
        17     1.20559991935385    -4.48015704666688    -0.67072994497577
        18    -3.36917193533435    -4.84345500598802     0.24166762650408
        19     9.25964860250899     0.37429049623613     2.20719823348430
        20     8.62981800022727     1.91520720006147    -0.37761830395614
        21    -3.48095301554680     5.11779788705582    -0.15225145507433
        22    -7.06573703346501    -2.68294245661666     0.87711638457887

   The primitive internal coordinates


     The system has    22 stretches
         1 Stre     5     4              =    2.85898019
         2 Stre     6     3              =    2.77224935
         3 Stre     6     4              =    2.90671576
         4 Stre     7     5              =    2.65277840
         5 Stre     8     5              =    2.63840861
         6 Stre     9     1              =    2.58468706
         7 Stre     9     7              =    2.63246195
         8 Stre    10     8              =    2.64181513
         9 Stre    11     2              =    2.58546767
        10 Stre    11     9              =    2.66143852
        11 Stre    11    10              =    2.63198953
        12 Stre    12     4              =    2.07800701
        13 Stre    13     4              =    2.07083874
        14 Stre    14     6              =    2.08908374
        15 Stre    15     6              =    2.07268066
        16 Stre    16     7              =    2.06023714
        17 Stre    17     8              =    2.05399321
        18 Stre    18    10              =    2.05808713
        19 Stre    19     3              =    1.92537241
        20 Stre    20     3              =    1.92727127
        21 Stre    21     1              =    1.83241909
        22 Stre    22     2              =    1.83237045


     The system has    35 bends and impropers
        23 Bend    21     1     9        =  108.29158154 deg =    1.89004465
        24 Bend    22     2    11        =  108.26611862 deg =    1.88960024
        25 Bend    19     3     6        =  109.76351200 deg =    1.91573468
        26 Bend    20     3     6        =  109.53619256 deg =    1.91176721
        27 Bend    20     3    19        =  105.88221837 deg =    1.84799333
        28 Bend     5     4     6        =  112.95673866 deg =    1.97146700
        29 Bend    12     4     5        =  109.86024315 deg =    1.91742296
        30 Bend    13     4     5        =  110.53737760 deg =    1.92924119
        31 Bend    12     4     6        =  108.72954714 deg =    1.89768859
        32 Bend    13     4     6        =  107.97754380 deg =    1.88456366
        33 Bend    13     4    12        =  106.55165022 deg =    1.85967712
        34 Bend     4     5     7        =  120.78912630 deg =    2.10816795
        35 Bend     4     5     8        =  121.22500200 deg =    2.11577542
        36 Impr     7     5     8     4  = -178.10125850 deg =   -3.10845336
        37 Bend     3     6     4        =  110.32644833 deg =    1.92555978
        38 Bend    14     6     3        =  114.32131308 deg =    1.99528332
        39 Bend    15     6     3        =  107.86932608 deg =    1.88267490
        40 Bend    14     6     4        =  108.88554433 deg =    1.90041126
        41 Bend    15     6     4        =  108.82378510 deg =    1.89933335
        42 Bend    15     6    14        =  106.42275352 deg =    1.85742745
        43 Bend     5     7     9        =  121.90186648 deg =    2.12758893
        44 Bend    16     7     5        =  119.51655146 deg =    2.08595733
        45 Impr    16     7     9     5  =  179.66595226 deg =    3.13576242
        46 Bend     5     8    10        =  120.69514697 deg =    2.10652771
        47 Bend    17     8     5        =  119.87400259 deg =    2.09219603
        48 Impr    17     8    10     5  = -179.73431536 deg =   -3.13695558
        49 Bend     1     9     7        =  123.37730912 deg =    2.15334027
        50 Bend     1     9    11        =  117.13995304 deg =    2.04447787
        51 Impr     7     9    11     1  = -179.77124596 deg =   -3.13760014
        52 Bend     8    10    11        =  121.00920935 deg =    2.11200913
        53 Bend    18    10     8        =  119.96375108 deg =    2.09376244
        54 Impr    18    10    11     8  = -179.65537619 deg =   -3.13557783
        55 Bend     2    11     9        =  117.29966439 deg =    2.04726536
        56 Bend     2    11    10        =  123.74653027 deg =    2.15978439
        57 Impr     9    11    10     2  = -179.69178715 deg =   -3.13621332


     The system has    60 dihedrals
        58 Dihe    21     1     9     7  =    0.11770062 deg =    0.00205426
        59 Dihe    21     1     9    11  = -179.64383651 deg =   -3.13537643
        60 Dihe    22     2    11     9  =  179.64240183 deg =    3.13535139
        61 Dihe    22     2    11    10  =   -0.05410379 deg =   -0.00094429
        62 Dihe    19     3     6     4  = -176.42840226 deg =   -3.07925651
        63 Dihe    19     3     6    14  =   60.46386985 deg =    1.05529361
        64 Dihe    19     3     6    15  =  -57.68065144 deg =   -1.00671728
        65 Dihe    20     3     6     4  =   67.71986311 deg =    1.18193458
        66 Dihe    20     3     6    14  =  -55.38786478 deg =   -0.96670061
        67 Dihe    20     3     6    15  = -173.53238607 deg =   -3.02871150
        68 Dihe     5     4     6     3  =  177.53100160 deg =    3.09850050
        69 Dihe     5     4     6    14  =  -56.24695055 deg =   -0.98169448
        70 Dihe     5     4     6    15  =   59.36728801 deg =    1.03615464
        71 Dihe     5     4     6     7  =  -30.03871398 deg =   -0.52427446
        72 Dihe     5     4     6     8  =   30.22878731 deg =    0.52759187
        73 Dihe    12     4     5     7  =  -34.90596842 deg =   -0.60922408
        74 Dihe    12     4     5     8  =  147.04635425 deg =    2.56644303
        75 Dihe    13     4     5     7  = -152.21383914 deg =   -2.65663266
        76 Dihe    13     4     5     8  =   29.73848354 deg =    0.51903445
        77 Dihe    12     4     6     3  =  -60.24729419 deg =   -1.05151365
        78 Dihe    12     4     6    14  =   65.97475366 deg =    1.15147667
        79 Dihe    12     4     6    15  = -178.41100779 deg =   -3.11385951
        80 Dihe    13     4     6     3  =   54.98366590 deg =    0.95964600
        81 Dihe    13     4     6    14  = -178.79428625 deg =   -3.12054898
        82 Dihe    13     4     6    15  =  -63.18004770 deg =   -1.10269985
        83 Dihe     4     5     7     9  = -178.01851826 deg =   -3.10700927
        84 Dihe     4     5     7    16  =    2.31857373 deg =    0.04046675
        85 Dihe     4     5     7     6  =  -37.28589336 deg =   -0.65076160
        86 Dihe     4     5     7    12  =   16.06770278 deg =    0.28043432
        87 Dihe     4     5     7    13  =   22.32083912 deg =    0.38957213
        88 Dihe     4     5     8    10  =  177.99963260 deg =    3.10667966
        89 Dihe     4     5     8    17  =   -2.26722588 deg =   -0.03957056
        90 Dihe     4     5     8     6  =   38.35667659 deg =    0.66945030
        91 Dihe     4     5     8    12  =  -25.80845909 deg =   -0.45044259
        92 Dihe     4     5     8    13  =  -13.72361166 deg =   -0.23952221
        93 Dihe     7     5     8    10  =   -0.10162589 deg =   -0.00177371
        94 Dihe     7     5     8    17  =  179.63151562 deg =    3.13516139
        95 Dihe     7     5     8     9  =   -0.04421819 deg =   -0.00077175
        96 Dihe     7     5     8    16  =    0.32019293 deg =    0.00558842
        97 Dihe     3     6     4    19  =    2.50328448 deg =    0.04369056
        98 Dihe     3     6     4    20  =  -26.01834768 deg =   -0.45410583
        99 Dihe     5     7     9     1  = -179.75186702 deg =   -3.13726192
       100 Dihe     5     7     9     4  =    2.21321004 deg =    0.03862780
       101 Dihe    16     7     9     1  =   -0.08591475 deg =   -0.00149950
       102 Dihe     5     8    10    11  =    0.01704483 deg =    0.00029749
       103 Dihe     5     8    10    18  =  179.66921604 deg =    3.13581938
       104 Dihe     5     8    10     4  =   -2.12865716 deg =   -0.03715208
       105 Dihe    17     8    10    11  = -179.71727053 deg =   -3.13665809
       106 Dihe    17     8    10    18  =   -0.06509932 deg =   -0.00113620
       107 Dihe     1     9     7    21  =   -0.05694939 deg =   -0.00099395
       108 Dihe     1     9    11     2  =   -0.03078075 deg =   -0.00053723
       109 Dihe     1     9    11    21  =    0.30702501 deg =    0.00535860
       110 Dihe     7     9    11     2  = -179.80202671 deg =   -3.13813737
       111 Dihe     7     9    11     5  =   -0.00212482 deg =   -0.00003709
       112 Dihe     8    10    11     2  =  179.77229488 deg =    3.13761845
       113 Dihe     8    10    11     5  =   -0.00842971 deg =   -0.00014713
       114 Dihe    18    10    11     2  =    0.11691869 deg =    0.00204062
       115 Dihe     2    11     9    22  =   -0.30959408 deg =   -0.00540344
       116 Dihe     2    11    10    22  =    0.02619440 deg =    0.00045718
       117 Dihe     9    11    10     1  =   -0.32671488 deg =   -0.00570225


   Residue      1 has internal coords      1 to     66

DL-FIND Report:
===============
Optimisation algorithm: L-BFGS
Number of steps in L-BFGS memory ...............        100

Step length: simple scaled
Maximum step length ............................  1.000E-01
Scaling step by ................................  1.000E+00

Coordinate system: Delocalised internal coordinates (DLC)

Number of atoms ................................         22
Number of input geometries .....................          1
Variables to be optimised ......................         60
No restart information is written
This run has not been restarted.
Maximum number of steps ........................        198
Maximum number of energy evaluations ...........     100000


 @ Optimize for New Step


============  GEOMETRY FOR OPTIMIZATION STEP   1  ============

GEOMETRY INPUT
ELEMENT      X              Y              Z
  O          -2.371746       1.908613       0.061933
  O          -3.475505      -0.490483       0.379098
  N           4.365077       0.148959       0.302243
  C           2.116693      -0.082240      -0.686230
  C           0.631010      -0.217634      -0.434630
  C           2.931810       0.081973       0.607825
  C          -0.185140       0.918904      -0.321464
  C           0.036313      -1.469779      -0.267888
  C          -1.548017       0.822448      -0.049766
  C          -1.330271      -1.580069       0.005344
  C          -2.133175      -0.447582       0.117946
  H           2.308095       0.783706      -1.336382
  H           2.498415      -0.961627      -1.217110
  H           2.544213       0.953492       1.166702
  H           2.764217      -0.794696       1.245295
  H           0.251469       1.909062      -0.453987
  H           0.637976      -2.370797      -0.354935
  H          -1.782889      -2.563046       0.127885
  H           4.899995       0.198066       1.167999
  H           4.566703       1.013484      -0.199827
  H          -1.842041       2.708222      -0.080568
  H          -3.739027      -1.419752       0.464150

 @ Begin XC Quadrature Formation

 OCTAGO: OCTree Algorithm for Grid Operations 
   PRUNING CUTOFF       = 0.100E-06
   INITIAL GRID POINTS  =       83248
|   FINAL GRID POINTS    =       53558
|   SIGNIFICANT NUMBER OF BASIS FUNCTIONS     =       46391
|   SIGNIFICANT NUMBER OF PRIMITIVE FUNCTIONS =       54571

 @ End XC Quadrature Formation


 @ Begin Energy Calculation

                                         SCF ENERGY
| ------------------------------------------------------------------------------------------------------------------------
| NCYC       ENERGY         DELTA_E      SCF_TIME  DII_CYC   DII_TIME   O_TIME  DIAG_TIME    MAX_ERR    RMS_CHG    MAX_CHG
| ------------------------------------------------------------------------------------------------------------------------
|  1   -518.430928525      ------         0.087     1        0.02      0.07      0.01    0.2026E+01  0.4208E-01  0.5190E+00
|  2   -516.180336198  -.225059E+01       0.051     2        0.01      0.04      0.01    0.2370E+00  0.2594E-01  0.3340E+00
|  3   -516.090117643  -.902186E-01       0.050     3        0.01      0.04      0.01    0.3072E+00  0.1358E-01  0.1986E+00
|  4   -516.490705614  0.400588E+00       0.051     4        0.01      0.04      0.01    0.5624E-01  0.2371E-02  0.3546E-01
|  5   -516.498917591  0.821198E-02       0.050     5        0.01      0.04      0.01    0.1380E-01  0.8259E-03  0.1073E-01
|  6   -516.499626119  0.708528E-03       0.048     6        0.01      0.04      0.00    0.5728E-02  0.3071E-03  0.4631E-02
|  7   -516.499789150  0.163032E-03       0.047     7        0.01      0.04      0.00    0.8827E-03  0.8549E-04  0.1472E-02
|  8   -516.499794583  0.543326E-05       0.046     8        0.01      0.04      0.00    0.6953E-03  0.2844E-04  0.4123E-03
|  9   -516.499797503  0.291963E-05       0.045     9        0.01      0.04      0.00    0.4996E-04  0.4985E-05  0.5632E-04
| -------------- 2E-INT CUTOFF CHANGE TO 0.1000E-08 ------------
| 10   -516.499797520  0.166751E-07       0.036    10        0.01      0.03      0.00    0.2949E-04  0.1862E-05  0.3245E-04
| 11   -516.499797517  -.245609E-08       0.031     1        0.01      0.03      0.00    0.9553E-05  0.5181E-06  0.8842E-05
| ------------------------------------------------------------------------------------------------------------------------
| REACH CONVERGENCE AFTER  11 CYCLES
| MAX ERROR = 0.955343E-05   RMS CHANGE = 0.518090E-06   MAX CHANGE = 0.884229E-05
| -----------------------------------------------
 ALPHA ELECTRON DENSITY    =    41.0000739044
 BETA ELECTRON DENSITY     =    41.0000739044
 ELECTRONIC ENERGY    =  -1106.540141895
 CORE_CORE REPULSION  =    590.040344377
 TOTAL ENERGY         =   -516.499797517

 @ End Energy calculation


 ANALYTICAL GRADIENT: 
------------------------
 VARIBLES    NEW_GRAD
------------------------
    1X     0.0063983901
    1Y    -0.0091323954
    1Z    -0.0008181258
    2X     0.0110402119
    2Y     0.0009391051
    2Z    -0.0022733653
    3X    -0.0018423577
    3Y    -0.0121839119
    3Z    -0.0067029719
    4X     0.0004347883
    4Y     0.0004850763
    4Z     0.0024455564
    5X    -0.0014364901
    5Y    -0.0009786888
    5Z     0.0003638372
    6X     0.0065381444
    6Y     0.0055978436
    6Z    -0.0014561012
    7X    -0.0003223092
    7Y    -0.0044558047
    7Z     0.0002602742
    8X    -0.0015148886
    8Y     0.0048306409
    8Z     0.0001946226
    9X    -0.0060464076
    9Y     0.0186630302
    9Z     0.0003421650
   10X     0.0023613707
   10Y     0.0027883454
   10Z    -0.0006275926
   11X    -0.0178296574
   11Y    -0.0072370404
   11Z     0.0038064837
   12X    -0.0000268514
   12Y    -0.0003213381
   12Z     0.0001237521
   13X    -0.0003799348
   13Y    -0.0001190996
   13Z    -0.0005553218
   14X     0.0002191917
   14Y    -0.0005981226
   14Z     0.0000189415
   15X     0.0005471364
   15Y    -0.0001311776
   15Z     0.0002506696
   16X    -0.0001362643
   16Y     0.0008183233
   16Z     0.0000253080
   17X     0.0004242748
   17Y    -0.0009132212
   17Z    -0.0001063051
   18X    -0.0006295712
   18Y    -0.0005224026
   18Z     0.0001203363
   19X    -0.0045488289
   19Y     0.0061537108
   19Z    -0.0008340747
   20X    -0.0025918219
   20Y     0.0010377944
   20Z     0.0069233320
   21X     0.0011512021
   21Y    -0.0100552132
   21Z     0.0002235136
   22X     0.0081906727
   22Y     0.0053345460
   22Z    -0.0017249339
------------------------
 OPTIMIZATION STATISTICS:
 MAXIMUM GRADIENT ELEMENT=     0.1833764466E-01 (REQUEST=  0.10000E-02 )
 GRADIENT NORM           =     0.5001108761E-02 (REQUEST=  0.66667E-03 )

 @ Finish Optimization for This Step

 @ Optimize for New Step


============  GEOMETRY FOR OPTIMIZATION STEP   2  ============

GEOMETRY INPUT
ELEMENT      X              Y              Z
  O          -2.375131       1.912722       0.061566
  O          -3.481107      -0.492704       0.379438
  N           4.368825       0.149593       0.302950
  C           2.117917      -0.082300      -0.686230
  C           0.631783      -0.218088      -0.434839
  C           2.933175       0.081943       0.608507
  C          -0.184969       0.919081      -0.321861
  C           0.037013      -1.471399      -0.268042
  C          -1.548442       0.821991      -0.050260
  C          -1.330301      -1.581752       0.005085
  C          -2.133457      -0.448597       0.117451
  H           2.309161       0.783804      -1.336400
  H           2.500094      -0.961539      -1.216962
  H           2.545145       0.953431       1.167421
  H           2.765439      -0.794866       1.245666
  H           0.251994       1.908868      -0.454453
  H           0.638982      -2.371895      -0.354955
  H          -1.782465      -2.564722       0.127551
  H           4.906769       0.197179       1.167798
  H           4.572842       1.013622      -0.200937
  H          -1.848951       2.717282      -0.080445
  H          -3.750141      -1.422431       0.465584

 @ Begin XC Quadrature Formation

 OCTAGO: OCTree Algorithm for Grid Operations 
   PRUNING CUTOFF       = 0.100E-06
   INITIAL GRID POINTS  =       83248
|   FINAL GRID POINTS    =       53574
|   SIGNIFICANT NUMBER OF BASIS FUNCTIONS     =       46608
|   SIGNIFICANT NUMBER OF PRIMITIVE FUNCTIONS =       54820

 @ End XC Quadrature Formation


 @ Begin Energy Calculation

                                         SCF ENERGY
| ------------------------------------------------------------------------------------------------------------------------
| NCYC       ENERGY         DELTA_E      SCF_TIME  DII_CYC   DII_TIME   O_TIME  DIAG_TIME    MAX_ERR    RMS_CHG    MAX_CHG
| ------------------------------------------------------------------------------------------------------------------------
|  1   -516.489308875      ------         0.034     1        0.01      0.03      0.00    0.7749E-02  0.2625E-03  0.4324E-02
|  2   -516.500478626  0.111698E-01       0.029     2        0.00      0.02      0.00    0.1577E-02  0.2232E-03  0.2631E-02
|  3   -516.500456444  -.221824E-04       0.029     3        0.00      0.02      0.00    0.2727E-02  0.1268E-03  0.1720E-02
|  4   -516.500492331  0.358865E-04       0.029     4        0.01      0.02      0.00    0.1679E-03  0.1385E-04  0.2647E-03
|  5   -516.500492425  0.947878E-07       0.029     5        0.01      0.02      0.00    0.1325E-03  0.6659E-05  0.1267E-03
|  6   -516.500492508  0.823079E-07       0.028     6        0.01      0.02      0.00    0.2104E-04  0.1297E-05  0.1943E-04
|  7   -516.500492510  0.213004E-08       0.028     7        0.01      0.02      0.00    0.8474E-05  0.4171E-06  0.5088E-05
| ------------------------------------------------------------------------------------------------------------------------
| REACH CONVERGENCE AFTER   7 CYCLES
| MAX ERROR = 0.847358E-05   RMS CHANGE = 0.417111E-06   MAX CHANGE = 0.508754E-05
| -----------------------------------------------
 ALPHA ELECTRON DENSITY    =    41.0000958325
 BETA ELECTRON DENSITY     =    41.0000958325
 ELECTRONIC ENERGY    =  -1105.860069607
 CORE_CORE REPULSION  =    589.359577097
 TOTAL ENERGY         =   -516.500492510

 @ End Energy calculation


 ANALYTICAL GRADIENT: 
------------------------
 VARIBLES    NEW_GRAD
------------------------
    1X     0.0038828270
    1Y    -0.0069577958
    1Z    -0.0004236260
    2X     0.0077881311
    2Y     0.0015152975
    2Z    -0.0016666185
    3X    -0.0012476373
    3Y    -0.0124140827
    3Z    -0.0067307529
    4X     0.0003131869
    4Y     0.0004013918
    4Z     0.0022804373
    5X    -0.0008908008
    5Y    -0.0008034527
    5Z     0.0001956080
    6X     0.0053457959
    6Y     0.0051136058
    6Z    -0.0011777340
    7X    -0.0001667381
    7Y    -0.0037157600
    7Z     0.0001915161
    8X    -0.0011084359
    8Y     0.0037610247
    8Z     0.0001383744
    9X    -0.0041403300
    9Y     0.0150128566
    9Z     0.0001484568
   10X     0.0020372005
   10Y     0.0021878467
   10Z    -0.0005307706
   11X    -0.0138189430
   11Y    -0.0064069594
   11Z     0.0029963596
   12X    -0.0000092310
   12Y    -0.0002533796
   12Z     0.0000510985
   13X    -0.0003513365
   13Y    -0.0001028648
   13Z    -0.0005328491
   14X     0.0000880523
   14Y    -0.0005055679
   14Z     0.0000951363
   15X     0.0003877061
   15Y    -0.0001200092
   15Z     0.0002507515
   16X    -0.0000767544
   16Y     0.0007687127
   16Z     0.0000135562
   17X     0.0003634936
   17Y    -0.0007582675
   17Z    -0.0000973772
   18X    -0.0005540843
   18Y    -0.0005090851
   18Z     0.0001049101
   19X    -0.0037817207
   19Y     0.0061433942
   19Z    -0.0004067967
   20X    -0.0020648589
   20Y     0.0016817139
   20Z     0.0063853015
   21X     0.0014376649
   21Y    -0.0076447728
   21Z     0.0000575424
   22X     0.0065668127
   22Y     0.0036061534
   22Z    -0.0013425239
------------------------
 OPTIMIZATION STATISTICS:
 ENERGY CHANGE           =     0.6949925548E-03 (REQUEST=  0.10000E-05 )
 MAXIMUM GEOMETRY CHANGE =     0.9467419562E-02 (REQUEST=  0.40000E-02 )
 GEOMETRY CHANGE RMS     =     0.2581988897E-02 (REQUEST=  0.26667E-02 )
 MAXIMUM GRADIENT ELEMENT=     0.1350010819E-01 (REQUEST=  0.10000E-02 )
 GRADIENT NORM           =     0.3920427137E-02 (REQUEST=  0.66667E-03 )

 @ Finish Optimization for This Step

 @ Optimize for New Step


============  GEOMETRY FOR OPTIMIZATION STEP   3  ============

GEOMETRY INPUT
ELEMENT      X              Y              Z
  O          -2.386684       1.922769       0.059347
  O          -3.497305      -0.500093       0.379066
  N           4.381594       0.153700       0.306883
  C           2.121488      -0.081147      -0.685434
  C           0.633402      -0.218875      -0.435187
  C           2.936617       0.082744       0.613204
  C          -0.185044       0.920482      -0.323463
  C           0.038947      -1.476999      -0.268190
  C          -1.549214       0.817549      -0.052656
  C          -1.330598      -1.587921       0.004132
  C          -2.131947      -0.451802       0.114659
  H           2.312017       0.785701      -1.335397
  H           2.506459      -0.959496      -1.215137
  H           2.547074       0.953794       1.172465
  H           2.768597      -0.794732       1.248585
  H           0.253852       1.907792      -0.456473
  H           0.642359      -2.374941      -0.354315
  H          -1.780162      -2.570549       0.126250
  H           4.937885       0.189411       1.163272
  H           4.599254       1.010749      -0.208847
  H          -1.881544       2.748327      -0.079420
  H          -3.792872      -1.427240       0.470288

 @ Begin XC Quadrature Formation

 OCTAGO: OCTree Algorithm for Grid Operations 
   PRUNING CUTOFF       = 0.100E-06
   INITIAL GRID POINTS  =       83248
|   FINAL GRID POINTS    =       53609
|   SIGNIFICANT NUMBER OF BASIS FUNCTIONS     =       46613
|   SIGNIFICANT NUMBER OF PRIMITIVE FUNCTIONS =       54832

 @ End XC Quadrature Formation


 @ Begin Energy Calculation

                                         SCF ENERGY
| ------------------------------------------------------------------------------------------------------------------------
| NCYC       ENERGY         DELTA_E      SCF_TIME  DII_CYC   DII_TIME   O_TIME  DIAG_TIME    MAX_ERR    RMS_CHG    MAX_CHG
| ------------------------------------------------------------------------------------------------------------------------
|  1   -516.470366039      ------         0.035     1        0.01      0.03      0.00    0.2526E-01  0.9365E-03  0.1714E-01
|  2   -516.501671626  0.313056E-01       0.031     2        0.01      0.03      0.00    0.6286E-02  0.7801E-03  0.1117E-01
|  3   -516.501434516  -.237110E-03       0.030     3        0.01      0.03      0.00    0.1040E-01  0.4346E-03  0.6791E-02
|  4   -516.501850647  0.416131E-03       0.030     4        0.01      0.03      0.00    0.6122E-03  0.4961E-04  0.1035E-02
|  5   -516.501851473  0.825401E-06       0.030     5        0.01      0.02      0.00    0.5335E-03  0.2853E-04  0.4977E-03
|  6   -516.501853056  0.158329E-05       0.030     6        0.01      0.02      0.00    0.7357E-04  0.4643E-05  0.7764E-04
|  7   -516.501853091  0.348286E-07       0.029     7        0.01      0.02      0.00    0.2319E-04  0.1405E-05  0.1624E-04
|  8   -516.501853094  0.296450E-08       0.029     8        0.01      0.02      0.00    0.6209E-05  0.3902E-06  0.8119E-05
| ------------------------------------------------------------------------------------------------------------------------
| REACH CONVERGENCE AFTER   8 CYCLES
| MAX ERROR = 0.620919E-05   RMS CHANGE = 0.390239E-06   MAX CHANGE = 0.811935E-05
| -----------------------------------------------
 ALPHA ELECTRON DENSITY    =    41.0000507491
 BETA ELECTRON DENSITY     =    41.0000507491
 ELECTRONIC ENERGY    =  -1103.767814677
 CORE_CORE REPULSION  =    587.265961583
 TOTAL ENERGY         =   -516.501853094

 @ End Energy calculation


 ANALYTICAL GRADIENT: 
------------------------
 VARIBLES    NEW_GRAD
------------------------
    1X    -0.0020893485
    1Y     0.0001393989
    1Z     0.0004115013
    2X    -0.0014722665
    2Y     0.0014861476
    2Z     0.0001125835
    3X     0.0009650259
    3Y    -0.0122574225
    3Z    -0.0064099799
    4X    -0.0001107890
    4Y     0.0001731451
    4Z     0.0012414787
    5X     0.0003897824
    5Y     0.0001219625
    5Z    -0.0002802429
    6X     0.0000319366
    6Y     0.0027771163
    6Z     0.0003682267
    7X    -0.0006287274
    7Y     0.0000020072
    7Z     0.0001040605
    8X     0.0000130354
    8Y    -0.0003229009
    8Z     0.0000448704
    9X     0.0013209399
    9Y    -0.0002414188
    9Z    -0.0001797098
   10X    -0.0003105428
   10Y     0.0003386382
   10Z     0.0000120325
   11X     0.0009833377
   11Y    -0.0008867414
   11Z    -0.0000831047
   12X     0.0000149020
   12Y    -0.0000333008
   12Z    -0.0002629367
   13X    -0.0002178736
   13Y     0.0000161936
   13Z    -0.0003955952
   14X    -0.0003162569
   14Y    -0.0002529506
   14Z     0.0003552109
   15X    -0.0002481614
   15Y     0.0000656372
   15Z     0.0002017707
   16X     0.0002075520
   16Y     0.0001056977
   16Z    -0.0000212844
   17X    -0.0000453930
   17Y     0.0000031157
   17Z    -0.0000429579
   18X     0.0000508821
   18Y    -0.0001757870
   18Z    -0.0000237175
   19X    -0.0004844234
   19Y     0.0059257655
   19Z     0.0008141459
   20X     0.0003409940
   20Y     0.0036753257
   20Z     0.0042572505
   21X     0.0010394022
   21Y     0.0002184793
   21Z    -0.0002269257
   22X     0.0005659921
   22Y    -0.0008781087
   22Z     0.0000033230
------------------------
 OPTIMIZATION STATISTICS:
 ENERGY CHANGE           =     0.1360584014E-02 (REQUEST=  0.10000E-05 )
 MAXIMUM GEOMETRY CHANGE =     0.2985069348E-01 (REQUEST=  0.40000E-02 )
 GEOMETRY CHANGE RMS     =     0.1073425044E-01 (REQUEST=  0.26667E-02 )
 MAXIMUM GRADIENT ELEMENT=     0.3468565507E-02 (REQUEST=  0.10000E-02 )
 GRADIENT NORM           =     0.1094661954E-02 (REQUEST=  0.66667E-03 )

 @ Finish Optimization for This Step

 @ Optimize for New Step


============  GEOMETRY FOR OPTIMIZATION STEP   4  ============

GEOMETRY INPUT
ELEMENT      X              Y              Z
  O          -2.388019       1.923505       0.058233
  O          -3.498637      -0.502354       0.378221
  N           4.380920       0.156065       0.308816
  C           2.122231      -0.080023      -0.684587
  C           0.633828      -0.218657      -0.434909
  C           2.936293       0.083684       0.615516
  C          -0.185096       0.920572      -0.323746
  C           0.040140      -1.477298      -0.267959
  C          -1.549826       0.816968      -0.053311
  C          -1.329638      -1.588644       0.003886
  C          -2.131789      -0.452366       0.113929
  H           2.312541       0.787107      -1.334089
  H           2.508898      -0.957915      -1.213586
  H           2.546408       0.954471       1.174782
  H           2.768841      -0.794095       1.250260
  H           0.252844       1.907820      -0.456654
  H           0.644367      -2.374539      -0.353710
  H          -1.779203      -2.570830       0.126121
  H           4.945436       0.183400       1.159328
  H           4.604043       1.006400      -0.214172
  H          -1.889606       2.753173      -0.079352
  H          -3.800803      -1.427219       0.470617

 @ Begin XC Quadrature Formation

 OCTAGO: OCTree Algorithm for Grid Operations 
   PRUNING CUTOFF       = 0.100E-06
   INITIAL GRID POINTS  =       83248
|   FINAL GRID POINTS    =       53625
|   SIGNIFICANT NUMBER OF BASIS FUNCTIONS     =       46857
|   SIGNIFICANT NUMBER OF PRIMITIVE FUNCTIONS =       55133

 @ End XC Quadrature Formation


 @ Begin Energy Calculation

                                         SCF ENERGY
| ------------------------------------------------------------------------------------------------------------------------
| NCYC       ENERGY         DELTA_E      SCF_TIME  DII_CYC   DII_TIME   O_TIME  DIAG_TIME    MAX_ERR    RMS_CHG    MAX_CHG
| ------------------------------------------------------------------------------------------------------------------------
|  1   -516.501754632      ------         0.034     1        0.01      0.03      0.00    0.2629E-02  0.2307E-03  0.5326E-02
|  2   -516.502055661  0.301029E-03       0.030     2        0.00      0.02      0.00    0.9487E-03  0.1094E-03  0.1611E-02
|  3   -516.502052388  -.327327E-05       0.029     3        0.00      0.02      0.00    0.1453E-02  0.5738E-04  0.9242E-03
|  4   -516.502059478  0.708985E-05       0.029     4        0.01      0.02      0.00    0.9264E-04  0.9485E-05  0.1432E-03
|  5   -516.502059532  0.542173E-07       0.029     5        0.01      0.02      0.00    0.6907E-04  0.4925E-05  0.7397E-04
|  6   -516.502059578  0.462246E-07       0.028     6        0.01      0.02      0.00    0.1403E-04  0.9619E-06  0.1382E-04
| ------------------------------------------------------------------------------------------------------------------------
| REACH CONVERGENCE AFTER   6 CYCLES
| MAX ERROR = 0.140311E-04   RMS CHANGE = 0.961863E-06   MAX CHANGE = 0.138185E-04
| -----------------------------------------------
 ALPHA ELECTRON DENSITY    =    41.0000471153
 BETA ELECTRON DENSITY     =    41.0000471153
 ELECTRONIC ENERGY    =  -1103.585772421
 CORE_CORE REPULSION  =    587.083712843
 TOTAL ENERGY         =   -516.502059578

 @ End Energy calculation


 ANALYTICAL GRADIENT: 
------------------------
 VARIBLES    NEW_GRAD
------------------------
    1X    -0.0016697101
    1Y     0.0012753845
    1Z     0.0002751051
    2X    -0.0020489140
    2Y     0.0004933937
    2Z     0.0002621694
    3X     0.0008177765
    3Y    -0.0111304282
    3Z    -0.0058402178
    4X     0.0000129499
    4Y     0.0002081081
    4Z     0.0008075400
    5X     0.0002981347
    5Y    -0.0000314498
    5Z    -0.0001843035
    6X    -0.0008563708
    6Y     0.0021502450
    6Z     0.0007569523
    7X    -0.0002243061
    7Y     0.0004643443
    7Z     0.0000042592
    8X     0.0003091445
    8Y    -0.0005486159
    8Z    -0.0000095090
    9X     0.0012540908
    9Y    -0.0020058639
    9Z    -0.0000831260
   10X    -0.0003933570
   10Y    -0.0001667558
   10Z     0.0000435524
   11X     0.0023072312
   11Y     0.0003376085
   11Z    -0.0003888770
   12X    -0.0000191418
   12Y    -0.0000654344
   12Z    -0.0002871768
   13X    -0.0001487356
   13Y     0.0000706935
   13Z    -0.0003245432
   14X    -0.0002082108
   14Y    -0.0002711686
   14Z     0.0003216867
   15X    -0.0002525287
   15Y     0.0001538092
   15Z     0.0001452924
   16X     0.0000791627
   16Y    -0.0001020172
   16Z     0.0000121417
   17X    -0.0000550772
   17Y     0.0001172323
   17Z    -0.0000418513
   18X     0.0001130775
   18Y     0.0000300970
   18Z    -0.0000413784
   19X     0.0000234069
   19Y     0.0055996203
   19Z     0.0005992392
   20X     0.0007591522
   20Y     0.0033624448
   20Z     0.0038982571
   21X     0.0002988424
   21Y     0.0008275223
   21Z    -0.0001103715
   22X    -0.0003966172
   22Y    -0.0007687698
   22Z     0.0001851592
------------------------
 OPTIMIZATION STATISTICS:
 ENERGY CHANGE           =     0.2064842030E-03 (REQUEST=  0.10000E-05 )
 MAXIMUM GEOMETRY CHANGE =     0.1178197307E-01 (REQUEST=  0.40000E-02 )
 GEOMETRY CHANGE RMS     =     0.3969719853E-02 (REQUEST=  0.26667E-02 )
 MAXIMUM GRADIENT ELEMENT=     0.3250329270E-02 (REQUEST=  0.10000E-02 )
 GRADIENT NORM           =     0.1057887229E-02 (REQUEST=  0.66667E-03 )

 @ Finish Optimization for This Step

 @ Optimize for New Step


============  GEOMETRY FOR OPTIMIZATION STEP   5  ============

GEOMETRY INPUT
ELEMENT      X              Y              Z
  O          -2.389898       1.920400       0.055166
  O          -3.497689      -0.507298       0.374916
  N           4.373293       0.166848       0.318003
  C           2.123488      -0.074303      -0.681443
  C           0.634492      -0.215773      -0.433785
  C           2.933993       0.089346       0.622877
  C          -0.185781       0.922268      -0.324300
  C           0.041595      -1.476457      -0.266678
  C          -1.550753       0.815044      -0.055191
  C          -1.327875      -1.590457       0.003547
  C          -2.131106      -0.454681       0.111887
  H           2.313653       0.794218      -1.328666
  H           2.516079      -0.950978      -1.207636
  H           2.541822       0.960260       1.181098
  H           2.768544      -0.790062       1.255665
  H           0.249863       1.910430      -0.457020
  H           0.646722      -2.373161      -0.350793
  H          -1.776578      -2.572908       0.126106
  H           4.964655       0.156567       1.147157
  H           4.615446       0.987789      -0.237124
  H          -1.905792       2.760010      -0.079727
  H          -3.813998      -1.427878       0.469572

 @ Begin XC Quadrature Formation

 OCTAGO: OCTree Algorithm for Grid Operations 
   PRUNING CUTOFF       = 0.100E-06
   INITIAL GRID POINTS  =       83248
|   FINAL GRID POINTS    =       53650
|   SIGNIFICANT NUMBER OF BASIS FUNCTIONS     =       47735
|   SIGNIFICANT NUMBER OF PRIMITIVE FUNCTIONS =       56112

 @ End XC Quadrature Formation


 @ Begin Energy Calculation

                                         SCF ENERGY
| ------------------------------------------------------------------------------------------------------------------------
| NCYC       ENERGY         DELTA_E      SCF_TIME  DII_CYC   DII_TIME   O_TIME  DIAG_TIME    MAX_ERR    RMS_CHG    MAX_CHG
| ------------------------------------------------------------------------------------------------------------------------
|  1   -516.507802703      ------         0.033     1        0.01      0.03      0.00    0.1142E-01  0.7396E-03  0.2176E-01
|  2   -516.502628522  -.517418E-02       0.029     2        0.00      0.02      0.00    0.2204E-02  0.1886E-03  0.2676E-02
|  3   -516.502622061  -.646105E-05       0.029     3        0.00      0.02      0.00    0.2786E-02  0.1027E-03  0.1656E-02
|  4   -516.502649538  0.274774E-04       0.029     4        0.01      0.02      0.00    0.4320E-03  0.2220E-04  0.4133E-03
|  5   -516.502649932  0.393554E-06       0.028     5        0.01      0.02      0.00    0.2406E-03  0.8353E-05  0.1458E-03
|  6   -516.502650105  0.173408E-06       0.028     6        0.01      0.02      0.00    0.2755E-04  0.2053E-05  0.2589E-04
|  7   -516.502650107  0.182558E-08       0.028     7        0.01      0.02      0.00    0.1231E-04  0.9158E-06  0.1441E-04
| ------------------------------------------------------------------------------------------------------------------------
| REACH CONVERGENCE AFTER   7 CYCLES
| MAX ERROR = 0.123055E-04   RMS CHANGE = 0.915817E-06   MAX CHANGE = 0.144075E-04
| -----------------------------------------------
 ALPHA ELECTRON DENSITY    =    41.0000423615
 BETA ELECTRON DENSITY     =    41.0000423615
 ELECTRONIC ENERGY    =  -1103.602274478
 CORE_CORE REPULSION  =    587.099624371
 TOTAL ENERGY         =   -516.502650107

 @ End Energy calculation


 ANALYTICAL GRADIENT: 
------------------------
 VARIBLES    NEW_GRAD
------------------------
    1X    -0.0000402087
    1Y     0.0005482370
    1Z     0.0000023753
    2X    -0.0006343919
    2Y    -0.0006048410
    2Z     0.0000475221
    3X    -0.0008994544
    3Y    -0.0071473616
    3Z    -0.0032534908
    4X     0.0004232960
    4Y     0.0005665903
    4Z    -0.0004571593
    5X     0.0002883579
    5Y     0.0008884866
    5Z     0.0000868709
    6X    -0.0019473911
    6Y     0.0004251615
    6Z     0.0011611046
    7X    -0.0000206736
    7Y     0.0010918678
    7Z    -0.0000603123
    8X    -0.0004014136
    8Y    -0.0012280980
    8Z     0.0001336945
    9X     0.0006547599
    9Y    -0.0039657185
    9Z     0.0001179842
   10X    -0.0006328728
   10Y    -0.0005779124
   10Z     0.0000970725
   11X     0.0032858306
   11Y     0.0019602768
   11Z    -0.0006720427
   12X    -0.0000634089
   12Y    -0.0001240962
   12Z    -0.0002209502
   13X     0.0001165539
   13Y     0.0001477365
   13Z    -0.0000465946
   14X     0.0002364256
   14Y     0.0000208946
   14Z     0.0001776470
   15X    -0.0000005468
   15Y     0.0000647879
   15Z     0.0000030087
   16X     0.0000903704
   16Y    -0.0000704012
   16Z     0.0000021481
   17X    -0.0002378950
   17Y     0.0000728975
   17Z     0.0000130070
   18X     0.0000830050
   18Y     0.0000029311
   18Z    -0.0000264072
   19X     0.0011694734
   19Y     0.0038266340
   19Z     0.0003398411
   20X     0.0014116495
   20Y     0.0024058977
   20Z     0.0020295370
   21X    -0.0005093627
   21Y     0.0029103084
   21Z    -0.0000505395
   22X    -0.0023721030
   22Y    -0.0012142787
   22Z     0.0005756834
------------------------
 OPTIMIZATION STATISTICS:
 ENERGY CHANGE           =     0.5905293157E-03 (REQUEST=  0.10000E-05 )
 MAXIMUM GEOMETRY CHANGE =     0.5476618165E-01 (REQUEST=  0.40000E-02 )
 GEOMETRY CHANGE RMS     =     0.1618097131E-01 (REQUEST=  0.26667E-02 )
 MAXIMUM GRADIENT ELEMENT=     0.3742082619E-02 (REQUEST=  0.10000E-02 )
 GRADIENT NORM           =     0.1172626432E-02 (REQUEST=  0.66667E-03 )

 @ Finish Optimization for This Step

 @ Optimize for New Step


============  GEOMETRY FOR OPTIMIZATION STEP   6  ============

GEOMETRY INPUT
ELEMENT      X              Y              Z
  O          -2.404479       1.929568       0.055018
  O          -3.505913      -0.509019       0.375061
  N           4.368237       0.183370       0.333724
  C           2.122321      -0.073911      -0.678372
  C           0.635236      -0.220518      -0.432855
  C           2.931543       0.096314       0.628108
  C          -0.190825       0.916365      -0.323764
  C           0.054736      -1.475601      -0.267833
  C          -1.560919       0.821189      -0.055179
  C          -1.318465      -1.585239       0.001999
  C          -2.135064      -0.451672       0.111421
  H           2.310663       0.797135      -1.323352
  H           2.520674      -0.949593      -1.201667
  H           2.529430       0.966943       1.180434
  H           2.767555      -0.784138       1.259293
  H           0.237661       1.905604      -0.455443
  H           0.672611      -2.363382      -0.353072
  H          -1.771279      -2.563608       0.126034
  H           4.976676       0.121742       1.139441
  H           4.628498       0.959421      -0.262258
  H          -1.917524       2.754763      -0.079360
  H          -3.807198      -1.426510       0.466256

 @ Begin XC Quadrature Formation

 OCTAGO: OCTree Algorithm for Grid Operations 
   PRUNING CUTOFF       = 0.100E-06
   INITIAL GRID POINTS  =       83248
|   FINAL GRID POINTS    =       53646
|   SIGNIFICANT NUMBER OF BASIS FUNCTIONS     =       47333
|   SIGNIFICANT NUMBER OF PRIMITIVE FUNCTIONS =       55688

 @ End XC Quadrature Formation


 @ Begin Energy Calculation

                                         SCF ENERGY
| ------------------------------------------------------------------------------------------------------------------------
| NCYC       ENERGY         DELTA_E      SCF_TIME  DII_CYC   DII_TIME   O_TIME  DIAG_TIME    MAX_ERR    RMS_CHG    MAX_CHG
| ------------------------------------------------------------------------------------------------------------------------
|  1   -516.514889789      ------         0.035     1        0.01      0.03      0.00    0.2415E-01  0.1144E-02  0.2911E-01
|  2   -516.502532888  -.123569E-01       0.031     2        0.00      0.03      0.00    0.3381E-02  0.4964E-03  0.6603E-02
|  3   -516.502408693  -.124195E-03       0.031     3        0.00      0.03      0.00    0.5468E-02  0.3065E-03  0.4794E-02
|  4   -516.502629549  0.220856E-03       0.031     4        0.01      0.03      0.00    0.6277E-03  0.5851E-04  0.6845E-03
|  5   -516.502631555  0.200614E-05       0.030     5        0.01      0.03      0.00    0.4613E-03  0.2460E-04  0.4115E-03
|  6   -516.502632798  0.124271E-05       0.030     6        0.01      0.03      0.00    0.9280E-04  0.3763E-05  0.6417E-04
|  7   -516.502632821  0.238065E-07       0.030     7        0.01      0.02      0.00    0.2397E-04  0.1431E-05  0.1998E-04
|  8   -516.502632824  0.223054E-08       0.030     8        0.01      0.02      0.00    0.6676E-05  0.3823E-06  0.4908E-05
| ------------------------------------------------------------------------------------------------------------------------
| REACH CONVERGENCE AFTER   8 CYCLES
| MAX ERROR = 0.667598E-05   RMS CHANGE = 0.382266E-06   MAX CHANGE = 0.490782E-05
| -----------------------------------------------
 ALPHA ELECTRON DENSITY    =    41.0000811964
 BETA ELECTRON DENSITY     =    41.0000811964
 ELECTRONIC ENERGY    =  -1103.285285462
 CORE_CORE REPULSION  =    586.782652638
 TOTAL ENERGY         =   -516.502632824

 @ End Energy calculation


 ANALYTICAL GRADIENT: 
------------------------
 VARIBLES    NEW_GRAD
------------------------
    1X     0.0003484768
    1Y     0.0126263976
    1Z    -0.0006156942
    2X    -0.0073631482
    2Y    -0.0057098166
    2Z     0.0015546611
    3X     0.0035423720
    3Y    -0.0001842644
    3Z    -0.0003538118
    4X    -0.0012960113
    4Y    -0.0010143314
    4Z    -0.0005341335
    5X    -0.0012193645
    5Y    -0.0078800297
    5Z     0.0007546696
    6X    -0.0027774757
    6Y    -0.0005660257
    6Z     0.0013751814
    7X     0.0033125698
    7Y    -0.0015298857
    7Z    -0.0005927032
    8X     0.0065549770
    8Y     0.0028109788
    8Z    -0.0013663861
    9X    -0.0011772615
    9Y    -0.0013057743
    9Z     0.0002921887
   10X     0.0025606856
   10Y    -0.0018830422
   10Z    -0.0004544626
   11X     0.0013384884
   11Y     0.0029083209
   11Z    -0.0003616331
   12X    -0.0000963063
   12Y     0.0003171596
   12Z     0.0000195179
   13X     0.0002750697
   13Y     0.0001367320
   13Z     0.0002481700
   14X     0.0002226028
   14Y     0.0002726577
   14Z    -0.0002091650
   15X     0.0000983663
   15Y    -0.0000310541
   15Z    -0.0006179496
   16X    -0.0017086019
   16Y    -0.0010538181
   16Z     0.0003939423
   17X     0.0015572360
   17Y     0.0012062988
   17Z    -0.0003790879
   18X     0.0000349270
   18Y     0.0017234204
   18Z    -0.0000741218
   19X    -0.0005006481
   19Y     0.0015647871
   19Z    -0.0017727177
   20X     0.0000557691
   20Y    -0.0013632727
   20Z     0.0018184360
   21X    -0.0049410480
   21Y    -0.0069198202
   21Z     0.0012606591
   22X     0.0011783250
   22Y     0.0058743821
   22Z    -0.0003855595
------------------------
 OPTIMIZATION STATISTICS:
 ENERGY CHANGE           =     0.1728357915E-04 (REQUEST=  0.10000E-05 )
 MAXIMUM GEOMETRY CHANGE =     0.8011984001E-01 (REQUEST=  0.40000E-02 )
 GEOMETRY CHANGE RMS     =     0.2327769846E-01 (REQUEST=  0.26667E-02 )
 MAXIMUM GRADIENT ELEMENT=     0.1232804447E-01 (REQUEST=  0.10000E-02 )
 GRADIENT NORM           =     0.3037335935E-02 (REQUEST=  0.66667E-03 )

 @ Finish Optimization for This Step

 @ Optimize for New Step


============  GEOMETRY FOR OPTIMIZATION STEP   7  ============

GEOMETRY INPUT
ELEMENT      X              Y              Z
  O          -2.395404       1.918442       0.054327
  O          -3.498400      -0.510223       0.373270
  N           4.362962       0.185062       0.334329
  C           2.122161      -0.068426      -0.677805
  C           0.634080      -0.213230      -0.432622
  C           2.930138       0.100040       0.629403
  C          -0.188690       0.923084      -0.324072
  C           0.045399      -1.473009      -0.266167
  C          -1.554515       0.815923      -0.055899
  C          -1.324561      -1.588819       0.002983
  C          -2.132708      -0.455488       0.110922
  H           2.312272       0.802240      -1.322162
  H           2.520063      -0.944591      -1.200737
  H           2.529680       0.971290       1.182095
  H           2.765309      -0.780504       1.260736
  H           0.245049       1.911601      -0.456458
  H           0.654166      -2.367381      -0.349366
  H          -1.771913      -2.571411       0.125889
  H           4.976277       0.116287       1.137254
  H           4.626966       0.957143      -0.267556
  H          -1.908114       2.752472      -0.080151
  H          -3.806042      -1.431276       0.465419

 @ Begin XC Quadrature Formation

 OCTAGO: OCTree Algorithm for Grid Operations 
   PRUNING CUTOFF       = 0.100E-06
   INITIAL GRID POINTS  =       83248
|   FINAL GRID POINTS    =       53647
|   SIGNIFICANT NUMBER OF BASIS FUNCTIONS     =       47376
|   SIGNIFICANT NUMBER OF PRIMITIVE FUNCTIONS =       55726

 @ End XC Quadrature Formation


 @ Begin Energy Calculation

                                         SCF ENERGY
| ------------------------------------------------------------------------------------------------------------------------
| NCYC       ENERGY         DELTA_E      SCF_TIME  DII_CYC   DII_TIME   O_TIME  DIAG_TIME    MAX_ERR    RMS_CHG    MAX_CHG
| ------------------------------------------------------------------------------------------------------------------------
|  1   -516.504834271      ------         0.034     1        0.01      0.03      0.00    0.1981E-01  0.5999E-03  0.7048E-02
|  2   -516.503087835  -.174644E-02       0.030     2        0.00      0.02      0.00    0.2704E-02  0.4051E-03  0.5709E-02
|  3   -516.502999822  -.880131E-04       0.030     3        0.01      0.02      0.00    0.4413E-02  0.2384E-03  0.3914E-02
|  4   -516.503139498  0.139676E-03       0.029     4        0.01      0.02      0.00    0.3610E-03  0.3259E-04  0.5008E-03
|  5   -516.503140174  0.675712E-06       0.029     5        0.01      0.02      0.00    0.3062E-03  0.1382E-04  0.2643E-03
|  6   -516.503140523  0.349217E-06       0.029     6        0.01      0.02      0.00    0.4782E-04  0.1824E-05  0.3042E-04
|  7   -516.503140530  0.670070E-08       0.028     7        0.01      0.02      0.00    0.1102E-04  0.5680E-06  0.1102E-04
| ------------------------------------------------------------------------------------------------------------------------
| REACH CONVERGENCE AFTER   7 CYCLES
| MAX ERROR = 0.110189E-04   RMS CHANGE = 0.567988E-06   MAX CHANGE = 0.110174E-04
| -----------------------------------------------
 ALPHA ELECTRON DENSITY    =    41.0000561968
 BETA ELECTRON DENSITY     =    41.0000561968
 ELECTRONIC ENERGY    =  -1103.910254840
 CORE_CORE REPULSION  =    587.407114310
 TOTAL ENERGY         =   -516.503140530

 @ End Energy calculation


 ANALYTICAL GRADIENT: 
------------------------
 VARIBLES    NEW_GRAD
------------------------
    1X     0.0006140826
    1Y     0.0022535933
    1Z    -0.0001707628
    2X    -0.0013780878
    2Y    -0.0017033667
    2Z     0.0002610647
    3X     0.0004263129
    3Y    -0.0009467287
    3Z    -0.0001674248
    4X    -0.0002965773
    4Y     0.0001903122
    4Z    -0.0009424500
    5X    -0.0001925098
    5Y    -0.0007889405
    5Z     0.0004143242
    6X    -0.0016933948
    6Y    -0.0004828763
    6Z     0.0011284537
    7X     0.0008344591
    7Y     0.0004299047
    7Z    -0.0001985283
    8X     0.0008558813
    8Y     0.0001094859
    8Z    -0.0001747215
    9X     0.0000208566
    9Y    -0.0015922325
    9Z     0.0000779594
   10X     0.0001804673
   10Y    -0.0006298287
   10Z    -0.0000561802
   11X     0.0011020514
   11Y     0.0011134126
   11Z    -0.0002495007
   12X    -0.0000122711
   12Y     0.0000934804
   12Z     0.0001326985
   13X     0.0002619444
   13Y     0.0000908926
   13Z     0.0002216100
   14X     0.0004539369
   14Y     0.0002900053
   14Z    -0.0002325833
   15X     0.0002792890
   15Y    -0.0001599599
   15Z    -0.0004881413
   16X    -0.0001836925
   16Y    -0.0003850171
   16Z     0.0000635484
   17X     0.0000849655
   17Y     0.0002468992
   17Z    -0.0000404907
   18X     0.0000912716
   18Y     0.0004128061
   18Z    -0.0000333459
   19X     0.0002199626
   19Y     0.0012067708
   19Z    -0.0006693200
   20X     0.0003594674
   20Y    -0.0003084582
   20Z     0.0007057975
   21X    -0.0012848577
   21Y    -0.0003394850
   21Z     0.0002449212
   22X    -0.0007435575
   22Y     0.0008993306
   22Z     0.0001730720
------------------------
 OPTIMIZATION STATISTICS:
 ENERGY CHANGE           =     0.5077061780E-03 (REQUEST=  0.10000E-05 )
 MAXIMUM GEOMETRY CHANGE =     0.1919192512E-01 (REQUEST=  0.40000E-02 )
 GEOMETRY CHANGE RMS     =     0.5572184523E-02 (REQUEST=  0.26667E-02 )
 MAXIMUM GRADIENT ELEMENT=     0.2452238791E-02 (REQUEST=  0.10000E-02 )
 GRADIENT NORM           =     0.6411342703E-03 (REQUEST=  0.66667E-03 )

 @ Finish Optimization for This Step

 @ Optimize for New Step


============  GEOMETRY FOR OPTIMIZATION STEP   8  ============

GEOMETRY INPUT
ELEMENT      X              Y              Z
  O          -2.394464       1.916648       0.054648
  O          -3.495720      -0.509886       0.372836
  N           4.360377       0.187634       0.336356
  C           2.121634      -0.067325      -0.677401
  C           0.633560      -0.212110      -0.432485
  C           2.929252       0.102118       0.629862
  C          -0.189222       0.923965      -0.323835
  C           0.044073      -1.472431      -0.265941
  C          -1.554179       0.815921      -0.055779
  C          -1.325318      -1.588927       0.003087
  C          -2.132017      -0.455664       0.110828
  H           2.311983       0.803417      -1.321550
  H           2.519506      -0.943685      -1.200136
  H           2.527417       0.973458       1.181682
  H           2.764032      -0.778342       1.261611
  H           0.244728       1.912924      -0.456152
  H           0.651852      -2.367702      -0.348875
  H          -1.771954      -2.572373       0.125861
  H           4.975480       0.110845       1.137114
  H           4.626977       0.953729      -0.272035
  H          -1.903666       2.749959      -0.080226
  H          -3.800154      -1.432948       0.464162

 @ Begin XC Quadrature Formation

 OCTAGO: OCTree Algorithm for Grid Operations 
   PRUNING CUTOFF       = 0.100E-06
   INITIAL GRID POINTS  =       83248
|   FINAL GRID POINTS    =       53647
|   SIGNIFICANT NUMBER OF BASIS FUNCTIONS     =       47742
|   SIGNIFICANT NUMBER OF PRIMITIVE FUNCTIONS =       56130

 @ End XC Quadrature Formation


 @ Begin Energy Calculation

                                         SCF ENERGY
| ------------------------------------------------------------------------------------------------------------------------
| NCYC       ENERGY         DELTA_E      SCF_TIME  DII_CYC   DII_TIME   O_TIME  DIAG_TIME    MAX_ERR    RMS_CHG    MAX_CHG
| ------------------------------------------------------------------------------------------------------------------------
|  1   -516.505569399      ------         0.035     1        0.01      0.03      0.00    0.3888E-02  0.2003E-03  0.3264E-02
|  2   -516.503179602  -.238980E-02       0.031     2        0.01      0.03      0.00    0.7428E-03  0.1178E-03  0.1175E-02
|  3   -516.503174036  -.556664E-05       0.030     3        0.01      0.02      0.00    0.1120E-02  0.6416E-04  0.8438E-03
|  4   -516.503182966  0.893062E-05       0.030     4        0.01      0.02      0.00    0.6302E-04  0.6265E-05  0.8434E-04
|  5   -516.503183002  0.358232E-07       0.029     5        0.01      0.02      0.00    0.5411E-04  0.1887E-05  0.3267E-04
|  6   -516.503183012  0.963564E-08       0.029     6        0.01      0.02      0.00    0.8097E-05  0.5076E-06  0.7469E-05
| ------------------------------------------------------------------------------------------------------------------------
| REACH CONVERGENCE AFTER   6 CYCLES
| MAX ERROR = 0.809711E-05   RMS CHANGE = 0.507556E-06   MAX CHANGE = 0.746866E-05
| -----------------------------------------------
 ALPHA ELECTRON DENSITY    =    41.0000573005
 BETA ELECTRON DENSITY     =    41.0000573005
 ELECTRONIC ENERGY    =  -1104.143946994
 CORE_CORE REPULSION  =    587.640763982
 TOTAL ENERGY         =   -516.503183012

 @ End Energy calculation


 ANALYTICAL GRADIENT: 
------------------------
 VARIBLES    NEW_GRAD
------------------------
    1X     0.0004821684
    1Y     0.0001790864
    1Z    -0.0000406268
    2X     0.0001930691
    2Y    -0.0004985843
    2Z    -0.0000801297
    3X    -0.0002268510
    3Y    -0.0006888436
    3Z     0.0001062536
    4X    -0.0001890488
    4Y     0.0002730562
    4Z    -0.0009035629
    5X    -0.0000069748
    5Y    -0.0000350338
    5Z     0.0003661893
    6X    -0.0010622308
    6Y    -0.0003588210
    6Z     0.0008915112
    7X     0.0001478159
    7Y     0.0002646317
    7Z    -0.0000595175
    8X    -0.0000489522
    8Y    -0.0000773184
    8Z     0.0000073664
    9X    -0.0001399283
    9Y    -0.0004517422
    9Z     0.0000485034
   10X    -0.0001015373
   10Y    -0.0002019170
   10Z    -0.0000176332
   11X     0.0003569137
   11Y     0.0003820276
   11Z    -0.0000852349
   12X     0.0000165717
   12Y     0.0000992685
   12Z     0.0002073481
   13X     0.0002355954
   13Y     0.0000544061
   13Z     0.0001946921
   14X     0.0004677209
   14Y     0.0003104953
   14Z    -0.0002615275
   15X     0.0003081535
   15Y    -0.0002702360
   15Z    -0.0004613663
   16X    -0.0000420602
   16Y    -0.0001268503
   16Z     0.0000227683
   17X    -0.0000460758
   17Y     0.0000406321
   17Z    -0.0000035574
   18X     0.0000680997
   18Y     0.0000789890
   18Z    -0.0000152465
   19X     0.0002303399
   19Y     0.0007632942
   19Z    -0.0002241240
   20X     0.0002157599
   20Y    -0.0001251523
   20Z     0.0001170586
   21X    -0.0003913457
   21Y     0.0002823970
   21Z     0.0000419579
   22X    -0.0004672032
   22Y     0.0001062148
   22Z     0.0001488779
------------------------
 OPTIMIZATION STATISTICS:
 ENERGY CHANGE           =     0.4248183689E-04 (REQUEST=  0.10000E-05 )
 MAXIMUM GEOMETRY CHANGE =     0.1229660198E-01 (REQUEST=  0.40000E-02 )
 GEOMETRY CHANGE RMS     =     0.3525890596E-02 (REQUEST=  0.26667E-02 )
 MAXIMUM GRADIENT ELEMENT=     0.6840467442E-03 (REQUEST=  0.10000E-02 )
 GRADIENT NORM           =     0.2406499147E-03 (REQUEST=  0.66667E-03 )

 @ Finish Optimization for This Step

 @ Optimize for New Step


============  GEOMETRY FOR OPTIMIZATION STEP   9  ============

GEOMETRY INPUT
ELEMENT      X              Y              Z
  O          -2.394263       1.915999       0.055190
  O          -3.496053      -0.509829       0.373033
  N           4.359377       0.190081       0.338149
  C           2.121537      -0.066914      -0.677195
  C           0.633495      -0.211678      -0.432548
  C           2.929013       0.104007       0.629937
  C          -0.189538       0.924076      -0.323636
  C           0.043880      -1.471937      -0.266095
  C          -1.554307       0.815699      -0.055528
  C          -1.325601      -1.588479       0.002965
  C          -2.132714      -0.455718       0.110989
  H           2.311883       0.803745      -1.321523
  H           2.518933      -0.943525      -1.199960
  H           2.525256       0.975190       1.180909
  H           2.763083      -0.776040       1.262433
  H           0.244513       1.913331      -0.455797
  H           0.651542      -2.367407      -0.349046
  H          -1.772370      -2.572112       0.125694
  H           4.974937       0.106630       1.137502
  H           4.627962       0.951196      -0.275151
  H          -1.899760       2.747264      -0.080001
  H          -3.796632      -1.434354       0.463313

 @ Begin XC Quadrature Formation

 OCTAGO: OCTree Algorithm for Grid Operations 
   PRUNING CUTOFF       = 0.100E-06
   INITIAL GRID POINTS  =       83248
|   FINAL GRID POINTS    =       53649
|   SIGNIFICANT NUMBER OF BASIS FUNCTIONS     =       47761
|   SIGNIFICANT NUMBER OF PRIMITIVE FUNCTIONS =       56146

 @ End XC Quadrature Formation


 @ Begin Energy Calculation

                                         SCF ENERGY
| ------------------------------------------------------------------------------------------------------------------------
| NCYC       ENERGY         DELTA_E      SCF_TIME  DII_CYC   DII_TIME   O_TIME  DIAG_TIME    MAX_ERR    RMS_CHG    MAX_CHG
| ------------------------------------------------------------------------------------------------------------------------
|  1   -516.504218702      ------         0.034     1        0.01      0.03      0.00    0.1871E-02  0.1279E-03  0.2761E-02
|  2   -516.503195236  -.102347E-02       0.030     2        0.00      0.03      0.00    0.5231E-03  0.5932E-04  0.9817E-03
|  3   -516.503194433  -.802532E-06       0.029     3        0.00      0.02      0.00    0.8953E-03  0.2896E-04  0.5404E-03
|  4   -516.503196161  0.172718E-05       0.029     4        0.01      0.02      0.00    0.4454E-04  0.4461E-05  0.7774E-04
|  5   -516.503196167  0.622026E-08       0.029     5        0.01      0.02      0.00    0.4081E-04  0.2474E-05  0.4316E-04
|  6   -516.503196180  0.133934E-07       0.029     6        0.01      0.02      0.00    0.5183E-05  0.4334E-06  0.5455E-05
| ------------------------------------------------------------------------------------------------------------------------
| REACH CONVERGENCE AFTER   6 CYCLES
| MAX ERROR = 0.518323E-05   RMS CHANGE = 0.433429E-06   MAX CHANGE = 0.545542E-05
| -----------------------------------------------
 ALPHA ELECTRON DENSITY    =    41.0000606749
 BETA ELECTRON DENSITY     =    41.0000606749
 ELECTRONIC ENERGY    =  -1104.208519198
 CORE_CORE REPULSION  =    587.705323018
 TOTAL ENERGY         =   -516.503196180

 @ End Energy calculation


 ANALYTICAL GRADIENT: 
------------------------
 VARIBLES    NEW_GRAD
------------------------
    1X     0.0001923213
    1Y    -0.0003878500
    1Z     0.0000469316
    2X     0.0001960444
    2Y    -0.0000122630
    2Z    -0.0000950630
    3X    -0.0001258567
    3Y    -0.0002915740
    3Z     0.0002688073
    4X    -0.0001731598
    4Y     0.0002028756
    4Z    -0.0007412358
    5X     0.0000562823
    5Y     0.0000613333
    5Z     0.0003082224
    6X    -0.0006287831
    6Y    -0.0001949607
    6Z     0.0006815576
    7X    -0.0000061015
    7Y     0.0000675030
    7Z    -0.0000229617
    8X    -0.0000366377
    8Y     0.0000189888
    8Z     0.0000056564
    9X    -0.0000130817
    9Y     0.0001422227
    9Z    -0.0000073526
   10X    -0.0000166444
   10Y     0.0000830568
   10Z    -0.0000420493
   11X    -0.0003547094
   11Y    -0.0000994331
   11Z     0.0000651347
   12X     0.0000341165
   12Y     0.0001263680
   12Z     0.0002545982
   13X     0.0001677311
   13Y     0.0000272602
   13Z     0.0001316923
   14X     0.0003765933
   14Y     0.0002849842
   14Z    -0.0002352115
   15X     0.0002440730
   15Y    -0.0003320714
   15Z    -0.0004167687
   16X     0.0000535991
   16Y     0.0000182749
   16Z    -0.0000034039
   17X    -0.0000139095
   17Y    -0.0000200739
   17Z    -0.0000068062
   18X    -0.0000320935
   18Y     0.0000059580
   18Z     0.0000068699
   19X     0.0000617223
   19Y     0.0004071602
   19Z    -0.0000139110
   20X     0.0000160331
   20Y    -0.0001612992
   20Z    -0.0002225725
   21X     0.0000272059
   21Y     0.0000550715
   21Z    -0.0000287849
   22X    -0.0000247448
   22Y    -0.0000015318
   22Z     0.0000666505
------------------------
 OPTIMIZATION STATISTICS:
 ENERGY CHANGE           =     0.1316855924E-04 (REQUEST=  0.10000E-05 )
 MAXIMUM GEOMETRY CHANGE =     0.1047779306E-01 (REQUEST=  0.40000E-02 )
 GEOMETRY CHANGE RMS     =     0.2897034859E-02 (REQUEST=  0.26667E-02 )
 MAXIMUM GRADIENT ELEMENT=     0.3311682699E-03 (REQUEST=  0.10000E-02 )
 GRADIENT NORM           =     0.1492857402E-03 (REQUEST=  0.66667E-03 )

 @ Finish Optimization for This Step

 @ Optimize for New Step


============  GEOMETRY FOR OPTIMIZATION STEP  10  ============

GEOMETRY INPUT
ELEMENT      X              Y              Z
  O          -2.394852       1.917779       0.055863
  O          -3.494186      -0.509779       0.373184
  N           4.358761       0.191139       0.339016
  C           2.121132      -0.067550      -0.677284
  C           0.633068      -0.212069      -0.432702
  C           2.928515       0.104807       0.629602
  C          -0.189836       0.924025      -0.323579
  C           0.043997      -1.472467      -0.266274
  C          -1.554513       0.816988      -0.055266
  C          -1.325046      -1.588826       0.002906
  C          -2.130991      -0.455216       0.110888
  H           2.311103       0.802623      -1.322538
  H           2.517558      -0.944480      -1.200339
  H           2.522986       0.975454       1.180325
  H           2.761648      -0.774393       1.263172
  H           0.244057       1.913345      -0.455637
  H           0.651937      -2.367726      -0.349384
  H          -1.771345      -2.572765       0.125575
  H           4.973800       0.104529       1.138210
  H           4.628249       0.950596      -0.275594
  H          -1.899107       2.748319      -0.079322
  H          -3.792758      -1.435110       0.462812

 @ Begin XC Quadrature Formation

 OCTAGO: OCTree Algorithm for Grid Operations 
   PRUNING CUTOFF       = 0.100E-06
   INITIAL GRID POINTS  =       83248
|   FINAL GRID POINTS    =       53649
|   SIGNIFICANT NUMBER OF BASIS FUNCTIONS     =       48133
|   SIGNIFICANT NUMBER OF PRIMITIVE FUNCTIONS =       56544

 @ End XC Quadrature Formation


 @ Begin Energy Calculation

                                         SCF ENERGY
| ------------------------------------------------------------------------------------------------------------------------
| NCYC       ENERGY         DELTA_E      SCF_TIME  DII_CYC   DII_TIME   O_TIME  DIAG_TIME    MAX_ERR    RMS_CHG    MAX_CHG
| ------------------------------------------------------------------------------------------------------------------------
|  1   -516.503559274      ------         0.034     1        0.01      0.03      0.00    0.9740E-03  0.9952E-04  0.1230E-02
|  2   -516.503198359  -.360916E-03       0.031     2        0.00      0.03      0.00    0.3393E-03  0.3827E-04  0.5829E-03
|  3   -516.503197906  -.452588E-06       0.030     3        0.00      0.02      0.00    0.4987E-03  0.1850E-04  0.3019E-03
|  4   -516.503198828  0.922065E-06       0.030     4        0.01      0.02      0.00    0.3155E-04  0.2764E-05  0.5863E-04
|  5   -516.503198830  0.155819E-08       0.029     5        0.01      0.02      0.00    0.2600E-04  0.1317E-05  0.2443E-04
|  6   -516.503198833  0.370142E-08       0.029     6        0.01      0.02      0.00    0.2904E-05  0.2502E-06  0.4257E-05
| ------------------------------------------------------------------------------------------------------------------------
| REACH CONVERGENCE AFTER   6 CYCLES
| MAX ERROR = 0.290437E-05   RMS CHANGE = 0.250157E-06   MAX CHANGE = 0.425657E-05
| -----------------------------------------------
 ALPHA ELECTRON DENSITY    =    41.0000608364
 BETA ELECTRON DENSITY     =    41.0000608364
 ELECTRONIC ENERGY    =  -1104.231945049
 CORE_CORE REPULSION  =    587.728746216
 TOTAL ENERGY         =   -516.503198833

 @ End Energy calculation


 ANALYTICAL GRADIENT: 
------------------------
 VARIBLES    NEW_GRAD
------------------------
    1X    -0.0002166104
    1Y     0.0001510490
    1Z     0.0001034708
    2X     0.0003729020
    2Y     0.0002825965
    2Z    -0.0001375262
    3X     0.0001330098
    3Y    -0.0000745156
    3Z     0.0002394371
    4X    -0.0001126299
    4Y     0.0000555944
    4Z    -0.0004908086
    5X     0.0000063251
    5Y    -0.0001478797
    5Z     0.0002620004
    6X    -0.0003570032
    6Y    -0.0000558102
    6Z     0.0005275342
    7X    -0.0001709011
    7Y    -0.0002011637
    7Z     0.0000159013
    8X    -0.0002504920
    8Y    -0.0000500971
    8Z     0.0000571782
    9X    -0.0001680514
    9Y     0.0004378218
    9Z     0.0000075366
   10X    -0.0000410190
   10Y    -0.0000602924
   10Z    -0.0000261497
   11X     0.0003173761
   11Y    -0.0001688980
   11Z    -0.0000611383
   12X     0.0000018288
   12Y     0.0001435723
   12Z     0.0002117335
   13X     0.0000705244
   13Y     0.0000191719
   13Z     0.0000190846
   14X     0.0002407655
   14Y     0.0001700766
   14Z    -0.0001316466
   15X     0.0001192502
   15Y    -0.0002573252
   15Z    -0.0003436597
   16X    -0.0000949782
   16Y     0.0000394683
   16Z     0.0000256583
   17X    -0.0000203572
   17Y    -0.0000234761
   17Z    -0.0000073610
   18X     0.0000997709
   18Y    -0.0001427883
   18Z    -0.0000133811
   19X    -0.0000743384
   19Y     0.0002504541
   19Z     0.0000567329
   20X    -0.0001072654
   20Y    -0.0002370967
   20Z    -0.0003116060
   21X     0.0000790653
   21Y    -0.0000249900
   21Z    -0.0000335178
   22X     0.0001728285
   22Y    -0.0001054720
   22Z     0.0000305272
------------------------
 OPTIMIZATION STATISTICS:
 ENERGY CHANGE           =     0.2653091201E-05 (REQUEST=  0.10000E-05 )
 MAXIMUM GEOMETRY CHANGE =     0.4875989366E-02 (REQUEST=  0.40000E-02 )
 GEOMETRY CHANGE RMS     =     0.1483407067E-02 (REQUEST=  0.26667E-02 )
 MAXIMUM GRADIENT ELEMENT=     0.9875703781E-03 (REQUEST=  0.10000E-02 )
 GRADIENT NORM           =     0.2478862948E-03 (REQUEST=  0.66667E-03 )

 @ Finish Optimization for This Step

 @ Optimize for New Step


============  GEOMETRY FOR OPTIMIZATION STEP  11  ============

GEOMETRY INPUT
ELEMENT      X              Y              Z
  O          -2.394474       1.917290       0.056042
  O          -3.495392      -0.509908       0.373502
  N           4.359185       0.191626       0.339233
  C           2.121479      -0.067592      -0.677406
  C           0.633329      -0.211972      -0.432897
  C           2.928869       0.105229       0.629340
  C          -0.189651       0.923929      -0.323631
  C           0.044059      -1.472246      -0.266449
  C          -1.554372       0.816327      -0.055194
  C          -1.325235      -1.588561       0.002828
  C          -2.131823      -0.455368       0.111062
  H           2.311309       0.802323      -1.323073
  H           2.517493      -0.944640      -1.200577
  H           2.522680       0.975583       1.180122
  H           2.761581      -0.773622       1.263347
  H           0.244316       1.913230      -0.455627
  H           0.651928      -2.367543      -0.349595
  H          -1.771864      -2.572298       0.125513
  H           4.973953       0.104124       1.138514
  H           4.628986       0.951020      -0.275283
  H          -1.898317       2.747545      -0.079077
  H          -3.793865      -1.435251       0.462940

 @ Begin XC Quadrature Formation

 OCTAGO: OCTree Algorithm for Grid Operations 
   PRUNING CUTOFF       = 0.100E-06
   INITIAL GRID POINTS  =       83248
|   FINAL GRID POINTS    =       53648
|   SIGNIFICANT NUMBER OF BASIS FUNCTIONS     =       48112
|   SIGNIFICANT NUMBER OF PRIMITIVE FUNCTIONS =       56527

 @ End XC Quadrature Formation


 @ Begin Energy Calculation

                                         SCF ENERGY
| ------------------------------------------------------------------------------------------------------------------------
| NCYC       ENERGY         DELTA_E      SCF_TIME  DII_CYC   DII_TIME   O_TIME  DIAG_TIME    MAX_ERR    RMS_CHG    MAX_CHG
| ------------------------------------------------------------------------------------------------------------------------
|  1   -516.502958778      ------         0.033     1        0.01      0.03      0.00    0.6731E-03  0.9706E-04  0.1542E-02
|  2   -516.503199104  0.240326E-03       0.030     2        0.00      0.02      0.00    0.1647E-03  0.1798E-04  0.3291E-03
|  3   -516.503198991  -.112371E-06       0.028     3        0.00      0.02      0.00    0.2549E-03  0.8802E-05  0.1479E-03
|  4   -516.503199208  0.216949E-06       0.028     4        0.00      0.02      0.00    0.1306E-04  0.1269E-05  0.2213E-04
|  5   -516.503199210  0.144905E-08       0.028     5        0.01      0.02      0.00    0.8043E-05  0.5277E-06  0.8898E-05
| ------------------------------------------------------------------------------------------------------------------------
| REACH CONVERGENCE AFTER   5 CYCLES
| MAX ERROR = 0.804299E-05   RMS CHANGE = 0.527698E-06   MAX CHANGE = 0.889777E-05
| -----------------------------------------------
 ALPHA ELECTRON DENSITY    =    41.0000579448
 BETA ELECTRON DENSITY     =    41.0000579448
 ELECTRONIC ENERGY    =  -1104.201144100
 CORE_CORE REPULSION  =    587.697944890
 TOTAL ENERGY         =   -516.503199210

 @ End Energy calculation


 ANALYTICAL GRADIENT: 
------------------------
 VARIBLES    NEW_GRAD
------------------------
    1X    -0.0002025593
    1Y     0.0000926246
    1Z     0.0001033478
    2X    -0.0000048597
    2Y     0.0001898418
    2Z    -0.0000601982
    3X     0.0002320401
    3Y    -0.0000466113
    3Z     0.0002293652
    4X    -0.0000550664
    4Y     0.0000346820
    4Z    -0.0003846802
    5X     0.0000078790
    5Y    -0.0000973942
    5Z     0.0002177008
    6X    -0.0002670556
    6Y    -0.0000031497
    6Z     0.0004240804
    7X    -0.0000892378
    7Y    -0.0001020434
    7Z    -0.0000072393
    8X    -0.0000433333
    8Y     0.0000030135
    8Z     0.0000132395
    9X    -0.0000027059
    9Y     0.0001656850
    9Z    -0.0000100056
   10X    -0.0000103225
   10Y     0.0000195144
   10Z    -0.0000292515
   11X     0.0001282381
   11Y    -0.0001140908
   11Z    -0.0000283592
   12X    -0.0000080538
   12Y     0.0001333043
   12Z     0.0001985410
   13X     0.0000337833
   13Y     0.0000268954
   13Z    -0.0000192012
   14X     0.0001783697
   14Y     0.0001151992
   14Z    -0.0000792851
   15X     0.0000569731
   15Y    -0.0002213511
   15Z    -0.0003035400
   16X    -0.0000296584
   16Y     0.0000262135
   16Z     0.0000131723
   17X     0.0000001673
   17Y    -0.0000054741
   17Z    -0.0000109373
   18X     0.0000283118
   18Y    -0.0000553396
   18Z    -0.0000043587
   19X    -0.0000923523
   19Y     0.0002199095
   19Z     0.0000788181
   20X    -0.0001249853
   20Y    -0.0002386584
   20Z    -0.0003371177
   21X     0.0000939825
   21Y    -0.0000887902
   21Z    -0.0000326337
   22X     0.0001704454
   22Y    -0.0000539805
   22Z     0.0000285426
------------------------
 OPTIMIZATION STATISTICS:
 ENERGY CHANGE           =     0.3764581606E-06 (REQUEST=  0.10000E-05 )
 MAXIMUM GEOMETRY CHANGE =     0.1168702374E-02 (REQUEST=  0.40000E-02 )
 GEOMETRY CHANGE RMS     =     0.5093989490E-03 (REQUEST=  0.26667E-02 )
 MAXIMUM GRADIENT ELEMENT=     0.3266203528E-03 (REQUEST=  0.10000E-02 )
 GRADIENT NORM           =     0.1237124353E-03 (REQUEST=  0.66667E-03 )

 GEOMETRY OPTIMIZED AFTER   11 CYCLES

 @ Finish Optimization for This Step 

================ OPTIMIZED GEOMETRY INFORMATION ==============

 OPTIMIZED GEOMETRY IN CARTESIAN
 ELEMENT      X              Y              Z
  O          -2.394474       1.917290       0.056042
  O          -3.495392      -0.509908       0.373502
  N           4.359185       0.191626       0.339233
  C           2.121479      -0.067592      -0.677406
  C           0.633329      -0.211972      -0.432897
  C           2.928869       0.105229       0.629340
  C          -0.189651       0.923929      -0.323631
  C           0.044059      -1.472246      -0.266449
  C          -1.554372       0.816327      -0.055194
  C          -1.325235      -1.588561       0.002828
  C          -2.131823      -0.455368       0.111062
  H           2.311309       0.802323      -1.323073
  H           2.517493      -0.944640      -1.200577
  H           2.522680       0.975583       1.180122
  H           2.761581      -0.773622       1.263347
  H           0.244316       1.913230      -0.455627
  H           0.651928      -2.367543      -0.349595
  H          -1.771864      -2.572298       0.125513
  H           4.973953       0.104124       1.138514
  H           4.628986       0.951020      -0.275283
  H          -1.898317       2.747545      -0.079077
  H          -3.793865      -1.435251       0.462940

 FORCE
 ELEMENT      X              Y              Z
  O           0.000107      -0.000049      -0.000055
  O           0.000003      -0.000100       0.000032
  N          -0.000123       0.000025      -0.000121
  C           0.000029      -0.000018       0.000204
  C          -0.000004       0.000052      -0.000115
  C           0.000141       0.000002      -0.000224
  C           0.000047       0.000054       0.000004
  C           0.000023      -0.000002      -0.000007
  C           0.000001      -0.000088       0.000005
  C           0.000005      -0.000010       0.000015
  C          -0.000068       0.000060       0.000015
  H           0.000004      -0.000071      -0.000105
  H          -0.000018      -0.000014       0.000010
  H          -0.000094      -0.000061       0.000042
  H          -0.000030       0.000117       0.000161
  H           0.000016      -0.000014      -0.000007
  H          -0.000000       0.000003       0.000006
  H          -0.000015       0.000029       0.000002
  H           0.000049      -0.000116      -0.000042
  H           0.000066       0.000126       0.000178
  H          -0.000050       0.000047       0.000017
  H          -0.000090       0.000029      -0.000015

 MINIMIZED ENERGY =   -516.503199210
===============================================================

 @ Finish Optimization Job


DL-FIND Report:
===============
Optimisation algorithm: L-BFGS
Number of steps in L-BFGS memory ...............        100

Step length: simple scaled
Maximum step length ............................  1.000E-01
Scaling step by ................................  1.000E+00

Coordinate system: Delocalised internal coordinates (DLC)

Number of atoms ................................         22
Number of input geometries .....................          1
Variables to be optimised ......................         60
No restart information is written
This run has not been restarted.
Number of energy evaluations on this processor .         11
Number of steps ................................         11
Number of accepted steps / line searches .......         11


 @ Output Timing Information

------------- TIMING ---------------
| INITIAL GUESS TIME  =     1.392637000(  7.62%)
| DFT GRID OPERATIONS =     0.597902000(  3.27%)
| TOTAL SCF TIME      =     2.527337000( 13.82%)
|       TOTAL OP TIME      =     2.101939000( 11.49%)
|             TOTAL 1e TIME      =     0.041666000(  0.23%)
|             TOTAL 2e TIME      =     0.387110000(  2.12%)
|             TOTAL EXC TIME     =     1.652309000(  9.04%)
|       TOTAL DII TIME      =     0.422515000(  2.31%)
|             TOTAL DIAG TIME    =     0.267618000(  1.46%)
| TOTAL GRADIENT TIME      =     2.271097000( 12.42%)
|       TOTAL 1e GRADIENT TIME      =     0.332712000( 1.87%)
|       TOTAL 2e GRADIENT TIME      =     0.704606000( 3.85%)
|       TOTAL EXC GRADIENT TIME     =     1.223040000(  6.69%)
| TOTAL TIME          =    18.287421000
------------------------------------
| Job cpu time:  0 days  0 hours  0 minutes 18.3 seconds.

 @ Finish Output Timing Information

| Normal Termination. Task Finished on: Mon Jul 14 22:07:34 2025
