| *********************************************************************************************************
| **                                                                                                     **
| **           888888888888                                                                              **
| **         8888888888888888                                                                            **
| **      888888888888888888                                                                             **
| **     888888888888888888                                                                              **
| **    888888888888888                                                                                  **
| **   88888888888888888888                               88888                       8888:              **
| **   8888888888888888888888Z                            88888                       8888:              **
| **   888888888888888888888888?                          88888                       8888:              **
| **   8888888888888      8888888                                        888888       8888:              **
| **    88888888888         888888     8888:     88888    88888        888888888I     8888:    888888    **
| **    8888888888           88888:    8888:     88888    88888      $888888888888    8888:   888888     **
| **    I8Z 88888             88888    8888:     88888    88888    .888888     8888   8888: 888888       **
| **    .8Z 88888             88888    8888:     88888    88888    $88888             8888:88888         **
| **     8I 88888      .=88. .88888    8888:     88888    88888    88888              8888888888         **
| **    :8  88888      888888$8888$    8888:     88888    88888    8888O              88888888888        **
| **   ,7   +88888.     8888888888.    8888:     88888    88888    888888             88888O888888       **
| **         $888888:.   .8888888      88888....888888    88888     888888     8888   8888:  888888      **
| **          I8888888888888888888     888888888888888    88888     O888888888888O    8888:   888888     **
| **            O888888888888888888     88888888888888    88888       88888888888$    8888:    888888    **
| **               8888888Z     888      .8888I  88888    88888         8888888       8888:     888888   **
| **                                                                                                     **
| **                                                                                                     **
| **                                         Copyright (c) 2025                                          **
| **                          Regents of the University of California San Diego                          **
| **                                    & Michigan State University                                      **
| **                                        All Rights Reserved.                                         **
| **                                                                                                     **
| **             This software is subject to the terms of the Mozilla Public License, v. 2.0.            **
| **                                                                                                     **
| *********************************************************************************************************
|                                                                                                          
| Cite this work as:                                                                                       
| Manathunga, M.; O'Hearn, K. A.; Shajan, A.; Smith, J.; Miao, Y.; He, X.; Ayers, K.;                      
| Brothers, E.; Palos, E.; Tripathy, V.; Goetz, A.W.; Merz, K.M. QUICK-25.03.                              
| University of California,San Diego, CA and                                                               
| Michigan State University, East Lansing, MI, 2025                                                        
|                                                                                                          
| If you have any comments or queries, please reach out to us on GitHub issues or discussion sections:     
| https://github.com/merzlab/QUICK.                                                                        
|                                                                                                          
| TASK STARTS ON: Sun Jul 13 20:39:23 2025
| INPUT FILE :    taxol.in
| OUTPUT FILE:    taxol.out
| BASIS SET PATH: /home/vtripathy/QUICK_dev/QUICK/install_cuda/basis

| - MPI Enabled -
| TOTAL RANKS     =     4
| MASTER NAME     = exp-16-57                     

|------------ GPU INFORMATION -------------------------------
| CUDA ENABLED DEVICES          :        4
|                                                            
|        --    MPI RANK   0 --          
|   CUDA DEVICE IN USE          :        0
|   CUDA DEVICE NAME            : NVIDIA A100-PCIE-40GB
|   CUDA DEVICE PM              :      108
|   CUDA DEVICE CORE FREQ(GHZ)  :     1.41
|   CUDA DEVICE MEMORY SIZE (MB):    40513
|   SUPPORTING CUDA VERSION     :      8.0
|                                                            
|        --    MPI RANK   1 --          
|   CUDA DEVICE IN USE          :        1
|   CUDA DEVICE NAME            : NVIDIA A100-PCIE-40GB
|   CUDA DEVICE PM              :      108
|   CUDA DEVICE CORE FREQ(GHZ)  :     1.41
|   CUDA DEVICE MEMORY SIZE (MB):    40513
|   SUPPORTING CUDA VERSION     :      8.0
|                                                            
|        --    MPI RANK   2 --          
|   CUDA DEVICE IN USE          :        2
|   CUDA DEVICE NAME            : NVIDIA A100-PCIE-40GB
|   CUDA DEVICE PM              :      108
|   CUDA DEVICE CORE FREQ(GHZ)  :     1.41
|   CUDA DEVICE MEMORY SIZE (MB):    40513
|   SUPPORTING CUDA VERSION     :      8.0
|                                                            
|        --    MPI RANK   3 --          
|   CUDA DEVICE IN USE          :        3
|   CUDA DEVICE NAME            : NVIDIA A100-PCIE-40GB
|   CUDA DEVICE PM              :      108
|   CUDA DEVICE CORE FREQ(GHZ)  :     1.41
|   CUDA DEVICE MEMORY SIZE (MB):    40513
|   SUPPORTING CUDA VERSION     :      8.0
|------------------------------------------------------------

 @ Read Job And Atom

  KEYWORD=B3LYP BASIS=6-311++G(2D,2P) ENERGY
 ============== JOB CARD =============
 METHOD = DENSITY FUNCTIONAL THEORY
 DENSITY FUNCTIONAL = B3LYP
 DIRECT SCF 
 SAD INITAL GUESS 
 USE DIIS SCF
 PRINT ENERGY EVERY CYCLE
 READ SAD GUESS FROM FILE
 STANDARD GRID = SG1
 MAX SCF CYCLES =    200
 MAX DIIS CYCLES =   10
 DELTA DENSITY START CYCLE =    3
 COMPUTATIONAL CUTOFF: 
      TWO-e INTEGRAL   =  0.100E-06
      BASIS SET PRIME  =  0.100E-07
      MATRIX ELEMENTS  =  0.100E-09
      BASIS FUNCTION   =  0.100E-05
 DENSITY MATRIX MAXIMUM RMS FOR CONVERGENCE  =  0.100E-05
 BASIS SET = 6-311++G(2D,2P),  TYPE = CARTESIAN
| BASIS FILE = /home/vtripathy/QUICK_dev/QUICK/install_cuda/basis/6-311PLPLG2D2P.BAS
| DATA FILE  =    taxol.dat

 @ Finish reading job


 @ Begin SAD initial guess

 For Atom Kind =    1
 ELEMENT = O 
 BASIS FUNCTIONS =   29
 For Atom Kind =    2
 ELEMENT = N 
 BASIS FUNCTIONS =   29
 For Atom Kind =    3
 ELEMENT = C 
 BASIS FUNCTIONS =   29
 For Atom Kind =    4
 ELEMENT = H 
 BASIS FUNCTIONS =   10

 @ Finish SAD initial guess


 @ Begin Reading Molecular Information


 =========== Molecule Input ==========
 TOTAL MOLECULAR CHARGE  =    0    MULTIPLICITY                =    1
 TOTAL ATOM NUMBER       =  113    NUMBER OF ATOM TYPES        =    4
 NUMBER OF HYDROGEN ATOM =   51    NUMBER OF NON-HYDROGEN ATOM =   62
 NUMBER OF ELECTRONS     =  452

 -- INPUT GEOMETRY -- :
    O          -3.7950      -1.0230       5.7860
    O          -2.9880      -2.1790       3.1750
    O          -4.1920      -0.0580       1.6900
    O          -3.6110       0.5600      -0.6860
    O           0.3390       1.2550       5.7670
    O           1.4820       2.6470       1.3020
    O           1.3050       1.2060       3.3110
    O           0.0110      -2.2010       0.7030
    O          -4.0590      -3.5910       4.4440
    O          -5.5410       1.5790       2.0920
    O           1.2780       3.7860      -0.5340
    O          -0.7150      -3.9950      -0.2620
    O           0.1760      -3.6670       2.9550
    O           4.3140      -5.4970       3.8890
    N           2.6870      -4.9380       2.6100
    C          -2.0320       0.0000       2.9210
    C          -2.8610      -1.0040       3.8590
    C          -1.0410       1.0520       3.6590
    C          -2.4430      -1.2050       5.3380
    C          -2.9570       0.5150       1.7030
    C          -2.4700       0.3790       0.1790
    C          -0.5030       0.3770       5.0050
    C          -1.5620      -0.1290       5.9930
    C          -1.4500       1.4840      -0.2980
    C          -4.1970      -0.5430       4.4990
    C           0.1880       1.4410       2.8530
    C          -1.9160      -1.0540      -0.1670
    C          -0.2060       1.1950       0.4770
    C          -1.7720       2.3830       4.0680
    C           0.2560       2.1210       1.5390
    C          -0.3480      -1.2060      -0.1350
    C           0.4200      -0.0070       0.2790
    C          -2.0660       2.9470      -0.2070
    C          -1.1190       1.4000      -1.8510
    C           1.8590      -0.2140       0.5210
    C          -3.4950      -3.3030       3.3960
    C          -5.3590       0.4160       1.7440
    C          -3.4010      -4.3030       2.3610
    C           1.9440       3.3900       0.4140
    C          -0.1080      -3.4380       0.6460
    C          -6.4520      -0.3800       1.3870
    C           0.5290      -4.2270       1.6880
    C           3.3290       3.7800       0.5360
    C          -7.7830      -0.0140       1.7240
    C          -6.2670      -1.5740       0.6420
    C           2.0840      -4.2760       1.5270
    C          -8.8810      -0.7820       1.2930
    C          -7.3650      -2.3430       0.2100
    C          -8.6720      -1.9410       0.5280
    C           2.5500      -4.9610       0.2790
    C           2.1110      -6.2650      -0.0610
    C           3.4710      -4.3200      -0.5860
    C           3.7830      -4.6080       3.2390
    C           2.5520      -6.8930      -1.2410
    C           3.9190      -4.9520      -1.7600
    C           4.3950      -3.3600       3.2170
    C           3.4540      -6.2350      -2.0930
    C           5.7280      -3.2230       2.7640
    C           3.7010      -2.2020       3.6440
    C           6.3500      -1.9610       2.7380
    C           4.3230      -0.9400       3.6130
    C           5.6480      -0.8190       3.1610
    H          -1.3090      -0.6750       2.4660
    H          -2.0640      -2.2070       5.5540
    H          -3.1180       1.5630       1.8950
    H           0.1100      -0.4930       4.7400
    H          -2.1600       0.7080       6.3610
    H          -1.0710      -0.5710       6.8660
    H          -5.0860      -1.0670       4.1400
    H          -4.3450       0.5380       4.5120
    H          -2.3910      -1.7840       0.4890
    H          -2.2320      -1.3360      -1.1770
    H          -1.1290       3.0130       4.6850
    H          -2.6790       2.1860       4.6330
    H          -2.0580       2.9910       3.2140
    H          -0.3650       3.0020       1.6550
    H           0.0080      -1.4740      -1.1390
    H          -1.3430       3.6970      -0.5350
    H          -2.3860       3.2410       0.7860
    H          -2.9490       3.0490      -0.8430
    H          -0.7430       0.4360      -2.1760
    H          -2.0040       1.5920      -2.4630
    H          -0.3590       2.1360      -2.1240
    H          -4.1910      -0.2150      -0.5380
    H           0.6860       0.7120       6.5060
    H           2.4500       0.6370       0.1940
    H           2.2420      -1.0610      -0.0560
    H           2.0530      -0.4180       1.5710
    H          -3.8880      -3.9420       1.4540
    H          -3.8740      -5.2440       2.6550
    H          -2.3540      -4.5050       2.1460
    H           0.1230      -5.2420       1.6810
    H           3.9600       2.8890       0.5410
    H           3.6450       4.4210      -0.2890
    H           3.4770       4.3210       1.4740
    H          -7.9710       0.8210       2.2840
    H          -5.3300      -1.8920       0.3830
    H           2.4050      -3.2330       1.4970
    H          -9.8320      -0.4950       1.5340
    H          -7.2100      -3.1910      -0.3390
    H           0.5590      -4.2790       3.6180
    H          -9.4700      -2.4910       0.2040
    H           2.2880      -5.7430       2.8720
    H           1.4650      -6.7730       0.5450
    H           3.8300      -3.3890      -0.3670
    H           2.2170      -7.8300      -1.4770
    H           4.5840      -4.4770      -2.3730
    H           3.7710      -6.6880      -2.9530
    H           6.2540      -4.0390       2.4420
    H           2.7380      -2.2670       3.9800
    H           7.3170      -1.8740       2.4140
    H           3.8110      -0.1100       3.9210
    H           6.1020       0.0960       3.1450

============== BASIS INFOS ==============
 BASIS FUNCTIONS = 2308
 NSHELL =  740 NPRIM  = 3216
 JSHELL =  740 JBASIS = 1276


 @ End Reading Molecular Information 


 @ Begin XC Quadrature Formation

 OCTAGO: OCTree Algorithm for Grid Operations 
   PRUNING CUTOFF       = 0.100E-07
   INITIAL GRID POINTS  =      427944
|   FINAL GRID POINTS    =      272229
|   SIGNIFICANT NUMBER OF BASIS FUNCTIONS     =     1738853
|   SIGNIFICANT NUMBER OF PRIMITIVE FUNCTIONS =     1765770

 @ End XC Quadrature Formation


 @ Begin Energy Calculation

                                         SCF ENERGY
| ------------------------------------------------------------------------------------------------------------------------
| NCYC       ENERGY         DELTA_E      SCF_TIME  DII_CYC   DII_TIME   O_TIME  DIAG_TIME    MAX_ERR    RMS_CHG    MAX_CHG
| ------------------------------------------------------------------------------------------------------------------------
|  1  -2945.702621531      ------        14.002     1        0.32     13.67      0.08    0.2925E+01  0.4429E-02  0.3670E+00
|  2  -2928.563744688  -.171389E+02      26.279     2        0.34     25.92      0.08    0.3055E+00  0.2782E-02  0.2586E+00
|  3  -2926.255949424  -.230780E+01      25.905     3        0.35     25.54      0.08    0.5903E+00  0.1817E-02  0.2102E+00
|  4  -2929.945149614  0.368920E+01      24.978     4        0.37     24.59      0.08    0.1500E+00  0.4983E-03  0.4943E-01
|  5  -2930.233706907  0.288557E+00      22.515     5        0.39     22.11      0.09    0.4986E-01  0.3418E-03  0.2111E-01
|  6  -2930.252785145  0.190782E-01      21.940     6        0.41     21.52      0.08    0.2354E-01  0.5287E-03  0.4261E-01
|  7  -2930.257082389  0.429724E-02      22.590     7        0.42     22.15      0.08    0.6212E-02  0.4999E-03  0.4931E-01
|  8  -2930.259332436  0.225005E-02      22.301     8        0.45     21.84      0.08    0.2244E-02  0.9589E-03  0.6799E-01
|  9  -2930.257525110  -.180733E-02      23.754     9        0.47     23.27      0.08    0.5295E-02  0.2583E-03  0.1220E-01
| 10  -2930.257130650  -.394460E-03      21.147    10        0.49     20.64      0.08    0.3520E-02  0.8775E-04  0.3804E-02
| 11  -2930.257102911  -.277393E-04      19.178     1        0.59     18.57      0.08    0.3233E-02  0.2197E-03  0.1560E-01
| 12  -2930.258685390  0.158248E-02      20.845     2        0.59     20.23      0.08    0.2594E-02  0.1474E-03  0.5438E-02
| 13  -2930.256758162  -.192723E-02      20.290     3        0.59     19.69      0.08    0.1884E-02  0.2344E-03  0.1288E-01
| 14  -2930.256461338  -.296824E-03      20.991     4        0.59     20.39      0.08    0.2310E-02  0.3431E-03  0.1987E-01
| 15  -2930.256282314  -.179023E-03      21.818     5        0.59     21.21      0.08    0.4664E-02  0.2114E-03  0.1570E-01
| 16  -2930.257053800  0.771486E-03      20.925     6        0.59     20.31      0.08    0.2312E-02  0.3575E-03  0.3618E-01
| 17  -2930.257819728  0.765928E-03      21.826     7        0.59     21.22      0.08    0.3147E-02  0.5090E-03  0.6137E-01
| 18  -2930.258629389  0.809661E-03      22.451     8        0.59     21.85      0.08    0.1864E-02  0.1957E-03  0.1780E-01
| 19  -2930.258510489  -.118900E-03      20.596     9        0.59     19.99      0.08    0.2066E-02  0.2540E-03  0.2316E-01
| 20  -2930.258911926  0.401438E-03      21.052    10        0.59     20.45      0.08    0.1242E-02  0.7532E-03  0.3697E-01
| 21  -2930.258846687  -.652392E-04      23.224     1        0.59     22.61      0.08    0.5523E-02  0.2685E-03  0.1384E-01
| 22  -2930.258075061  -.771626E-03      21.250     2        0.59     20.65      0.08    0.2950E-02  0.3108E-03  0.1670E-01
| 23  -2930.259428557  0.135350E-02      21.617     3        0.59     21.01      0.08    0.9041E-03  0.3685E-03  0.2332E-01
| 24  -2930.258700814  -.727743E-03      21.802     4        0.59     21.20      0.08    0.1305E-02  0.5465E-03  0.6109E-01
| 25  -2930.258646215  -.545989E-04      22.501     5        0.59     21.89      0.08    0.2722E-02  0.9982E-03  0.8985E-01
| 26  -2930.258209987  -.436228E-03      23.710     6        0.59     23.10      0.08    0.6903E-02  0.3558E-03  0.1937E-01
| 27  -2930.257644476  -.565511E-03      21.737     7        0.59     21.13      0.08    0.1770E-02  0.1023E-02  0.9145E-01
| 28  -2930.258183491  0.539016E-03      23.532     8        0.59     22.93      0.08    0.6877E-03  0.1291E-02  0.1027E+00
| 29  -2930.258960529  0.777038E-03      24.202     9        0.59     23.59      0.08    0.2472E-02  0.2269E-02  0.2171E+00
| 30  -2930.258500594  -.459935E-03      25.228    10        0.59     24.62      0.08    0.1088E-02  0.2707E-03  0.1845E-01
| 31  -2930.259642137  0.114154E-02      20.869     1        0.59     20.26      0.08    0.8965E-03  0.1082E-02  0.9514E-01
| 32  -2930.259535549  -.106588E-03      23.549     2        0.59     22.94      0.08    0.1607E-02  0.9330E-03  0.9055E-01
| 33  -2930.259421085  -.114464E-03      23.198     3        0.59     22.59      0.08    0.1205E-02  0.1801E-02  0.1310E+00
| 34  -2930.260000875  0.579790E-03      24.860     4        0.59     24.25      0.08    0.3433E-02  0.3502E-02  0.4162E+00
| 35  -2930.259539247  -.461628E-03      25.579     5        0.59     24.97      0.09    0.5393E-02  0.1531E-02  0.1694E+00
| 36  -2930.260417899  0.878652E-03      24.331     6        0.59     23.73      0.08    0.3710E-02  0.8103E-03  0.6953E-01
| 37  -2930.261470136  0.105224E-02      23.069     7        0.59     22.47      0.08    0.3876E-02  0.2060E-02  0.2353E+00
| 38  -2930.261031200  -.438935E-03      24.537     8        0.59     23.93      0.08    0.6669E-02  0.1061E-02  0.1107E+00
| 39  -2930.260811326  -.219874E-03      23.488     9        0.59     22.88      0.08    0.2948E-02  0.8320E-03  0.8190E-01
| 40  -2930.261198588  0.387262E-03      23.100    10        0.59     22.49      0.08    0.3601E-02  0.1081E-02  0.1229E+00
| 41  -2930.261595118  0.396530E-03      23.515     1        0.59     22.90      0.09    0.3583E-02  0.1174E-02  0.1086E+00
| 42  -2930.262436918  0.841800E-03      32.121     2        0.68     31.42      0.17    0.3726E-02  0.1390E-02  0.1429E+00
| 43  -2930.261703559  -.733359E-03      52.202     3        0.69     51.49      0.17    0.4532E-02  0.1186E-02  0.1074E+00
| 44  -2930.261120776  -.582783E-03      52.424     4        0.68     51.73      0.17    0.2158E-02  0.2153E-02  0.2480E+00
| 45  -2930.261737812  0.617036E-03      52.372     5        0.69     51.66      0.17    0.3351E-02  0.1078E-02  0.1126E+00
| 46  -2930.262264514  0.526702E-03      51.413     6        0.68     50.72      0.17    0.1985E-02  0.3409E+01  0.4183E+03
| 47  -2929.952539413  -.309725E+00      85.394     7        0.79     84.58      0.26    0.1119E+00  0.5202E-01  0.4352E+01
| 48  -2929.913198057  -.393414E-01      97.922     8        0.80     97.10      0.26    0.1119E+00  0.1154E-01  0.1095E+01
| 49  -2929.914023119  0.825061E-03      90.358     9        0.79     89.55      0.26    0.1117E+00  0.1548E+00  0.1544E+02
| 50  -2930.030456663  0.116434E+00     103.408    10        0.79    102.60      0.26    0.1120E+00  0.1147E+00  0.8087E+01
| 51  -2929.795161432  -.235295E+00     101.351     1        0.79    100.54      0.26    0.1121E+00  0.4605E+00  0.3645E+02
| 52  -2929.729976077  -.651854E-01     105.527     2        0.78    104.72      0.26    0.1135E+00  0.4785E+00  0.4702E+02
| 53  -2930.555890849  0.825915E+00     105.694     3        0.71    104.97      0.19    0.1140E+00  0.1573E+00  0.1349E+02
| 54  -2930.547979697  -.791115E-02     109.645     4        0.89    108.74      0.34    0.1134E+00  0.5408E+00  0.4818E+02
| 55  -2931.706911157  0.115893E+01     140.336     5        0.89    139.43      0.34    0.1124E+00  0.1465E+00  0.1111E+02
