| *********************************************************************************************************
| **                                                                                                     **
| **           888888888888                                                                              **
| **         8888888888888888                                                                            **
| **      888888888888888888                                                                             **
| **     888888888888888888                                                                              **
| **    888888888888888                                                                                  **
| **   88888888888888888888                               88888                       8888:              **
| **   8888888888888888888888Z                            88888                       8888:              **
| **   888888888888888888888888?                          88888                       8888:              **
| **   8888888888888      8888888                                        888888       8888:              **
| **    88888888888         888888     8888:     88888    88888        888888888I     8888:    888888    **
| **    8888888888           88888:    8888:     88888    88888      $888888888888    8888:   888888     **
| **    I8Z 88888             88888    8888:     88888    88888    .888888     8888   8888: 888888       **
| **    .8Z 88888             88888    8888:     88888    88888    $88888             8888:88888         **
| **     8I 88888      .=88. .88888    8888:     88888    88888    88888              8888888888         **
| **    :8  88888      888888$8888$    8888:     88888    88888    8888O              88888888888        **
| **   ,7   +88888.     8888888888.    8888:     88888    88888    888888             88888O888888       **
| **         $888888:.   .8888888      88888....888888    88888     888888     8888   8888:  888888      **
| **          I8888888888888888888     888888888888888    88888     O888888888888O    8888:   888888     **
| **            O888888888888888888     88888888888888    88888       88888888888$    8888:    888888    **
| **               8888888Z     888      .8888I  88888    88888         8888888       8888:     888888   **
| **                                                                                                     **
| **                                                                                                     **
| **                                         Copyright (c) 2025                                          **
| **                          Regents of the University of California San Diego                          **
| **                                    & Michigan State University                                      **
| **                                        All Rights Reserved.                                         **
| **                                                                                                     **
| **             This software is subject to the terms of the Mozilla Public License, v. 2.0.            **
| **                                                                                                     **
| *********************************************************************************************************
|                                                                                                          
| Cite this work as:                                                                                       
| Manathunga, M.; O'Hearn, K. A.; Shajan, A.; Smith, J.; Miao, Y.; He, X.; Ayers, K.;                      
| Brothers, E.; Palos, E.; Tripathy, V.; Goetz, A.W.; Merz, K.M. QUICK-25.03.                              
| University of California,San Diego, CA and                                                               
| Michigan State University, East Lansing, MI, 2025                                                        
|                                                                                                          
| If you have any comments or queries, please reach out to us on GitHub issues or discussion sections:     
| https://github.com/merzlab/QUICK.                                                                        
|                                                                                                          
| TASK STARTS ON: Sun Jul 13 21:15:11 2025
| INPUT FILE :    taxol_cutoff.in
| OUTPUT FILE:    taxol_cutoff.out
| BASIS SET PATH: /home/vtripathy/QUICK_dev/QUICK/install_cuda/basis

| - MPI Enabled -
| TOTAL RANKS     =     4
| MASTER NAME     = exp-16-57                     

|------------ GPU INFORMATION -------------------------------
| CUDA ENABLED DEVICES          :        4
|                                                            
|        --    MPI RANK   0 --          
|   CUDA DEVICE IN USE          :        0
|   CUDA DEVICE NAME            : NVIDIA A100-PCIE-40GB
|   CUDA DEVICE PM              :      108
|   CUDA DEVICE CORE FREQ(GHZ)  :     1.41
|   CUDA DEVICE MEMORY SIZE (MB):    40513
|   SUPPORTING CUDA VERSION     :      8.0
|                                                            
|        --    MPI RANK   1 --          
|   CUDA DEVICE IN USE          :        1
|   CUDA DEVICE NAME            : NVIDIA A100-PCIE-40GB
|   CUDA DEVICE PM              :      108
|   CUDA DEVICE CORE FREQ(GHZ)  :     1.41
|   CUDA DEVICE MEMORY SIZE (MB):    40513
|   SUPPORTING CUDA VERSION     :      8.0
|                                                            
|        --    MPI RANK   2 --          
|   CUDA DEVICE IN USE          :        2
|   CUDA DEVICE NAME            : NVIDIA A100-PCIE-40GB
|   CUDA DEVICE PM              :      108
|   CUDA DEVICE CORE FREQ(GHZ)  :     1.41
|   CUDA DEVICE MEMORY SIZE (MB):    40513
|   SUPPORTING CUDA VERSION     :      8.0
|                                                            
|        --    MPI RANK   3 --          
|   CUDA DEVICE IN USE          :        3
|   CUDA DEVICE NAME            : NVIDIA A100-PCIE-40GB
|   CUDA DEVICE PM              :      108
|   CUDA DEVICE CORE FREQ(GHZ)  :     1.41
|   CUDA DEVICE MEMORY SIZE (MB):    40513
|   SUPPORTING CUDA VERSION     :      8.0
|------------------------------------------------------------

 @ Read Job And Atom

  KEYWORD=B3LYP BASIS=6-311++G(2D,2P) ENERGY CUTOFF=1.0E-10
 ============== JOB CARD =============
 METHOD = DENSITY FUNCTIONAL THEORY
 DENSITY FUNCTIONAL = B3LYP
 DIRECT SCF 
 SAD INITAL GUESS 
 USE DIIS SCF
 PRINT ENERGY EVERY CYCLE
 READ SAD GUESS FROM FILE
 STANDARD GRID = SG1
 MAX SCF CYCLES =    200
 MAX DIIS CYCLES =   10
 DELTA DENSITY START CYCLE =    3
 COMPUTATIONAL CUTOFF: 
      TWO-e INTEGRAL   =  0.100E-09
      BASIS SET PRIME  =  0.100E-10
      MATRIX ELEMENTS  =  0.100E-09
      BASIS FUNCTION   =  0.100E-05
 DENSITY MATRIX MAXIMUM RMS FOR CONVERGENCE  =  0.100E-05
 BASIS SET = 6-311++G(2D,2P),  TYPE = CARTESIAN
| BASIS FILE = /home/vtripathy/QUICK_dev/QUICK/install_cuda/basis/6-311PLPLG2D2P.BAS
| DATA FILE  =    taxol_cutoff.dat

 @ Finish reading job


 @ Begin SAD initial guess

 For Atom Kind =    1
 ELEMENT = O 
 BASIS FUNCTIONS =   29
 For Atom Kind =    2
 ELEMENT = N 
 BASIS FUNCTIONS =   29
 For Atom Kind =    3
 ELEMENT = C 
 BASIS FUNCTIONS =   29
 For Atom Kind =    4
 ELEMENT = H 
 BASIS FUNCTIONS =   10

 @ Finish SAD initial guess


 @ Begin Reading Molecular Information


 =========== Molecule Input ==========
 TOTAL MOLECULAR CHARGE  =    0    MULTIPLICITY                =    1
 TOTAL ATOM NUMBER       =  113    NUMBER OF ATOM TYPES        =    4
 NUMBER OF HYDROGEN ATOM =   51    NUMBER OF NON-HYDROGEN ATOM =   62
 NUMBER OF ELECTRONS     =  452

 -- INPUT GEOMETRY -- :
    O          -3.7950      -1.0230       5.7860
    O          -2.9880      -2.1790       3.1750
    O          -4.1920      -0.0580       1.6900
    O          -3.6110       0.5600      -0.6860
    O           0.3390       1.2550       5.7670
    O           1.4820       2.6470       1.3020
    O           1.3050       1.2060       3.3110
    O           0.0110      -2.2010       0.7030
    O          -4.0590      -3.5910       4.4440
    O          -5.5410       1.5790       2.0920
    O           1.2780       3.7860      -0.5340
    O          -0.7150      -3.9950      -0.2620
    O           0.1760      -3.6670       2.9550
    O           4.3140      -5.4970       3.8890
    N           2.6870      -4.9380       2.6100
    C          -2.0320       0.0000       2.9210
    C          -2.8610      -1.0040       3.8590
    C          -1.0410       1.0520       3.6590
    C          -2.4430      -1.2050       5.3380
    C          -2.9570       0.5150       1.7030
    C          -2.4700       0.3790       0.1790
    C          -0.5030       0.3770       5.0050
    C          -1.5620      -0.1290       5.9930
    C          -1.4500       1.4840      -0.2980
    C          -4.1970      -0.5430       4.4990
    C           0.1880       1.4410       2.8530
    C          -1.9160      -1.0540      -0.1670
    C          -0.2060       1.1950       0.4770
    C          -1.7720       2.3830       4.0680
    C           0.2560       2.1210       1.5390
    C          -0.3480      -1.2060      -0.1350
    C           0.4200      -0.0070       0.2790
    C          -2.0660       2.9470      -0.2070
    C          -1.1190       1.4000      -1.8510
    C           1.8590      -0.2140       0.5210
    C          -3.4950      -3.3030       3.3960
    C          -5.3590       0.4160       1.7440
    C          -3.4010      -4.3030       2.3610
    C           1.9440       3.3900       0.4140
    C          -0.1080      -3.4380       0.6460
    C          -6.4520      -0.3800       1.3870
    C           0.5290      -4.2270       1.6880
    C           3.3290       3.7800       0.5360
    C          -7.7830      -0.0140       1.7240
    C          -6.2670      -1.5740       0.6420
    C           2.0840      -4.2760       1.5270
    C          -8.8810      -0.7820       1.2930
    C          -7.3650      -2.3430       0.2100
    C          -8.6720      -1.9410       0.5280
    C           2.5500      -4.9610       0.2790
    C           2.1110      -6.2650      -0.0610
    C           3.4710      -4.3200      -0.5860
    C           3.7830      -4.6080       3.2390
    C           2.5520      -6.8930      -1.2410
    C           3.9190      -4.9520      -1.7600
    C           4.3950      -3.3600       3.2170
    C           3.4540      -6.2350      -2.0930
    C           5.7280      -3.2230       2.7640
    C           3.7010      -2.2020       3.6440
    C           6.3500      -1.9610       2.7380
    C           4.3230      -0.9400       3.6130
    C           5.6480      -0.8190       3.1610
    H          -1.3090      -0.6750       2.4660
    H          -2.0640      -2.2070       5.5540
    H          -3.1180       1.5630       1.8950
    H           0.1100      -0.4930       4.7400
    H          -2.1600       0.7080       6.3610
    H          -1.0710      -0.5710       6.8660
    H          -5.0860      -1.0670       4.1400
    H          -4.3450       0.5380       4.5120
    H          -2.3910      -1.7840       0.4890
    H          -2.2320      -1.3360      -1.1770
    H          -1.1290       3.0130       4.6850
    H          -2.6790       2.1860       4.6330
    H          -2.0580       2.9910       3.2140
    H          -0.3650       3.0020       1.6550
    H           0.0080      -1.4740      -1.1390
    H          -1.3430       3.6970      -0.5350
    H          -2.3860       3.2410       0.7860
    H          -2.9490       3.0490      -0.8430
    H          -0.7430       0.4360      -2.1760
    H          -2.0040       1.5920      -2.4630
    H          -0.3590       2.1360      -2.1240
    H          -4.1910      -0.2150      -0.5380
    H           0.6860       0.7120       6.5060
    H           2.4500       0.6370       0.1940
    H           2.2420      -1.0610      -0.0560
    H           2.0530      -0.4180       1.5710
    H          -3.8880      -3.9420       1.4540
    H          -3.8740      -5.2440       2.6550
    H          -2.3540      -4.5050       2.1460
    H           0.1230      -5.2420       1.6810
    H           3.9600       2.8890       0.5410
    H           3.6450       4.4210      -0.2890
    H           3.4770       4.3210       1.4740
    H          -7.9710       0.8210       2.2840
    H          -5.3300      -1.8920       0.3830
    H           2.4050      -3.2330       1.4970
    H          -9.8320      -0.4950       1.5340
    H          -7.2100      -3.1910      -0.3390
    H           0.5590      -4.2790       3.6180
    H          -9.4700      -2.4910       0.2040
    H           2.2880      -5.7430       2.8720
    H           1.4650      -6.7730       0.5450
    H           3.8300      -3.3890      -0.3670
    H           2.2170      -7.8300      -1.4770
    H           4.5840      -4.4770      -2.3730
    H           3.7710      -6.6880      -2.9530
    H           6.2540      -4.0390       2.4420
    H           2.7380      -2.2670       3.9800
    H           7.3170      -1.8740       2.4140
    H           3.8110      -0.1100       3.9210
    H           6.1020       0.0960       3.1450

============== BASIS INFOS ==============
 BASIS FUNCTIONS = 2308
 NSHELL =  740 NPRIM  = 3216
 JSHELL =  740 JBASIS = 1276


 @ End Reading Molecular Information 


 @ Begin XC Quadrature Formation

 OCTAGO: OCTree Algorithm for Grid Operations 
   PRUNING CUTOFF       = 0.100E-07
   INITIAL GRID POINTS  =      427944
|   FINAL GRID POINTS    =      272229
|   SIGNIFICANT NUMBER OF BASIS FUNCTIONS     =     1738853
|   SIGNIFICANT NUMBER OF PRIMITIVE FUNCTIONS =     1765770

 @ End XC Quadrature Formation


 @ Begin Energy Calculation

                                         SCF ENERGY
| ------------------------------------------------------------------------------------------------------------------------
| NCYC       ENERGY         DELTA_E      SCF_TIME  DII_CYC   DII_TIME   O_TIME  DIAG_TIME    MAX_ERR    RMS_CHG    MAX_CHG
| ------------------------------------------------------------------------------------------------------------------------
|  1  -2945.702634123      ------        79.362     1        0.50     78.84      0.25    0.2925E+01  0.4276E-02  0.3674E+00
|  2  -2928.562233286  -.171404E+02     147.299     2        0.53    146.75      0.26    0.3055E+00  0.2449E-02  0.2554E+00
|  3  -2926.254016849  -.230822E+01     144.751     3        0.53    144.20      0.25    0.5903E+00  0.1660E-02  0.2055E+00
|  4  -2929.943193915  0.368918E+01      99.061     4        0.47     98.57      0.17    0.1500E+00  0.4647E-03  0.4941E-01
|  5  -2930.231545007  0.288351E+00      87.447     5        0.48     86.95      0.17    0.4982E-01  0.1332E-03  0.2035E-01
|  6  -2930.249133890  0.175889E-01      80.487     6        0.50     79.97      0.17    0.2361E-01  0.4757E-04  0.7032E-02
|  7  -2930.252066364  0.293247E-02      72.689     7        0.52     72.15      0.17    0.6945E-02  0.1729E-04  0.2607E-02
|  8  -2930.252459377  0.393014E-03      66.797     8        0.53     66.24      0.17    0.3351E-02  0.6170E-05  0.9259E-03
|  9  -2930.252523602  0.642243E-04      59.680     9        0.61     59.05      0.13    0.7301E-03  0.1810E-05  0.2765E-03
| 10  -2930.252526979  0.337759E-05      25.499    10        0.48     25.00      0.08    0.3897E-03  0.6801E-06  0.1332E-03
| 11  -2930.252527795  0.815533E-06      23.245     1        0.60     22.63      0.08    0.1277E-03  0.2782E-06  0.4838E-04
| ------------------------------------------------------------------------------------------------------------------------
| REACH CONVERGENCE AFTER  11 CYCLES
| MAX ERROR = 0.127726E-03   RMS CHANGE = 0.278227E-06   MAX CHANGE = 0.483816E-04
| -----------------------------------------------
 ALPHA ELECTRON DENSITY    =   225.9986957183
 BETA ELECTRON DENSITY     =   225.9986957183
 ELECTRONIC ENERGY    = -13350.164077800
 CORE_CORE REPULSION  =  10419.911550005
 TOTAL ENERGY         =  -2930.252527795

 @ End Energy calculation

  Skipping one-electron property calculation.

 @ Output Timing Information

------------- TIMING ---------------
| INITIAL GUESS TIME  =    20.911740520(  2.27%)
| DFT GRID OPERATIONS =     1.307419000(  0.14%)
| TOTAL SCF TIME      =   886.316043000( 96.25%)
|       TOTAL OP TIME      =   880.361505000( 95.61%)
|             TOTAL 1e TIME      =     0.778791000(  0.08%)
|             TOTAL 2e TIME      =   814.701118000( 88.48%)
|             TOTAL EXC TIME     =    63.487337000(  6.89%)
|       TOTAL DII TIME      =     5.755494000(  0.63%)
|             TOTAL DIAG TIME    =     1.922240000(  0.21%)
| TOTAL TIME          =   920.816716000
------------------------------------
| Job cpu time:  0 days  0 hours 15 minutes 20.8 seconds.

 @ Finish Output Timing Information

| Normal Termination. Task Finished on: Sun Jul 13 21:30:32 2025
