| *********************************************************************************************************
| **                                                                                                     **
| **           888888888888                                                                              **
| **         8888888888888888                                                                            **
| **      888888888888888888                                                                             **
| **     888888888888888888                                                                              **
| **    888888888888888                                                                                  **
| **   88888888888888888888                               88888                       8888:              **
| **   8888888888888888888888Z                            88888                       8888:              **
| **   888888888888888888888888?                          88888                       8888:              **
| **   8888888888888      8888888                                        888888       8888:              **
| **    88888888888         888888     8888:     88888    88888        888888888I     8888:    888888    **
| **    8888888888           88888:    8888:     88888    88888      $888888888888    8888:   888888     **
| **    I8Z 88888             88888    8888:     88888    88888    .888888     8888   8888: 888888       **
| **    .8Z 88888             88888    8888:     88888    88888    $88888             8888:88888         **
| **     8I 88888      .=88. .88888    8888:     88888    88888    88888              8888888888         **
| **    :8  88888      888888$8888$    8888:     88888    88888    8888O              88888888888        **
| **   ,7   +88888.     8888888888.    8888:     88888    88888    888888             88888O888888       **
| **         $888888:.   .8888888      88888....888888    88888     888888     8888   8888:  888888      **
| **          I8888888888888888888     888888888888888    88888     O888888888888O    8888:   888888     **
| **            O888888888888888888     88888888888888    88888       88888888888$    8888:    888888    **
| **               8888888Z     888      .8888I  88888    88888         8888888       8888:     888888   **
| **                                                                                                     **
| **                                                                                                     **
| **                                         Copyright (c) 2025                                          **
| **                          Regents of the University of California San Diego                          **
| **                                    & Michigan State University                                      **
| **                                        All Rights Reserved.                                         **
| **                                                                                                     **
| **             This software is subject to the terms of the Mozilla Public License, v. 2.0.            **
| **                                                                                                     **
| *********************************************************************************************************
|                                                                                                          
| Cite this work as:                                                                                       
| Manathunga, M.; O'Hearn, K. A.; Shajan, A.; Smith, J.; Miao, Y.; He, X.; Ayers, K.;                      
| Brothers, E.; Palos, E.; Tripathy, V.; Goetz, A.W.; Merz, K.M. QUICK-25.03.                              
| University of California,San Diego, CA and                                                               
| Michigan State University, East Lansing, MI, 2025                                                        
|                                                                                                          
| If you have any comments or queries, please reach out to us on GitHub issues or discussion sections:     
| https://github.com/merzlab/QUICK.                                                                        
|                                                                                                          
| TASK STARTS ON: Mon Jul 14 15:30:25 2025
| INPUT FILE :    taxol_small_basis_set_1gpu.in
| OUTPUT FILE:    taxol_small_basis_set_1gpu.out
| BASIS SET PATH: /expanse/projects/qstore/csd973/QUICK/install/basis

|------------ GPU INFORMATION ---------------
| CUDA ENABLED DEVICE         :        4
| CUDA DEVICE IN USE          :        3
| CUDA DEVICE NAME            : Tesla V100-SXM2-32GB
| CUDA DEVICE PM              :       80
| CUDA DEVICE CORE FREQ(GHZ)  :     1.53
| CUDA DEVICE MEMORY SIZE (MB):    32500
| SUPPORTING CUDA VERSION     :      7.0
|--------------------------------------------

 @ Read Job And Atom

  KEYWORD=B3LYP BASIS=6-31G ENERGY
 ============== JOB CARD =============
 METHOD = DENSITY FUNCTIONAL THEORY
 DENSITY FUNCTIONAL = B3LYP
 DIRECT SCF 
 SAD INITAL GUESS 
 USE DIIS SCF
 PRINT ENERGY EVERY CYCLE
 READ SAD GUESS FROM FILE
 STANDARD GRID = SG1
 MAX SCF CYCLES =    200
 MAX DIIS CYCLES =   10
 DELTA DENSITY START CYCLE =    3
 COMPUTATIONAL CUTOFF: 
      TWO-e INTEGRAL   =  0.100E-06
      BASIS SET PRIME  =  0.100E-07
      MATRIX ELEMENTS  =  0.100E-09
      BASIS FUNCTION   =  0.100E-05
 DENSITY MATRIX MAXIMUM RMS FOR CONVERGENCE  =  0.100E-05
 BASIS SET = 6-31G,  TYPE = CARTESIAN
| BASIS FILE = /expanse/projects/qstore/csd973/QUICK/install/basis/6-31G.BAS
| DATA FILE  =    taxol_small_basis_set_1gpu.dat

 @ Finish reading job


 @ Begin SAD initial guess

 For Atom Kind =    1
 ELEMENT = O 
 BASIS FUNCTIONS =    9
 For Atom Kind =    2
 ELEMENT = N 
 BASIS FUNCTIONS =    9
 For Atom Kind =    3
 ELEMENT = C 
 BASIS FUNCTIONS =    9
 For Atom Kind =    4
 ELEMENT = H 
 BASIS FUNCTIONS =    2

 @ Finish SAD initial guess


 @ Begin Reading Molecular Information


 =========== Molecule Input ==========
 TOTAL MOLECULAR CHARGE  =    0    MULTIPLICITY                =    1
 TOTAL ATOM NUMBER       =  113    NUMBER OF ATOM TYPES        =    4
 NUMBER OF HYDROGEN ATOM =   51    NUMBER OF NON-HYDROGEN ATOM =   62
 NUMBER OF ELECTRONS     =  452

 -- INPUT GEOMETRY -- :
    O          -3.7950      -1.0230       5.7860
    O          -2.9880      -2.1790       3.1750
    O          -4.1920      -0.0580       1.6900
    O          -3.6110       0.5600      -0.6860
    O           0.3390       1.2550       5.7670
    O           1.4820       2.6470       1.3020
    O           1.3050       1.2060       3.3110
    O           0.0110      -2.2010       0.7030
    O          -4.0590      -3.5910       4.4440
    O          -5.5410       1.5790       2.0920
    O           1.2780       3.7860      -0.5340
    O          -0.7150      -3.9950      -0.2620
    O           0.1760      -3.6670       2.9550
    O           4.3140      -5.4970       3.8890
    N           2.6870      -4.9380       2.6100
    C          -2.0320       0.0000       2.9210
    C          -2.8610      -1.0040       3.8590
    C          -1.0410       1.0520       3.6590
    C          -2.4430      -1.2050       5.3380
    C          -2.9570       0.5150       1.7030
    C          -2.4700       0.3790       0.1790
    C          -0.5030       0.3770       5.0050
    C          -1.5620      -0.1290       5.9930
    C          -1.4500       1.4840      -0.2980
    C          -4.1970      -0.5430       4.4990
    C           0.1880       1.4410       2.8530
    C          -1.9160      -1.0540      -0.1670
    C          -0.2060       1.1950       0.4770
    C          -1.7720       2.3830       4.0680
    C           0.2560       2.1210       1.5390
    C          -0.3480      -1.2060      -0.1350
    C           0.4200      -0.0070       0.2790
    C          -2.0660       2.9470      -0.2070
    C          -1.1190       1.4000      -1.8510
    C           1.8590      -0.2140       0.5210
    C          -3.4950      -3.3030       3.3960
    C          -5.3590       0.4160       1.7440
    C          -3.4010      -4.3030       2.3610
    C           1.9440       3.3900       0.4140
    C          -0.1080      -3.4380       0.6460
    C          -6.4520      -0.3800       1.3870
    C           0.5290      -4.2270       1.6880
    C           3.3290       3.7800       0.5360
    C          -7.7830      -0.0140       1.7240
    C          -6.2670      -1.5740       0.6420
    C           2.0840      -4.2760       1.5270
    C          -8.8810      -0.7820       1.2930
    C          -7.3650      -2.3430       0.2100
    C          -8.6720      -1.9410       0.5280
    C           2.5500      -4.9610       0.2790
    C           2.1110      -6.2650      -0.0610
    C           3.4710      -4.3200      -0.5860
    C           3.7830      -4.6080       3.2390
    C           2.5520      -6.8930      -1.2410
    C           3.9190      -4.9520      -1.7600
    C           4.3950      -3.3600       3.2170
    C           3.4540      -6.2350      -2.0930
    C           5.7280      -3.2230       2.7640
    C           3.7010      -2.2020       3.6440
    C           6.3500      -1.9610       2.7380
    C           4.3230      -0.9400       3.6130
    C           5.6480      -0.8190       3.1610
    H          -1.3090      -0.6750       2.4660
    H          -2.0640      -2.2070       5.5540
    H          -3.1180       1.5630       1.8950
    H           0.1100      -0.4930       4.7400
    H          -2.1600       0.7080       6.3610
    H          -1.0710      -0.5710       6.8660
    H          -5.0860      -1.0670       4.1400
    H          -4.3450       0.5380       4.5120
    H          -2.3910      -1.7840       0.4890
    H          -2.2320      -1.3360      -1.1770
    H          -1.1290       3.0130       4.6850
    H          -2.6790       2.1860       4.6330
    H          -2.0580       2.9910       3.2140
    H          -0.3650       3.0020       1.6550
    H           0.0080      -1.4740      -1.1390
    H          -1.3430       3.6970      -0.5350
    H          -2.3860       3.2410       0.7860
    H          -2.9490       3.0490      -0.8430
    H          -0.7430       0.4360      -2.1760
    H          -2.0040       1.5920      -2.4630
    H          -0.3590       2.1360      -2.1240
    H          -4.1910      -0.2150      -0.5380
    H           0.6860       0.7120       6.5060
    H           2.4500       0.6370       0.1940
    H           2.2420      -1.0610      -0.0560
    H           2.0530      -0.4180       1.5710
    H          -3.8880      -3.9420       1.4540
    H          -3.8740      -5.2440       2.6550
    H          -2.3540      -4.5050       2.1460
    H           0.1230      -5.2420       1.6810
    H           3.9600       2.8890       0.5410
    H           3.6450       4.4210      -0.2890
    H           3.4770       4.3210       1.4740
    H          -7.9710       0.8210       2.2840
    H          -5.3300      -1.8920       0.3830
    H           2.4050      -3.2330       1.4970
    H          -9.8320      -0.4950       1.5340
    H          -7.2100      -3.1910      -0.3390
    H           0.5590      -4.2790       3.6180
    H          -9.4700      -2.4910       0.2040
    H           2.2880      -5.7430       2.8720
    H           1.4650      -6.7730       0.5450
    H           3.8300      -3.3890      -0.3670
    H           2.2170      -7.8300      -1.4770
    H           4.5840      -4.4770      -2.3730
    H           3.7710      -6.6880      -2.9530
    H           6.2540      -4.0390       2.4420
    H           2.7380      -2.2670       3.9800
    H           7.3170      -1.8740       2.4140
    H           3.8110      -0.1100       3.9210
    H           6.1020       0.0960       3.1450

============== BASIS INFOS ==============
 BASIS FUNCTIONS =  660
 NSHELL =  288 NPRIM  = 1568
 JSHELL =  288 JBASIS =  824


 @ End Reading Molecular Information 


 @ Begin XC Quadrature Formation

 OCTAGO: OCTree Algorithm for Grid Operations 
   PRUNING CUTOFF       = 0.100E-06
   INITIAL GRID POINTS  =      427944
|   FINAL GRID POINTS    =      267792
|   SIGNIFICANT NUMBER OF BASIS FUNCTIONS     =      393653
|   SIGNIFICANT NUMBER OF PRIMITIVE FUNCTIONS =      440833

 @ End XC Quadrature Formation


 @ Begin Energy Calculation

                                         SCF ENERGY
| ------------------------------------------------------------------------------------------------------------------------
| NCYC       ENERGY         DELTA_E      SCF_TIME  DII_CYC   DII_TIME   O_TIME  DIAG_TIME    MAX_ERR    RMS_CHG    MAX_CHG
| ------------------------------------------------------------------------------------------------------------------------
|  1  -2944.676709173      ------         1.938     1        0.05      1.89      0.01    0.2784E+01  0.1887E-01  0.6434E+00
|  2  -2926.996298650  -.176804E+02       2.504     2        0.05      2.45      0.01    0.3029E+00  0.1301E-01  0.1143E+01
|  3  -2924.590851056  -.240545E+01       2.354     3        0.05      2.30      0.01    0.6315E+00  0.9942E-02  0.9137E+00
|  4  -2928.134671568  0.354382E+01       2.284     4        0.05      2.23      0.01    0.1488E+00  0.2317E-02  0.1258E+00
|  5  -2928.386643152  0.251972E+00       2.073     5        0.05      2.02      0.01    0.3681E-01  0.5575E-03  0.3606E-01
|  6  -2928.396746970  0.101038E-01       1.838     6        0.05      1.78      0.01    0.1689E-01  0.2637E-03  0.1549E-01
|  7  -2928.399949840  0.320287E-02       1.735     7        0.06      1.68      0.01    0.7900E-02  0.9261E-04  0.6822E-02
|  8  -2928.400249357  0.299518E-03       1.567     8        0.06      1.51      0.01    0.2967E-02  0.3169E-04  0.2564E-02
|  9  -2928.400267852  0.184943E-04       1.445     9        0.06      1.39      0.01    0.7930E-03  0.9334E-05  0.6800E-03
| -------------- 2E-INT CUTOFF CHANGE TO 0.1000E-08 ------------
| 10  -2928.400271564  0.371186E-05       1.838    10        0.06      1.78      0.01    0.4307E-03  0.3693E-05  0.3900E-03
| 11  -2928.400272190  0.626356E-06       1.688     1        0.07      1.62      0.01    0.1312E-03  0.1627E-05  0.1609E-03
| 12  -2928.400272247  0.568925E-07       1.588     2        0.07      1.52      0.01    0.3969E-04  0.5926E-06  0.4566E-04
| ------------------------------------------------------------------------------------------------------------------------
| REACH CONVERGENCE AFTER  12 CYCLES
| MAX ERROR = 0.396889E-04   RMS CHANGE = 0.592574E-06   MAX CHANGE = 0.456611E-04
| -----------------------------------------------
 ALPHA ELECTRON DENSITY    =   225.9991876759
 BETA ELECTRON DENSITY     =   225.9991876759
 ELECTRONIC ENERGY    = -13348.311822252
 CORE_CORE REPULSION  =  10419.911550005
 TOTAL ENERGY         =  -2928.400272247

 @ End Energy calculation

  Skipping one-electron property calculation.

 @ Output Timing Information

------------- TIMING ---------------
| INITIAL GUESS TIME  =     2.697439000(  9.62%)
| DFT GRID OPERATIONS =     0.661955000(  2.36%)
| TOTAL SCF TIME      =    23.123456000( 82.50%)
|       TOTAL OP TIME      =    22.418718000( 79.99%)
|             TOTAL 1e TIME      =     0.271218000(  0.97%)
|             TOTAL 2e TIME      =    15.816031000( 56.43%)
|             TOTAL EXC TIME     =     5.958302000( 21.26%)
|       TOTAL DII TIME      =     0.688779000(  2.46%)
|             TOTAL DIAG TIME    =     0.171348000(  0.61%)
| TOTAL TIME          =    28.028542000
------------------------------------
| Job cpu time:  0 days  0 hours  0 minutes 28.0 seconds.

 @ Finish Output Timing Information

| Normal Termination. Task Finished on: Mon Jul 14 15:30:53 2025
