# column   1     --> step : The current simulation time step.
# column   2     --> time{picosecond} : The elapsed simulation time.
# column   3     --> conserved : The value of the conserved energy quantity per bead.
# column   4     --> temperature{kelvin} : The current temperature, as obtained from the MD kinetic energy.
# column   5     --> kinetic_md{electronvolt} : The kinetic energy of the (extended) classical system.
# column   6     --> kinetic_cv{electronvolt} : The centroid-virial quantum kinetic energy of the physical system.
# column   7     --> potential{electronvolt} : The physical system potential energy.
    0.00000000e+00     0.00000000e+00    -1.19364441e-01     1.18001225e+02     9.76182664e-01     1.10348197e-01    -5.01877229e+00   
    2.00000000e+02     5.00000000e-02    -1.19360941e-01     8.72050815e+01     7.21416993e-01     1.45303019e-01    -5.00090165e+00   
    4.00000000e+02     1.00000000e-01    -1.19394942e-01     9.53651059e+01     7.88922007e-01     1.24001680e-01    -5.01357746e+00   
    6.00000000e+02     1.50000000e-01    -1.19370286e-01     1.08085002e+02     8.94149240e-01     1.48078457e-01    -4.98455530e+00   
    8.00000000e+02     2.00000000e-01    -1.19340233e-01     1.02887258e+02     8.51150131e-01     1.31920580e-01    -5.00751777e+00   
    1.00000000e+03     2.50000000e-01    -1.19359369e-01     1.12252074e+02     9.28621962e-01     9.19650049e-02    -5.04670616e+00   
    1.20000000e+03     3.00000000e-01    -1.19318641e-01     9.91307977e+01     8.20074252e-01     1.02924366e-01    -5.00964843e+00   
    1.40000000e+03     3.50000000e-01    -1.19352723e-01     1.13065099e+02     9.35347830e-01     1.15840447e-01    -5.01047582e+00   
    1.60000000e+03     4.00000000e-01    -1.19356975e-01     1.23368447e+02     1.02058380e+00     1.08966422e-01    -5.02482476e+00   
    1.80000000e+03     4.50000000e-01    -1.19372038e-01     1.03758122e+02     8.58354479e-01     1.07796128e-01    -5.04022816e+00   
    2.00000000e+03     5.00000000e-01    -1.19377994e-01     1.00673383e+02     8.32835519e-01     9.01251471e-02    -5.03398531e+00   
    2.20000000e+03     5.50000000e-01    -1.19362607e-01     9.85181221e+01     8.15005802e-01     1.12357088e-01    -5.00592158e+00   
    2.40000000e+03     6.00000000e-01    -1.19382457e-01     8.87798694e+01     7.34444660e-01     9.30593763e-02    -5.03444102e+00   
    2.60000000e+03     6.50000000e-01    -1.19405986e-01     1.22156012e+02     1.01055376e+00     1.09595644e-01    -5.01109875e+00   
    2.80000000e+03     7.00000000e-01    -1.19425566e-01     1.09813153e+02     9.08445620e-01     1.33442494e-01    -5.00312614e+00   
    3.00000000e+03     7.50000000e-01    -1.19452861e-01     1.06853120e+02     8.83958309e-01     1.05835131e-01    -5.02473269e+00   
    3.20000000e+03     8.00000000e-01    -1.19416214e-01     1.10120267e+02     9.10986269e-01     1.22157767e-01    -5.04317743e+00   
    3.40000000e+03     8.50000000e-01    -1.19397086e-01     1.07344460e+02     8.88022992e-01     1.65785496e-01    -4.96450326e+00   
    3.60000000e+03     9.00000000e-01    -1.19367568e-01     9.30032359e+01     7.69383087e-01     1.62472977e-01    -4.95685196e+00   
    3.80000000e+03     9.50000000e-01    -1.19381470e-01     1.05596886e+02     8.73565928e-01     1.29127340e-01    -5.03561434e+00   
    4.00000000e+03     1.00000000e+00    -1.19319655e-01     1.15571350e+02     9.56081167e-01     1.01857015e-01    -4.99298074e+00   
    4.20000000e+03     1.05000000e+00    -1.19328676e-01     1.27792355e+02     1.05718125e+00     1.41115969e-01    -5.00345128e+00   
    4.40000000e+03     1.10000000e+00    -1.19316584e-01     9.48938176e+01     7.85023204e-01     8.69906730e-02    -5.03770898e+00   
    4.60000000e+03     1.15000000e+00    -1.19306058e-01     1.15396275e+02     9.54632827e-01     1.61241489e-01    -4.97817811e+00   
    4.80000000e+03     1.20000000e+00    -1.19282428e-01     1.21857397e+02     1.00808342e+00     1.44699200e-01    -4.99658016e+00   
    5.00000000e+03     1.25000000e+00    -1.19260265e-01     1.10356539e+02     9.12940865e-01     8.04304237e-02    -5.00196556e+00   
    5.20000000e+03     1.30000000e+00    -1.19259044e-01     1.15577220e+02     9.56129722e-01     1.11956471e-01    -5.01131939e+00   
    5.40000000e+03     1.35000000e+00    -1.19260385e-01     9.73477123e+01     8.05323413e-01     1.39205300e-01    -4.99336598e+00   
    5.60000000e+03     1.40000000e+00    -1.19258972e-01     1.22286584e+02     1.01163394e+00     1.07996955e-01    -5.03304383e+00   
    5.80000000e+03     1.45000000e+00    -1.19239470e-01     1.20243297e+02     9.94730537e-01     9.32023793e-02    -5.03392251e+00   
    6.00000000e+03     1.50000000e+00    -1.19219176e-01     1.09018576e+02     9.01872368e-01     9.59559336e-02    -5.03426313e+00   
    6.20000000e+03     1.55000000e+00    -1.19190530e-01     1.21357981e+02     1.00395193e+00     1.33111019e-01    -5.01230377e+00   
    6.40000000e+03     1.60000000e+00    -1.19142383e-01     1.14240317e+02     9.45069992e-01     7.67367359e-02    -5.01488801e+00   
    6.60000000e+03     1.65000000e+00    -1.19060943e-01     1.01421503e+02     8.39024456e-01     6.02202480e-02    -5.00675204e+00   
    6.80000000e+03     1.70000000e+00    -1.19098809e-01     8.40306552e+01     6.95156080e-01     1.34324426e-01    -5.00763820e+00   
    7.00000000e+03     1.75000000e+00    -1.19092352e-01     1.08155172e+02     8.94729725e-01     1.28692878e-01    -4.98998102e+00   
    7.20000000e+03     1.80000000e+00    -1.19073827e-01     1.13449237e+02     9.38525672e-01     1.14405869e-01    -5.02479832e+00   
    7.40000000e+03     1.85000000e+00    -1.19075340e-01     9.48850022e+01     7.84950278e-01     1.79494795e-01    -4.94295759e+00   
    7.60000000e+03     1.90000000e+00    -1.19119835e-01     1.13930587e+02     9.42507712e-01     8.56704317e-02    -5.02412664e+00   
    7.80000000e+03     1.95000000e+00    -1.19107277e-01     1.07106253e+02     8.86052388e-01     1.26998538e-01    -5.01611485e+00   
    8.00000000e+03     2.00000000e+00    -1.19132137e-01     9.77536963e+01     8.08681976e-01     1.11098305e-01    -5.01376453e+00   
    8.20000000e+03     2.05000000e+00    -1.19119838e-01     9.87030114e+01     8.16535326e-01     1.24467655e-01    -5.00498892e+00   
    8.40000000e+03     2.10000000e+00    -1.19116429e-01     1.02844112e+02     8.50793198e-01     1.08574612e-01    -5.01594888e+00   
    8.60000000e+03     2.15000000e+00    -1.19096476e-01     1.16659116e+02     9.65079871e-01     1.35344981e-01    -5.00910093e+00   
    8.80000000e+03     2.20000000e+00    -1.19084397e-01     1.17754051e+02     9.74137883e-01     1.08427187e-01    -5.02361445e+00   
    9.00000000e+03     2.25000000e+00    -1.19067383e-01     1.20393295e+02     9.95971422e-01     8.59121929e-02    -5.03402004e+00   
    9.20000000e+03     2.30000000e+00    -1.19077180e-01     1.06861174e+02     8.84024939e-01     1.04409630e-01    -5.01557754e+00   
    9.40000000e+03     2.35000000e+00    -1.19076449e-01     1.30338270e+02     1.07824270e+00     1.19269612e-01    -4.99745269e+00   
    9.60000000e+03     2.40000000e+00    -1.19054349e-01     1.04164683e+02     8.61717815e-01     1.02244865e-01    -5.01067856e+00   
    9.80000000e+03     2.45000000e+00    -1.19064216e-01     1.07297305e+02     8.87632900e-01     7.78890590e-02    -5.03969659e+00   
    1.00000000e+04     2.50000000e+00    -1.19065254e-01     1.02850096e+02     8.50842699e-01     1.34613750e-01    -5.00736742e+00   
    1.02000000e+04     2.55000000e+00    -1.19073022e-01     1.17623924e+02     9.73061390e-01     9.23072771e-02    -5.02356091e+00   
    1.04000000e+04     2.60000000e+00    -1.19038731e-01     1.19164408e+02     9.85805266e-01     2.76638035e-02    -5.00597927e+00   
    1.06000000e+04     2.65000000e+00    -1.19032109e-01     1.07115019e+02     8.86124908e-01     1.62662845e-01    -5.00677953e+00   
    1.08000000e+04     2.70000000e+00    -1.19010265e-01     1.20452696e+02     9.96462823e-01     3.78821008e-02    -5.03078997e+00   
    1.10000000e+04     2.75000000e+00    -1.19013484e-01     1.16188941e+02     9.61190274e-01     9.77211680e-02    -5.03690553e+00   
    1.12000000e+04     2.80000000e+00    -1.18977692e-01     1.11958671e+02     9.26194740e-01     7.57961307e-02    -5.05618090e+00   
    1.14000000e+04     2.85000000e+00    -1.18982139e-01     1.27218487e+02     1.05243384e+00     1.05196980e-01    -5.03449150e+00   
    1.16000000e+04     2.90000000e+00    -1.18896452e-01     9.64099540e+01     7.97565668e-01     9.97159218e-02    -4.98683604e+00   
    1.18000000e+04     2.95000000e+00    -1.18908458e-01     1.10151647e+02     9.11245862e-01     1.42313256e-01    -4.99724964e+00   
    1.20000000e+04     3.00000000e+00    -1.18930981e-01     1.06291007e+02     8.79308146e-01     9.43022766e-02    -5.02914638e+00   
    1.22000000e+04     3.05000000e+00    -1.18915684e-01     9.97846566e+01     8.25483397e-01     1.33218377e-01    -4.98997428e+00   
    1.24000000e+04     3.10000000e+00    -1.18951320e-01     1.01217988e+02     8.37340842e-01     1.64193564e-01    -5.00928682e+00   
    1.26000000e+04     3.15000000e+00    -1.18935939e-01     1.09935751e+02     9.09459837e-01     9.70384838e-02    -5.02278888e+00   
    1.28000000e+04     3.20000000e+00    -1.18948949e-01     1.08772074e+02     8.99833140e-01     1.07230521e-01    -5.02361833e+00   
    1.30000000e+04     3.25000000e+00    -1.18968294e-01     1.30361855e+02     1.07843782e+00     1.02978523e-01    -5.02243460e+00   
    1.32000000e+04     3.30000000e+00    -1.18958073e-01     1.17584488e+02     9.72735146e-01     9.01224786e-02    -5.02504979e+00   
    1.34000000e+04     3.35000000e+00    -1.18942621e-01     9.04983437e+01     7.48660993e-01     1.23376353e-01    -5.02502912e+00   
    1.36000000e+04     3.40000000e+00    -1.18880581e-01     1.11047117e+02     9.18653777e-01     1.26263256e-01    -4.98540223e+00   
    1.38000000e+04     3.45000000e+00    -1.18913551e-01     1.16077007e+02     9.60264287e-01     9.29388293e-02    -5.01623116e+00   
    1.40000000e+04     3.50000000e+00    -1.18854231e-01     1.24766760e+02     1.03215156e+00     1.65368515e-01    -4.96342847e+00   
    1.42000000e+04     3.55000000e+00    -1.18813395e-01     1.19518103e+02     9.88731267e-01     1.61607968e-01    -4.96287577e+00   
    1.44000000e+04     3.60000000e+00    -1.18826282e-01     1.20442809e+02     9.96381034e-01     1.25451640e-01    -5.01488066e+00   
    1.46000000e+04     3.65000000e+00    -1.18841823e-01     9.74446370e+01     8.06125237e-01     8.00582349e-02    -5.01279926e+00   
    1.48000000e+04     3.70000000e+00    -1.18852033e-01     8.98816314e+01     7.43559149e-01     9.92471496e-02    -5.03418582e+00   
    1.50000000e+04     3.75000000e+00    -1.18870226e-01     1.07348586e+02     8.88057125e-01     9.85676600e-02    -5.01769433e+00   
    1.52000000e+04     3.80000000e+00    -1.18874542e-01     1.17858348e+02     9.75000697e-01     2.62947391e-02    -5.03008002e+00   
    1.54000000e+04     3.85000000e+00    -1.18833081e-01     9.31499040e+01     7.70596420e-01     1.30138532e-01    -5.00462541e+00   
    1.56000000e+04     3.90000000e+00    -1.18851153e-01     1.07763988e+02     8.91493600e-01     1.57019878e-01    -4.96209544e+00   
    1.58000000e+04     3.95000000e+00    -1.18885663e-01     1.03693049e+02     8.57816154e-01     8.15526115e-02    -5.03132815e+00   
    1.60000000e+04     4.00000000e+00    -1.18843255e-01     1.02305414e+02     8.46336735e-01     1.42846638e-01    -4.97622749e+00   
    1.62000000e+04     4.05000000e+00    -1.18823914e-01     9.95154923e+01     8.23256695e-01     1.49960921e-01    -4.99047545e+00   
    1.64000000e+04     4.10000000e+00    -1.18826600e-01     1.03765254e+02     8.58413479e-01     1.28043472e-01    -4.99121349e+00   
    1.66000000e+04     4.15000000e+00    -1.18790113e-01     1.03427871e+02     8.55622427e-01     1.35489949e-01    -4.96806732e+00   
    1.68000000e+04     4.20000000e+00    -1.18743825e-01     9.78628605e+01     8.09585053e-01     9.69347053e-02    -5.00765379e+00   
    1.70000000e+04     4.25000000e+00    -1.18705264e-01     1.13060374e+02     9.35308745e-01     1.48275292e-01    -4.94498705e+00   
    1.72000000e+04     4.30000000e+00    -1.18712546e-01     1.32230946e+02     1.09390015e+00     6.48914220e-02    -5.06040330e+00   
    1.74000000e+04     4.35000000e+00    -1.18711382e-01     1.01930479e+02     8.43235028e-01     1.15725561e-01    -5.01134694e+00   
    1.76000000e+04     4.40000000e+00    -1.18707562e-01     8.33107465e+01     6.89200528e-01     1.15418877e-01    -5.00529172e+00   
    1.78000000e+04     4.45000000e+00    -1.18713727e-01     9.36871039e+01     7.75040486e-01     1.48190650e-01    -4.98487080e+00   
    1.80000000e+04     4.50000000e+00    -1.18691373e-01     9.70586501e+01     8.02932103e-01     1.61747855e-01    -4.98793305e+00   
    1.82000000e+04     4.55000000e+00    -1.18721445e-01     1.13838311e+02     9.41744344e-01     8.68386520e-02    -5.02387132e+00   
    1.84000000e+04     4.60000000e+00    -1.18723090e-01     8.72949971e+01     7.22160833e-01     1.23622306e-01    -5.00398016e+00   
    1.86000000e+04     4.65000000e+00    -1.18691653e-01     9.78982844e+01     8.09878102e-01     1.16487617e-01    -5.01162932e+00   
    1.88000000e+04     4.70000000e+00    -1.18677317e-01     1.06558304e+02     8.81519399e-01     1.09086739e-01    -5.02517906e+00   
    1.90000000e+04     4.75000000e+00    -1.18683391e-01     1.21006888e+02     1.00104746e+00     1.18693337e-01    -5.02871100e+00   
    1.92000000e+04     4.80000000e+00    -1.18655429e-01     9.41558351e+01     7.78918135e-01     1.15587209e-01    -5.01568639e+00   
    1.94000000e+04     4.85000000e+00    -1.18650830e-01     9.32157219e+01     7.71140908e-01     1.66911661e-01    -4.99125460e+00   
    1.96000000e+04     4.90000000e+00    -1.18634275e-01     9.98758699e+01     8.26237973e-01     9.47193602e-02    -4.98191057e+00   
    1.98000000e+04     4.95000000e+00    -1.18665765e-01     1.07261618e+02     8.87337671e-01     1.30068055e-01    -4.98831394e+00   
    2.00000000e+04     5.00000000e+00    -1.18679208e-01     9.87140519e+01     8.16626660e-01     1.39702295e-01    -5.01303157e+00   
    2.02000000e+04     5.05000000e+00    -1.18669482e-01     1.07613860e+02     8.90251646e-01     1.40521690e-01    -4.97509700e+00   
    2.04000000e+04     5.10000000e+00    -1.18677783e-01     1.08359719e+02     8.96421875e-01     6.09892306e-02    -5.02118627e+00   
    2.06000000e+04     5.15000000e+00    -1.18671420e-01     1.17048946e+02     9.68304796e-01     9.35195032e-02    -5.02454008e+00   
    2.08000000e+04     5.20000000e+00    -1.18680274e-01     9.81336406e+01     8.11825122e-01     1.53872701e-01    -4.99042029e+00   
    2.10000000e+04     5.25000000e+00    -1.18689349e-01     1.12170724e+02     9.27948981e-01     1.55778822e-01    -4.97339770e+00   
    2.12000000e+04     5.30000000e+00    -1.18754466e-01     1.11615705e+02     9.23357500e-01     6.39715486e-02    -5.00930767e+00   
    2.14000000e+04     5.35000000e+00    -1.18714799e-01     1.09902623e+02     9.09185779e-01     1.44260862e-01    -4.98777196e+00   
    2.16000000e+04     5.40000000e+00    -1.18719664e-01     8.18341889e+01     6.76985486e-01     8.51229965e-02    -5.03902672e+00   
    2.18000000e+04     5.45000000e+00    -1.18714402e-01     1.08177468e+02     8.94914178e-01     1.23067433e-01    -4.98848886e+00   
    2.20000000e+04     5.50000000e+00    -1.18730030e-01     1.00503379e+02     8.31429139e-01     1.23620962e-01    -4.99864057e+00   
    2.22000000e+04     5.55000000e+00    -1.18745526e-01     1.29226847e+02     1.06904829e+00     5.75303494e-02    -5.02693100e+00   
    2.24000000e+04     5.60000000e+00    -1.18670901e-01     1.01269140e+02     8.37764004e-01     1.78119329e-01    -4.97954213e+00   
    2.26000000e+04     5.65000000e+00    -1.18710238e-01     1.11404058e+02     9.21606623e-01     1.02931861e-01    -4.99929423e+00   
    2.28000000e+04     5.70000000e+00    -1.18727147e-01     1.04134204e+02     8.61465670e-01     1.32625802e-01    -4.99731399e+00   
    2.30000000e+04     5.75000000e+00    -1.18731600e-01     1.22994839e+02     1.01749308e+00     1.33620221e-01    -4.98803212e+00   
    2.32000000e+04     5.80000000e+00    -1.18688648e-01     1.16969077e+02     9.67644070e-01     1.35195582e-01    -4.98561515e+00   
    2.34000000e+04     5.85000000e+00    -1.18731239e-01     1.08655121e+02     8.98865634e-01     8.88123408e-02    -5.03454147e+00   
    2.36000000e+04     5.90000000e+00    -1.18684322e-01     1.10710779e+02     9.15871369e-01     1.04212142e-01    -5.03263949e+00   
    2.38000000e+04     5.95000000e+00    -1.18695752e-01     1.16851934e+02     9.66674988e-01     1.06779525e-01    -4.99731754e+00   
    2.40000000e+04     6.00000000e+00    -1.18701179e-01     1.00010570e+02     8.27352299e-01     1.39888148e-01    -4.98803638e+00   
    2.42000000e+04     6.05000000e+00    -1.18723295e-01     1.13391715e+02     9.38049806e-01     1.38996916e-01    -5.01325857e+00   
    2.44000000e+04     6.10000000e+00    -1.18778215e-01     1.05528114e+02     8.72997002e-01     1.11258739e-01    -5.02381916e+00   
    2.46000000e+04     6.15000000e+00    -1.18764270e-01     1.10801775e+02     9.16624143e-01     1.46483355e-01    -4.98340317e+00   
    2.48000000e+04     6.20000000e+00    -1.18728133e-01     1.00880620e+02     8.34549914e-01     5.31488466e-02    -4.98247567e+00   
    2.50000000e+04     6.25000000e+00    -1.18721124e-01     9.28926344e+01     7.68468119e-01     1.36946470e-01    -4.99725774e+00   
    2.52000000e+04     6.30000000e+00    -1.18711446e-01     1.08674915e+02     8.99029382e-01     9.93575154e-02    -5.02148389e+00   
    2.54000000e+04     6.35000000e+00    -1.18683665e-01     9.78330646e+01     8.09338562e-01     1.25257106e-01    -5.00654915e+00   
    2.56000000e+04     6.40000000e+00    -1.18722179e-01     8.09295020e+01     6.69501329e-01     6.64038628e-02    -5.03540750e+00   
    2.58000000e+04     6.45000000e+00    -1.18716369e-01     8.22734964e+01     6.80619723e-01     1.18587264e-01    -5.00786263e+00   
    2.60000000e+04     6.50000000e+00    -1.18739594e-01     9.76773162e+01     8.08050110e-01     1.53025036e-01    -4.98065247e+00   
    2.62000000e+04     6.55000000e+00    -1.18790456e-01     1.18530282e+02     9.80559370e-01     8.80590557e-02    -5.03403598e+00   
    2.64000000e+04     6.60000000e+00    -1.18825184e-01     1.16920142e+02     9.67239243e-01     6.93194567e-02    -5.02304452e+00   
    2.66000000e+04     6.65000000e+00    -1.18811744e-01     9.77591525e+01     8.08727113e-01     1.10734556e-01    -4.98189519e+00   
    2.68000000e+04     6.70000000e+00    -1.18794986e-01     1.10997614e+02     9.18244249e-01     1.49585173e-01    -5.02801338e+00   
    2.70000000e+04     6.75000000e+00    -1.18782276e-01     1.07767579e+02     8.91523310e-01     9.86395116e-02    -5.05069146e+00   
    2.72000000e+04     6.80000000e+00    -1.18819229e-01     1.05426853e+02     8.72159302e-01     1.21251288e-01    -5.01216745e+00   
    2.74000000e+04     6.85000000e+00    -1.18844815e-01     1.02611210e+02     8.48866476e-01     1.03983231e-01    -5.01147895e+00   
    2.76000000e+04     6.90000000e+00    -1.18817798e-01     1.11880460e+02     9.25547724e-01     1.39878676e-01    -4.99797639e+00   
    2.78000000e+04     6.95000000e+00    -1.18876409e-01     1.09983668e+02     9.09856231e-01     1.33609407e-01    -5.00077978e+00   
    2.80000000e+04     7.00000000e+00    -1.18845853e-01     1.15523037e+02     9.55681489e-01     1.37291330e-01    -5.00018137e+00   
    2.82000000e+04     7.05000000e+00    -1.18897589e-01     1.18734142e+02     9.82245832e-01     1.12787133e-01    -5.01947253e+00   
    2.84000000e+04     7.10000000e+00    -1.18901543e-01     9.44923000e+01     7.81701590e-01     1.64957885e-01    -4.96393510e+00   
    2.86000000e+04     7.15000000e+00    -1.18847591e-01     9.60411906e+01     7.94515018e-01     1.26682095e-01    -4.94375541e+00   
    2.88000000e+04     7.20000000e+00    -1.18878103e-01     1.21950282e+02     1.00885183e+00     9.51670161e-02    -5.00798847e+00   
    2.90000000e+04     7.25000000e+00    -1.18835771e-01     9.52177528e+01     7.87703007e-01     1.19217686e-01    -5.03937995e+00   
    2.92000000e+04     7.30000000e+00    -1.18882136e-01     1.16367372e+02     9.62666374e-01     1.19251153e-01    -4.99755379e+00   
    2.94000000e+04     7.35000000e+00    -1.18837058e-01     9.70374198e+01     8.02756472e-01     1.55839965e-01    -4.97560507e+00   
    2.96000000e+04     7.40000000e+00    -1.18825845e-01     9.98102081e+01     8.25694775e-01     1.36052656e-01    -4.99395752e+00   
    2.98000000e+04     7.45000000e+00    -1.18814693e-01     9.76399922e+01     8.07741342e-01     1.19803252e-01    -5.03645711e+00   
    3.00000000e+04     7.50000000e+00    -1.18841364e-01     9.85063946e+01     8.14908784e-01     7.33282678e-02    -5.05462990e+00   
    3.02000000e+04     7.55000000e+00    -1.18834465e-01     1.20559759e+02     9.97348515e-01     1.49327810e-01    -5.00059733e+00   
    3.04000000e+04     7.60000000e+00    -1.18800289e-01     9.06636694e+01     7.50028675e-01     1.26820721e-01    -4.96905846e+00   
    3.06000000e+04     7.65000000e+00    -1.18817351e-01     1.27729220e+02     1.05665895e+00     1.48218959e-01    -4.99166431e+00   
    3.08000000e+04     7.70000000e+00    -1.18823831e-01     1.11058388e+02     9.18747014e-01     8.66278577e-02    -5.01122052e+00   
    3.10000000e+04     7.75000000e+00    -1.18806294e-01     1.15486385e+02     9.55378281e-01     1.01794610e-01    -5.01146693e+00   
    3.12000000e+04     7.80000000e+00    -1.18786880e-01     1.01390683e+02     8.38769490e-01     1.47444115e-01    -4.96865345e+00   
    3.14000000e+04     7.85000000e+00    -1.18807001e-01     1.00887106e+02     8.34603573e-01     9.45837500e-02    -5.03482017e+00   
    3.16000000e+04     7.90000000e+00    -1.18824887e-01     1.01361117e+02     8.38524901e-01     1.02229426e-01    -4.99926292e+00   
    3.18000000e+04     7.95000000e+00    -1.18824470e-01     1.11707376e+02     9.24115862e-01     1.42880067e-01    -4.97765107e+00   
    3.20000000e+04     8.00000000e+00    -1.18885841e-01     1.11363395e+02     9.21270226e-01     7.56089246e-02    -5.05287027e+00   
    3.22000000e+04     8.05000000e+00    -1.18835054e-01     1.12106355e+02     9.27416481e-01     1.06113555e-01    -5.00024460e+00   
    3.24000000e+04     8.10000000e+00    -1.18890570e-01     1.13619014e+02     9.39930174e-01     1.89744086e-01    -4.99528999e+00   
    3.26000000e+04     8.15000000e+00    -1.18864644e-01     1.05273175e+02     8.70887982e-01     1.16747125e-01    -5.00755892e+00   
    3.28000000e+04     8.20000000e+00    -1.18868018e-01     9.98546933e+01     8.26062786e-01     1.00830661e-01    -5.00975799e+00   
    3.30000000e+04     8.25000000e+00    -1.18835769e-01     9.36503498e+01     7.74736432e-01     1.29945114e-01    -4.99499295e+00   
    3.32000000e+04     8.30000000e+00    -1.18885416e-01     9.92975330e+01     8.21453594e-01     3.50620159e-02    -5.05608959e+00   
    3.34000000e+04     8.35000000e+00    -1.18905287e-01     9.95090576e+01     8.23203463e-01     9.20209498e-02    -5.02363765e+00   
    3.36000000e+04     8.40000000e+00    -1.18871619e-01     1.16418962e+02     9.63093158e-01     1.38556816e-01    -4.98935950e+00   
    3.38000000e+04     8.45000000e+00    -1.18932519e-01     1.07313801e+02     8.87769366e-01     1.47129350e-01    -4.98302223e+00   
    3.40000000e+04     8.50000000e+00    -1.18958749e-01     9.19350803e+01     7.60546610e-01     1.49653325e-01    -4.99075513e+00   
    3.42000000e+04     8.55000000e+00    -1.18955228e-01     1.11422788e+02     9.21761565e-01     1.08654062e-01    -5.02203707e+00   
    3.44000000e+04     8.60000000e+00    -1.18958950e-01     1.02375187e+02     8.46913941e-01     1.22674366e-01    -5.01742625e+00   
    3.46000000e+04     8.65000000e+00    -1.18949794e-01     1.06422945e+02     8.80399623e-01     1.20182098e-01    -5.00606033e+00   
    3.48000000e+04     8.70000000e+00    -1.18918881e-01     9.62673587e+01     7.96386027e-01     4.35076059e-02    -5.03624643e+00   
    3.50000000e+04     8.75000000e+00    -1.18900911e-01     1.19939849e+02     9.92220217e-01     1.58651523e-01    -4.96142050e+00   
    3.52000000e+04     8.80000000e+00    -1.18918636e-01     1.01691381e+02     8.41257059e-01     1.48327032e-01    -4.96750185e+00   
    3.54000000e+04     8.85000000e+00    -1.18917018e-01     1.14146682e+02     9.44295382e-01     1.00633582e-01    -5.01633325e+00   
    3.56000000e+04     8.90000000e+00    -1.18922729e-01     1.12480373e+02     9.30510596e-01     1.54015179e-01    -4.99543351e+00   
    3.58000000e+04     8.95000000e+00    -1.18933839e-01     1.00763249e+02     8.33578947e-01     9.73937030e-02    -5.03472494e+00   
    3.60000000e+04     9.00000000e+00    -1.18881805e-01     1.17089430e+02     9.68639703e-01     1.45392652e-01    -4.97738964e+00   
    3.62000000e+04     9.05000000e+00    -1.18885370e-01     1.10852818e+02     9.17046408e-01     6.44861814e-02    -5.04034371e+00   
    3.64000000e+04     9.10000000e+00    -1.18872811e-01     1.20527245e+02     9.97079537e-01     1.09570417e-01    -5.01794022e+00   
    3.66000000e+04     9.15000000e+00    -1.18893247e-01     1.23706214e+02     1.02337804e+00     1.17710209e-01    -5.00539309e+00   
    3.68000000e+04     9.20000000e+00    -1.18836041e-01     1.09875242e+02     9.08959262e-01     1.09741621e-01    -4.94481790e+00   
    3.70000000e+04     9.25000000e+00    -1.18904091e-01     1.18094702e+02     9.76955966e-01     1.07166407e-01    -5.02442123e+00   
    3.72000000e+04     9.30000000e+00    -1.18934293e-01     1.23989702e+02     1.02572323e+00     1.27919372e-01    -5.00977965e+00   
    3.74000000e+04     9.35000000e+00    -1.18892405e-01     1.17702990e+02     9.73715476e-01     1.59097038e-01    -4.96380599e+00   
    3.76000000e+04     9.40000000e+00    -1.18920387e-01     1.12774021e+02     9.32939847e-01     8.53163264e-02    -5.02143709e+00   
    3.78000000e+04     9.45000000e+00    -1.18914885e-01     1.02434175e+02     8.47401932e-01     9.47731285e-02    -5.02580832e+00   
    3.80000000e+04     9.50000000e+00    -1.18912692e-01     1.05744999e+02     8.74791215e-01     1.44924226e-01    -4.98335441e+00   
    3.82000000e+04     9.55000000e+00    -1.18902118e-01     9.49984266e+01     7.85888598e-01     1.01587258e-01    -5.02564998e+00   
    3.84000000e+04     9.60000000e+00    -1.18884570e-01     1.08779494e+02     8.99894525e-01     9.65435765e-02    -5.04551625e+00   
    3.86000000e+04     9.65000000e+00    -1.18827689e-01     1.12996184e+02     9.34777723e-01     9.02425737e-02    -5.01829377e+00   
    3.88000000e+04     9.70000000e+00    -1.18831105e-01     1.08788332e+02     8.99967636e-01     1.11008412e-01    -4.99484061e+00   
    3.90000000e+04     9.75000000e+00    -1.18811452e-01     1.03820351e+02     8.58869276e-01     1.12985469e-01    -5.01657071e+00   
    3.92000000e+04     9.80000000e+00    -1.18795783e-01     1.13495647e+02     9.38909599e-01     1.34240983e-01    -4.98528099e+00   
    3.94000000e+04     9.85000000e+00    -1.18800273e-01     9.63845573e+01     7.97355570e-01     1.07553092e-01    -5.02032069e+00   
    3.96000000e+04     9.90000000e+00    -1.18706415e-01     1.32798508e+02     1.09859538e+00     1.72225009e-01    -4.95188643e+00   
    3.98000000e+04     9.95000000e+00    -1.18671033e-01     1.08154973e+02     8.94728079e-01     1.02060144e-01    -5.02627841e+00   
    4.00000000e+04     1.00000000e+01    -1.18698206e-01     1.00412588e+02     8.30678051e-01     1.12495935e-01    -5.03039701e+00   
