# step time temp etotal ke pe enthalpy density vol press
0 0 300.52575646531926168 -147284.77174707013182 1734.2885378213888998 -149019.06028489151504 -156380.85332787546213 0.66724385571798761063 53563.008380112441955 -11644.302954015796786
5 0.002500000000000000052 428.13333811605934898 -147305.34863369888626 2470.6925279450260859 -149776.04116164392326 -145105.62679562528501 0.66739993415400888921 53550.48211190541042 2816.6215116868174846
10 0.0050000000000000001041 340.88500940717341336 -147293.39905374628142 1967.195662306638269 -149260.5947160529322 -134306.51845939012128 0.6674551361358462831 53546.053210873898934 16630.353961707536655
15 0.0074999999999999997224 394.4278307451454566 -147313.85685935307993 2276.1831594890281849 -149590.04001884211903 -149826.57616200484335 0.66705765926646032327 53577.959474601731927 -3215.7473261819632171
20 0.010000000000000000208 319.90152075707123913 -147308.55230054908316 1846.1031334086135303 -149154.65543395769782 -155373.85197715446702 0.66672523562028485067 53604.672998691785324 -10316.727710256525825
25 0.012500000000000000694 401.93139773475724041 -147331.28665197236114 2319.4851059708112189 -149650.77175794317736 -140596.49638634943403 0.66666511912636117199 53609.50679741044587 8614.0298886968994339
30 0.014999999999999999445 367.32672105245688954 -147343.97270646996913 2119.7867678616307785 -149463.75947433160036 -137774.5986919637071 0.66635768901873060344 53634.240025099345075 12233.916401347671126
35 0.017500000000000001665 344.68467005685113236 -147356.18047633135575 1989.1229273432625178 -149345.30340367462486 -153425.20858235613559 0.66570985229737078548 53686.434280735753418 -7751.3741300918618435
40 0.020000000000000000416 353.51437015885898063 -147364.28316846807138 2040.0777867850013081 -149404.36095525306882 -152606.0589685375744 0.66526044379409754459 53722.70149051991757 -6690.2863859060907998
45 0.022499999999999999167 366.43839197788139472 -147378.51395900672651 2114.6603555701517507 -149493.17431457687053 -138545.18750140466727 0.6649853798669218552 53744.92329824360786 11269.663387818651245
50 0.025000000000000001388 378.39891078666778412 -147401.30172260879772 2183.6826946882606535 -149584.98441729706246 -143167.96392564926646 0.66440511810045288499 53791.861714703947655 5396.2300921397745697
55 0.027500000000000000139 324.69162511081663069 -147401.35733258732944 1873.746098768315278 -149275.10343135564472 -155208.71565266660764 0.6636703588252189645 53851.415480819014192 -9941.0234729220483132
60 0.02999999999999999889 373.17298559236212441 -147412.38009253240307 2153.5246733905346446 -149565.90476592292544 -149467.85100121705909 0.66320629985778756232 53889.096413988838322 -2615.3784655132867556
65 0.03250000000000000111 363.56732300935834701 -147422.92031175366719 2098.0918522179981665 -149521.01216397166718 -139913.16656232916284 0.66281618026989630454 53920.814396607027447 9549.7799393539407902
70 0.035000000000000003331 371.43857176583884439 -147441.18204931667424 2143.5156343831727099 -149584.69768369983649 -148324.23689356612158 0.66217747551995709276 53972.823837503012328 -1121.8547914141740875
75 0.037499999999999998612 328.18747043011040887 -147441.06383029455901 1893.9200916352042441 -149334.98392192975734 -155079.12437938846415 0.66157100613613295526 54022.301315978300408 -9694.6944644598843297
80 0.040000000000000000833 373.71933670616385825 -147455.01726391926059 2156.6775827632177425 -149611.69484668248333 -147188.47187037204276 0.66123953798804324666 54049.381777965245419 338.14623886288768517
85 0.042500000000000003053 358.75502475842978356 -147466.68561136967037 2070.3208092454251528 -149537.00642061510007 -142987.48721881076926 0.66091230026328473546 54076.143266154496814 5679.6124075760526466
90 0.044999999999999998335 353.09621491986808905 -147480.5336199941521 2037.6646763529988675 -149518.19829634713824 -151501.78756115928991 0.66044592345697850089 54114.329373598113307 -5095.341885410552095
95 0.047500000000000000555 334.53946201586728648 -147486.60345910937758 1930.5764712050774961 -149417.17993031445076 -153288.73165206113481 0.66012685633026613186 54140.485109305016522 -7348.3407659592403434
100 0.050000000000000002776 369.76543002168284602 -147502.86827997205546 2133.8601872655308398 -149636.72846723758266 -146098.04190221132012 0.66002426922554791044 54148.90012656176259 1778.922893135420054
105 0.052499999999999998057 362.93641276973926324 -147516.24521767289843 2094.4509649614951741 -149610.69618263439042 -146030.04898186179344 0.65988995566659414127 54159.92155737302528 1881.5780624900228304
110 0.055000000000000000278 343.86083325019910717 -147527.93880515912315 1984.3686901437069992 -149512.30749530284083 -152408.86996665212791 0.6597180557347072094 54174.033778110031562 -6177.8252444424078931
115 0.057500000000000002498 346.78137498084726076 -147540.69112832777319 2001.222693298929471 -149541.91382162671653 -151106.8260961213382 0.65972578547168270191 54173.39904313191073 -4513.7323250290355645
120 0.05999999999999999778 355.03333786990975796 -147555.19970595772611 2048.8435189524539055 -149604.04322491018684 -145738.6330079738982 0.65987104869370638571 54161.473375975336239 2299.773094388991467
125 0.0625 357.84528527268179232 -147570.73462242487585 2065.0708407199545036 -149635.80546314481762 -147772.40152502796263 0.65996787007275237169 54153.527551972052606 -255.34772146067112431
130 0.06500000000000000222 326.51887465129556176 -147580.78799061043537 1884.2908785937265748 -149465.07886920415331 -151527.10075373205473 0.66007856357798422309 54144.446142400280223 -4997.6023496456245994
135 0.067500000000000004441 350.47331696668908307 -147597.99607147838105 2022.5283302721315977 -149620.52440175050288 -149023.99328249841346 0.66033428109546343787 54123.478454141157272 -1806.5795352919155903
140 0.070000000000000006661 347.95471731538719951 -147609.27784494688967 2007.9938738648388608 -149617.27171881173854 -145765.82061847366276 0.66064633286162521841 54097.913600145409873 2336.55850526599761
145 0.072499999999999995004 351.07880435918718831 -147624.01515421501244 2026.0225061356436527 -149650.03766035064473 -148500.41707534977468 0.66090247900283427551 54076.946858067138237 -1111.2589398378740952
150 0.074999999999999997224 330.40483869584437571 -147635.37506320336252 1906.7161874261987577 -149542.09125062957173 -150352.61202630758635 0.66119059491696352548 54053.382655706875084 -3446.9005006812317333
155 0.077499999999999999445 349.49304531248884587 -147651.44130894640693 2016.8713313052996909 -149668.31264025170822 -147645.39054875195143 0.66157703432490355677 54021.809073029624415 7.6800655734869387459
160 0.080000000000000001665 355.79692842551850163 -147665.31922976119677 2053.2500841791979838 -149718.56931394038838 -146139.70684980085935 0.66196610795910204583 53990.057505495715304 1937.557165735738181
165 0.082500000000000003886 340.25113091970962387 -147678.08564418135211 1963.5376457422348722 -149641.62328992359107 -148589.28297774677048 0.6623030232160498354 53962.592623924188956 -1157.8271887386654271
170 0.085000000000000006106 335.25677534128789148 -147692.13210297911428 1934.7159775586603701 -149626.8480805377767 -149227.22500398248667 0.66266980911399187004 53932.724478856122005 -1951.6701245237388775
175 0.087500000000000008327 339.07532118497300644 -147704.43167709422414 1956.7522261842016178 -149661.18390327843372 -146768.0740381948126 0.66308808402299701523 53898.703802014933899 1191.207851831017706
180 0.089999999999999996669 350.58784090978554104 -147719.12323915035813 2023.1892305695116647 -149742.31246971988003 -146567.19923895047395 0.66347354879138575878 53867.389740715363587 1466.2972027112207343
185 0.09249999999999999889 331.39007050250182829 -147730.9972796960792 1912.4018106801918293 -149643.39909037627513 -148636.59882283114712 0.66381566070778208477 53839.628003494799486 -1153.3449382357498507
190 0.09500000000000000111 330.31842059310781679 -147745.5344383630727 1906.217481668665414 -149651.75192003173288 -148475.76119481760543 0.66418628436353166489 53809.584866163269908 -930.51249893889166742
195 0.097500000000000003331 339.34588852584670349 -147758.7818222513306 1958.3136292516294361 -149717.09545150297345 -146399.38642660385813 0.66457809714028270864 53777.860554223167128 1733.2706559395676322
200 0.10000000000000000555 333.30789706036000553 -147770.30512282950804 1923.4692967284522638 -149693.77441955797258 -146881.0746155603556 0.6649186959482904502 53750.313313765669591 1134.3771355743301683
205 0.10250000000000000777 328.82778090375438751 -147783.2650631465076 1897.6152262158432222 -149680.88028936236515 -148762.40044020034838 0.66522437034955639312 53725.6147375072469 -1249.6415574401883077
210 0.10499999999999999611 320.42910175827051944 -147794.07337267239927 1849.1477233097052704 -149643.22109598209499 -147669.87390604059328 0.66555777612448629998 53698.701326143549522 158.59155548408583059
215 0.10749999999999999833 342.26338698198060229 -147808.34503607981605 1975.1500701314264461 -149783.49510621125228 -146209.03446470259223 0.66588283618645882633 53672.487550637808454 2043.1732527511210264
220 0.11000000000000000056 328.8920369163245141 -147818.23267537963693 1897.9860379139724955 -149716.21871329360874 -147255.82876642368501 0.6661458004156218804 53651.300080406494089 718.77372158960270099
225 0.11250000000000000278 330.99739920855529363 -147832.19944568694336 1910.135764228024982 -149742.3352099149779 -148483.60606206709053 0.66638405414260204473 53632.118015466585348 -832.82034829986150726
230 0.115000000000000005 326.94601229977990897 -147843.7237404397747 1886.755825147896303 -149730.47956558768055 -146915.81498406286119 0.66663668067809989104 53611.793757053623267 1186.7767935113188287
235 0.11750000000000000722 338.28755469799091316 -147856.51860779037816 1952.2061453260355393 -149808.72475311640301 -146234.70623533547041 0.6668510650891410485 53594.558225116772519 2074.9327448417457163
240 0.11999999999999999556 327.64443144315913514 -147867.36213156429585 1890.7862960439820199 -149758.14842760827742 -147506.55673512068461 0.66700095747940169044 53582.5141398013875 461.71506796111299309
245 0.12249999999999999778 320.5338275151894436 -147879.4506386158755 1849.7520797614629373 -149729.20271837734617 -147702.97279384854482 0.6671300060842629831 53572.149220472863817 225.87867528913898241
250 0.125 321.56373995207246708 -147891.7408145442314 1855.6955481525058076 -149747.43636269672425 -146392.69848095314228 0.66724441806960999024 53562.963237367373949 1918.9930993312837018
255 0.12750000000000000222 323.03099901361355251 -147903.36571095767431 1864.1628775500741995 -149767.52858850776101 -146658.86443276322098 0.66729936287747038115 53558.552912875500624 1593.2745653169654361
260 0.13000000000000000444 323.29425038964490113 -147915.56050869682804 1865.6820612945450648 -149781.24256999138743 -147907.8877799018519 0.66730396834992977695 53558.183272573471186 9.8230899565702660681
265 0.13250000000000000666 315.57216320678429611 -147926.04599626062554 1821.1190679364763128 -149747.16506419709185 -147506.97235635499237 0.66730088389458619424 53558.430833798956883 536.52085786047814508
270 0.13500000000000000888 324.21603210756057933 -147938.02760078283609 1871.0015237145287301 -149809.02912449737778 -146818.84841202164534 0.66727877482998232406 53560.205394675242133 1432.7865718373575419
275 0.1375000000000000111 321.74491620471087572 -147947.83425705964328 1856.7410888142178464 -149804.57534587386181 -147408.65519868544652 0.66721281957160372134 53565.499923020608549 690.1952466987547723
280 0.14000000000000001332 322.87912768653711737 -147959.53683635150082 1863.2864511669572494 -149822.82328751846217 -148149.62706493597943 0.66712519308411799557 53572.535718786282814 -243.29977116342973886
285 0.14250000000000001554 316.26216923569074879 -147970.25942549895262 1825.1009880255724056 -149795.36041352452594 -147466.60143428680021 0.66704057302849339983 53579.331873526753043 644.55880564207382122
290 0.14499999999999999001 319.29090384035788475 -147982.27606092422502 1842.5793558392256273 -149824.85541676345747 -147185.77640984623577 0.66693686627085724261 53587.663304979898385 1019.1658910679867631
295 0.14749999999999999223 317.16865403733930862 -147992.70313217610237 1830.33217426298188 -149823.03530643909471 -147827.62192457570927 0.66680266160006862464 53598.448676914260432 211.18814127768266076
300 0.14999999999999999445 315.71767267776823473 -148002.96393800532678 1821.9587810134516985 -149824.92271901876666 -148044.05284558335552 0.66666044613182451339 53609.882576315329061 -52.553766792847724787
305 0.15249999999999999667 311.25184585302395135 -148012.66527592780767 1796.1871720667054433 -149808.85244799451903 -147515.51022649661172 0.6665181369053273519 53621.328897877501731 635.73832371196465374
310 0.15499999999999999889 312.01734090463622806 -148023.24576662361505 1800.6047278508913223 -149823.85049447449273 -147541.7376344363729 0.66635790445095832712 53634.222685252796509 615.58176441638499909
315 0.15750000000000000111 317.43364952130161782 -148034.25386153624277 1831.8614229896654706 -149866.11528452590574 -148142.54500409014872 0.66618078333601427055 53648.48270829579269 -138.4074931594138036
320 0.16000000000000000333 312.5107663059578158 -148043.84290467653773 1803.4522109679687674 -149847.29511564451968 -148034.8623784512456 0.66600638542499623895 53662.530896899334039 11.475054173601499485
325 0.16250000000000000555 315.8184507066236506 -148054.1558277613949 1822.5403557255958731 -149876.69618348698714 -147774.98399937921204 0.66583265302478733538 53676.532794000129797 356.62455804071436205
330 0.16500000000000000777 306.64125633765218026 -148062.48236248033936 1769.5801595991019894 -149832.06252207944635 -147872.08475038799224 0.6656490920591868754 53691.334761444071773 243.15399382346299717
335 0.16750000000000000999 317.18734860485233185 -148073.69759212181089 1830.4400577753260677 -149904.13764989713673 -148405.33799140900373 0.66546128885546929066 53706.487265201903938 -423.41358906607626977
340 0.17000000000000001221 309.04546789742482815 -148081.92226190629299 1783.4544996877943959 -149865.37676159408875 -148254.14056810195325 0.66528600482250155324 53720.63740456472442 -219.81750143602454273
345 0.17250000000000001443 316.11531386350435469 -148092.75321238546167 1824.2535079569888694 -149917.00672034244053 -148142.66090900366544 0.66512029427398755566 53734.021564343747741 -63.685753527914471306
350 0.17500000000000001665 306.61108927982763817 -148100.39459976673243 1769.4060700860425186 -149869.80066985276062 -148236.96334568518796 0.66495823151183297561 53747.117550743663742 -174.22892376184020691
355 0.17749999999999999112 315.13389261454835832 -148110.96749931937666 1818.589874853264746 -149929.55737417264027 -148685.86304534802912 0.664805430948954168 53759.470924276043661 -733.26012522090604762
360 0.17999999999999999334 308.4062208677632384 -148119.55456374661298 1779.7655020810072983 -149899.32006582763279 -148614.55927897148649 0.66467650377760312264 53769.898638329723326 -631.23958943640457164
365 0.18249999999999999556 308.87210909611764009 -148129.35928554119891 1782.4540723514699039 -149911.81335789267905 -148415.39010163600324 0.66456959557476391609 53778.54851227603649 -364.69336275039830753
370 0.18499999999999999778 306.88539225602477245 -148138.08091330982279 1770.9890309380648432 -149909.06994424789445 -148650.69538580681547 0.6644774954258455546 53786.002507875113224 -653.50017190874939388
375 0.1875 300.97639031734001946 -148145.73908634562395 1736.8890774007779783 -149882.62816374641261 -148984.49184638875886 0.66440841759035462744 53791.594581266399473 -1069.1623436845129618
380 0.19000000000000000222 305.30698850411118883 -148155.26969395633205 1761.8803023978075544 -149917.14999635412823 -148960.64244440267794 0.66437533701596795943 53794.272972149956331 -1026.5615637353450893
385 0.19250000000000000444 293.99606110675125592 -148162.23345720898942 1696.6066567439618211 -149858.84011395295965 -148613.57811427488923 0.66437557580548856073 53794.253637440611783 -575.30285599478418135
390 0.19500000000000000666 301.40407041729525872 -148171.61007190775126 1739.3571543600728546 -149910.96722626782139 -148953.04143652608036 0.66439865010238363663 53792.385384728950157 -996.07983025750047545
395 0.19750000000000000888 292.65243866042465015 -148177.51645659195492 1688.852815491780575 -149866.36927208374254 -149215.60876793085481 0.66445441576943198303 53787.870751095841115 -1323.3530797599787547
400 0.2000000000000000111 298.90892251671061786 -148185.89121541046188 1724.9580344475257334 -149910.84924985800171 -149034.57775788978324 0.66455333953348161291 53779.864021886336559 -1082.0609554898776423
405 0.20250000000000001332 293.36485113075934805 -148191.77450539413258 1692.9640397543339532 -149884.7385451484588 -148662.89431844468345 0.66468704458049321371 53769.04593944294902 -600.79062761042951024
410 0.20500000000000001554 296.24456198961422615 -148198.54264444299042 1709.5824141442446944 -149908.12505858723307 -148956.35398679372156 0.6648430378793420692 53756.430013014956785 -966.61780928219218367
415 0.20750000000000001776 299.5595598310725336 -148205.39874189192778 1728.7127636589202666 -149934.11150555085624 -149222.73825166551978 0.66503075346119333577 53741.256399635996786 -1298.0224575196971273
420 0.20999999999999999223 294.93848851436081304 -148211.03845894933329 1702.045262306325867 -149913.08372125565074 -148825.73306928476086 0.6652582418585725188 53722.879307069139031 -784.55651825415918665
425 0.21249999999999999445 303.62056438169838657 -148218.79578973728349 1752.1482046907563017 -149970.94399442803115 -148602.26474547837279 0.66551193049389856249 53702.400509751292702 -489.62166024770726835
430 0.21499999999999999667 293.79936547864838303 -148223.36245172840427 1695.4715561214040918 -149918.8340078498004 -148733.34624597980292 0.66578114830883705633 53680.685201411739399 -651.42202109195181947
435 0.21749999999999999889 302.46482952455022541 -148231.01761783729307 1745.4786342050597341 -149976.49625204235781 -148991.7705523968616 0.66607169021271639409 53657.269571068733057 -972.16320074316320188
440 0.22000000000000000111 292.61852721513218967 -148235.25437790245633 1688.6571176868289967 -149923.91149558927282 -148329.58713839095435 0.66638863307501772226 53631.749495009426028 -120.60482699475734591
445 0.22250000000000000333 298.22824727956992774 -148241.58756551181432 1721.0299609418254931 -149962.61752645362867 -148021.0563802960678 0.66670915547003806179 53605.96587308638118 282.08565188650567279
450 0.22500000000000000555 297.68261716495680957 -148246.3467360137729 1717.8812123460527346 -149964.22794835982495 -148485.97268240578705 0.6670205875963433062 53580.937230425348389 -306.65330220550475815
455 0.22750000000000000777 296.70970033948674427 -148251.65336522835423 1712.2666569797775082 -149963.92002220812719 -148648.39939513249556 0.66733901668529760354 53555.37042165047751 -507.96486354004940722
460 0.23000000000000000999 301.47361037838732045 -148258.19763722756761 1739.7584589233188126 -149997.95609615088324 -148006.29116632172372 0.66766928653169144159 53528.878677429922391 322.68240742243136765
465 0.23250000000000001221 290.07522278983861952 -148261.65190728378366 1673.980093777611728 -149935.63200106139993 -147705.46288829133846 0.66798671717577129403 53503.441485344286775 712.79525978088076954
470 0.23500000000000001443 299.52417759453680901 -148268.15113970357925 1728.5085781408863568 -149996.65971784447902 -148537.23248996093753 0.66828264203081466643 53479.74941679413314 -344.99940434298849823
475 0.23750000000000001665 286.79619115900777615 -148270.55553046334535 1655.0572998068396373 -149925.61283027019817 -148421.51385572404251 0.66858313763102406035 53455.712870708048285 -193.63642421559816853
480 0.23999999999999999112 297.39130020516836339 -148276.65194580538082 1716.2000663764813453 -149992.8520121818583 -147712.95214655931341 0.66888620566301149051 53431.492431474813202 723.39363942887268877
485 0.24249999999999999334 287.77551888173690031 -148278.9877313899633 1660.7088514883869266 -149939.69658287835773 -147725.98014399252133 0.66916461913706581921 53409.261657452516374 709.96775791461163863
490 0.24499999999999999556 296.7355896812730407 -148284.82195680047153 1712.4160604426945156 -149997.23801724315854 -148698.85495382014778 0.66942143205061876987 53388.772041434473067 -531.75200098827053807
495 0.24749999999999999778 294.65831708179808857 -148288.58760867986712 1700.4284354831161181 -149989.0160441629705 -148283.9789137353946 0.66968803116566133493 53367.518265471539053 5.9214090861203780847
500 0.25 291.81727907763473695 -148292.07562876609154 1684.0332362692874995 -149976.10886503537768 -147309.87217996350955 0.66994971029851824174 53346.673169656496611 1262.4617373559799489
505 0.25250000000000000222 293.53461106253365642 -148295.62465127231553 1693.9436985606882899 -149989.56834983301815 -147992.89476978115272 0.67017311130225287741 53328.890151909261476 389.23945515943938744
510 0.25500000000000000444 287.70552132093871478 -148297.53669728341629 1660.3049061866743159 -149957.8416034700931 -148788.85479389736429 0.67038157706894296872 53312.306689068806008 -631.91606662451499687
515 0.25750000000000000666 301.37820435513140183 -148302.84286106689251 1739.2078852403242308 -150042.05074630721356 -147903.31180399341974 0.67060356529139464321 53294.658849407285743 514.0329616183911412
520 0.26000000000000000888 288.78593086109185606 -148303.78357355800108 1666.5397856980971483 -149970.32335925608641 -147007.69215055595851 0.67080539658799243075 53278.623602594983822 1668.0411121959837146
525 0.2625000000000000111 296.77711418799958665 -148308.32268467900576 1712.6556920699520106 -150020.97837674897164 -148296.69305537125911 0.67095862571968534205 53266.456179866552702 14.97049561506030102
530 0.26500000000000001332 292.206059223459647 -148310.09536740690237 1686.2768274960997132 -149996.37219490300049 -148697.59256450057728 0.67110583312757576824 53254.772155447928526 -498.92371230318559583
535 0.26750000000000001554 303.4511717537362756 -148314.28920022468083 1751.170665538966432 -150065.45986576363794 -147379.86073770796065 0.67126203721098598454 53242.379658314726839 1203.4074926185785444
540 0.27000000000000001776 298.03878561585781881 -148316.22239741325029 1719.9366064300620565 -150036.15900384332053 -147160.18584850346087 0.67138005760704633218 53233.020299687268562 1489.0681271616622325
545 0.27250000000000001998 296.11590217678485715 -148318.75582953882986 1708.8399378876581522 -150027.59576742647914 -148656.08952355186921 0.67145363190798579289 53227.18730978397798 -434.56056751504274871
550 0.2750000000000000222 296.08558860402899882 -148321.63376066758065 1708.6650028591627688 -150030.2987635267491 -148487.0888862653519 0.67153449751268545764 53220.777737819757021 -213.1685442808519042
555 0.27750000000000002442 294.11246434045608567 -148324.53818638285156 1697.2784021422730802 -150021.81658852513647 -147082.06972691169358 0.67161696615423971402 53214.242695580382133 1600.9641148290734236
560 0.28000000000000002665 290.44579711032878322 -148327.27885623055045 1676.1186219490273288 -150003.39747817956959 -147610.40767593184137 0.67165231842874018042 53211.441775426465028 923.76223895066141267
565 0.28250000000000002887 286.99901986415676447 -148329.35698293038877 1656.2277934863775499 -149985.58477641677018 -148910.05107792583294 0.67165913599700488579 53210.901661226678698 -748.29165548063656388
570 0.28500000000000003109 292.08017131531096311 -148331.74788191879634 1685.5503474808076589 -150017.29822939960286 -148157.14862544983043 0.67168275692859169546 53209.030404216064198 224.99929401660065764
575 0.28750000000000003331 291.34950132391122679 -148333.07450428430457 1681.3337618346424733 -150014.40826611896046 -147169.29539157127147 0.67169737547564201119 53207.872384633337788 1499.7496722286639397
580 0.28999999999999998002 289.48151789932228439 -148334.4500067322515 1670.5539129451219651 -150005.00391967737232 -148293.19647713148152 0.67166977843174946461 53210.05854818689113 53.160797320292410006
585 0.29249999999999998224 289.74755380751963685 -148335.81877523550065 1672.0891658021889725 -150007.90794103770168 -149085.17362353776116 0.67163945979270323061 53212.460516289313091 -965.60229920061976827
590 0.29499999999999998446 296.73408535803463337 -148338.16274103420437 1712.4073792215565391 -150050.57012025575386 -148013.98047895246418 0.6716347823281175744 53212.831103706957947 417.73127685571660095
595 0.29749999999999998668 293.01871327400715472 -148339.17277613366605 1690.9665307070831659 -150030.13930684074876 -147629.2947877139668 0.67161855575925988315 53214.116746666950348 914.70480927177993635
600 0.2999999999999999889 292.38706162024436708 -148340.74708172754617 1687.321364862061273 -150028.06844658960472 -148815.15039972233353 0.67157807984020845282 53217.323954207655333 -611.24989324216915065
605 0.30249999999999999112 284.43375116587588991 -148340.29879921700922 1641.4240170906798539 -149981.72281630767975 -148633.70565899010398 0.67155240672932781099 53219.358425746962894 -378.02867076721338435
610 0.30499999999999999334 289.96071891401805942 -148341.54301924115862 1673.3193092854357928 -150014.86232852659305 -147627.54684465436731 0.67153682263768132987 53220.593466523750976 919.89928744919711789
615 0.30749999999999999556 285.9012327411790011 -148340.86800875279005 1649.8926305814038642 -149990.76063933418482 -147964.36778134244378 0.67149550140916214325 53223.868455410418392 485.04598763420989371
620 0.30999999999999999778 292.1723497949590751 -148341.54586630343692 1686.082295499399379 -150027.62816180282971 -148866.13292792454013 0.67144086459627272401 53228.199413943599211 -675.77155982932811185
625 0.3125 298.02686897129302679 -148341.65039366972633 1719.8678372825484075 -150061.51823095226428 -148353.05139789165696 0.67140363265488389732 53231.151124515934498 -14.685926800235272083
630 0.31500000000000000222 300.15067397778096847 -148341.46627763306606 1732.1239937020222897 -150073.59027133509517 -147829.52405896811979 0.67136706484671460071 53234.050501957681263 659.41002374314587087
635 0.31750000000000000444 298.56247233349898806 -148341.213590695319 1722.958723011670827 -150064.17231370697846 -148496.00932519912021 0.67131332579559388485 53238.311920957370603 -199.3695476191081184
640 0.32000000000000000666 291.27320512611504455 -148339.8731117452844 1680.8934680545899027 -150020.76657979987795 -148701.81095603408176 0.67126458386111520493 53242.177666855182906 -466.12489193597718895
645 0.32250000000000000888 297.31294788045534006 -148340.93075452905032 1715.7479069999949388 -150056.67866152903298 -148159.92522778591956 0.6712296925513500101 53244.945257940860756 233.09747084706287978
650 0.3250000000000000111 288.87123445404415634 -148339.93339211322018 1667.0320597887848635 -150006.96545190201141 -147979.01599228387931 0.6711882308201203573 53248.234391313962988 464.75783347768879139
655 0.32750000000000001332 291.16998252306092354 -148340.19158630887978 1680.2977860756925566 -150020.48937238455983 -148657.42407940831617 0.67113526286488489614 53252.436897502600914 -408.47199688144303309
660 0.33000000000000001554 283.60784055321170172 -148338.12992604883038 1636.6578122713140147 -149974.78773832015577 -148605.69032805922325 0.67109291863444031634 53255.796988776266517 -344.49193740320060897
665 0.33250000000000001776 291.64082577272665731 -148338.10238986229524 1683.0149510222520348 -150021.11734088454978 -148326.55842476736871 0.67106221684070466171 53258.233496827750059 14.86251678667653664
670 0.33500000000000001998 288.35300178104114366 -148335.89311900635948 1664.0414176711685741 -149999.93453667752328 -148399.29097719339188 0.67103237199473853014 53260.602210829456453 -81.619254567809960577
675 0.3375000000000000222 291.57066172576571716 -148334.29661674654926 1682.6100449541575017 -150016.90666170071927 -148730.97781137833954 0.67100664968353451734 53262.643898174319474 -510.67312445488357753
680 0.34000000000000002442 291.34928446344406439 -148332.16529705419089 1681.332510365793496 -150013.49780741997529 -148644.66645502578467 0.67099687749699765682 53263.419598492873774 -402.29690938551959789
685 0.34250000000000002665 294.35696097822443562 -148330.44828127801884 1698.6893551381319867 -150029.13763641615515 -148274.52840813691728 0.6709998170355968572 53263.186260310263606 71.98850345802200934
690 0.34500000000000002887 293.78435629571100662 -148328.30882900679717 1695.3849404042139213 -150023.69376941100927 -148173.96915989281842 0.67100155661455462841 53263.048174910720263 198.68983930504754198
695 0.34750000000000003109 293.77735977885276952 -148326.08180529985111 1695.3445645670988142 -150021.42636986693833 -148414.99843380291713 0.67099771149555509364 53263.353396158126998 -114.46654960402739221
700 0.35000000000000003331 296.44105089225638494 -148324.24045209414908 1710.7163217855377297 -150034.95677387967589 -148603.88358734361827 0.67099783494329634514 53263.343596960083232 -359.99780064091623899
705 0.35249999999999998002 295.05316490356648274 -148321.48126893572044 1702.7070423470695459 -150024.18831128277816 -148218.29081443240284 0.67100746022723478657 53262.579559544676158 132.84384584700271148
710 0.35499999999999998224 292.11113160206082284 -148318.52795132788015 1685.7290145976280655 -150004.25696592550958 -147905.57702762840199 0.67101273781501502569 53262.160643593932036 531.62301282391490531
715 0.35749999999999998446 291.58642799552927727 -148315.49579044984421 1682.7010297045387688 -149998.19682015437866 -148187.20181228811271 0.67100247580901395406 53262.975210800250352 165.16003287047396952
720 0.35999999999999998668 295.60410060107381014 -148313.17890437901951 1705.8864086566386504 -150019.06531303565134 -148309.07908896205481 0.67098616671379274212 53264.269829046606901 5.2777940228377886456
725 0.3624999999999999889 294.84404159814772584 -148310.36585242275032 1701.5002234845374005 -150011.8660759072809 -147937.81465549604036 0.67096793679137178845 53265.716997314339096 479.58136151448661622
730 0.36499999999999999112 296.19477566032799132 -148307.61561277831788 1709.295104792670827 -150016.91071757097961 -147854.80769560710178 0.67093452675639997373 53268.369431190832984 582.86599555086127111
735 0.36749999999999999334 295.03016573451600379 -148304.03730650394573 1702.574317632446764 -150006.61162413639249 -148124.64982108279946 0.67088289961510427784 53272.468646771958447 230.89441617062692558
740 0.36999999999999999556 298.34422982049585471 -148300.91953378877952 1721.6992785859470132 -150022.61881237471243 -148102.77021675289143 0.67082242569853478553 53277.271102237042214 255.02028015683407602
745 0.37249999999999999778 294.90446646037690925 -148297.4675264749967 1701.848926195400054 -149999.31645267040585 -147957.99763087922474 0.67075339309407522315 53282.754292960416933 436.85640860896933191
750 0.375 294.0858513902805953 -148294.48894472036045 1697.1248228451445357 -149991.61376756551908 -148149.70044788345695 0.67067149882921173187 53289.260536330446484 186.30241137555429987
755 0.37750000000000000222 293.39552548932977061 -148290.92310539836762 1693.1410568230187437 -149984.06416222138796 -148210.37433535416494 0.6705831978715153241 53296.277551900217077 103.63015478428310701
760 0.38000000000000000444 300.29496749084682961 -148288.2865371654334 1732.9566896703661314 -150021.24322683579521 -148151.86784770310624 0.67049176070477511935 53303.545740568224574 175.48576146012183585
765 0.38250000000000000666 293.7222114097891108 -148283.89724633286824 1695.0263116976225319 -149978.92355803048122 -148191.10995942968293 0.67039497005668935437 53311.241628765390487 119.34213124137998818
770 0.38500000000000000888 299.22031205144446631 -148281.27411822084105 1726.755016201230319 -150008.029134422075 -148541.61038562958129 0.67029664691241785945 53319.061642375934753 -334.79293658548004942
775 0.3875000000000000111 298.4304544866059814 -148277.28693653820665 1722.1968680500617666 -149999.48380458826432 -148327.56484158083913 0.67020747622214438266 53326.155710556413396 -64.648880316928028833
780 0.39000000000000001332 305.56818118430004461 -148274.52780593201169 1763.3876057209645296 -150037.91541165296803 -148293.95203564254916 0.67012229006536594422 53332.934548282144533 -24.973098801483782694
785 0.39250000000000001554 295.32571823604632755 -148269.88438775824034 1704.2799062706958466 -149974.16429402894573 -148512.96368255300331 0.6700390453897394627 53339.560554433919606 -312.48030149000203437
790 0.39500000000000001776 299.81099967846205345 -148267.43646315101068 1730.1637848639181811 -149997.60024801493273 -148664.12010848286445 0.66996730179046748432 53345.272433278652898 -509.88527335477488123
795 0.39750000000000001998 299.39715952223730255 -148263.89143199624959 1727.7755761197745414 -149991.66700811602641 -148188.77923716130317 0.66991060522541223676 53349.787205377062492 96.538794563058587528
800 0.4000000000000000222 308.40953026286086924 -148261.8043535646575 1779.7846000979375276 -150041.58895366260549 -148271.65684613233316 0.66985355114292433054 53354.33121825082344 -12.661948594214123887
805 0.40250000000000002442 301.72513328346423123 -148258.14875330167706 1741.2099594416272339 -149999.35871274329838 -148682.4460560666339 0.66979836204003506683 53358.727433353866218 -545.24151790738926593
810 0.40500000000000002665 304.66802685426114294 -148255.8660775233584 1758.1929516746083664 -150014.05902919796063 -148533.76516851226916 0.66975977013273968463 53361.801991059983266 -357.09251726998547838
815 0.40750000000000002887 302.08547791834030249 -148252.67284250500961 1743.2894536496489764 -149995.96229615467018 -147947.38473309786059 0.66973174306848026749 53364.035086129581032 392.27021994513114578
820 0.41000000000000003109 307.64300675874449098 -148251.1116471477726 1775.3611092704111343 -150026.47275641819579 -148200.93888463941403 0.66969414851468966887 53367.030777658292209 64.464272252699842625
825 0.41250000000000003331 301.33945640613006844 -148248.49949435520102 1738.9842767063753399 -149987.48377106158296 -148590.88849283612217 0.66965516900504162834 53370.137183443483082 -439.89152320479860236
830 0.41500000000000003553 304.71474664174741065 -148247.13110996977775 1758.4625644787815872 -150005.59367444855161 -148152.5505279659701 0.6696279753099484422 53372.304552924986638 121.50947297670221303
835 0.41749999999999998224 302.65710408386541985 -148244.40452077329974 1746.5882215105109481 -149990.99274228382274 -147758.06615356454859 0.66959666762844471943 53374.800029967882438 624.77894014532307665
840 0.41999999999999998446 308.33438942361516411 -148243.32897281704936 1779.3509737167619278 -150022.67994653381174 -148376.43333220199565 0.66954893459304076764 53378.605190558657341 -170.98151815760004979
845 0.42249999999999998668 305.19757102574692453 -148241.7141979955486 1761.2488707335257914 -150002.9630687290628 -148463.57296259349096 0.66950487794040303147 53382.117760436267417 -284.97377924585964593
850 0.4249999999999999889 305.48422144315452442 -148240.93856994152884 1762.903086795133504 -150003.8416567366512 -147890.55537069233833 0.66946836782258956067 53385.029006885306444 450.03666874561218947
855 0.42749999999999999112 306.20713066046550921 -148239.94280389271444 1767.0748861916772512 -150007.01769008437986 -147886.16281645404524 0.66941876330181115939 53388.984884619545483 454.36587808916203812
860 0.42999999999999999334 302.7662377054193712 -148238.77452082795207 1747.2180150802137177 -149985.99253590815351 -148411.7087634173804 0.66935643480358553159 53393.956309523564414 -222.08181848976462902
865 0.43249999999999999556 303.03971388043299839 -148239.0659159636707 1748.7962045880674395 -149987.86212055172655 -148055.29528706581914 0.66929839829851756061 53398.586230383727525 235.97742256158807095
870 0.43499999999999999778 294.93503199834196948 -148237.71252030547475 1702.02531527688393 -149939.73783558234572 -147558.69159452311578 0.66923196303892162895 53403.887156122786109 871.83519987254021544
875 0.4375 305.2670388591358801 -148238.67476685682777 1761.64975905874212 -150000.32452591558103 -148089.41391450763331 0.66914086725516397358 53411.157477208013006 191.61876563900972315
880 0.44000000000000000222 299.7038954496517249 -148236.99348453336279 1729.5457026117921941 -149966.53918714515748 -148203.44634905364364 0.66904142867783222837 53419.095893702891772 43.060891786922034896
885 0.44250000000000000444 306.8833387176641736 -148238.09415558993351 1770.97718027979613 -150009.07133586972486 -147797.73453721494297 0.66893961729479733958 53427.226182136706484 565.156816471106481
890 0.44500000000000000666 297.23446263824115476 -148236.82202630254324 1715.2949805767786984 -149952.11700687932898 -147601.99666954501299 0.66881937395231938481 53436.831568143250479 814.58737798037373068
895 0.44750000000000000888 304.60089553261269657 -148237.76031701968168 1757.8055470040967521 -149995.56586402378161 -148245.83456109446706 0.66867631672599026071 53448.263893046547309 -10.358392924411251812
900 0.4500000000000000111 302.35363064607469141 -148237.51944156669197 1744.8369223510512711 -149982.35636391773005 -148023.08335466487915 0.66853029321249513028 53459.938312834427052 275.0385253274777142
905 0.45250000000000001332 305.65538021467909857 -148238.62939120078227 1763.8908180934220127 -150002.52020929419086 -147653.17469423933653 0.66837569673574626083 53472.303690795866714 750.73819256194803984
910 0.45500000000000001554 301.13245903440787288 -148238.73921349400189 1737.7897262846099693 -149976.5289397786255 -147909.51773497706745 0.66819863372924181988 53486.473080522642704 422.05428149802366988
915 0.45750000000000001776 304.82220589861736926 -148239.8583848705166 1759.0826955439667927 -149998.94108041448635 -148354.89344685844844 0.66800917275652127447 53501.642930923670065 -147.43046078272951149
920 0.46000000000000001998 303.0111326651420427 -148240.52163057532744 1748.631266731628557 -149989.15289730695076 -148105.23632958999951 0.66782281751090966093 53516.572507373573899 173.33506662976748203
925 0.4625000000000000222 300.82003413175840478 -148241.4797153356194 1735.9867695797745455 -149977.46648491540691 -147861.53719941433519 0.66763176507300370233 53531.887044788949424 486.6642583706844789
930 0.46500000000000002442 298.83656509412281821 -148242.46678142395103 1724.5404707415184475 -149967.00725216546562 -148176.68327058019349 0.6674276778269407906 53548.256122318205598 84.235629660641095029
935 0.46750000000000002665 301.69932589912252752 -148244.07268688603654 1741.0610289426863346 -149985.13371582873515 -148477.84987213410204 0.66722174504639031323 53564.783373353966454 -299.2587675355842407
940 0.47000000000000002887 303.24792205289668345 -148245.73733261792222 1749.9977423571810959 -149995.73507497509127 -148337.91809001180809 0.6670256046888353163 53580.534216633968754 -117.9661330445682097
945 0.47250000000000003109 295.48229557773430543 -148246.2589070595277 1705.1834903500302971 -149951.44239740955527 -148100.59577642715885 0.6668336705143076415 53595.956256732351903 186.35529037967481258
950 0.47500000000000003331 298.4313686417918916 -148248.09702059684787 1722.2021435009228298 -149970.29916409778525 -148585.81558623886667 0.6666398418885693955 53611.539529578658403 -431.93735836237453896
955 0.47750000000000003553 295.14413763819840142 -148248.79718569468241 1703.2320321941365364 -149952.02921788880485 -148793.4276740909263 0.66646022469691090784 53625.988335094654758 -696.38715312154317871
960 0.47999999999999998224 301.50530175529053167 -148251.14654232093017 1739.9413450504762295 -149991.08788737139548 -148579.16939683322562 0.66630410852851773562 53638.552993961398897 -419.32539120166899238
965 0.48249999999999998446 292.90468862139937301 -148251.21478100732202 1690.308511739349342 -149941.52329274665681 -148379.38783776634955 0.66616271173867036559 53649.938079124163778 -163.8142309634916387
970 0.48499999999999998668 300.67828882473571639 -148253.52161596290534 1735.1687789218331091 -149988.69039488473209 -148836.25877382123144 0.66603056887638056871 53660.582419955855585 -744.63156145487607773
975 0.4874999999999999889 296.64863393036574735 -148253.43419833006919 1711.9142519991523841 -149965.34845032921294 -148876.8526226093818 0.66592237956385547104 53669.300405264468282 -796.48538199386678116
980 0.48999999999999999112 302.31297209714063001 -148255.43384927685838 1744.6022880348109538 -150000.03613731166115 -148486.41318931995193 0.66584037176104715616 53675.910550264918129 -295.06508752506806559
985 0.49249999999999999334 297.29743526602595693 -148256.12670789135154 1715.65838605605677 -149971.78509394740104 -148445.50183867159649 0.66577032462799445867 53681.557908684109861 -241.89224500728369094
990 0.49499999999999999556 300.64640813479763892 -148258.21083066807478 1734.984800297878337 -149993.19563096595812 -148770.26666643458884 0.6657103529246161111 53686.393907483958174 -653.9991698923944341
995 0.49749999999999999778 302.89781988245499633 -148259.90349025736214 1747.9773558571857848 -150007.88084611453814 -148656.01693388464628 0.66567118153957027804 53689.553080459729244 -505.88744795492891626
1000 0.5 296.89174689817235731 -148260.68744791459176 1713.3172200456247083 -149974.00466796022374 -148182.0065032436396 0.66564765228670885744 53691.450893914181506 100.48206142631576654
1005 0.50250000000000005773 297.2078135710917195 -148262.82337438958348 1715.1411928540740064 -149977.96456724364543 -148402.96602687158156 0.66562397611424717336 53693.360692984977504 -178.96737009129100215
1010 0.50500000000000000444 291.94072122752731957 -148263.71043068007566 1684.7456021848106502 -149948.45603286489495 -148682.60828560777009 0.66560657204874562609 53694.764649625038146 -534.9341252674921634
1015 0.50750000000000006217 301.11886830206105969 -148266.56122814965784 1737.711296230537755 -150004.27252438018331 -148398.49536299009924 0.66560541734080747034 53694.857800566067453 -168.4800906635481681
1020 0.51000000000000000888 292.00627878038682184 -148266.52339002178633 1685.1239248744500401 -149951.647314896225 -148098.46535294072237 0.66560953005582801367 53694.526026998784801 214.61169477247136683
1025 0.51249999999999995559 296.1350189919096465 -148268.89117476460524 1708.9502581268966424 -149977.84143289149506 -148628.65420970445848 0.66561002020849280303 53694.486486555862939 -459.42111929112155622
1030 0.51500000000000001332 293.504016550758422 -148269.43534429202555 1693.7671422757425717 -149963.20248656778131 -148754.79311744362349 0.6656242962521526918 53693.334868687205017 -619.82019359247760804
1035 0.51749999999999996003 299.11362250394620332 -148271.11106311425101 1726.1393270120311172 -149997.25039012628258 -148251.72882047106395 0.66565704287888172175 53690.6934550439546 24.753073049830071284
1040 0.52000000000000001776 296.45343122700472804 -148272.01830237964168 1710.7877668187388736 -149982.80606919838465 -148407.50148567737779 0.66569153852079776534 53687.911243120754079 -173.03461659762643876
1045 0.52249999999999996447 295.4522883793219421 -148272.98306270275498 1705.0103233613808698 -149977.99338606413221 -149065.9404072627367 0.66573389210676880978 53684.495650807664788 -1012.8031868409392473
1050 0.5250000000000000222 303.04500548287444417 -148275.17127343101311 1748.8267416227924969 -150023.9980150538031 -148780.4024539081438 0.6658067654307742167 53678.619820388463268 -645.37615478586985773
1055 0.52749999999999996891 302.63268216673628785 -148276.00136815587757 1746.4472863326184324 -150022.44865448848577 -148217.87761525125825 0.6658999589082188475 53671.107434813769942 74.256966196608658493
1060 0.53000000000000002665 300.05743200982863073 -148277.64698853943264 1731.5859084538039951 -150009.23289699322777 -148702.6136593503179 0.6659944741995817985 53663.490644354555116 -543.00029117456745098
1065 0.53249999999999997335 292.49987676696918015 -148278.25458812806755 1687.9724039548789278 -149966.22699208295671 -149116.99323427747004 0.66610678804165746048 53654.442316186068638 -1071.8773149629796535
1070 0.53500000000000003109 294.32499511583529284 -148280.01762378885178 1698.5048849968866307 -149978.52250878573977 -148194.21626456413651 0.66624971583160519373 53642.932051072391914 109.67452713587856294
1075 0.5374999999999999778 298.81273541876248601 -148281.84331172969542 1724.4029533010050272 -150006.24626503069885 -147723.888085076469 0.6663903992728684722 53631.607349683195935 713.34997072027044851
1080 0.54000000000000003553 292.21503820432729981 -148282.33339857371175 1686.3286438321874812 -149968.66204240589286 -148609.40657198699773 0.6665114805225551553 53621.864408668116084 -418.24150162045111756
1085 0.54249999999999998224 295.49940756312298618 -148284.04530361903016 1705.2822410210810631 -149989.32754464010941 -148801.47448546637315 0.66664362250023134759 53611.235492451873142 -661.78849541741635676
1090 0.54500000000000003997 293.18886297972204602 -148283.84789376537083 1691.9484388397029306 -149975.79633260506671 -147564.66088868185761 0.66679153542959279655 53599.343027615366736 920.03950499479856262
1095 0.54749999999999998668 300.84162871054058996 -148285.77803049003705 1736.1113886170960541 -150021.88941910714493 -147628.30983628914692 0.66691335930899209306 53589.552130777366983 841.23770766457357695
1100 0.55000000000000004441 293.28962035790988239 -148285.80077348361374 1692.5298943799780318 -149978.33066786359996 -148732.75979633891257 0.66701030608926836774 53581.76314387851744 -571.97206603376946532
1105 0.55249999999999999112 300.76007532440536352 -148287.96578009528457 1735.6407564008814006 -150023.6065364961687 -148388.75293128701742 0.66712054119611807756 53572.909284612287593 -128.99831840132958405
1110 0.55500000000000004885 299.45473750894603882 -148288.08930958950077 1728.1078499440027372 -150016.19715953350533 -147308.29896831748192 0.66723131150218195629 53564.015386115788715 1254.2500828036443181
1115 0.55749999999999999556 301.92378277586846025 -148289.18141188044683 1742.3563355185824548 -150031.53774739903747 -148150.83719090107479 0.66730695369604831058 53557.943668125051772 177.11740420329292078
1120 0.56000000000000005329 295.64729727959269212 -148289.57742029207293 1706.1356901335689145 -149995.71311042565503 -149080.00431446827133 0.66737660553003042008 53552.354007100249873 -1012.0623138218938948
1125 0.5625 297.21765106898237718 -148291.1333787702024 1715.1979635616276028 -150006.33134233183227 -148088.01056221753242 0.66747267225907414012 53544.646426406885439 260.11581943109968051
1130 0.56500000000000005773 300.63924766254081078 -148292.74885280849412 1734.9434782990369968 -150027.69233110753703 -147596.69845167337917 0.66756157687120376565 53537.515449749320396 891.46969867783684549
1135 0.56750000000000000444 294.50570505225653051 -148292.73186510792584 1699.5477346184695762 -149992.27959972640383 -148905.65811697285972 0.66762706522520731678 53532.263889489309804 -785.08507858045629746
1140 0.57000000000000006217 295.51062953463014082 -148294.28611917613307 1705.3470013157909762 -149999.63312049192609 -149089.05718587577576 0.66771454035367561186 53525.25080024543422 -1018.1398782199560173
1145 0.57250000000000000888 296.3573067001830168 -148295.12570199219044 1710.2330467606941511 -150005.35874875288573 -147750.50390762896859 0.66783001356101701074 53515.995851743347885 697.80731199314629976
1150 0.57500000000000006661 302.52906990273561405 -148296.36118813362555 1745.849355679527207 -150042.2105438131548 -148121.62723243472283 0.66792836762457152844 53508.115492243261542 223.91426569100019606
1155 0.57750000000000001332 300.2845627532585695 -148296.92865895014256 1732.8966455085924281 -150029.82530445873272 -149482.38064947258681 0.66802275223595541931 53500.555356499811751 -1519.3218744568314378
1160 0.57999999999999996003 298.60694767072465083 -148298.10546997943311 1723.2153834339701461 -150021.3208534134028 -148792.58642970109941 0.66816002553714382017 53489.563681499057566 -633.87646714943866755
1165 0.58250000000000001776 297.67539091525816275 -148299.46014821287827 1717.839510755576157 -150017.29965896846261 -147568.15623430031701 0.66831630220714310919 53477.055875144113088 937.67971029214015743
1170 0.58499999999999996447 295.06921912316545331 -148300.29762791056419 1702.7996888122565906 -150003.09731672282214 -148365.6685471329256 0.66844853510719726142 53466.477011083028628 -83.835340735872748041
1175 0.5875000000000000222 289.91618531802640746 -148301.29988036403665 1673.0623126606383266 -149974.36219302468817 -149026.8405124519777 0.66858249974187766718 53455.7638723705968 -930.66056036814325125
1180 0.58999999999999996891 289.9456739222385977 -148302.33231819994398 1673.2324869208518976 -149975.56480512078269 -147950.4096089071827 0.66874058423335025481 53443.127392026384769 451.52264764937336849
1185 0.59250000000000002665 287.91347028135561459 -148302.02752476467867 1661.5049480823995509 -149963.53247284708777 -147403.66330859990558 0.6688847416281038516 53431.6093807266152 1152.8645891275812119
1190 0.59499999999999997335 296.37991685127724395 -148303.09434066578979 1710.3635265117222843 -150013.45786717752344 -148502.33880810398841 0.668996480824324391 53422.684961456696328 -255.73176150942035179
1195 0.59750000000000003109 292.88524890801090805 -148302.36848444698262 1690.1963281032287796 -149992.56481255020481 -148521.52300444981665 0.66911154904238079322 53413.497774101917457 -281.33484424165931159
1200 0.5999999999999999778 303.57384695195094082 -148304.17746139597148 1751.878605492736142 -150056.05606688870466 -147719.64494308340363 0.66923299443160533251 53403.804852382578247 750.51709157127868366
1205 0.60250000000000003553 293.74375299425048524 -148302.39583250170108 1695.1506249127601222 -149997.54645741445711 -147827.83261161166593 0.66933158425936800651 53395.938688516893308 609.41054081931690689
1210 0.60499999999999998224 299.00383790109583515 -148303.7484389533638 1725.5057767280486587 -150029.25421568140155 -148583.13094818469835 0.66941239712436306775 53389.49261909382767 -358.81247221038245243
1215 0.60750000000000003997 290.73953554562979207 -148303.16179606041987 1677.8137418863393577 -149980.97553794676787 -148066.30390815992723 0.66949958320478919482 53382.539932767846039 304.2374898991149621
1220 0.60999999999999998668 291.73694599891945245 -148303.72399071013206 1683.5696462620201146 -149987.29363697214285 -147697.08955040556611 0.66957695347236856342 53376.371528408577433 779.29542351822078672
1225 0.61250000000000004441 294.06976212900474366 -148303.50424382300116 1697.0319741597577377 -150000.53621798276436 -148411.16990845420514 0.66963196525005075355 53371.986538986959204 -138.32095172792537596
1230 0.61499999999999999112 294.37445900814162769 -148302.38468469388317 1698.7903336135771042 -150001.17501830746187 -148622.58424858766375 0.6696890172247159656 53367.439686424746469 -411.40397045264057851
1235 0.61750000000000004885 302.56834644818695779 -148302.91716363100568 1746.076014663378146 -150048.99317829438951 -148206.6925424800138 0.66975766304688888475 53361.969869539228966 123.64554330415261063
1240 0.61999999999999999556 293.74236724440640955 -148300.96753671165789 1695.1426279606880598 -149996.11016467234003 -148257.14224971769727 0.66982341444997572921 53356.731736152563826 56.319612695855099105
1245 0.62250000000000005329 305.62148007701483721 -148302.35449318453902 1763.6951855430770593 -150066.04967872760608 -148847.94810827716719 0.66989009658807663339 53351.420505291913287 -701.20887254184924586
1250 0.625 298.85371898190862794 -148300.87891088120523 1724.639463224944393 -150025.51837410614826 -148428.71338165554334 0.66997556720841744404 53344.614318275795085 -164.31662606203892096
1255 0.62750000000000005773 305.69077524029228243 -148301.92827254167059 1764.0950774152813665 -150066.02334995695855 -148209.34272096914356 0.67006763011648284856 53337.285117307059409 119.0245155760593434
1260 0.63000000000000000444 295.96243471163018057 -148300.25591835720115 1707.9543004338947867 -150008.21021879109321 -148454.76129455506452 0.67015684754086146668 53330.184368849470047 -198.65276822584922911
1265 0.63250000000000006217 302.51834020127654412 -148300.88354821508983 1745.7874362005661624 -150046.67098441565759 -148521.19238025005325 0.6702521325121407747 53322.602796424092958 -283.29876320576238413
1270 0.63500000000000000888 300.230293292239935 -148300.78689546388341 1732.5834646840755795 -150033.37036014796467 -148141.38989194342867 0.67035495889733598407 53314.423591628212307 205.00268315502844985
1275 0.63750000000000006661 297.36843718069980014 -148301.07823294820264 1716.0681273315817634 -150017.1463602797885 -148123.44147790988791 0.67045223300608947081 53306.68834550138854 228.49423058837723488
1280 0.64000000000000001332 291.96651467525566659 -148301.03175941758673 1684.8944522576707641 -149985.92621167525067 -148091.38530106295366 0.67054134965029033033 53299.603751566515712 269.70416941079724893
1285 0.64249999999999996003 296.86039874934743921 -148301.49299930103007 1713.1363146356245579 -150014.62931393666076 -147891.17285285398248 0.67062036886345099962 53293.323458056547679 527.92733233430988093
1290 0.64500000000000001776 294.82699950832989089 -148301.11988114236738 1701.4018761702200209 -150002.52175731258467 -147836.76750512930448 0.67068159472662181031 53288.458362971767201 597.50098619523623711
1295 0.64749999999999996447 295.09244797297338891 -148301.31189882525359 1702.9337389796780826 -150004.24563780493918 -148036.55779375703423 0.67072364741354262296 53285.11731056564895 340.69117730310193792
1300 0.6500000000000000222 288.11483092044056775 -148300.07250534422928 1662.6669697754512072 -149962.73947511968436 -147713.11311924370239 0.67075142826791045447 53282.910373656399315 755.34302634836296875
1305 0.65249999999999996891 296.42555500477914165 -148300.60128565499326 1710.6268973703022311 -150011.22818302529049 -147660.52673687899369 0.67075484834965015679 53282.638691820240638 823.69977105035536624
1310 0.65500000000000002665 292.66883323821355134 -148299.2043958955328 1688.9474261124346413 -149988.15182200795971 -148109.18870952830184 0.67073204340793968203 53284.45030568526272 244.51926152173484752
1315 0.65749999999999997335 295.49670003695570131 -148299.01163129211636 1705.2666162984182847 -150004.27824759052601 -148242.62754819056136 0.67069988544509262507 53287.005128506076289 72.553659192858134475
1320 0.66000000000000003109 294.27262004149798713 -148297.48957877702196 1698.2026363904474238 -149995.69221516748075 -147844.20497404169873 0.67066281673922889528 53289.95039439851098 583.24330686317421168
1325 0.6624999999999999778 300.49506749879549261 -148296.67581974805216 1734.1114364524223674 -150030.78725620047771 -148149.27367517366656 0.67060904851444746999 53294.223086569531006 189.64778611463447078
1330 0.66500000000000003553 302.2815994046987953 -148295.84425559884403 1744.4212409873218803 -150040.26549658615841 -148769.26357382172137 0.67055045521549550003 53298.879983483748219 -609.04867590057006055
1335 0.66749999999999998224 298.88664156704078323 -148294.91689865916851 1724.8294544679636147 -150019.74635312712053 -148527.14437942014774 0.67050924856853688638 53302.155505984679621 -298.73970619132899174
1340 0.67000000000000003997 299.91869965946489174 -148294.89212284199311 1730.7853051115457674 -150025.6774279535457 -148193.64027038260247 0.670478075605165591 53304.633716983153136 130.24531930593522588
1345 0.67249999999999998668 297.86070892916961839 -148293.77020426726085 1718.9089528931106088 -150012.67915716036805 -148728.14978876523674 0.67044585850332905075 53307.195177824534767 -558.73732463372425627
1350 0.67500000000000004441 299.67883499722455554 -148293.58046763867605 1729.4010825435882452 -150022.98155018227408 -149056.69751484596054 0.67043204510673681806 53308.293504543224117 -981.56821287148773081
1355 0.67749999999999999112 292.29161284292945311 -148291.88881291809957 1686.770544451879914 -149978.65935736999381 -148294.99968205566984 0.67044684067810522698 53307.117085156605754 -4.0014800593178039279
1360 0.68000000000000004885 293.30642587271148614 -148291.29485973939882 1692.626876455775573 -149983.92173619518871 -148108.38088206195971 0.67046426777753298509 53305.731495387990435 235.286547597082631
1365 0.68249999999999999556 291.76669356593549765 -148289.86091336252866 1683.7413149572785187 -149973.60222831979627 -148729.11399174368125 0.67047701411718740871 53304.718107986394898 -565.0322980313106882
1370 0.68500000000000005329 294.84353592663950394 -148289.14772412730963 1701.4973053309956867 -149990.64502945830463 -148541.18050389419659 0.67050585526966688388 53302.425257758848602 -324.21579605600663854
1375 0.6875 296.44013265055485817 -148288.26714640433784 1710.7110227520151966 -149998.97816915635485 -147757.11872282999684 0.67054326173855616222 53299.451765031531977 683.30919602696792481
1380 0.69000000000000005773 299.63112672587715224 -148287.02399887470528 1729.1257653490479242 -150016.14976422375184 -148027.85247264243662 0.67056138571990975272 53298.011183616443304 333.42671466024660276
1385 0.69250000000000000444 299.73396908157855023 -148284.93698744883295 1729.7192529781725625 -150014.65624042699346 -148601.2520053939952 0.67056911354541692827 53297.396962469087157 -406.94706791159165959
1390 0.69500000000000006217 302.7267802438907438 -148283.75939411259606 1746.9903120571334512 -150030.74970616973587 -148147.96670494717546 0.67058669093558309626 53295.999933339349809 174.705221335684314
1395 0.69750000000000000888 295.81021945356548031 -148281.85415838353219 1707.0758892772337276 -149988.93004766077502 -147501.15751698121312 0.67059751460284366953 53295.139718147613166 1004.4280131336732893
1400 0.70000000000000006661 299.28709024598822452 -148282.10830770333996 1727.1403830288054451 -150009.24869073214359 -148058.32836580162984 0.6705796236892108686 53296.561620496067917 287.90292391191695742
1405 0.70250000000000001332 295.48811582864931324 -148280.46330072975252 1705.2170781348772834 -149985.68037886463571 -148519.42508543410804 0.67055111510891307613 53298.827531732837087 -307.42197495795073792
1410 0.70499999999999996003 299.24432687882375603 -148279.71246463843272 1726.8936021259494282 -150006.60606676439056 -147999.97704962085118 0.67052927813644092048 53300.56330236591748 359.86512784699914391
1415 0.70750000000000001776 298.2374882583645217 -148277.82741369408905 1721.08328922819328 -149998.91070292229415 -147593.96149009576766 0.67049518114230111099 53303.273819973917853 879.7133664250881111
1420 0.70999999999999996447 295.06353876315580465 -148275.65298270413768 1702.7669083165969823 -149978.41989102074876 -148252.79324765442288 0.67043572669821993593 53308.000770502469095 29.40376260640545425
1425 0.7125000000000000222 304.49323627688664828 -148275.80560319893993 1757.1842617758618417 -150032.98986497480655 -148724.41535287193255 0.67037521966466351309 53312.81226844694902 -576.98062022568842622
1430 0.71499999999999996891 298.47535653841356407 -148273.69623237580527 1722.4559909774623065 -149996.15222335327417 -148093.86647272919072 0.67032965114626763548 53316.436434351642674 231.27280091164050191
1435 0.71750000000000002665 307.72217104254178821 -148274.6987860709778 1775.8179543395635847 -150050.51674041053047 -147939.20083755569067 0.67027873129645265671 53320.486786554603896 431.43947011462319097
1440 0.71999999999999997335 293.4822200239339054 -148271.40915440768003 1693.6413578269130085 -149965.05051223459304 -148381.22924731241073 0.67021453270812070269 53325.594255601929035 -141.21154786452893859
1445 0.72250000000000003109 303.40557129920341595 -148271.73331797902938 1750.9075122354161067 -150022.64083021445549 -148756.70047417815658 0.67015580417322972995 53330.26739877746877 -623.53764287319825144
1450 0.7249999999999999778 296.93154122352206059 -148269.29317251723842 1713.5468670586994904 -149982.84003957593814 -148058.62679039681097 0.67011331299433163355 53333.649014824761252 270.84327029202904669
1455 0.72750000000000003553 301.82617541002679218 -148269.53530870616669 1741.7930582215640243 -150011.32836692774436 -147998.98143657299806 0.67006513218133567644 53337.483953319780994 347.81262274240219767
1460 0.72999999999999998224 300.21277021748875313 -148268.45828176022042 1732.4823416786939561 -150000.9406234389171 -148553.44108998763841 0.6700074062884954218 53342.079356078262208 -366.33029117521380158
1465 0.73250000000000003997 299.63060013953071348 -148267.37159881176194 1729.1227264991487118 -149996.49432531092316 -148550.66619175043888 0.669959974820114601 53345.85584011526953 -364.13440013212317581
1470 0.73499999999999998668 308.71106769499488109 -148267.69540436286479 1781.5247268625280412 -150049.2201312253892 -148117.92135498832795 0.66992344486844224161 53348.764712092641275 192.5024736592470731
1475 0.73750000000000004441 298.60549667443734734 -148265.52976522385143 1723.2070099545749144 -149988.73677517843316 -147993.03344965272117 0.66988116621543447593 53352.131747957224434 350.21356860340807771
1480 0.73999999999999999112 306.56262824564055336 -148266.9841502107156 1769.126408811381225 -150036.11055902208318 -148456.14473098365124 0.66983025501321802331 53356.186836761844461 -243.09160704758053839
1485 0.74250000000000004885 292.23422366921914772 -148264.56896074325778 1686.4393602388145155 -149951.0083209820732 -148131.30081699087168 0.66978359442397472634 53359.903904689905175 171.25190861316306723
1490 0.74499999999999999556 306.63270095731400033 -148266.92141498997808 1769.5307877973912127 -150036.45220278736087 -147982.03333237572224 0.6697331003744736444 53363.926936592659331 366.05859798246683567
1495 0.74750000000000005329 293.917370320495138 -148264.77458846199443 1696.1525441572694035 -149960.92713261925383 -147928.88926994139911 0.66966968452519859412 53368.980351470971073 431.54513653910379389
1500 0.75 306.96473476234046984 -148266.49205031315796 1771.4469045023267881 -150037.93895481547224 -148166.46820059468155 0.66959360144406177007 53375.044442366575822 128.49594616824907689
1505 0.75250000000000005773 300.60800776556061464 -148265.14635697173071 1734.7631975940062148 -149999.90955456573283 -148008.07467412753613 0.66951079685634795613 53381.645827392792853 330.20708823788078234
1510 0.75500000000000000444 306.73817347549908163 -148266.01923655541032 1770.1394536950997463 -150036.15869025050779 -148237.70247848122381 0.66941902107130968336 53388.964326416920812 36.367725869595723509
1515 0.75750000000000006217 301.61109988057705777 -148265.92818101492594 1740.5518899773587691 -150006.48007099228562 -148275.81943385457271 0.66932525198410397493 53396.443850664523779 -12.701735933498005338
1520 0.76000000000000000888 301.9298126018450148 -148267.18082286129356 1742.3911327293078557 -150009.57195559059619 -148039.31307120074052 0.66923106487451899937 53403.958828633083613 292.5725152907592701
1525 0.76250000000000006661 298.44605802773475034 -148267.84132626003702 1722.2869137181846781 -149990.12823997822125 -148105.02407655070419 0.66912818728586698214 53412.169617855768593 209.01829727389772984
1530 0.76500000000000001332 294.56464467233411142 -148267.7047884883068 1699.8878662222507501 -149967.59265471054823 -148459.61673961876659 0.66901936132461559126 53420.857902585943521 -246.3288465447320732
1535 0.76750000000000007105 295.62863777038313629 -148268.63179134242819 1706.0280089373741248 -149974.65980027979822 -148239.38451091994648 0.66891708887096901215 53429.025554907137121 37.534647895991739119
1540 0.77000000000000001776 296.32473399639377476 -148269.17932228485006 1710.0450746298126887 -149979.22439691465115 -147815.63469641710981 0.66881262550705666836 53437.370755830626877 581.96793157392460216
1545 0.77249999999999996447 302.54923619071439589 -148270.49053035865654 1745.9657322673556337 -150016.45626262601581 -148316.00741895177634 0.66869251409162289157 53446.969245574844535 -58.394721919979801328
1550 0.7750000000000000222 297.5210489294773879 -148269.64196436485508 1716.9488265759821388 -149986.59079094082699 -148718.68896193793626 0.66857373924164742451 53456.464317518570169 -575.99097278876297423
1555 0.77749999999999996891 302.7196566212031712 -148270.90658923285082 1746.9492027115647943 -150017.85579194442835 -148205.23317800727091 0.66847134590083112649 53464.652530825333088 84.226147598827196816
1560 0.78000000000000002665 300.33559987444812123 -148271.32382020083605 1733.1911729904411459 -150004.51499319128925 -147807.79809332627337 0.66836666950936951537 53473.025909021744155 594.37863975731318078
1565 0.78249999999999997335 301.28924889780466856 -148272.8231927799352 1738.6945367944774716 -150011.51772957440699 -148362.2785478446458 0.66824603824811135144 53482.678818563275854 -114.68782128245315732
1570 0.78500000000000003109 299.93246126537235341 -148273.64288529215264 1730.8647212510074951 -150004.507606543164 -148573.28570041881176 0.66812807356326142649 53492.121719709633908 -384.09455895264602532
1575 0.7874999999999999778 298.89335250470031724 -148274.67805334174773 1724.8681822708576874 -149999.54623561259359 -147906.20272117262357 0.66801955218417552462 53500.81164323099074 472.25020924766289454
1580 0.79000000000000003553 301.24990124340297371 -148276.11391393918893 1738.4674674516641062 -150014.58138139086077 -147815.10085504077142 0.66789752851901973418 53510.586144328473893 590.74170216907225495
1585 0.79249999999999998224 295.97075803282888273 -148276.22220527855097 1708.0023330575252203 -149984.22453833607142 -148370.44087280714302 0.66775798501238625704 53521.768421441120154 -120.70648796537599878
1590 0.79500000000000003997 303.41726937609161041 -148278.32535498679499 1750.9750200620342184 -150029.30037504882785 -148436.10089542160858 0.66762118411822268804 53532.735457765680621 -202.08978003596030248
1595 0.79749999999999998668 297.33425805169463274 -148278.76746669600834 1715.8708847645432343 -149994.63835146054043 -147731.94453450717265 0.66748796001794996613 53543.420070738036884 700.26871082019761161
1600 0.80000000000000004441 303.91905104161241979 -148281.87691598053789 1753.8707259117991271 -150035.74764189234702 -147967.47761214108323 0.66733551634375376516 53555.651332951281802 402.53197197343257585
1605 0.80249999999999999112 290.9702212829211021 -148281.64871000734274 1679.1449942712554275 -149960.79370427859249 -148374.29092573578237 0.66716972299922916445 53568.960046231572051 -118.58228886848533534
1610 0.80500000000000004885 298.56135650809324034 -148284.46219224476954 1722.9522837525732939 -150007.41447599735693 -148106.43861284607556 0.66700579915949076426 53582.125193570071133 227.81467938974279264
1615 0.80749999999999999556 292.6314261340320968 -148285.03105971624609 1688.7315553904770695 -149973.76261510670884 -147657.16962596870144 0.66683310246298344026 53596.001913214902743 803.25885914789103026
1620 0.81000000000000005329 295.96649165138603621 -148286.56043308263179 1707.9777124176127927 -149994.53814550023526 -148262.6733978986158 0.66663784241377199713 53611.700328914223064 30.551094846237692337
1625 0.8125 294.30804982980032491 -148286.70296401236556 1698.4070963225108244 -149985.11006033487502 -148685.65395116677973 0.66644087136002383431 53627.545625265076524 -510.1004816259155632
1630 0.81500000000000005773 302.91115223713677551 -148288.66858354728902 1748.0542948529600835 -150036.72287840023637 -148292.98908455984201 0.66625866038920067425 53642.211891885213845 -5.5227011711284701434
1635 0.81750000000000000444 302.94921606624956212 -148290.10956874044496 1748.2739554348427191 -150038.38352417529677 -148101.63566149966209 0.66607757102382947334 53656.795830049770302 240.85219567137815488
1640 0.82000000000000006217 298.86621877146433235 -148291.08402919681976 1724.7115976137124562 -150015.79562681051902 -148876.06686744024046 0.66589249103738890057 53671.70934713898896 -747.34616259600568355
1645 0.82250000000000000888 297.20196422272823611 -148291.83012143609812 1715.1074371522672664 -150006.93755858836812 -149049.07514580633142 0.66573045949964737567 53684.772456201579189 -967.18471015341015118
1650 0.82500000000000006661 299.22489234262923219 -148293.11847883160226 1726.7814483666295473 -150019.89992719821748 -148275.83177648735 0.66559788019812937687 53695.465834059505141 22.074895187349408587
1655 0.82750000000000001332 298.80990286330916206 -148294.90324753752793 1724.3866070533049424 -150019.28985459083924 -148273.94924668493331 0.66546811092804791787 53705.936691030030488 26.752771013697842051
1660 0.83000000000000007105 293.6414327510370299 -148296.24261812117766 1694.5601503155764931 -149990.80276843675529 -149055.39351405401248 0.66534091386917615374 53716.203964616630401 -969.0516052518031529
1665 0.83250000000000001776 294.8830919912127797 -148297.97597394470358 1701.7255773772842531 -149999.70155132198124 -148801.7043613193382 0.6652426658040084817 53724.137179635683424 -642.91134164322022571
1670 0.83499999999999996447 297.92140402586272785 -148299.4645401937305 1719.2592150860584752 -150018.72375527978875 -147945.99001549382228 0.66516371696944920355 53730.51374214176758 451.08796126291997552
1675 0.8375000000000000222 292.93629879571733454 -148300.00866140334983 1690.4909292587092295 -149990.4995906620461 -148367.43568782421062 0.66507479749800002544 53737.697428699459124 -86.035772857138923086
1680 0.83999999999999996891 292.68312749475796863 -148301.44281460312777 1689.0299160978961481 -149990.47273070103256 -148981.31133928074269 0.66498981320345251778 53744.564993007828889 -867.39016590044070654
1685 0.84250000000000002665 295.46506220962817224 -148302.64622569872881 1705.0840391977362742 -150007.73026489646873 -148222.58964322300744 0.66492881605086429087 53749.495243212862988 102.12845619922053686
1690 0.84499999999999997335 297.39226779827816927 -148303.43720123203821 1716.2056502094924326 -150019.64285144151654 -147785.38276410641265 0.66486553326076092141 53754.611192010743252 660.82092028414933793
1695 0.84750000000000003109 295.90064837143540899 -148304.12240462878253 1707.59774084028777 -150011.72014546906576 -148703.66581647738349 0.66478557170527574627 53761.076889384989045 -509.58909417902589212
1700 0.8499999999999999778 291.73640689004668047 -148304.68004915604251 1683.5665351465213462 -149988.24658430257114 -148732.38381455617491 0.66471935956289907033 53766.43198552611284 -545.45128251980804635
1705 0.85250000000000003553 298.10469543077874732 -148306.63629333625431 1720.316961970604325 -150026.95325530687114 -147876.46957395822392 0.66466838677481643316 53770.555282192675804 548.55022379264437404
1710 0.85499999999999998224 292.83588203117534476 -148306.4230762598454 1689.9114393480986109 -149996.33451560794492 -148206.89763054440846 0.66460339456652350876 53775.813556762892404 126.90281398854736494
1715 0.85750000000000003997 294.53572664891652266 -148307.69701734237606 1699.7209846972211835 -150007.41800203960156 -149089.74760350171709 0.66453666340179295968 53781.213593917505932 -997.07621973098275703
1720 0.85999999999999998668 289.34369412369113661 -148307.61647559041739 1669.7585528497754694 -149977.37502844020491 -148439.95672839650069 0.6644974507837900779 53784.387273789267056 -168.71738873622587107
1725 0.86250000000000004441 294.36979502404051345 -148308.7174123635632 1698.7634184690575694 -150007.48083083261736 -147960.37650557089364 0.66446484738637068279 53787.026320474949898 444.06961106423699448
1730 0.86499999999999999112 291.28879230089791008 -148308.20223886237363 1680.98341927501383 -149989.18565813740133 -148922.98140905686887 0.66442300788075092655 53790.413353379153705 -783.67929612875968814
1735 0.86750000000000004885 291.64385561722860984 -148308.08727545064176 1683.0324357951146794 -149991.11971124575939 -149178.56885510805296 0.66440496630462742012 53791.874004467645136 -1109.6014650623139914
1740 0.86999999999999999556 294.98582117712339823 -148308.65289902043878 1702.3184119207189724 -150010.97131094115321 -148164.15539999253815 0.66441976962667037565 53790.675517501149443 184.19483273793940725
1745 0.87250000000000005329 289.71352203284419602 -148307.7514828357962 1671.8927735946272151 -149979.64425643041614 -148186.02008399664192 0.66443238656249881124 53789.654083996552799 155.17722164747701186
1750 0.875 295.32986461404124157 -148307.98395049208193 1704.3038343889197677 -150012.2877848809876 -149259.87965208431706 0.66444413674719271512 53788.702855239833298 -1213.4514505611168715
1755 0.87750000000000005773 290.18143673141719319 -148306.46266077156179 1674.5930383172183156 -149981.05569908878533 -148804.1079137531633 0.6644906108397269362 53784.940904185881664 -634.42937103917142849
1760 0.88000000000000000444 298.56262577019282389 -148306.7266149641946 1722.959608471547881 -150029.68622343573952 -147930.4468231984647 0.664557233446260609 53779.548903655369941 479.75316721470335324
1765 0.88250000000000006217 290.11104567663852549 -148304.47282077194541 1674.1868222214545767 -149978.65964299341431 -148466.65002145356266 0.66461306182402235532 53775.03135029310215 -206.79176414493596781
1770 0.88500000000000000888 300.95656404981099286 -148304.89950019179378 1736.7746630193691999 -150041.67416321116616 -149169.69538382222527 0.66467691752714008757 53769.865167525953439 -1102.805128008302745
1775 0.88750000000000006661 295.35659435204894407 -148303.08667351526674 1704.4580876509062364 -150007.54476116618025 -148197.88996052744915 0.66477108674644147523 53762.248310647373728 134.16797287020884255
1780 0.89000000000000001332 298.31059874718977198 -148302.6260300524591 1721.5051987651843319 -150024.13122881765594 -147819.40740708523663 0.66486337020419472577 53754.786076460557524 616.38297710302811083
1785 0.89250000000000007105 288.45430135157931772 -148300.20209396188147 1664.6260021212233369 -149964.82809608310345 -148639.62561930413358 0.66493915142154802478 53748.659796907413693 -433.01048313337338413
1790 0.89500000000000001776 294.14317909058365785 -148299.84995133357006 1697.455652304504838 -149997.30560363808763 -148712.1045821517182 0.66502704276577251363 53741.556263282422151 -525.99233399802562872
1795 0.89749999999999996447 294.53139457741201568 -148298.12664674120606 1699.6959849699310325 -149997.82263171114028 -147635.63028755638516 0.66512774770414162528 53733.41942020222632 845.40172173548467072
1800 0.9000000000000000222 294.89422637961217788 -148296.25488120975206 1701.7898322431694851 -149998.04471345292404 -147947.53112726719701 0.66520549905012205105 53727.138886307038774 445.05319986031514645
1805 0.90249999999999996891 292.94820708734334858 -148293.88215848850086 1690.5596502026808139 -149984.44180869119009 -148849.04789573414018 0.66527014245308613294 53721.918292645146721 -708.59038312584732466
1810 0.90500000000000002665 295.58391054647472629 -148291.81997395082726 1705.7698949152506884 -149997.58986886608182 -148383.27812149759848 0.66535358305359471043 53715.18113929242827 -116.74800462567013426
1815 0.90749999999999997335 301.73790253661593397 -148290.451103277941 1741.2836488639184154 -150031.73475214187056 -147733.69787388396799 0.6654403840258374947 53708.174456110864412 710.79843752411181868
1820 0.91000000000000003109 297.16426085056014017 -148287.61586709192488 1714.8898567127155275 -150002.50572380464291 -148508.77410055330256 0.66550869858270211843 53702.661304824054241 -282.37836196926735965
1825 0.9124999999999999778 297.08537163994952834 -148285.97849342128029 1714.434599049182907 -150000.41309247046593 -149006.36913135254872 0.6655855604103881884 53696.45972091807198 -919.9124947997926256
1830 0.91500000000000003553 293.64508177918719412 -148283.43305415267241 1694.5812083033158615 -149978.01426245598122 -148054.04515781026566 0.6656875508097308547 53688.232853277899267 292.96483859632223812
1835 0.91749999999999998224 297.54795235864230563 -148281.47893059632042 1717.1040821832802976 -149998.58301277959254 -147904.93930370305316 0.6657831153737647778 53680.526601124751323 480.97004697086265423
1840 0.92000000000000003997 294.94281606412431529 -148278.0598683549033 1702.070235939334907 -149980.13010429425049 -148837.50318711885484 0.66586636551543776363 53673.815177217395103 -714.69004994945794351
1845 0.92249999999999998668 300.18706503495138804 -148276.29651701575494 1732.3340009708574598 -150008.63051798660308 -148748.32632020383608 0.66597015532169356877 53665.450245495252602 -603.11308838942170496
1850 0.92500000000000004441 306.97106351880955799 -148274.37281513403286 1771.483426795564128 -150045.85624192960677 -147842.03155303688254 0.66609096708326243075 53655.716713740665 552.50319810768235129
1855 0.92749999999999999112 302.31358949974350026 -148270.99381264476688 1744.6058509715455784 -150015.59966361630359 -148191.28627474361565 0.66619789314665156521 53647.104866381887405 101.87725043218591736
1860 0.93000000000000004885 304.69783839423763538 -148269.08014513205853 1758.3649895481144085 -150027.44513468016521 -148984.58002783349366 0.66630308109630453917 53638.635704035485105 -914.65213918244921842
1865 0.93249999999999999556 293.95772744636269636 -148265.61493820586475 1696.3854390067317581 -149962.00037721259287 -148260.20128639016184 0.66643283930810182092 53628.191960807838768 6.9218355270394811285
1870 0.93500000000000005329 302.20450436977813524 -148264.97987755166832 1743.9763372394420458 -150008.95621479110559 -147762.14364575364743 0.66656403768923822017 53617.636437901266618 643.04743195635819575
1875 0.9375 289.99825003050847272 -148260.93640442052856 1673.5358956636102903 -149934.47230008413317 -148290.44882738497108 0.6666769351190100501 53608.556637738089194 -37.74807964251361625
1880 0.94000000000000005773 303.40604065203950768 -148260.98124719143379 1750.9102207994121727 -150011.89146799084847 -148787.52230331368628 0.66679178021499596607 53599.323350802929781 -673.59219097655159203
1885 0.94250000000000000444 297.21748298734109994 -148257.2395132536476 1715.1969935879810691 -149972.43650684162276 -148012.53925045131473 0.66692335447650119562 53588.748985188467486 313.10134101238531912
1890 0.94500000000000006217 305.71723862198336974 -148255.6191888389003 1764.2477935753822749 -150019.86698241427075 -148053.18802165577654 0.66704821469153885438 53578.718072018287785 259.0652553816050272
1895 0.94750000000000000888 301.05500871674234986 -148252.36053560386063 1737.3427722539213391 -149989.70330785779515 -148578.42545136736589 0.66716572408962959706 53569.281132014053583 -417.36148009743624243
1900 0.95000000000000006661 306.88393333795210083 -148250.95909348074929 1770.9806117432483461 -150021.93970522400923 -148537.31308436833206 0.66729556211810281408 53558.857969859600416 -366.60302381979818165
1905 0.95250000000000001332 307.35830563083203515 -148249.45151750184596 1773.718142262688616 -150023.16965976453503 -148023.34131855587475 0.66743592247276728457 53547.594655963897821 289.53715020574475147
1910 0.95500000000000007105 301.66824630270764374 -148247.36984795058379 1740.8816733078933794 -149988.25152125846944 -148178.6359856822819 0.66756912497497444825 53536.910109107993776 88.03220027005922077
1915 0.95750000000000001776 302.05646679329453264 -148246.70388155666296 1743.1220348492508947 -149989.82591640591272 -148469.81190161770792 0.66769998218824988534 53526.417835555294005 -285.80584929806394712
1920 0.95999999999999996447 297.72407444098723772 -148244.36678635212593 1718.1204559951645479 -149962.48724234729889 -148102.51798464515014 0.66783732771989645638 53515.409744198885164 181.74853839648957887
1925 0.9625000000000000222 300.03675502502164818 -148243.32943973541842 1731.4665847120747912 -149974.79602444748161 -147907.31982587996754 0.66796957065023754296 53504.814898394623015 430.60884689690215055
1930 0.96499999999999996891 298.78294153866255556 -148241.78218518200447 1724.2310173399671385 -149966.01320252197911 -148127.38402881371439 0.66808871047706885893 53495.273419423836458 146.63165097961487504
1935 0.96750000000000002665 296.71298698114929948 -148240.17592006313498 1712.2856236900865952 -149952.4615437532193 -148237.23155386338476 0.66820236970143187527 53486.174033429961128 3.774630119749288415
1940 0.96999999999999997335 303.74523586578209233 -148239.46006089579896 1752.8676649073534008 -149992.32772580315941 -148162.57005467236741 0.6683152795919193867 53477.137702468920907 98.588407730664783912
1945 0.97250000000000003109 301.93586418635783275 -148237.16158469120273 1742.4260555052446762 -149979.58764019643422 -148056.93461176691926 0.66842445338522338272 53468.403279381236644 231.12487218095569119
1950 0.9749999999999999778 308.90865668959474988 -148237.0422592026589 1782.6649829675775436 -150019.70724217023235 -148167.69115497046732 0.66852698601508697696 53460.202778702092473 88.950191891063752792
1955 0.97750000000000003553 303.61289939282005435 -148234.91174113473971 1752.1039712030494684 -149987.01571233780123 -148207.50294607784599 0.66862571444206475579 53452.308912803360727 35.159896220345288498
1960 0.97999999999999998224 310.86322821152356255 -148235.0204177829728 1793.9445186276911954 -150028.96493641065899 -148312.80288323960849 0.66872393117715156485 53444.458272173484147 -99.793702538678829228
1965 0.98250000000000003997 306.22674169560974633 -148233.80382252630079 1767.1880584996533798 -150000.99188102595508 -148038.60869559133425 0.66882378777124618097 53436.478918457498366 250.46973042662321518
1970 0.98499999999999998668 303.78896797576948074 -148233.95157659635879 1753.1200362780402884 -149987.07161287439521 -147763.92340332613094 0.66891537813676704705 53429.16219829190959 603.21153318618678441
1975 0.98750000000000004441 300.87827552258715968 -148234.36105157382553 1736.3228718085122182 -149970.68392338234116 -147945.8552473448508 0.66898830059214919874 53423.338201529841172 370.29482582418381753
1980 0.98999999999999999112 295.59731753032423285 -148233.58284981606994 1705.8472645846277373 -149939.43011440068949 -148118.06412986601936 0.66904833054629753164 53418.544825033299276 148.28063092598952721
1985 0.99250000000000004885 301.30115105389967312 -148234.3345395133947 1738.7632223312302813 -149973.09776184463408 -147707.780392499757 0.66910115580740137098 53414.327452886085666 675.94192408860590149
1990 0.99499999999999999556 297.76364572500847316 -148233.40859526005806 1718.3488158705779369 -149951.75741113064578 -147355.96013938004035 0.66913098059531062045 53411.946646984411927 1126.4380656548626121
1995 0.99750000000000005329 305.66043583899113401 -148234.68246158014517 1763.9199933341701581 -149998.60245491430396 -147812.86415542749455 0.66912612641877056152 53412.3341240356458 541.51186510040281519
2000 1 306.82399788850051436 -148234.66547771746991 1770.6347333592600535 -150005.30021107674111 -148059.66148087527836 0.66910155908118029711 53414.295259570477356 224.65421707468294699
