# column   1     --> step : The current simulation time step.
# column   2     --> time{picosecond} : The elapsed simulation time.
# column   3     --> conserved : The value of the conserved energy quantity per bead.
# column   4     --> temperature{kelvin} : The current temperature, as obtained from the MD kinetic energy.
# column   5     --> kinetic_md{electronvolt} : The kinetic energy of the (extended) classical system.
# column   6     --> kinetic_cv{electronvolt} : The centroid-virial quantum kinetic energy of the physical system.
# column   7     --> potential{electronvolt} : The physical system potential energy.
    0.00000000e+00     0.00000000e+00    -1.19364441e-01     1.18001225e+02     9.76182664e-01     1.10348197e-01    -5.01877229e+00   
    2.00000000e+02     5.00000000e-02    -1.19368228e-01     1.03576173e+02     8.56849276e-01     6.50613264e-02    -5.03507220e+00   
    4.00000000e+02     1.00000000e-01    -1.19357150e-01     1.08130417e+02     8.94524940e-01     1.19281668e-01    -5.01832285e+00   
    6.00000000e+02     1.50000000e-01    -1.19363894e-01     1.08065166e+02     8.93985142e-01     9.21196658e-02    -5.03305495e+00   
    8.00000000e+02     2.00000000e-01    -1.19363057e-01     1.03696719e+02     8.57846517e-01     4.61797162e-02    -5.01117598e+00   
    1.00000000e+03     2.50000000e-01    -1.19362278e-01     1.03919829e+02     8.59692222e-01     1.05447950e-01    -5.02044102e+00   
    1.20000000e+03     3.00000000e-01    -1.19357432e-01     1.06168309e+02     8.78293112e-01     1.54339365e-01    -5.02243927e+00   
    1.40000000e+03     3.50000000e-01    -1.19370233e-01     1.25038880e+02     1.03440271e+00     1.64314679e-02    -5.01886649e+00   
    1.60000000e+03     4.00000000e-01    -1.19361087e-01     1.12420741e+02     9.30017280e-01     1.20732012e-01    -5.00988541e+00   
    1.80000000e+03     4.50000000e-01    -1.19352773e-01     1.06778172e+02     8.83338294e-01     2.55825920e-02    -5.01241872e+00   
    2.00000000e+03     5.00000000e-01    -1.19380084e-01     1.28476816e+02     1.06284355e+00     8.83223308e-02    -5.03406547e+00   
    2.20000000e+03     5.50000000e-01    -1.19365308e-01     1.28763210e+02     1.06521279e+00     1.33848739e-01    -5.00902515e+00   
    2.40000000e+03     6.00000000e-01    -1.19362897e-01     1.09307828e+02     9.04265251e-01     3.02911470e-02    -5.01209705e+00   
    2.60000000e+03     6.50000000e-01    -1.19358262e-01     9.94166030e+01     8.22438619e-01     1.23402315e-01    -5.01860132e+00   
    2.80000000e+03     7.00000000e-01    -1.19358450e-01     9.86740860e+01     8.16296037e-01     1.37477819e-01    -5.01666281e+00   
    3.00000000e+03     7.50000000e-01    -1.19376462e-01     1.10084607e+02     9.10691270e-01     7.55017655e-02    -5.02253852e+00   
    3.20000000e+03     8.00000000e-01    -1.19369357e-01     1.16104283e+02     9.60489929e-01     1.11969100e-01    -5.00718040e+00   
    3.40000000e+03     8.50000000e-01    -1.19368342e-01     1.20677849e+02     9.98325431e-01     5.31006270e-02    -5.01097307e+00   
    3.60000000e+03     9.00000000e-01    -1.19360421e-01     1.14025990e+02     9.43296947e-01     1.40854083e-01    -5.01365531e+00   
    3.80000000e+03     9.50000000e-01    -1.19358268e-01     1.13155353e+02     9.36094465e-01     1.33267741e-01    -4.99858950e+00   
    4.00000000e+03     1.00000000e+00    -1.19366424e-01     1.00601357e+02     8.32239672e-01     3.99199756e-02    -5.02807854e+00   
    4.20000000e+03     1.05000000e+00    -1.19360989e-01     1.11426858e+02     9.21795241e-01     1.08485559e-01    -5.02368633e+00   
    4.40000000e+03     1.10000000e+00    -1.19371693e-01     1.17267822e+02     9.70115476e-01     1.21838209e-01    -5.02349862e+00   
    4.60000000e+03     1.15000000e+00    -1.19354685e-01     1.12108630e+02     9.27435294e-01     1.18562587e-01    -4.99815018e+00   
    4.80000000e+03     1.20000000e+00    -1.19363101e-01     1.13113729e+02     9.35750130e-01     1.35581784e-01    -4.99400423e+00   
    5.00000000e+03     1.25000000e+00    -1.19369413e-01     1.07109477e+02     8.86079060e-01     7.40098742e-02    -5.03860694e+00   
    5.20000000e+03     1.30000000e+00    -1.19382092e-01     1.16349046e+02     9.62514765e-01     8.18528798e-02    -5.03884369e+00   
    5.40000000e+03     1.35000000e+00    -1.19368242e-01     1.06502002e+02     8.81053637e-01     1.28960604e-01    -5.00063880e+00   
    5.60000000e+03     1.40000000e+00    -1.19353213e-01     1.18900961e+02     9.83625862e-01     3.76091681e-02    -4.98628468e+00   
    5.80000000e+03     1.45000000e+00    -1.19361544e-01     1.15198265e+02     9.52994765e-01     1.23809477e-01    -5.01685611e+00   
    6.00000000e+03     1.50000000e+00    -1.19362514e-01     1.19005462e+02     9.84490362e-01     1.00053317e-01    -5.02317804e+00   
    6.20000000e+03     1.55000000e+00    -1.19374753e-01     1.04210626e+02     8.62097884e-01     1.05761300e-01    -5.01038004e+00   
    6.40000000e+03     1.60000000e+00    -1.19362550e-01     1.07642604e+02     8.90489433e-01     1.20521634e-01    -5.00216514e+00   
    6.60000000e+03     1.65000000e+00    -1.19370193e-01     1.16438792e+02     9.63257203e-01     1.34146632e-01    -5.01987117e+00   
    6.80000000e+03     1.70000000e+00    -1.19355406e-01     1.07206656e+02     8.86882991e-01     1.33797775e-01    -4.99552653e+00   
    7.00000000e+03     1.75000000e+00    -1.19369647e-01     1.16028261e+02     9.59861027e-01     1.03664785e-01    -5.01045029e+00   
    7.20000000e+03     1.80000000e+00    -1.19370854e-01     1.03137800e+02     8.53222777e-01     1.22390981e-01    -5.03615948e+00   
    7.40000000e+03     1.85000000e+00    -1.19373412e-01     1.08300394e+02     8.95931102e-01     1.10253056e-01    -5.02640136e+00   
    7.60000000e+03     1.90000000e+00    -1.19368896e-01     1.09615205e+02     9.06808068e-01     9.33640755e-02    -5.01396178e+00   
    7.80000000e+03     1.95000000e+00    -1.19368495e-01     1.06069539e+02     8.77476024e-01     1.60561626e-01    -5.01322042e+00   
    8.00000000e+03     2.00000000e+00    -1.19368291e-01     1.17265732e+02     9.70098193e-01     1.01465748e-01    -5.02819226e+00   
    8.20000000e+03     2.05000000e+00    -1.19371397e-01     1.19751753e+02     9.90664170e-01     4.82535312e-02    -5.02981485e+00   
    8.40000000e+03     2.10000000e+00    -1.19368002e-01     1.29987393e+02     1.07534002e+00     1.32283988e-01    -5.04568447e+00   
    8.60000000e+03     2.15000000e+00    -1.19373751e-01     1.18939656e+02     9.83945977e-01     8.24448154e-02    -5.04643455e+00   
    8.80000000e+03     2.20000000e+00    -1.19368514e-01     1.02826624e+02     8.50648528e-01     1.01487327e-01    -5.01147473e+00   
    9.00000000e+03     2.25000000e+00    -1.19356435e-01     1.10279411e+02     9.12302809e-01     1.17550490e-01    -4.99985293e+00   
    9.20000000e+03     2.30000000e+00    -1.19378692e-01     1.20396235e+02     9.95995743e-01     7.72427525e-02    -5.05198859e+00   
    9.40000000e+03     2.35000000e+00    -1.19354973e-01     1.16756917e+02     9.65888941e-01     9.72534564e-02    -4.98539289e+00   
    9.60000000e+03     2.40000000e+00    -1.19366243e-01     9.22498590e+01     7.63150664e-01     1.27604143e-01    -5.01656502e+00   
    9.80000000e+03     2.45000000e+00    -1.19361490e-01     1.07425893e+02     8.88696662e-01     1.08427536e-01    -5.02482487e+00   
    1.00000000e+04     2.50000000e+00    -1.19360434e-01     9.95291183e+01     8.23369418e-01     8.35361580e-02    -5.01977298e+00   
    1.02000000e+04     2.55000000e+00    -1.19368430e-01     1.20448561e+02     9.96428619e-01     1.22001831e-01    -5.00830160e+00   
    1.04000000e+04     2.60000000e+00    -1.19371186e-01     1.16774174e+02     9.66031707e-01     5.04257501e-02    -5.02259587e+00   
    1.06000000e+04     2.65000000e+00    -1.19366180e-01     1.20610860e+02     9.97771261e-01     1.56139386e-01    -5.01163504e+00   
    1.08000000e+04     2.70000000e+00    -1.19343673e-01     1.23343154e+02     1.02037457e+00     1.44403235e-01    -4.97562316e+00   
    1.10000000e+04     2.75000000e+00    -1.19359178e-01     1.06024727e+02     8.77105304e-01     8.55179077e-02    -5.02451407e+00   
    1.12000000e+04     2.80000000e+00    -1.19360194e-01     1.21214236e+02     1.00276278e+00     1.30036313e-01    -5.00099093e+00   
    1.14000000e+04     2.85000000e+00    -1.19354761e-01     9.93350336e+01     8.21763824e-01     1.08657292e-01    -4.99735992e+00   
    1.16000000e+04     2.90000000e+00    -1.19369061e-01     1.09482956e+02     9.05714022e-01     1.11328509e-01    -5.01395373e+00   
    1.18000000e+04     2.95000000e+00    -1.19382815e-01     1.11805095e+02     9.24924260e-01     8.71400496e-02    -5.03710437e+00   
    1.20000000e+04     3.00000000e+00    -1.19367519e-01     1.09372074e+02     9.04796729e-01     8.56912363e-02    -5.03283490e+00   
    1.22000000e+04     3.05000000e+00    -1.19356321e-01     1.10911892e+02     9.17535108e-01     1.38546226e-01    -4.99843073e+00   
    1.24000000e+04     3.10000000e+00    -1.19369441e-01     1.07666012e+02     8.90683079e-01     1.04650810e-01    -5.02733868e+00   
    1.26000000e+04     3.15000000e+00    -1.19363911e-01     1.02946832e+02     8.51642962e-01     1.36049424e-01    -5.00935424e+00   
    1.28000000e+04     3.20000000e+00    -1.19368876e-01     1.15704643e+02     9.57183850e-01     1.06752247e-01    -5.01527510e+00   
    1.30000000e+04     3.25000000e+00    -1.19371149e-01     1.16376057e+02     9.62738219e-01     1.12963190e-01    -5.01042838e+00   
    1.32000000e+04     3.30000000e+00    -1.19360741e-01     1.04642602e+02     8.65671473e-01     1.17047242e-01    -4.97839271e+00   
    1.34000000e+04     3.35000000e+00    -1.19361825e-01     1.10146437e+02     9.11202763e-01     1.38144272e-01    -4.98494927e+00   
    1.36000000e+04     3.40000000e+00    -1.19369152e-01     1.18081528e+02     9.76846983e-01     1.38882241e-01    -5.01877602e+00   
    1.38000000e+04     3.45000000e+00    -1.19370741e-01     1.07013733e+02     8.85287005e-01     1.27854503e-01    -5.00079186e+00   
    1.40000000e+04     3.50000000e+00    -1.19365086e-01     1.10636279e+02     9.15255053e-01     1.28772599e-01    -5.00079187e+00   
    1.42000000e+04     3.55000000e+00    -1.19351749e-01     1.00388259e+02     8.30476785e-01     1.09640598e-01    -5.00468330e+00   
    1.44000000e+04     3.60000000e+00    -1.19355321e-01     1.07318411e+02     8.87807501e-01     1.11449281e-01    -5.01759305e+00   
    1.46000000e+04     3.65000000e+00    -1.19367077e-01     1.07928237e+02     8.92852372e-01     1.23824477e-01    -5.01238688e+00   
    1.48000000e+04     3.70000000e+00    -1.19369666e-01     1.08829483e+02     9.00308071e-01     9.04959037e-02    -5.02400904e+00   
    1.50000000e+04     3.75000000e+00    -1.19362963e-01     1.13697293e+02     9.40577746e-01     1.24971120e-01    -5.01257871e+00   
    1.52000000e+04     3.80000000e+00    -1.19373688e-01     1.19414998e+02     9.87878312e-01     1.09886878e-01    -5.01645539e+00   
    1.54000000e+04     3.85000000e+00    -1.19374894e-01     1.30524838e+02     1.07978612e+00     1.15034045e-01    -4.99726452e+00   
    1.56000000e+04     3.90000000e+00    -1.19380500e-01     1.13860875e+02     9.41931004e-01     1.24390023e-01    -5.00083060e+00   
    1.58000000e+04     3.95000000e+00    -1.19352360e-01     1.05420489e+02     8.72106659e-01     1.17099802e-01    -4.97208549e+00   
    1.60000000e+04     4.00000000e+00    -1.19368514e-01     1.18181008e+02     9.77669950e-01     9.81651863e-02    -5.02912267e+00   
    1.62000000e+04     4.05000000e+00    -1.19360644e-01     1.12724636e+02     9.32531302e-01     1.50118613e-01    -4.99731797e+00   
    1.64000000e+04     4.10000000e+00    -1.19375779e-01     1.07621807e+02     8.90317384e-01     7.81984133e-02    -5.02095542e+00   
    1.66000000e+04     4.15000000e+00    -1.19359299e-01     1.12055616e+02     9.26996732e-01     9.65104169e-02    -5.01807400e+00   
    1.68000000e+04     4.20000000e+00    -1.19354777e-01     1.19577412e+02     9.89221909e-01     1.61903111e-01    -4.97842579e+00   
    1.70000000e+04     4.25000000e+00    -1.19377626e-01     1.13721854e+02     9.40780930e-01     1.28647487e-01    -5.00263516e+00   
    1.72000000e+04     4.30000000e+00    -1.19367873e-01     1.17815941e+02     9.74649878e-01     1.30804676e-01    -4.99645645e+00   
    1.74000000e+04     4.35000000e+00    -1.19384232e-01     1.10456528e+02     9.13768037e-01     9.98122782e-02    -5.02950394e+00   
    1.76000000e+04     4.40000000e+00    -1.19372051e-01     1.19355481e+02     9.87385951e-01     1.16258605e-01    -5.00623487e+00   
    1.78000000e+04     4.45000000e+00    -1.19360507e-01     1.19390389e+02     9.87674733e-01     1.26044977e-01    -4.99026219e+00   
    1.80000000e+04     4.50000000e+00    -1.19357565e-01     1.13304364e+02     9.37327183e-01     1.13648178e-01    -5.01613279e+00   
    1.82000000e+04     4.55000000e+00    -1.19371170e-01     1.17687305e+02     9.73585714e-01     1.10219642e-01    -5.01876774e+00   
    1.84000000e+04     4.60000000e+00    -1.19362362e-01     1.14216527e+02     9.44873187e-01     1.14587343e-01    -5.00698381e+00   
    1.86000000e+04     4.65000000e+00    -1.19367448e-01     1.20552239e+02     9.97286308e-01     9.11237830e-02    -5.02578041e+00   
    1.88000000e+04     4.70000000e+00    -1.19370910e-01     1.11262104e+02     9.20432283e-01     1.06043538e-01    -5.01247277e+00   
    1.90000000e+04     4.75000000e+00    -1.19371988e-01     1.08786313e+02     8.99950940e-01     1.11497615e-01    -5.02882738e+00   
    1.92000000e+04     4.80000000e+00    -1.19362175e-01     1.21999779e+02     1.00926130e+00     9.37964487e-02    -5.00077272e+00   
    1.94000000e+04     4.85000000e+00    -1.19367694e-01     1.24092642e+02     1.02657482e+00     1.20994067e-01    -5.02635013e+00   
    1.96000000e+04     4.90000000e+00    -1.19368901e-01     1.03462380e+02     8.55907907e-01     1.20496283e-01    -5.02681194e+00   
    1.98000000e+04     4.95000000e+00    -1.19353408e-01     9.33630834e+01     7.72359979e-01     1.45999695e-01    -4.97699571e+00   
    2.00000000e+04     5.00000000e+00    -1.19353499e-01     1.09542434e+02     9.06206062e-01     1.04032675e-01    -5.00214492e+00   
    2.02000000e+04     5.05000000e+00    -1.19367624e-01     1.20188294e+02     9.94275523e-01     1.40617338e-01    -5.00548513e+00   
    2.04000000e+04     5.10000000e+00    -1.19373022e-01     1.14544731e+02     9.47588301e-01     6.76750543e-02    -5.02738181e+00   
    2.06000000e+04     5.15000000e+00    -1.19387567e-01     1.25422416e+02     1.03757557e+00     2.34181434e-02    -5.05416742e+00   
    2.08000000e+04     5.20000000e+00    -1.19356085e-01     1.09710152e+02     9.07593531e-01     1.25752507e-01    -5.00676988e+00   
    2.10000000e+04     5.25000000e+00    -1.19366163e-01     1.16671905e+02     9.65185667e-01     7.74708623e-02    -5.03649061e+00   
    2.12000000e+04     5.30000000e+00    -1.19365490e-01     1.11688319e+02     9.23958215e-01     9.48425620e-02    -5.01451553e+00   
    2.14000000e+04     5.35000000e+00    -1.19359914e-01     1.10889693e+02     9.17351458e-01     1.38508163e-01    -4.99688610e+00   
    2.16000000e+04     5.40000000e+00    -1.19355117e-01     1.04385244e+02     8.63542442e-01     7.05736716e-02    -5.00815579e+00   
    2.18000000e+04     5.45000000e+00    -1.19366415e-01     1.15665631e+02     9.56861120e-01     1.00957863e-01    -5.02374552e+00   
    2.20000000e+04     5.50000000e+00    -1.19362512e-01     1.23578763e+02     1.02232368e+00     1.10188277e-01    -5.02804870e+00   
    2.22000000e+04     5.55000000e+00    -1.19369961e-01     1.15614032e+02     9.56434258e-01     9.64495213e-02    -5.03168940e+00   
    2.24000000e+04     5.60000000e+00    -1.19378925e-01     1.14436526e+02     9.46693161e-01     9.07529378e-02    -5.04468907e+00   
    2.26000000e+04     5.65000000e+00    -1.19364247e-01     9.71290046e+01     8.03514121e-01     1.27280039e-01    -5.01003075e+00   
    2.28000000e+04     5.70000000e+00    -1.19365780e-01     1.13101475e+02     9.35648756e-01     8.44550982e-02    -5.04227084e+00   
    2.30000000e+04     5.75000000e+00    -1.19378886e-01     1.19515987e+02     9.88713759e-01     9.79558699e-02    -5.03372321e+00   
    2.32000000e+04     5.80000000e+00    -1.19380892e-01     1.18085367e+02     9.76878745e-01     1.56054612e-01    -5.03496481e+00   
    2.34000000e+04     5.85000000e+00    -1.19357666e-01     1.04813233e+02     8.67083039e-01     9.82101985e-02    -4.99813302e+00   
    2.36000000e+04     5.90000000e+00    -1.19362588e-01     1.24690722e+02     1.03152253e+00     1.20186696e-01    -5.03363676e+00   
    2.38000000e+04     5.95000000e+00    -1.19378499e-01     1.17843702e+02     9.74879529e-01     1.03700534e-01    -5.04666927e+00   
    2.40000000e+04     6.00000000e+00    -1.19382052e-01     1.15239902e+02     9.53339212e-01     7.57962989e-02    -5.03542338e+00   
    2.42000000e+04     6.05000000e+00    -1.19365331e-01     1.11425875e+02     9.21787107e-01     1.17530917e-01    -5.03203816e+00   
    2.44000000e+04     6.10000000e+00    -1.19385668e-01     1.36111258e+02     1.12600061e+00     7.26319116e-02    -5.05474130e+00   
    2.46000000e+04     6.15000000e+00    -1.19360780e-01     1.10143388e+02     9.11177544e-01     7.95870973e-02    -5.02117778e+00   
    2.48000000e+04     6.20000000e+00    -1.19363131e-01     1.07923184e+02     8.92810572e-01     1.50634063e-01    -5.01478283e+00   
    2.50000000e+04     6.25000000e+00    -1.19369055e-01     1.04366280e+02     8.63385555e-01     9.10291970e-02    -5.02828485e+00   
    2.52000000e+04     6.30000000e+00    -1.19363543e-01     1.02285656e+02     8.46173286e-01     1.00891057e-01    -5.02982316e+00   
    2.54000000e+04     6.35000000e+00    -1.19360230e-01     1.19571571e+02     9.89173583e-01     1.67539990e-01    -5.00427670e+00   
    2.56000000e+04     6.40000000e+00    -1.19382628e-01     1.18101013e+02     9.77008173e-01     2.19929547e-02    -5.04463038e+00   
    2.58000000e+04     6.45000000e+00    -1.19369019e-01     1.19978664e+02     9.92541326e-01     1.40451025e-01    -5.03485961e+00   
    2.60000000e+04     6.50000000e+00    -1.19360673e-01     1.08297248e+02     8.95905076e-01     1.21320400e-01    -5.01967402e+00   
    2.62000000e+04     6.55000000e+00    -1.19381509e-01     1.19184151e+02     9.85968595e-01     4.22226664e-03    -5.02440148e+00   
    2.64000000e+04     6.60000000e+00    -1.19371063e-01     1.13638613e+02     9.40092313e-01     1.87340489e-01    -5.00482806e+00   
    2.66000000e+04     6.65000000e+00    -1.19388793e-01     1.29354743e+02     1.07010633e+00     6.75877703e-02    -5.05026639e+00   
    2.68000000e+04     6.70000000e+00    -1.19369876e-01     1.04940633e+02     8.68136974e-01     5.16033849e-02    -5.01739346e+00   
    2.70000000e+04     6.75000000e+00    -1.19372083e-01     1.11504166e+02     9.22434782e-01     1.64116253e-01    -5.00414204e+00   
    2.72000000e+04     6.80000000e+00    -1.19371033e-01     1.17632847e+02     9.73135202e-01     1.05398945e-01    -5.03389638e+00   
    2.74000000e+04     6.85000000e+00    -1.19373460e-01     1.06203474e+02     8.78584018e-01     3.41116223e-02    -5.02551962e+00   
    2.76000000e+04     6.90000000e+00    -1.19365308e-01     1.12236551e+02     9.28493547e-01     1.50443754e-01    -4.99207572e+00   
    2.78000000e+04     6.95000000e+00    -1.19365248e-01     1.15740499e+02     9.57480477e-01     8.08529362e-02    -5.01110760e+00   
    2.80000000e+04     7.00000000e+00    -1.19364399e-01     1.15786844e+02     9.57863867e-01    -1.96291528e-02    -5.02217412e+00   
    2.82000000e+04     7.05000000e+00    -1.19364057e-01     1.07346764e+02     8.88042054e-01     1.16269240e-01    -4.97252361e+00   
    2.84000000e+04     7.10000000e+00    -1.19359534e-01     1.13142872e+02     9.35991220e-01     4.15508689e-02    -5.01207734e+00   
    2.86000000e+04     7.15000000e+00    -1.19377615e-01     1.30467697e+02     1.07931341e+00     9.86858401e-02    -5.00953596e+00   
    2.88000000e+04     7.20000000e+00    -1.19354025e-01     1.10641717e+02     9.15300045e-01     1.82195590e-01    -4.96517321e+00   
    2.90000000e+04     7.25000000e+00    -1.19362269e-01     9.98329363e+01     8.25882798e-01     3.11445765e-02    -5.02466272e+00   
    2.92000000e+04     7.30000000e+00    -1.19369478e-01     1.11844123e+02     9.25247127e-01     1.04095262e-01    -5.01842470e+00   
    2.94000000e+04     7.35000000e+00    -1.19372445e-01     1.16515616e+02     9.63892743e-01     1.79034999e-01    -5.01155580e+00   
    2.96000000e+04     7.40000000e+00    -1.19357364e-01     1.18745088e+02     9.82336383e-01     9.21791965e-02    -5.01257707e+00   
    2.98000000e+04     7.45000000e+00    -1.19341179e-01     1.09215908e+02     9.03504824e-01     1.10035798e-01    -4.96213866e+00   
    3.00000000e+04     7.50000000e+00    -1.19355493e-01     1.12889271e+02     9.33893263e-01     1.70835233e-01    -4.98749348e+00   
    3.02000000e+04     7.55000000e+00    -1.19372344e-01     1.15960895e+02     9.59303731e-01     6.65602032e-02    -5.02626740e+00   
    3.04000000e+04     7.60000000e+00    -1.19361028e-01     1.13374118e+02     9.37904231e-01     1.23308930e-01    -4.98557516e+00   
    3.06000000e+04     7.65000000e+00    -1.19363093e-01     9.72323791e+01     8.04369302e-01     1.58738739e-01    -4.99236656e+00   
    3.08000000e+04     7.70000000e+00    -1.19360481e-01     1.05614734e+02     8.73713577e-01     6.11339669e-02    -5.01017170e+00   
    3.10000000e+04     7.75000000e+00    -1.19374161e-01     1.09506531e+02     9.05909045e-01     8.86496959e-02    -5.03829121e+00   
    3.12000000e+04     7.80000000e+00    -1.19354798e-01     1.10106739e+02     9.10874355e-01     1.48052951e-01    -4.99376956e+00   
    3.14000000e+04     7.85000000e+00    -1.19356469e-01     1.13163975e+02     9.36165799e-01     1.12580367e-01    -5.01602782e+00   
    3.16000000e+04     7.90000000e+00    -1.19368516e-01     1.16977873e+02     9.67716833e-01     1.15612808e-01    -5.02280715e+00   
    3.18000000e+04     7.95000000e+00    -1.19354988e-01     1.12041063e+02     9.26876337e-01     1.13334390e-01    -5.01769528e+00   
    3.20000000e+04     8.00000000e+00    -1.19363884e-01     9.76113750e+01     8.07504602e-01     9.93668487e-02    -5.02696449e+00   
    3.22000000e+04     8.05000000e+00    -1.19357370e-01     1.14102209e+02     9.43927479e-01     1.12067498e-01    -4.99767158e+00   
    3.24000000e+04     8.10000000e+00    -1.19362310e-01     1.11035879e+02     9.18560808e-01     1.18010554e-01    -5.00464721e+00   
    3.26000000e+04     8.15000000e+00    -1.19351311e-01     1.09863942e+02     9.08865783e-01     1.15652899e-01    -5.00524488e+00   
    3.28000000e+04     8.20000000e+00    -1.19371180e-01     1.21233774e+02     1.00292441e+00     8.73289840e-02    -5.04039803e+00   
    3.30000000e+04     8.25000000e+00    -1.19363111e-01     1.16775998e+02     9.66046796e-01     1.16998202e-01    -5.03201752e+00   
    3.32000000e+04     8.30000000e+00    -1.19354743e-01     1.08292517e+02     8.95865940e-01     1.47539956e-01    -4.99716437e+00   
    3.34000000e+04     8.35000000e+00    -1.19373533e-01     1.08353490e+02     8.96370342e-01     6.05604427e-02    -5.02354677e+00   
    3.36000000e+04     8.40000000e+00    -1.19354447e-01     1.10764467e+02     9.16315508e-01     6.47467948e-02    -5.03348713e+00   
    3.38000000e+04     8.45000000e+00    -1.19366421e-01     1.13895460e+02     9.42217118e-01     1.03337200e-01    -5.02564688e+00   
    3.40000000e+04     8.50000000e+00    -1.19368471e-01     1.12102115e+02     9.27381404e-01     1.07183487e-01    -5.02369736e+00   
    3.42000000e+04     8.55000000e+00    -1.19361503e-01     1.09340580e+02     9.04536196e-01     1.13405172e-01    -5.02034397e+00   
    3.44000000e+04     8.60000000e+00    -1.19359745e-01     1.03636291e+02     8.57346615e-01     1.19291831e-01    -5.00228487e+00   
    3.46000000e+04     8.65000000e+00    -1.19354043e-01     1.04139844e+02     8.61512333e-01     8.22205376e-02    -5.00555568e+00   
    3.48000000e+04     8.70000000e+00    -1.19354754e-01     1.13249213e+02     9.36870938e-01     1.13961940e-01    -5.01735168e+00   
    3.50000000e+04     8.75000000e+00    -1.19383655e-01     1.17395427e+02     9.71171108e-01     1.19837071e-01    -5.03864324e+00   
    3.52000000e+04     8.80000000e+00    -1.19375377e-01     1.11185222e+02     9.19796266e-01     1.19884063e-01    -5.01071790e+00   
    3.54000000e+04     8.85000000e+00    -1.19369937e-01     1.08432235e+02     8.97021774e-01     7.84085437e-02    -5.03588997e+00   
    3.56000000e+04     8.90000000e+00    -1.19366287e-01     1.18237766e+02     9.78139484e-01     8.99679497e-02    -5.03761107e+00   
    3.58000000e+04     8.95000000e+00    -1.19372106e-01     1.12834298e+02     9.33438497e-01     8.97457225e-02    -5.04627122e+00   
    3.60000000e+04     9.00000000e+00    -1.19378316e-01     1.13092578e+02     9.35575154e-01     1.03964555e-01    -5.01757445e+00   
    3.62000000e+04     9.05000000e+00    -1.19373863e-01     1.12590104e+02     9.31418363e-01     9.29601880e-02    -5.02732818e+00   
    3.64000000e+04     9.10000000e+00    -1.19370299e-01     1.15443441e+02     9.55023018e-01     9.57319385e-02    -5.04654466e+00   
    3.66000000e+04     9.15000000e+00    -1.19366537e-01     1.16792469e+02     9.66183050e-01     1.04489593e-01    -5.02677109e+00   
    3.68000000e+04     9.20000000e+00    -1.19374039e-01     1.15019049e+02     9.51512172e-01     9.88447667e-02    -5.02982761e+00   
    3.70000000e+04     9.25000000e+00    -1.19363893e-01     1.15927397e+02     9.59026612e-01     1.15686004e-01    -5.02889962e+00   
    3.72000000e+04     9.30000000e+00    -1.19364712e-01     1.24616188e+02     1.03090593e+00     1.09608616e-01    -5.01844799e+00   
    3.74000000e+04     9.35000000e+00    -1.19364033e-01     1.04762773e+02     8.66665608e-01     7.84642410e-02    -5.00056912e+00   
    3.76000000e+04     9.40000000e+00    -1.19361733e-01     1.02425188e+02     8.47327589e-01     1.22185856e-01    -5.01848880e+00   
    3.78000000e+04     9.45000000e+00    -1.19370778e-01     1.18938429e+02     9.83935821e-01     9.97348256e-02    -5.03075754e+00   
    3.80000000e+04     9.50000000e+00    -1.19379824e-01     1.13928325e+02     9.42488998e-01     9.04519146e-02    -5.02455031e+00   
    3.82000000e+04     9.55000000e+00    -1.19359063e-01     1.16555621e+02     9.64223688e-01     1.54764352e-01    -4.95835498e+00   
    3.84000000e+04     9.60000000e+00    -1.19354229e-01     9.82416966e+01     8.12719031e-01     5.99520064e-02    -4.99116147e+00   
    3.86000000e+04     9.65000000e+00    -1.19356803e-01     1.07709344e+02     8.91041550e-01     1.35311616e-01    -5.00796604e+00   
    3.88000000e+04     9.70000000e+00    -1.19355383e-01     1.08652594e+02     8.98844724e-01     1.24701367e-01    -4.99015510e+00   
    3.90000000e+04     9.75000000e+00    -1.19360151e-01     1.16017881e+02     9.59775158e-01     1.05515648e-01    -5.01398022e+00   
    3.92000000e+04     9.80000000e+00    -1.19357191e-01     1.13594210e+02     9.39724978e-01     1.34609410e-01    -4.98872199e+00   
    3.94000000e+04     9.85000000e+00    -1.19385533e-01     1.18019367e+02     9.76332751e-01     5.75472285e-02    -5.00643809e+00   
    3.96000000e+04     9.90000000e+00    -1.19366154e-01     1.19677431e+02     9.90049330e-01     1.31391112e-01    -4.99103976e+00   
    3.98000000e+04     9.95000000e+00    -1.19363460e-01     1.09126668e+02     9.02766578e-01     1.22526251e-01    -4.97789112e+00   
    4.00000000e+04     1.00000000e+01    -1.19373668e-01     1.11781015e+02     9.24725050e-01     9.96661521e-02    -5.01653058e+00   
