# column   1     --> step : The current simulation time step.
# column   2     --> time{picosecond} : The elapsed simulation time.
# column   3     --> conserved : The value of the conserved energy quantity per bead.
# column   4     --> temperature{kelvin} : The current temperature, as obtained from the MD kinetic energy.
# column   5     --> kinetic_md{electronvolt} : The kinetic energy of the (extended) classical system.
# column   6     --> kinetic_cv{electronvolt} : The centroid-virial quantum kinetic energy of the physical system.
# column   7     --> potential{electronvolt} : The physical system potential energy.
    0.00000000e+00     0.00000000e+00    -1.85682850e-01     1.89702691e+02     4.90419905e-02     2.81787092e-02    -5.10172923e+00   
    2.00000000e+02     1.00000000e-01    -1.85682776e-01     9.40947779e+01     2.43254072e-02     2.81787092e-02    -5.10037748e+00   
    4.00000000e+02     2.00000000e-01    -1.85678843e-01     1.54877670e+02     4.00390167e-02     2.81787092e-02    -5.09780837e+00   
    6.00000000e+02     3.00000000e-01    -1.85681144e-01     1.58859500e+02     4.10684006e-02     2.81787092e-02    -5.10023501e+00   
    8.00000000e+02     4.00000000e-01    -1.85678406e-01     6.21474343e+01     1.60663714e-02     2.81787092e-02    -5.09911860e+00   
    1.00000000e+03     5.00000000e-01    -1.85678317e-01     6.16946090e+01     1.59493069e-02     2.81787092e-02    -5.09629401e+00   
    1.20000000e+03     6.00000000e-01    -1.85686126e-01     1.56115181e+02     4.03589384e-02     2.81787092e-02    -5.10138104e+00   
    1.40000000e+03     7.00000000e-01    -1.85685908e-01     1.00226610e+02     2.59106100e-02     2.81787092e-02    -5.10171273e+00   
    1.60000000e+03     8.00000000e-01    -1.85685851e-01     4.98607468e+01     1.28900136e-02     2.81787092e-02    -5.10161743e+00   
    1.80000000e+03     9.00000000e-01    -1.85682625e-01     5.72074365e+01     1.47892818e-02     2.81787092e-02    -5.09766933e+00   
    2.00000000e+03     1.00000000e+00    -1.85683001e-01     2.73008831e+02     7.05783162e-02     2.81787092e-02    -5.10107820e+00   
    2.20000000e+03     1.10000000e+00    -1.85685654e-01     7.50540423e+01     1.94029911e-02     2.81787092e-02    -5.10144210e+00   
    2.40000000e+03     1.20000000e+00    -1.85684508e-01     3.07168170e+01     7.94091975e-03     2.81787092e-02    -5.10083938e+00   
    2.60000000e+03     1.30000000e+00    -1.85677784e-01     1.49335570e+02     3.86062717e-02     2.81787092e-02    -5.09510593e+00   
    2.80000000e+03     1.40000000e+00    -1.85684940e-01     1.43131520e+02     3.70023989e-02     2.81787092e-02    -5.10160494e+00   
    3.00000000e+03     1.50000000e+00    -1.85688042e-01     8.82468647e+01     2.28136031e-02     2.81787092e-02    -5.09887788e+00   
    3.20000000e+03     1.60000000e+00    -1.85692560e-01     1.09898060e+02     2.84108758e-02     2.81787092e-02    -5.09645117e+00   
    3.40000000e+03     1.70000000e+00    -1.85696580e-01     8.05059913e+01     2.08124304e-02     2.81787092e-02    -5.09624560e+00   
    3.60000000e+03     1.80000000e+00    -1.85696696e-01     1.29659925e+02     3.35197187e-02     2.81787092e-02    -5.08858435e+00   
    3.80000000e+03     1.90000000e+00    -1.85708318e-01     2.01275638e+02     5.20338320e-02     2.81787092e-02    -5.10172124e+00   
    4.00000000e+03     2.00000000e+00    -1.85713154e-01     5.50537952e+01     1.42325219e-02     2.81787092e-02    -5.10171258e+00   
    4.20000000e+03     2.10000000e+00    -1.85711371e-01     8.62315937e+01     2.22926147e-02     2.81787092e-02    -5.10092082e+00   
    4.40000000e+03     2.20000000e+00    -1.85709901e-01     7.56035105e+01     1.95450398e-02     2.81787092e-02    -5.10080584e+00   
    4.60000000e+03     2.30000000e+00    -1.85710434e-01     1.16818456e+02     3.01999385e-02     2.81787092e-02    -5.10172726e+00   
    4.80000000e+03     2.40000000e+00    -1.85692354e-01     6.56931611e+01     1.69830136e-02     2.81787092e-02    -5.09470290e+00   
    5.00000000e+03     2.50000000e+00    -1.85692713e-01     7.78665335e+01     2.01300771e-02     2.81787092e-02    -5.09685548e+00   
    5.20000000e+03     2.60000000e+00    -1.85699458e-01     9.22694184e+01     2.38535148e-02     2.81787092e-02    -5.09054961e+00   
    5.40000000e+03     2.70000000e+00    -1.85706497e-01     6.27075888e+01     1.62111827e-02     2.81787092e-02    -5.10026316e+00   
    5.60000000e+03     2.80000000e+00    -1.85697813e-01     1.48272111e+02     3.83313459e-02     2.81787092e-02    -5.09194311e+00   
    5.80000000e+03     2.90000000e+00    -1.85706830e-01     3.32046665e+01     8.58407928e-03     2.81787092e-02    -5.09978193e+00   
    6.00000000e+03     3.00000000e+00    -1.85707648e-01     1.07686909e+02     2.78392485e-02     2.81787092e-02    -5.10135913e+00   
    6.20000000e+03     3.10000000e+00    -1.85705389e-01     7.87765154e+01     2.03653259e-02     2.81787092e-02    -5.10026062e+00   
    6.40000000e+03     3.20000000e+00    -1.85706112e-01     5.69161176e+01     1.47139700e-02     2.81787092e-02    -5.10172500e+00   
    6.60000000e+03     3.30000000e+00    -1.85703681e-01     1.31719793e+02     3.40522362e-02     2.81787092e-02    -5.09892644e+00   
    6.80000000e+03     3.40000000e+00    -1.85705887e-01     2.66554315e+01     6.89096928e-03     2.81787092e-02    -5.10074320e+00   
    7.00000000e+03     3.50000000e+00    -1.85698745e-01     9.75377041e+01     2.52154734e-02     2.81787092e-02    -5.09361760e+00   
    7.20000000e+03     3.60000000e+00    -1.85708150e-01     5.27285368e+01     1.36313955e-02     2.81787092e-02    -5.10141688e+00   
    7.40000000e+03     3.70000000e+00    -1.85703190e-01     4.88511198e+01     1.26290046e-02     2.81787092e-02    -5.10156893e+00   
    7.60000000e+03     3.80000000e+00    -1.85698593e-01     9.09085419e+01     2.35017006e-02     2.81787092e-02    -5.10168127e+00   
    7.80000000e+03     3.90000000e+00    -1.85695538e-01     2.12823947e+02     5.50193038e-02     2.81787092e-02    -5.10032525e+00   
    8.00000000e+03     4.00000000e+00    -1.85696800e-01     5.16490615e+01     1.33523292e-02     2.81787092e-02    -5.10136299e+00   
    8.20000000e+03     4.10000000e+00    -1.85695901e-01     7.95714924e+01     2.05708435e-02     2.81787092e-02    -5.10141381e+00   
    8.40000000e+03     4.20000000e+00    -1.85698999e-01     1.47166359e+02     3.80454864e-02     2.81787092e-02    -5.09960806e+00   
    8.60000000e+03     4.30000000e+00    -1.85700020e-01     1.13160866e+02     2.92543773e-02     2.81787092e-02    -5.10084320e+00   
    8.80000000e+03     4.40000000e+00    -1.85700886e-01     1.25186191e+02     3.23631676e-02     2.81787092e-02    -5.09860222e+00   
    9.00000000e+03     4.50000000e+00    -1.85700665e-01     7.37520076e+01     1.90663888e-02     2.81787092e-02    -5.09621126e+00   
    9.20000000e+03     4.60000000e+00    -1.85688479e-01     6.57266436e+01     1.69916695e-02     2.81787092e-02    -5.08615000e+00   
    9.40000000e+03     4.70000000e+00    -1.85666938e-01     1.37293751e+02     3.54932172e-02     2.81787092e-02    -5.07603260e+00   
    9.60000000e+03     4.80000000e+00    -1.85684272e-01     1.60490455e+02     4.14900355e-02     2.81787092e-02    -5.08299726e+00   
    9.80000000e+03     4.90000000e+00    -1.85707878e-01     1.25727608e+02     3.25031350e-02     2.81787092e-02    -5.10094946e+00   
    1.00000000e+04     5.00000000e+00    -1.85704927e-01     5.58048329e+01     1.44266804e-02     2.81787092e-02    -5.09828594e+00   
    1.02000000e+04     5.10000000e+00    -1.85704003e-01     1.21057800e+02     3.12958950e-02     2.81787092e-02    -5.09707644e+00   
    1.04000000e+04     5.20000000e+00    -1.85708178e-01     6.80423195e+01     1.75903187e-02     2.81787092e-02    -5.10138055e+00   
    1.06000000e+04     5.30000000e+00    -1.85712736e-01     7.04664609e+01     1.82170084e-02     2.81787092e-02    -5.10166205e+00   
    1.08000000e+04     5.40000000e+00    -1.85701607e-01     9.68364987e+01     2.50341976e-02     2.81787092e-02    -5.09400033e+00   
    1.10000000e+04     5.50000000e+00    -1.85708928e-01     5.34552219e+01     1.38192583e-02     2.81787092e-02    -5.10063968e+00   
    1.12000000e+04     5.60000000e+00    -1.85704556e-01     1.30444038e+02     3.37224277e-02     2.81787092e-02    -5.09746278e+00   
    1.14000000e+04     5.70000000e+00    -1.85710820e-01     1.27572887e+02     3.29801768e-02     2.81787092e-02    -5.10128381e+00   
    1.16000000e+04     5.80000000e+00    -1.85714140e-01     1.00256312e+02     2.59182885e-02     2.81787092e-02    -5.10157294e+00   
    1.18000000e+04     5.90000000e+00    -1.85712838e-01     2.22653380e+02     5.75604115e-02     2.81787092e-02    -5.10031592e+00   
    1.20000000e+04     6.00000000e+00    -1.85710309e-01     2.43576864e+02     6.29695561e-02     2.81787092e-02    -5.09607100e+00   
    1.22000000e+04     6.10000000e+00    -1.85709712e-01     4.59240792e+01     1.18723052e-02     2.81787092e-02    -5.09918774e+00   
    1.24000000e+04     6.20000000e+00    -1.85710260e-01     9.90721427e+01     2.56121569e-02     2.81787092e-02    -5.10067975e+00   
    1.26000000e+04     6.30000000e+00    -1.85709243e-01     4.84033161e+01     1.25132382e-02     2.81787092e-02    -5.10019528e+00   
    1.28000000e+04     6.40000000e+00    -1.85712373e-01     2.20497561e+01     5.70030886e-03     2.81787092e-02    -5.10162290e+00   
    1.30000000e+04     6.50000000e+00    -1.85708310e-01     1.01817694e+02     2.63219376e-02     2.81787092e-02    -5.10165295e+00   
    1.32000000e+04     6.60000000e+00    -1.85709840e-01     2.81388502e+02     7.27446308e-02     2.81787092e-02    -5.10168601e+00   
    1.34000000e+04     6.70000000e+00    -1.85713879e-01     7.22389314e+01     1.86752279e-02     2.81787092e-02    -5.09886461e+00   
    1.36000000e+04     6.80000000e+00    -1.85713787e-01     1.76725584e+02     4.56871452e-02     2.81787092e-02    -5.09931018e+00   
    1.38000000e+04     6.90000000e+00    -1.85716121e-01     2.32391801e+02     6.00779905e-02     2.81787092e-02    -5.10142012e+00   
    1.40000000e+04     7.00000000e+00    -1.85716453e-01     9.83083369e+01     2.54146976e-02     2.81787092e-02    -5.10025151e+00   
    1.42000000e+04     7.10000000e+00    -1.85719041e-01     8.92852989e+01     2.30820594e-02     2.81787092e-02    -5.09933053e+00   
    1.44000000e+04     7.20000000e+00    -1.85720508e-01     6.15596514e+01     1.59144176e-02     2.81787092e-02    -5.10169436e+00   
    1.46000000e+04     7.30000000e+00    -1.85720339e-01     2.76602374e+02     7.15073198e-02     2.81787092e-02    -5.10076885e+00   
    1.48000000e+04     7.40000000e+00    -1.85722666e-01     7.16223959e+01     1.85158410e-02     2.81787092e-02    -5.10044714e+00   
    1.50000000e+04     7.50000000e+00    -1.85713857e-01     6.90374303e+01     1.78475750e-02     2.81787092e-02    -5.09294845e+00   
    1.52000000e+04     7.60000000e+00    -1.85722353e-01     9.41025805e+01     2.43274243e-02     2.81787092e-02    -5.09797289e+00   
    1.54000000e+04     7.70000000e+00    -1.85720956e-01     1.51377809e+02     3.91342318e-02     2.81787092e-02    -5.09924962e+00   
    1.56000000e+04     7.80000000e+00    -1.85714399e-01     2.01336298e+02     5.20495136e-02     2.81787092e-02    -5.08824868e+00   
    1.58000000e+04     7.90000000e+00    -1.85727328e-01     1.47891520e+02     3.82329553e-02     2.81787092e-02    -5.10088076e+00   
    1.60000000e+04     8.00000000e+00    -1.85723537e-01     6.75877968e+01     1.74728153e-02     2.81787092e-02    -5.09907601e+00   
    1.62000000e+04     8.10000000e+00    -1.85706523e-01     7.94987835e+01     2.05520468e-02     2.81787092e-02    -5.08603341e+00   
    1.64000000e+04     8.20000000e+00    -1.85722344e-01     1.59702051e+01     4.12862169e-03     2.81787092e-02    -5.10088725e+00   
    1.66000000e+04     8.30000000e+00    -1.85719049e-01     3.14539865e+01     8.13149300e-03     2.81787092e-02    -5.09457283e+00   
    1.68000000e+04     8.40000000e+00    -1.85741911e-01     5.75444806e+01     1.48764145e-02     2.81787092e-02    -5.10054145e+00   
    1.70000000e+04     8.50000000e+00    -1.85742140e-01     7.90557279e+01     2.04375080e-02     2.81787092e-02    -5.09937931e+00   
    1.72000000e+04     8.60000000e+00    -1.85738009e-01     9.67570454e+01     2.50136573e-02     2.81787092e-02    -5.09208828e+00   
    1.74000000e+04     8.70000000e+00    -1.85736605e-01     8.28892744e+01     2.14285574e-02     2.81787092e-02    -5.09027499e+00   
    1.76000000e+04     8.80000000e+00    -1.85747677e-01     1.36889603e+02     3.53887369e-02     2.81787092e-02    -5.10110329e+00   
    1.78000000e+04     8.90000000e+00    -1.85749954e-01     1.92042684e+02     4.96469261e-02     2.81787092e-02    -5.10172925e+00   
    1.80000000e+04     9.00000000e+00    -1.85742307e-01     7.72968304e+01     1.99827973e-02     2.81787092e-02    -5.09920187e+00   
    1.82000000e+04     9.10000000e+00    -1.85711389e-01     1.03131576e+02     2.66616027e-02     2.81787092e-02    -5.07412583e+00   
    1.84000000e+04     9.20000000e+00    -1.85716539e-01     7.67922874e+01     1.98523627e-02     2.81787092e-02    -5.08003050e+00   
    1.86000000e+04     9.30000000e+00    -1.85737173e-01     4.92206344e+01     1.27245316e-02     2.81787092e-02    -5.10150947e+00   
    1.88000000e+04     9.40000000e+00    -1.85741052e-01     8.36274236e+01     2.16193839e-02     2.81787092e-02    -5.10172836e+00   
    1.90000000e+04     9.50000000e+00    -1.85745301e-01     1.61371998e+02     4.17179321e-02     2.81787092e-02    -5.10128303e+00   
    1.92000000e+04     9.60000000e+00    -1.85735850e-01     6.01590717e+01     1.55523393e-02     2.81787092e-02    -5.09675170e+00   
    1.94000000e+04     9.70000000e+00    -1.85724897e-01     8.02912688e+01     2.07569203e-02     2.81787092e-02    -5.08505470e+00   
    1.96000000e+04     9.80000000e+00    -1.85745026e-01     6.26200418e+01     1.61885500e-02     2.81787092e-02    -5.10167883e+00   
    1.98000000e+04     9.90000000e+00    -1.85745424e-01     1.56619185e+02     4.04892337e-02     2.81787092e-02    -5.10071924e+00   
    2.00000000e+04     1.00000000e+01    -1.85744992e-01     9.21220869e+01     2.38154266e-02     2.81787092e-02    -5.10168583e+00   
    2.02000000e+04     1.01000000e+01    -1.85738205e-01     4.83742154e+01     1.25057151e-02     2.81787092e-02    -5.09589053e+00   
    2.04000000e+04     1.02000000e+01    -1.85738221e-01     8.57664942e+01     2.21723771e-02     2.81787092e-02    -5.09807946e+00   
    2.06000000e+04     1.03000000e+01    -1.85740732e-01     1.80550638e+02     4.66759994e-02     2.81787092e-02    -5.10158788e+00   
    2.08000000e+04     1.04000000e+01    -1.85741871e-01     8.13280120e+01     2.10249395e-02     2.81787092e-02    -5.10028086e+00   
    2.10000000e+04     1.05000000e+01    -1.85737321e-01     8.10207463e+01     2.09455050e-02     2.81787092e-02    -5.09701370e+00   
    2.12000000e+04     1.06000000e+01    -1.85741815e-01     1.32512739e+02     3.42572287e-02     2.81787092e-02    -5.10070533e+00   
    2.14000000e+04     1.07000000e+01    -1.85737302e-01     1.16747988e+02     3.01817212e-02     2.81787092e-02    -5.09641086e+00   
    2.16000000e+04     1.08000000e+01    -1.85735100e-01     1.94223409e+02     5.02106877e-02     2.81787092e-02    -5.09507440e+00   
    2.18000000e+04     1.09000000e+01    -1.85718410e-01     2.54014202e+02     6.56678196e-02     2.81787092e-02    -5.08507186e+00   
    2.20000000e+04     1.10000000e+01    -1.85725462e-01     1.33977111e+02     3.46357986e-02     2.81787092e-02    -5.09783239e+00   
    2.22000000e+04     1.11000000e+01    -1.85707066e-01     1.58319461e+02     4.09287895e-02     2.81787092e-02    -5.08291382e+00   
    2.24000000e+04     1.12000000e+01    -1.85729746e-01     8.53585237e+01     2.20669084e-02     2.81787092e-02    -5.10172919e+00   
    2.26000000e+04     1.13000000e+01    -1.85722286e-01     9.15921304e+00     2.36784221e-03     2.81787092e-02    -5.09639399e+00   
    2.28000000e+04     1.14000000e+01    -1.85725488e-01     1.27488217e+02     3.29582879e-02     2.81787092e-02    -5.09991919e+00   
    2.30000000e+04     1.15000000e+01    -1.85726694e-01     2.27659735e+02     5.88546557e-02     2.81787092e-02    -5.10170830e+00   
    2.32000000e+04     1.16000000e+01    -1.85718762e-01     4.67306937e+01     1.20808314e-02     2.81787092e-02    -5.09358074e+00   
    2.34000000e+04     1.17000000e+01    -1.85722595e-01     2.09777934e+02     5.42318477e-02     2.81787092e-02    -5.09928427e+00   
    2.36000000e+04     1.18000000e+01    -1.85721088e-01     6.70411835e+01     1.73315047e-02     2.81787092e-02    -5.09960956e+00   
    2.38000000e+04     1.19000000e+01    -1.85714053e-01     1.67566269e+01     4.33192769e-03     2.81787092e-02    -5.09446785e+00   
    2.40000000e+04     1.20000000e+01    -1.85717526e-01     6.88044913e+01     1.77873555e-02     2.81787092e-02    -5.09929962e+00   
    2.42000000e+04     1.21000000e+01    -1.85706944e-01     1.57478120e+01     4.07112857e-03     2.81787092e-02    -5.09096009e+00   
    2.44000000e+04     1.22000000e+01    -1.85717474e-01     1.41924597e+02     3.66903847e-02     2.81787092e-02    -5.10128224e+00   
    2.46000000e+04     1.23000000e+01    -1.85686338e-01     6.80624877e+01     1.75955325e-02     2.81787092e-02    -5.08432956e+00   
    2.48000000e+04     1.24000000e+01    -1.85674934e-01     8.83847641e+01     2.28492529e-02     2.81787092e-02    -5.07926796e+00   
    2.50000000e+04     1.25000000e+01    -1.85699604e-01     1.10076496e+02     2.84570054e-02     2.81787092e-02    -5.10169033e+00   
    2.52000000e+04     1.26000000e+01    -1.85699188e-01     1.25764445e+02     3.25126579e-02     2.81787092e-02    -5.10044770e+00   
    2.54000000e+04     1.27000000e+01    -1.85701330e-01     6.37016372e+01     1.64681643e-02     2.81787092e-02    -5.10135978e+00   
    2.56000000e+04     1.28000000e+01    -1.85703955e-01     9.25778025e+01     2.39332383e-02     2.81787092e-02    -5.10132826e+00   
    2.58000000e+04     1.29000000e+01    -1.85691671e-01     7.96400837e+01     2.05885758e-02     2.81787092e-02    -5.08962085e+00   
    2.60000000e+04     1.30000000e+01    -1.85703394e-01     3.05175123e+01     7.88939545e-03     2.81787092e-02    -5.10132899e+00   
    2.62000000e+04     1.31000000e+01    -1.85704639e-01     2.38617721e+02     6.16875172e-02     2.81787092e-02    -5.10142518e+00   
    2.64000000e+04     1.32000000e+01    -1.85688098e-01     3.45861261e+01     8.94121459e-03     2.81787092e-02    -5.08559556e+00   
    2.66000000e+04     1.33000000e+01    -1.85700341e-01     6.26199292e+01     1.61885209e-02     2.81787092e-02    -5.10073762e+00   
    2.68000000e+04     1.34000000e+01    -1.85691713e-01     2.55710768e+01     6.61064163e-03     2.81787092e-02    -5.10007155e+00   
    2.70000000e+04     1.35000000e+01    -1.85693129e-01     2.86815201e+01     7.41475426e-03     2.81787092e-02    -5.10140904e+00   
    2.72000000e+04     1.36000000e+01    -1.85696398e-01     1.66358948e+02     4.30071599e-02     2.81787092e-02    -5.10144682e+00   
    2.74000000e+04     1.37000000e+01    -1.85684197e-01     7.20672392e+01     1.86308420e-02     2.81787092e-02    -5.09121052e+00   
    2.76000000e+04     1.38000000e+01    -1.85697387e-01     1.43617522e+02     3.71280404e-02     2.81787092e-02    -5.10129192e+00   
    2.78000000e+04     1.39000000e+01    -1.85655207e-01     1.62467483e+02     4.20011371e-02     2.81787092e-02    -5.06497701e+00   
    2.80000000e+04     1.40000000e+01    -1.85686362e-01     1.11554148e+02     2.88390082e-02     2.81787092e-02    -5.10097443e+00   
    2.82000000e+04     1.41000000e+01    -1.85677969e-01     8.95199229e+01     2.31427144e-02     2.81787092e-02    -5.08879955e+00   
    2.84000000e+04     1.42000000e+01    -1.85647275e-01     7.78598969e+01     2.01283614e-02     2.81787092e-02    -5.06421062e+00   
    2.86000000e+04     1.43000000e+01    -1.85691785e-01     1.06325353e+02     2.74872588e-02     2.81787092e-02    -5.10167701e+00   
    2.88000000e+04     1.44000000e+01    -1.85701448e-01     1.13488373e+02     2.93390446e-02     2.81787092e-02    -5.09990856e+00   
    2.90000000e+04     1.45000000e+01    -1.85687520e-01     7.22274139e+01     1.86722504e-02     2.81787092e-02    -5.08738115e+00   
    2.92000000e+04     1.46000000e+01    -1.85698359e-01     7.88485652e+01     2.03839522e-02     2.81787092e-02    -5.09620858e+00   
    2.94000000e+04     1.47000000e+01    -1.85704813e-01     3.88016026e+01     1.00310007e-02     2.81787092e-02    -5.10076638e+00   
    2.96000000e+04     1.48000000e+01    -1.85703270e-01     6.95382578e+01     1.79770490e-02     2.81787092e-02    -5.10139155e+00   
    2.98000000e+04     1.49000000e+01    -1.85704201e-01     1.83212145e+02     4.73640527e-02     2.81787092e-02    -5.10153147e+00   
    3.00000000e+04     1.50000000e+01    -1.85697844e-01     8.16703291e+01     2.11134353e-02     2.81787092e-02    -5.09820094e+00   
    3.02000000e+04     1.51000000e+01    -1.85697368e-01     1.51993067e+01     3.92932884e-03     2.81787092e-02    -5.09736479e+00   
    3.04000000e+04     1.52000000e+01    -1.85700877e-01     6.00065805e+01     1.55129173e-02     2.81787092e-02    -5.10172931e+00   
    3.06000000e+04     1.53000000e+01    -1.85703614e-01     4.13285208e+01     1.06842603e-02     2.81787092e-02    -5.10165248e+00   
    3.08000000e+04     1.54000000e+01    -1.85703266e-01     2.64871307e+02     6.84746011e-02     2.81787092e-02    -5.10168413e+00   
    3.10000000e+04     1.55000000e+01    -1.85670549e-01     7.11256959e+01     1.83874339e-02     2.81787092e-02    -5.07159855e+00   
    3.12000000e+04     1.56000000e+01    -1.85695722e-01     1.09500638e+02     2.83081342e-02     2.81787092e-02    -5.10001588e+00   
    3.14000000e+04     1.57000000e+01    -1.85697146e-01     7.91170528e+01     2.04533617e-02     2.81787092e-02    -5.10121629e+00   
    3.16000000e+04     1.58000000e+01    -1.85699165e-01     1.36627535e+02     3.53209871e-02     2.81787092e-02    -5.10150374e+00   
    3.18000000e+04     1.59000000e+01    -1.85697055e-01     6.31531395e+01     1.63263665e-02     2.81787092e-02    -5.10065296e+00   
    3.20000000e+04     1.60000000e+01    -1.85705266e-01     8.41743789e+01     2.17607830e-02     2.81787092e-02    -5.09942732e+00   
    3.22000000e+04     1.61000000e+01    -1.85695729e-01     1.42416910e+02     3.68176578e-02     2.81787092e-02    -5.09526252e+00   
    3.24000000e+04     1.62000000e+01    -1.85700187e-01     9.29436301e+01     2.40278121e-02     2.81787092e-02    -5.10048151e+00   
    3.26000000e+04     1.63000000e+01    -1.85697904e-01     1.84177508e+02     4.76136186e-02     2.81787092e-02    -5.10172790e+00   
    3.28000000e+04     1.64000000e+01    -1.85695640e-01     1.11452518e+02     2.88127347e-02     2.81787092e-02    -5.09899228e+00   
    3.30000000e+04     1.65000000e+01    -1.85680272e-01     9.79619439e+01     2.53251480e-02     2.81787092e-02    -5.08276237e+00   
    3.32000000e+04     1.66000000e+01    -1.85702045e-01     7.25881476e+01     1.87655074e-02     2.81787092e-02    -5.10075358e+00   
    3.34000000e+04     1.67000000e+01    -1.85700884e-01     5.79221675e+01     1.49740543e-02     2.81787092e-02    -5.10146489e+00   
    3.36000000e+04     1.68000000e+01    -1.85695118e-01     1.17613359e+02     3.04054370e-02     2.81787092e-02    -5.10151263e+00   
    3.38000000e+04     1.69000000e+01    -1.85694362e-01     1.11806356e+02     2.89042091e-02     2.81787092e-02    -5.10084941e+00   
    3.40000000e+04     1.70000000e+01    -1.85679638e-01     2.59842939e+02     6.71746661e-02     2.81787092e-02    -5.09588023e+00   
    3.42000000e+04     1.71000000e+01    -1.85682335e-01     7.84217132e+01     2.02736023e-02     2.81787092e-02    -5.09476879e+00   
    3.44000000e+04     1.72000000e+01    -1.85680782e-01     9.89643204e+01     2.55842826e-02     2.81787092e-02    -5.09830230e+00   
    3.46000000e+04     1.73000000e+01    -1.85672918e-01     1.25156442e+02     3.23554768e-02     2.81787092e-02    -5.09709129e+00   
    3.48000000e+04     1.74000000e+01    -1.85675190e-01     9.21124451e+01     2.38129340e-02     2.81787092e-02    -5.09959128e+00   
    3.50000000e+04     1.75000000e+01    -1.85665437e-01     1.31494222e+02     3.39939216e-02     2.81787092e-02    -5.08867486e+00   
    3.52000000e+04     1.76000000e+01    -1.85680354e-01     1.12306019e+02     2.90333822e-02     2.81787092e-02    -5.10118624e+00   
    3.54000000e+04     1.77000000e+01    -1.85668143e-01     1.44817521e+02     3.74382644e-02     2.81787092e-02    -5.09421422e+00   
    3.56000000e+04     1.78000000e+01    -1.85687862e-01     8.49326473e+01     2.19568107e-02     2.81787092e-02    -5.10172843e+00   
    3.58000000e+04     1.79000000e+01    -1.85687487e-01     3.22351014e+01     8.33342705e-03     2.81787092e-02    -5.10150985e+00   
    3.60000000e+04     1.80000000e+01    -1.85693963e-01     1.87530994e+01     4.84805629e-03     2.81787092e-02    -5.10154328e+00   
    3.62000000e+04     1.81000000e+01    -1.85694157e-01     7.13765487e+01     1.84522845e-02     2.81787092e-02    -5.09953523e+00   
    3.64000000e+04     1.82000000e+01    -1.85664351e-01     1.34226071e+02     3.47001598e-02     2.81787092e-02    -5.08131177e+00   
    3.66000000e+04     1.83000000e+01    -1.85683346e-01     1.20316766e+02     3.11043225e-02     2.81787092e-02    -5.09627815e+00   
    3.68000000e+04     1.84000000e+01    -1.85686019e-01     5.59238809e+01     1.44574567e-02     2.81787092e-02    -5.09611278e+00   
    3.70000000e+04     1.85000000e+01    -1.85684660e-01     2.81575612e+01     7.27930027e-03     2.81787092e-02    -5.10157216e+00   
    3.72000000e+04     1.86000000e+01    -1.85684618e-01     1.86770585e+02     4.82839817e-02     2.81787092e-02    -5.10118238e+00   
    3.74000000e+04     1.87000000e+01    -1.85684652e-01     6.59213509e+01     1.70420053e-02     2.81787092e-02    -5.10171673e+00   
    3.76000000e+04     1.88000000e+01    -1.85677282e-01     9.17977010e+01     2.37315663e-02     2.81787092e-02    -5.09142224e+00   
    3.78000000e+04     1.89000000e+01    -1.85687885e-01     9.78599885e+01     2.52987904e-02     2.81787092e-02    -5.10167262e+00   
    3.80000000e+04     1.90000000e+01    -1.85660824e-01     6.69346685e+01     1.73039684e-02     2.81787092e-02    -5.07678174e+00   
    3.82000000e+04     1.91000000e+01    -1.85684638e-01     1.41839606e+02     3.66684128e-02     2.81787092e-02    -5.09920027e+00   
    3.84000000e+04     1.92000000e+01    -1.85678765e-01     1.58307129e+02     4.09256015e-02     2.81787092e-02    -5.09316233e+00   
    3.86000000e+04     1.93000000e+01    -1.85685950e-01     1.08428502e+02     2.80309655e-02     2.81787092e-02    -5.10090768e+00   
    3.88000000e+04     1.94000000e+01    -1.85683718e-01     5.19767909e+01     1.34370539e-02     2.81787092e-02    -5.09715526e+00   
    3.90000000e+04     1.95000000e+01    -1.85678870e-01     1.20018811e+02     3.10272950e-02     2.81787092e-02    -5.10044964e+00   
    3.92000000e+04     1.96000000e+01    -1.85679517e-01     5.78671712e+01     1.49598366e-02     2.81787092e-02    -5.10062012e+00   
    3.94000000e+04     1.97000000e+01    -1.85683669e-01     1.26655552e+02     3.27430272e-02     2.81787092e-02    -5.10138108e+00   
    3.96000000e+04     1.98000000e+01    -1.85682089e-01     8.39776542e+01     2.17099257e-02     2.81787092e-02    -5.10072306e+00   
    3.98000000e+04     1.99000000e+01    -1.85680135e-01     4.65451127e+01     1.20328550e-02     2.81787092e-02    -5.09639896e+00   
    4.00000000e+04     2.00000000e+01    -1.85664943e-01     5.66559640e+01     1.46467150e-02     2.81787092e-02    -5.08206167e+00   
    4.02000000e+04     2.01000000e+01    -1.85687535e-01     5.17651825e+01     1.33823488e-02     2.81787092e-02    -5.10009279e+00   
    4.04000000e+04     2.02000000e+01    -1.85685580e-01     9.63592327e+01     2.49108146e-02     2.81787092e-02    -5.09977721e+00   
    4.06000000e+04     2.03000000e+01    -1.85684762e-01     5.74614463e+01     1.48549485e-02     2.81787092e-02    -5.10041259e+00   
    4.08000000e+04     2.04000000e+01    -1.85685411e-01     9.93076404e+01     2.56730378e-02     2.81787092e-02    -5.10120408e+00   
    4.10000000e+04     2.05000000e+01    -1.85655488e-01     5.49012011e+01     1.41930732e-02     2.81787092e-02    -5.07914655e+00   
    4.12000000e+04     2.06000000e+01    -1.85670587e-01     1.66090533e+02     4.29377690e-02     2.81787092e-02    -5.09473208e+00   
    4.14000000e+04     2.07000000e+01    -1.85674301e-01     2.00360182e+02     5.17971678e-02     2.81787092e-02    -5.09763020e+00   
    4.16000000e+04     2.08000000e+01    -1.85679209e-01     8.91719025e+01     2.30527441e-02     2.81787092e-02    -5.09908557e+00   
    4.18000000e+04     2.09000000e+01    -1.85642289e-01     4.83929781e+01     1.25105657e-02     2.81787092e-02    -5.06256828e+00   
    4.20000000e+04     2.10000000e+01    -1.85678944e-01     6.98493035e+01     1.80574606e-02     2.81787092e-02    -5.09628406e+00   
    4.22000000e+04     2.11000000e+01    -1.85685647e-01     2.30855307e+02     5.96807759e-02     2.81787092e-02    -5.10134425e+00   
    4.24000000e+04     2.12000000e+01    -1.85676003e-01     1.57599709e+02     4.07427189e-02     2.81787092e-02    -5.09975999e+00   
    4.26000000e+04     2.13000000e+01    -1.85673287e-01     1.74390125e+02     4.50833817e-02     2.81787092e-02    -5.10158019e+00   
    4.28000000e+04     2.14000000e+01    -1.85671458e-01     1.89187007e+02     4.89086758e-02     2.81787092e-02    -5.10066965e+00   
    4.30000000e+04     2.15000000e+01    -1.85650670e-01     3.28164788e+01     8.48372488e-03     2.81787092e-02    -5.08624312e+00   
    4.32000000e+04     2.16000000e+01    -1.85663890e-01     1.17829474e+02     3.04613072e-02     2.81787092e-02    -5.09983629e+00   
    4.34000000e+04     2.17000000e+01    -1.85662718e-01     4.76650237e+01     1.23223747e-02     2.81787092e-02    -5.10113083e+00   
    4.36000000e+04     2.18000000e+01    -1.85667148e-01     5.77278929e+01     1.49238303e-02     2.81787092e-02    -5.10018158e+00   
    4.38000000e+04     2.19000000e+01    -1.85654747e-01     2.34827167e+02     6.07075820e-02     2.81787092e-02    -5.09110494e+00   
    4.40000000e+04     2.20000000e+01    -1.85674238e-01     2.84031045e+02     7.34277818e-02     2.81787092e-02    -5.10166752e+00   
    4.42000000e+04     2.21000000e+01    -1.85673769e-01     1.37780042e+02     3.56189334e-02     2.81787092e-02    -5.09862955e+00   
    4.44000000e+04     2.22000000e+01    -1.85659588e-01     5.32414708e+01     1.37639993e-02     2.81787092e-02    -5.08804769e+00   
    4.46000000e+04     2.23000000e+01    -1.85660758e-01     1.68297946e+02     4.35084300e-02     2.81787092e-02    -5.08941428e+00   
    4.48000000e+04     2.24000000e+01    -1.85674579e-01     2.21311584e+02     5.72135300e-02     2.81787092e-02    -5.10140240e+00   
    4.50000000e+04     2.25000000e+01    -1.85658822e-01     9.86066321e+01     2.54918129e-02     2.81787092e-02    -5.08824097e+00   
    4.52000000e+04     2.26000000e+01    -1.85676392e-01     3.46987065e+01     8.97031890e-03     2.81787092e-02    -5.10152780e+00   
    4.54000000e+04     2.27000000e+01    -1.85671986e-01     7.73303309e+01     1.99914578e-02     2.81787092e-02    -5.10105114e+00   
    4.56000000e+04     2.28000000e+01    -1.85670998e-01     1.02761222e+02     2.65658586e-02     2.81787092e-02    -5.10151641e+00   
    4.58000000e+04     2.29000000e+01    -1.85672567e-01     1.41660760e+02     3.66221775e-02     2.81787092e-02    -5.10005157e+00   
    4.60000000e+04     2.30000000e+01    -1.85673097e-01     7.85510647e+01     2.03070423e-02     2.81787092e-02    -5.10164792e+00   
    4.62000000e+04     2.31000000e+01    -1.85675605e-01     6.39448308e+01     1.65310348e-02     2.81787092e-02    -5.10172905e+00   
    4.64000000e+04     2.32000000e+01    -1.85675766e-01     8.72477839e+01     2.25553205e-02     2.81787092e-02    -5.10144755e+00   
    4.66000000e+04     2.33000000e+01    -1.85671401e-01     4.29694152e+01     1.11084647e-02     2.81787092e-02    -5.10162861e+00   
    4.68000000e+04     2.34000000e+01    -1.85638267e-01     6.42641945e+01     1.66135968e-02     2.81787092e-02    -5.07561558e+00   
    4.70000000e+04     2.35000000e+01    -1.85665663e-01     5.46971105e+01     1.41403117e-02     2.81787092e-02    -5.10012543e+00   
    4.72000000e+04     2.36000000e+01    -1.85659123e-01     4.80474213e+01     1.24212322e-02     2.81787092e-02    -5.09152333e+00   
    4.74000000e+04     2.37000000e+01    -1.85668560e-01     2.28313452e+02     5.90236548e-02     2.81787092e-02    -5.10058809e+00   
    4.76000000e+04     2.38000000e+01    -1.85663354e-01     7.62133694e+01     1.97027007e-02     2.81787092e-02    -5.09681879e+00   
    4.78000000e+04     2.39000000e+01    -1.85666218e-01     2.13170167e+02     5.51088088e-02     2.81787092e-02    -5.09826539e+00   
    4.80000000e+04     2.40000000e+01    -1.85667891e-01     3.87126841e+01     1.00080135e-02     2.81787092e-02    -5.10038832e+00   
    4.82000000e+04     2.41000000e+01    -1.85666581e-01     2.32476818e+02     6.00999692e-02     2.81787092e-02    -5.10172313e+00   
    4.84000000e+04     2.42000000e+01    -1.85652899e-01     4.28880329e+01     1.10874257e-02     2.81787092e-02    -5.09083327e+00   
    4.86000000e+04     2.43000000e+01    -1.85661304e-01     7.22082996e+01     1.86673090e-02     2.81787092e-02    -5.10155566e+00   
    4.88000000e+04     2.44000000e+01    -1.85665052e-01     2.07442316e+02     5.36280432e-02     2.81787092e-02    -5.10170392e+00   
    4.90000000e+04     2.45000000e+01    -1.85655907e-01     3.31100457e+02     8.55961789e-02     2.81787092e-02    -5.09568151e+00   
    4.92000000e+04     2.46000000e+01    -1.85656852e-01     2.56218541e+01     6.62376859e-03     2.81787092e-02    -5.09849804e+00   
    4.94000000e+04     2.47000000e+01    -1.85657239e-01     9.93500501e+01     2.56840016e-02     2.81787092e-02    -5.09640137e+00   
    4.96000000e+04     2.48000000e+01    -1.85663544e-01     1.55651097e+02     4.02389634e-02     2.81787092e-02    -5.10144624e+00   
    4.98000000e+04     2.49000000e+01    -1.85655033e-01     2.23738409e+02     5.78409134e-02     2.81787092e-02    -5.10169151e+00   
    5.00000000e+04     2.50000000e+01    -1.85654890e-01     7.07099617e+01     1.82799582e-02     2.81787092e-02    -5.10143851e+00   
    5.02000000e+04     2.51000000e+01    -1.85647002e-01     1.62910222e+02     4.21155942e-02     2.81787092e-02    -5.09036485e+00   
    5.04000000e+04     2.52000000e+01    -1.85649944e-01     1.20567060e+02     3.11690287e-02     2.81787092e-02    -5.09940478e+00   
    5.06000000e+04     2.53000000e+01    -1.85637587e-01     1.39422563e+02     3.60435584e-02     2.81787092e-02    -5.08316519e+00   
    5.08000000e+04     2.54000000e+01    -1.85649521e-01     8.51908245e+01     2.20235548e-02     2.81787092e-02    -5.09560988e+00   
    5.10000000e+04     2.55000000e+01    -1.85657486e-01     1.03558915e+02     2.67720784e-02     2.81787092e-02    -5.10134610e+00   
    5.12000000e+04     2.56000000e+01    -1.85663353e-01     7.73503183e+01     1.99966250e-02     2.81787092e-02    -5.10164567e+00   
    5.14000000e+04     2.57000000e+01    -1.85655643e-01     1.10281703e+02     2.85100554e-02     2.81787092e-02    -5.09981949e+00   
    5.16000000e+04     2.58000000e+01    -1.85653302e-01     1.42590109e+02     3.68624333e-02     2.81787092e-02    -5.09982092e+00   
    5.18000000e+04     2.59000000e+01    -1.85645391e-01     1.07259771e+02     2.77288246e-02     2.81787092e-02    -5.09525663e+00   
    5.20000000e+04     2.60000000e+01    -1.85647907e-01     4.35387825e+01     1.12556577e-02     2.81787092e-02    -5.09613066e+00   
    5.22000000e+04     2.61000000e+01    -1.85652116e-01     2.24233500e+02     5.79689046e-02     2.81787092e-02    -5.09807069e+00   
    5.24000000e+04     2.62000000e+01    -1.85652011e-01     1.83185636e+02     4.73571996e-02     2.81787092e-02    -5.09876024e+00   
    5.26000000e+04     2.63000000e+01    -1.85641288e-01     9.54549664e+01     2.46770435e-02     2.81787092e-02    -5.08531677e+00   
    5.28000000e+04     2.64000000e+01    -1.85663540e-01     1.50243510e+02     3.88409925e-02     2.81787092e-02    -5.10171659e+00   
    5.30000000e+04     2.65000000e+01    -1.85668570e-01     9.33972191e+01     2.41450741e-02     2.81787092e-02    -5.10168586e+00   
    5.32000000e+04     2.66000000e+01    -1.85659271e-01     7.44409783e+01     1.92445016e-02     2.81787092e-02    -5.08903890e+00   
    5.34000000e+04     2.67000000e+01    -1.85672512e-01     1.51831670e+02     3.92515641e-02     2.81787092e-02    -5.10086990e+00   
    5.36000000e+04     2.68000000e+01    -1.85673461e-01     1.69163648e+02     4.37322317e-02     2.81787092e-02    -5.10151933e+00   
    5.38000000e+04     2.69000000e+01    -1.85683341e-01     1.49254196e+02     3.85852348e-02     2.81787092e-02    -5.10146356e+00   
    5.40000000e+04     2.70000000e+01    -1.85678419e-01     6.97449111e+01     1.80304731e-02     2.81787092e-02    -5.10147020e+00   
    5.42000000e+04     2.71000000e+01    -1.85675069e-01     1.00415171e+02     2.59593568e-02     2.81787092e-02    -5.09972035e+00   
    5.44000000e+04     2.72000000e+01    -1.85677604e-01     1.09852359e+02     2.83990613e-02     2.81787092e-02    -5.10110187e+00   
    5.46000000e+04     2.73000000e+01    -1.85678622e-01     7.29797260e+01     1.88667383e-02     2.81787092e-02    -5.10161282e+00   
    5.48000000e+04     2.74000000e+01    -1.85663633e-01     5.24963515e+01     1.35713709e-02     2.81787092e-02    -5.09377814e+00   
    5.50000000e+04     2.75000000e+01    -1.85671738e-01     7.51177150e+01     1.94194518e-02     2.81787092e-02    -5.10023688e+00   
    5.52000000e+04     2.76000000e+01    -1.85662415e-01     1.43481530e+02     3.70928836e-02     2.81787092e-02    -5.09192030e+00   
    5.54000000e+04     2.77000000e+01    -1.85668306e-01     1.21373177e+02     3.13774263e-02     2.81787092e-02    -5.09565726e+00   
    5.56000000e+04     2.78000000e+01    -1.85670255e-01     4.06102071e+01     1.04985616e-02     2.81787092e-02    -5.09921785e+00   
    5.58000000e+04     2.79000000e+01    -1.85672143e-01     8.32733277e+01     2.15278430e-02     2.81787092e-02    -5.10156597e+00   
    5.60000000e+04     2.80000000e+01    -1.85669492e-01     1.69635255e+02     4.38541515e-02     2.81787092e-02    -5.10050623e+00   
    5.62000000e+04     2.81000000e+01    -1.85669205e-01     8.51333576e+01     2.20086984e-02     2.81787092e-02    -5.10042830e+00   
    5.64000000e+04     2.82000000e+01    -1.85667563e-01     1.58521708e+02     4.09810745e-02     2.81787092e-02    -5.10157481e+00   
    5.66000000e+04     2.83000000e+01    -1.85669571e-01     6.33547852e+01     1.63784960e-02     2.81787092e-02    -5.10165944e+00   
    5.68000000e+04     2.84000000e+01    -1.85655105e-01     9.21753245e+01     2.38291896e-02     2.81787092e-02    -5.09324468e+00   
    5.70000000e+04     2.85000000e+01    -1.85661973e-01     3.66070833e+01     9.46367297e-03     2.81787092e-02    -5.10124267e+00   
    5.72000000e+04     2.86000000e+01    -1.85657521e-01     1.59792376e+02     4.13095679e-02     2.81787092e-02    -5.09831315e+00   
    5.74000000e+04     2.87000000e+01    -1.85660689e-01     8.12202518e+01     2.09970813e-02     2.81787092e-02    -5.10137731e+00   
    5.76000000e+04     2.88000000e+01    -1.85656256e-01     2.42342672e+01     6.26504925e-03     2.81787092e-02    -5.09777416e+00   
    5.78000000e+04     2.89000000e+01    -1.85655809e-01     3.57717299e+01     9.24771718e-03     2.81787092e-02    -5.09886956e+00   
    5.80000000e+04     2.90000000e+01    -1.85661563e-01     6.60533176e+01     1.70761214e-02     2.81787092e-02    -5.10159013e+00   
    5.82000000e+04     2.91000000e+01    -1.85656913e-01     5.49381534e+01     1.42026261e-02     2.81787092e-02    -5.10081545e+00   
    5.84000000e+04     2.92000000e+01    -1.85664008e-01     2.18476493e+02     5.64806016e-02     2.81787092e-02    -5.09929698e+00   
    5.86000000e+04     2.93000000e+01    -1.85665308e-01     4.95848162e+01     1.28186800e-02     2.81787092e-02    -5.09655537e+00   
    5.88000000e+04     2.94000000e+01    -1.85670717e-01     1.53085849e+02     3.95757947e-02     2.81787092e-02    -5.10148709e+00   
    5.90000000e+04     2.95000000e+01    -1.85660063e-01     6.36675074e+01     1.64593411e-02     2.81787092e-02    -5.09303580e+00   
    5.92000000e+04     2.96000000e+01    -1.85665334e-01     2.38825781e+02     6.17413049e-02     2.81787092e-02    -5.09962348e+00   
    5.94000000e+04     2.97000000e+01    -1.85664763e-01     5.31601582e+01     1.37429783e-02     2.81787092e-02    -5.09853237e+00   
    5.96000000e+04     2.98000000e+01    -1.85654536e-01     1.66935312e+02     4.31561617e-02     2.81787092e-02    -5.09066238e+00   
    5.98000000e+04     2.99000000e+01    -1.85669717e-01     1.61159846e+02     4.16630864e-02     2.81787092e-02    -5.10105310e+00   
    6.00000000e+04     3.00000000e+01    -1.85661455e-01     7.59930421e+01     1.96457416e-02     2.81787092e-02    -5.09376507e+00   
    6.02000000e+04     3.01000000e+01    -1.85655681e-01     2.84858497e+01     7.36416950e-03     2.81787092e-02    -5.08956647e+00   
    6.04000000e+04     3.02000000e+01    -1.85665730e-01     9.34111054e+01     2.41486640e-02     2.81787092e-02    -5.10029666e+00   
    6.06000000e+04     3.03000000e+01    -1.85662512e-01     8.36720035e+01     2.16309088e-02     2.81787092e-02    -5.09942349e+00   
    6.08000000e+04     3.04000000e+01    -1.85663587e-01     1.69255774e+02     4.37560480e-02     2.81787092e-02    -5.09927652e+00   
    6.10000000e+04     3.05000000e+01    -1.85663466e-01     1.50271158e+02     3.88481399e-02     2.81787092e-02    -5.09801424e+00   
    6.12000000e+04     3.06000000e+01    -1.85663439e-01     2.20197941e+02     5.69256308e-02     2.81787092e-02    -5.09745736e+00   
    6.14000000e+04     3.07000000e+01    -1.85668218e-01     9.63904081e+01     2.49188741e-02     2.81787092e-02    -5.10167592e+00   
    6.16000000e+04     3.08000000e+01    -1.85670361e-01     2.64923253e+02     6.84880302e-02     2.81787092e-02    -5.10172879e+00   
    6.18000000e+04     3.09000000e+01    -1.85667589e-01     1.33444757e+02     3.44981742e-02     2.81787092e-02    -5.10131642e+00   
    6.20000000e+04     3.10000000e+01    -1.85655829e-01     7.74568859e+01     2.00241749e-02     2.81787092e-02    -5.09440039e+00   
    6.22000000e+04     3.11000000e+01    -1.85660103e-01     8.37632879e+01     2.16545076e-02     2.81787092e-02    -5.09923073e+00   
    6.24000000e+04     3.12000000e+01    -1.85662498e-01     8.58896414e+01     2.22042131e-02     2.81787092e-02    -5.10154656e+00   
    6.26000000e+04     3.13000000e+01    -1.85661475e-01     1.12726204e+02     2.91420085e-02     2.81787092e-02    -5.09701856e+00   
    6.28000000e+04     3.14000000e+01    -1.85664627e-01     7.51228950e+01     1.94207909e-02     2.81787092e-02    -5.10082574e+00   
    6.30000000e+04     3.15000000e+01    -1.85632519e-01     1.34798500e+02     3.48481444e-02     2.81787092e-02    -5.07273471e+00   
    6.32000000e+04     3.16000000e+01    -1.85666158e-01     1.38398531e+02     3.57788254e-02     2.81787092e-02    -5.10169069e+00   
    6.34000000e+04     3.17000000e+01    -1.85654303e-01     1.16621263e+02     3.01489600e-02     2.81787092e-02    -5.09573278e+00   
    6.36000000e+04     3.18000000e+01    -1.85664111e-01     1.05561016e+02     2.72896622e-02     2.81787092e-02    -5.10011305e+00   
    6.38000000e+04     3.19000000e+01    -1.85664499e-01     8.25130720e+01     2.13313015e-02     2.81787092e-02    -5.09945048e+00   
    6.40000000e+04     3.20000000e+01    -1.85661330e-01     1.11785406e+02     2.88987931e-02     2.81787092e-02    -5.09623949e+00   
    6.42000000e+04     3.21000000e+01    -1.85670055e-01     2.74507010e+02     7.09656258e-02     2.81787092e-02    -5.10145198e+00   
    6.44000000e+04     3.22000000e+01    -1.85664016e-01     2.43034596e+02     6.28293688e-02     2.81787092e-02    -5.09703581e+00   
    6.46000000e+04     3.23000000e+01    -1.85670289e-01     8.42970568e+01     2.17924977e-02     2.81787092e-02    -5.10093872e+00   
    6.48000000e+04     3.24000000e+01    -1.85647529e-01     9.67370231e+01     2.50084811e-02     2.81787092e-02    -5.08247624e+00   
    6.50000000e+04     3.25000000e+01    -1.85674571e-01     6.71870109e+01     1.73692040e-02     2.81787092e-02    -5.10140026e+00   
    6.52000000e+04     3.26000000e+01    -1.85669259e-01     2.18392449e+02     5.64588745e-02     2.81787092e-02    -5.09959476e+00   
    6.54000000e+04     3.27000000e+01    -1.85653378e-01     1.80155028e+02     4.65737261e-02     2.81787092e-02    -5.08081521e+00   
    6.56000000e+04     3.28000000e+01    -1.85671515e-01     1.36657942e+02     3.53288477e-02     2.81787092e-02    -5.10117882e+00   
    6.58000000e+04     3.29000000e+01    -1.85676412e-01     4.63093358e+01     1.19719019e-02     2.81787092e-02    -5.10156531e+00   
    6.60000000e+04     3.30000000e+01    -1.85678026e-01     1.02153196e+02     2.64086715e-02     2.81787092e-02    -5.09878954e+00   
    6.62000000e+04     3.31000000e+01    -1.85689680e-01     1.02820283e+02     2.65811272e-02     2.81787092e-02    -5.09965956e+00   
    6.64000000e+04     3.32000000e+01    -1.85690853e-01     3.16423750e+01     8.18019525e-03     2.81787092e-02    -5.09988855e+00   
    6.66000000e+04     3.33000000e+01    -1.85692219e-01     1.56655350e+02     4.04985831e-02     2.81787092e-02    -5.10133013e+00   
    6.68000000e+04     3.34000000e+01    -1.85689926e-01     1.57423622e+02     4.06971970e-02     2.81787092e-02    -5.09809608e+00   
    6.70000000e+04     3.35000000e+01    -1.85687780e-01     1.52898932e+02     3.95274728e-02     2.81787092e-02    -5.10156425e+00   
    6.72000000e+04     3.36000000e+01    -1.85666228e-01     4.09682212e+01     1.05911155e-02     2.81787092e-02    -5.08595636e+00   
    6.74000000e+04     3.37000000e+01    -1.85680416e-01     1.25195491e+02     3.23655718e-02     2.81787092e-02    -5.09947926e+00   
    6.76000000e+04     3.38000000e+01    -1.85675417e-01     6.58399647e+01     1.70209653e-02     2.81787092e-02    -5.09884952e+00   
    6.78000000e+04     3.39000000e+01    -1.85682718e-01     8.75618696e+01     2.26365180e-02     2.81787092e-02    -5.09898599e+00   
    6.80000000e+04     3.40000000e+01    -1.85686403e-01     1.75754941e+01     4.54362144e-03     2.81787092e-02    -5.10135303e+00   
    6.82000000e+04     3.41000000e+01    -1.85682669e-01     3.84525008e+01     9.94075079e-03     2.81787092e-02    -5.09754785e+00   
    6.84000000e+04     3.42000000e+01    -1.85669085e-01     3.58460817e+02     9.26693865e-02     2.81787092e-02    -5.08846509e+00   
    6.86000000e+04     3.43000000e+01    -1.85684220e-01     9.04433955e+01     2.33814508e-02     2.81787092e-02    -5.09425991e+00   
    6.88000000e+04     3.44000000e+01    -1.85695925e-01     1.69474782e+02     4.38126661e-02     2.81787092e-02    -5.10073828e+00   
    6.90000000e+04     3.45000000e+01    -1.85697222e-01     2.60780266e+01     6.74169841e-03     2.81787092e-02    -5.09975203e+00   
    6.92000000e+04     3.46000000e+01    -1.85697248e-01     9.91542657e+01     2.56333873e-02     2.81787092e-02    -5.10121719e+00   
    6.94000000e+04     3.47000000e+01    -1.85694640e-01     1.36955664e+02     3.54058150e-02     2.81787092e-02    -5.09929027e+00   
    6.96000000e+04     3.48000000e+01    -1.85690054e-01     1.47793967e+02     3.82077360e-02     2.81787092e-02    -5.09207213e+00   
    6.98000000e+04     3.49000000e+01    -1.85698067e-01     1.39464364e+02     3.60543646e-02     2.81787092e-02    -5.09816299e+00   
    7.00000000e+04     3.50000000e+01    -1.85689440e-01     3.09298539e+02     7.99599412e-02     2.81787092e-02    -5.09360712e+00   
    7.02000000e+04     3.51000000e+01    -1.85672888e-01     6.85278088e+01     1.77158275e-02     2.81787092e-02    -5.06988964e+00   
    7.04000000e+04     3.52000000e+01    -1.85700622e-01     3.56042597e+01     9.20442275e-03     2.81787092e-02    -5.09186243e+00   
    7.06000000e+04     3.53000000e+01    -1.85700888e-01     4.81965968e+01     1.24597971e-02     2.81787092e-02    -5.08928921e+00   
    7.08000000e+04     3.54000000e+01    -1.85711324e-01     9.75699381e+01     2.52238065e-02     2.81787092e-02    -5.10077860e+00   
    7.10000000e+04     3.55000000e+01    -1.85714157e-01     5.43165428e+01     1.40419272e-02     2.81787092e-02    -5.10157913e+00   
    7.12000000e+04     3.56000000e+01    -1.85703304e-01     7.81730141e+01     2.02093085e-02     2.81787092e-02    -5.09390897e+00   
    7.14000000e+04     3.57000000e+01    -1.85705337e-01     8.78873053e+01     2.27206497e-02     2.81787092e-02    -5.09806061e+00   
    7.16000000e+04     3.58000000e+01    -1.85697565e-01     4.02069249e+01     1.03943050e-02     2.81787092e-02    -5.09737636e+00   
    7.18000000e+04     3.59000000e+01    -1.85703724e-01     8.72407837e+01     2.25535108e-02     2.81787092e-02    -5.10019556e+00   
    7.20000000e+04     3.60000000e+01    -1.85689665e-01     3.73142484e+01     9.64648948e-03     2.81787092e-02    -5.08674290e+00   
    7.22000000e+04     3.61000000e+01    -1.85703884e-01     8.67932783e+01     2.24378215e-02     2.81787092e-02    -5.10164035e+00   
    7.24000000e+04     3.62000000e+01    -1.85700832e-01     4.67810079e+01     1.20938387e-02     2.81787092e-02    -5.09973506e+00   
    7.26000000e+04     3.63000000e+01    -1.85701892e-01     4.95083271e+01     1.27989060e-02     2.81787092e-02    -5.09970794e+00   
    7.28000000e+04     3.64000000e+01    -1.85688054e-01     1.36496346e+02     3.52870718e-02     2.81787092e-02    -5.09067779e+00   
    7.30000000e+04     3.65000000e+01    -1.85703831e-01     9.84761367e+01     2.54580772e-02     2.81787092e-02    -5.10028585e+00   
    7.32000000e+04     3.66000000e+01    -1.85683218e-01     2.03343844e+01     5.25685050e-03     2.81787092e-02    -5.09055120e+00   
    7.34000000e+04     3.67000000e+01    -1.85691852e-01     9.44480647e+01     2.44167390e-02     2.81787092e-02    -5.10149303e+00   
    7.36000000e+04     3.68000000e+01    -1.85687803e-01     1.31894849e+02     3.40974918e-02     2.81787092e-02    -5.09903227e+00   
    7.38000000e+04     3.69000000e+01    -1.85683078e-01     8.16915330e+01     2.11189170e-02     2.81787092e-02    -5.09763128e+00   
    7.40000000e+04     3.70000000e+01    -1.85683523e-01     2.26912911e+02     5.86615865e-02     2.81787092e-02    -5.09974607e+00   
    7.42000000e+04     3.71000000e+01    -1.85684353e-01     1.39942677e+02     3.61780183e-02     2.81787092e-02    -5.10008633e+00   
    7.44000000e+04     3.72000000e+01    -1.85685833e-01     1.65620572e+02     4.28162748e-02     2.81787092e-02    -5.10169596e+00   
    7.46000000e+04     3.73000000e+01    -1.85681281e-01     4.47187158e+01     1.15606944e-02     2.81787092e-02    -5.09817058e+00   
    7.48000000e+04     3.74000000e+01    -1.85682500e-01     1.00775147e+02     2.60524180e-02     2.81787092e-02    -5.09858152e+00   
    7.50000000e+04     3.75000000e+01    -1.85687162e-01     5.82313853e+01     1.50539933e-02     2.81787092e-02    -5.10171713e+00   
    7.52000000e+04     3.76000000e+01    -1.85686302e-01     3.38675149e+01     8.75543903e-03     2.81787092e-02    -5.10059627e+00   
    7.54000000e+04     3.77000000e+01    -1.85688647e-01     2.01024287e+02     5.19688525e-02     2.81787092e-02    -5.10095020e+00   
    7.56000000e+04     3.78000000e+01    -1.85667457e-01     1.39578357e+02     3.60838343e-02     2.81787092e-02    -5.08297970e+00   
    7.58000000e+04     3.79000000e+01    -1.85681969e-01     3.40171166e+01     8.79411410e-03     2.81787092e-02    -5.09521862e+00   
    7.60000000e+04     3.80000000e+01    -1.85689061e-01     5.23089904e+01     1.35229342e-02     2.81787092e-02    -5.10108379e+00   
    7.62000000e+04     3.81000000e+01    -1.85687006e-01     6.57774044e+01     1.70047922e-02     2.81787092e-02    -5.10161682e+00   
    7.64000000e+04     3.82000000e+01    -1.85686242e-01     8.48515515e+01     2.19358458e-02     2.81787092e-02    -5.10172023e+00   
    7.66000000e+04     3.83000000e+01    -1.85679657e-01     7.69766365e+01     1.99000207e-02     2.81787092e-02    -5.09687173e+00   
    7.68000000e+04     3.84000000e+01    -1.85671801e-01     8.35259775e+01     2.15931581e-02     2.81787092e-02    -5.09078417e+00   
    7.70000000e+04     3.85000000e+01    -1.85686892e-01     1.01807160e+02     2.63192142e-02     2.81787092e-02    -5.10035696e+00   
    7.72000000e+04     3.86000000e+01    -1.85676239e-01     7.31439965e+01     1.89092056e-02     2.81787092e-02    -5.09076207e+00   
    7.74000000e+04     3.87000000e+01    -1.85688200e-01     5.49552652e+01     1.42070499e-02     2.81787092e-02    -5.10072398e+00   
    7.76000000e+04     3.88000000e+01    -1.85688479e-01     2.98316286e+02     7.71208060e-02     2.81787092e-02    -5.10098847e+00   
    7.78000000e+04     3.89000000e+01    -1.85682495e-01     1.35503103e+02     3.50302984e-02     2.81787092e-02    -5.09562576e+00   
    7.80000000e+04     3.90000000e+01    -1.85682826e-01     2.34260660e+01     6.05611285e-03     2.81787092e-02    -5.10171714e+00   
    7.82000000e+04     3.91000000e+01    -1.85673429e-01     1.38476341e+02     3.57989408e-02     2.81787092e-02    -5.09516245e+00   
    7.84000000e+04     3.92000000e+01    -1.85679275e-01     5.91512380e+01     1.52917939e-02     2.81787092e-02    -5.10062319e+00   
    7.86000000e+04     3.93000000e+01    -1.85679341e-01     7.95624045e+01     2.05684941e-02     2.81787092e-02    -5.10143286e+00   
    7.88000000e+04     3.94000000e+01    -1.85678165e-01     5.23403454e+01     1.35310401e-02     2.81787092e-02    -5.09955649e+00   
    7.90000000e+04     3.95000000e+01    -1.85672089e-01     1.68111047e+02     4.34601128e-02     2.81787092e-02    -5.09365151e+00   
    7.92000000e+04     3.96000000e+01    -1.85670926e-01     1.06231942e+02     2.74631100e-02     2.81787092e-02    -5.09480398e+00   
    7.94000000e+04     3.97000000e+01    -1.85668293e-01     1.06795094e+02     2.76086962e-02     2.81787092e-02    -5.09518448e+00   
    7.96000000e+04     3.98000000e+01    -1.85674920e-01     2.07558961e+02     5.36581983e-02     2.81787092e-02    -5.10052831e+00   
    7.98000000e+04     3.99000000e+01    -1.85675258e-01     1.53912784e+02     3.97895740e-02     2.81787092e-02    -5.10153881e+00   
    8.00000000e+04     4.00000000e+01    -1.85669393e-01     1.65373979e+02     4.27525254e-02     2.81787092e-02    -5.09569176e+00   
    8.02000000e+04     4.01000000e+01    -1.85676364e-01     1.45224106e+02     3.75433748e-02     2.81787092e-02    -5.10168967e+00   
    8.04000000e+04     4.02000000e+01    -1.85673416e-01     1.63656852e+02     4.23086133e-02     2.81787092e-02    -5.09897623e+00   
    8.06000000e+04     4.03000000e+01    -1.85676998e-01     2.65851563e+02     6.87280174e-02     2.81787092e-02    -5.10071325e+00   
    8.08000000e+04     4.04000000e+01    -1.85668007e-01     4.10820527e+01     1.06205433e-02     2.81787092e-02    -5.09868931e+00   
    8.10000000e+04     4.05000000e+01    -1.85663673e-01     9.81065635e+01     2.53625351e-02     2.81787092e-02    -5.09661409e+00   
    8.12000000e+04     4.06000000e+01    -1.85669426e-01     1.83991670e+02     4.75655759e-02     2.81787092e-02    -5.09716025e+00   
    8.14000000e+04     4.07000000e+01    -1.85671310e-01     6.50140189e+01     1.68074416e-02     2.81787092e-02    -5.10042252e+00   
    8.16000000e+04     4.08000000e+01    -1.85664278e-01     2.52876949e+02     6.53738165e-02     2.81787092e-02    -5.09866134e+00   
    8.18000000e+04     4.09000000e+01    -1.85655066e-01     1.47751017e+02     3.81966324e-02     2.81787092e-02    -5.10105852e+00   
    8.20000000e+04     4.10000000e+01    -1.85657771e-01     9.83927718e+01     2.54365257e-02     2.81787092e-02    -5.10098461e+00   
    8.22000000e+04     4.11000000e+01    -1.85659426e-01     4.28073597e+01     1.10665701e-02     2.81787092e-02    -5.10065868e+00   
    8.24000000e+04     4.12000000e+01    -1.85644982e-01     5.95602462e+01     1.53975308e-02     2.81787092e-02    -5.08812999e+00   
    8.26000000e+04     4.13000000e+01    -1.85664416e-01     6.69082496e+01     1.72971386e-02     2.81787092e-02    -5.10104262e+00   
    8.28000000e+04     4.14000000e+01    -1.85659877e-01     1.22364121e+02     3.16336055e-02     2.81787092e-02    -5.09737951e+00   
    8.30000000e+04     4.15000000e+01    -1.85653793e-01     1.77858706e+02     4.59800802e-02     2.81787092e-02    -5.09371826e+00   
    8.32000000e+04     4.16000000e+01    -1.85663638e-01     1.19820152e+02     3.09759377e-02     2.81787092e-02    -5.10089207e+00   
    8.34000000e+04     4.17000000e+01    -1.85655685e-01     2.24074864e+02     5.79278939e-02     2.81787092e-02    -5.09095506e+00   
    8.36000000e+04     4.18000000e+01    -1.85662800e-01     1.05644957e+02     2.73113625e-02     2.81787092e-02    -5.10152844e+00   
    8.38000000e+04     4.19000000e+01    -1.85667991e-01     1.03959295e+02     2.68755847e-02     2.81787092e-02    -5.10132623e+00   
    8.40000000e+04     4.20000000e+01    -1.85665366e-01     1.30869852e+02     3.38325091e-02     2.81787092e-02    -5.09975723e+00   
    8.42000000e+04     4.21000000e+01    -1.85664848e-01     1.92640555e+02     4.98014879e-02     2.81787092e-02    -5.10157685e+00   
    8.44000000e+04     4.22000000e+01    -1.85668260e-01     7.86177092e+01     2.03242713e-02     2.81787092e-02    -5.10169135e+00   
    8.46000000e+04     4.23000000e+01    -1.85666267e-01     3.67330448e+01     9.49623658e-03     2.81787092e-02    -5.10084960e+00   
    8.48000000e+04     4.24000000e+01    -1.85653939e-01     6.35329439e+01     1.64245537e-02     2.81787092e-02    -5.09136691e+00   
    8.50000000e+04     4.25000000e+01    -1.85656266e-01     1.88529078e+02     4.87385877e-02     2.81787092e-02    -5.09000173e+00   
    8.52000000e+04     4.26000000e+01    -1.85668201e-01     1.05257749e+02     2.72112614e-02     2.81787092e-02    -5.10134025e+00   
    8.54000000e+04     4.27000000e+01    -1.85666416e-01     7.74309899e+01     2.00174802e-02     2.81787092e-02    -5.09454696e+00   
    8.56000000e+04     4.28000000e+01    -1.85670784e-01     8.33858480e+01     2.15569318e-02     2.81787092e-02    -5.09902479e+00   
    8.58000000e+04     4.29000000e+01    -1.85671217e-01     4.00326591e+01     1.03492537e-02     2.81787092e-02    -5.10084270e+00   
    8.60000000e+04     4.30000000e+01    -1.85672397e-01     1.65873375e+02     4.28816292e-02     2.81787092e-02    -5.10159735e+00   
    8.62000000e+04     4.31000000e+01    -1.85671884e-01     8.41950217e+01     2.17661196e-02     2.81787092e-02    -5.10068930e+00   
    8.64000000e+04     4.32000000e+01    -1.85671172e-01     8.04581393e+01     2.08000597e-02     2.81787092e-02    -5.09556537e+00   
    8.66000000e+04     4.33000000e+01    -1.85671488e-01     3.21467346e+01     8.31058243e-03     2.81787092e-02    -5.10167329e+00   
    8.68000000e+04     4.34000000e+01    -1.85673553e-01     1.18020679e+02     3.05107375e-02     2.81787092e-02    -5.10172199e+00   
    8.70000000e+04     4.35000000e+01    -1.85671861e-01     1.10492155e+02     2.85644616e-02     2.81787092e-02    -5.10111806e+00   
    8.72000000e+04     4.36000000e+01    -1.85675298e-01     1.00378756e+02     2.59499428e-02     2.81787092e-02    -5.10138771e+00   
    8.74000000e+04     4.37000000e+01    -1.85676124e-01     3.69864154e+01     9.56173802e-03     2.81787092e-02    -5.10154800e+00   
    8.76000000e+04     4.38000000e+01    -1.85678185e-01     2.89827742e+01     7.49263455e-03     2.81787092e-02    -5.10087745e+00   
    8.78000000e+04     4.39000000e+01    -1.85673483e-01     7.38166800e+01     1.90831079e-02     2.81787092e-02    -5.09459107e+00   
    8.80000000e+04     4.40000000e+01    -1.85670511e-01     9.06727950e+01     2.34407553e-02     2.81787092e-02    -5.09850552e+00   
    8.82000000e+04     4.41000000e+01    -1.85666317e-01     9.33721531e+01     2.41385940e-02     2.81787092e-02    -5.09739852e+00   
    8.84000000e+04     4.42000000e+01    -1.85670810e-01     3.92819203e+01     1.01551725e-02     2.81787092e-02    -5.09904003e+00   
    8.86000000e+04     4.43000000e+01    -1.85668737e-01     1.70638813e+02     4.41135917e-02     2.81787092e-02    -5.10090521e+00   
    8.88000000e+04     4.44000000e+01    -1.85654286e-01     1.62290393e+02     4.19553559e-02     2.81787092e-02    -5.09087009e+00   
    8.90000000e+04     4.45000000e+01    -1.85661192e-01     2.05176351e+02     5.30422452e-02     2.81787092e-02    -5.09541097e+00   
    8.92000000e+04     4.46000000e+01    -1.85660968e-01     9.24014850e+01     2.38876567e-02     2.81787092e-02    -5.09183292e+00   
    8.94000000e+04     4.47000000e+01    -1.85669875e-01     6.33572790e+01     1.63791407e-02     2.81787092e-02    -5.10060460e+00   
    8.96000000e+04     4.48000000e+01    -1.85670033e-01     8.37849740e+01     2.16601139e-02     2.81787092e-02    -5.10070576e+00   
    8.98000000e+04     4.49000000e+01    -1.85671504e-01     8.49511730e+01     2.19616000e-02     2.81787092e-02    -5.10127309e+00   
    9.00000000e+04     4.50000000e+01    -1.85667025e-01     6.94553735e+01     1.79556218e-02     2.81787092e-02    -5.09617242e+00   
    9.02000000e+04     4.51000000e+01    -1.85672448e-01     1.20450669e+02     3.11389393e-02     2.81787092e-02    -5.10160295e+00   
    9.04000000e+04     4.52000000e+01    -1.85661322e-01     1.06346919e+02     2.74928339e-02     2.81787092e-02    -5.10159922e+00   
    9.06000000e+04     4.53000000e+01    -1.85661906e-01     1.00131252e+02     2.58859582e-02     2.81787092e-02    -5.10056137e+00   
    9.08000000e+04     4.54000000e+01    -1.85660871e-01     6.11661208e+01     1.58126819e-02     2.81787092e-02    -5.09644559e+00   
    9.10000000e+04     4.55000000e+01    -1.85667814e-01     1.76624304e+02     4.56609623e-02     2.81787092e-02    -5.09902177e+00   
    9.12000000e+04     4.56000000e+01    -1.85657024e-01     1.60492964e+02     4.14906840e-02     2.81787092e-02    -5.09314633e+00   
    9.14000000e+04     4.57000000e+01    -1.85662059e-01     9.25122000e+01     2.39162787e-02     2.81787092e-02    -5.10039405e+00   
    9.16000000e+04     4.58000000e+01    -1.85657839e-01     1.88361540e+01     4.86952759e-03     2.81787092e-02    -5.09579272e+00   
    9.18000000e+04     4.59000000e+01    -1.85662406e-01     1.38602933e+02     3.58316673e-02     2.81787092e-02    -5.10156924e+00   
    9.20000000e+04     4.60000000e+01    -1.85649255e-01     7.07727323e+01     1.82961857e-02     2.81787092e-02    -5.08936409e+00   
    9.22000000e+04     4.61000000e+01    -1.85657379e-01     2.32146921e+02     6.00146842e-02     2.81787092e-02    -5.10159180e+00   
    9.24000000e+04     4.62000000e+01    -1.85638699e-01     1.04815761e+02     2.70969986e-02     2.81787092e-02    -5.08525321e+00   
    9.26000000e+04     4.63000000e+01    -1.85661639e-01     2.58901894e+02     6.69313871e-02     2.81787092e-02    -5.10168273e+00   
    9.28000000e+04     4.64000000e+01    -1.85657699e-01     3.93963489e+01     1.01847547e-02     2.81787092e-02    -5.09965674e+00   
    9.30000000e+04     4.65000000e+01    -1.85657642e-01     3.35329256e+01     8.66894092e-03     2.81787092e-02    -5.09457031e+00   
    9.32000000e+04     4.66000000e+01    -1.85666889e-01     5.49936661e+01     1.42169773e-02     2.81787092e-02    -5.10018405e+00   
    9.34000000e+04     4.67000000e+01    -1.85666531e-01     2.63105143e+02     6.80180121e-02     2.81787092e-02    -5.09888947e+00   
    9.36000000e+04     4.68000000e+01    -1.85658861e-01     5.45438796e+01     1.41006984e-02     2.81787092e-02    -5.09500102e+00   
    9.38000000e+04     4.69000000e+01    -1.85666811e-01     8.41125462e+01     2.17447980e-02     2.81787092e-02    -5.10158395e+00   
    9.40000000e+04     4.70000000e+01    -1.85665435e-01     2.85250294e+02     7.37429823e-02     2.81787092e-02    -5.10126592e+00   
    9.42000000e+04     4.71000000e+01    -1.85674678e-01     2.64784223e+01     6.84520883e-03     2.81787092e-02    -5.10066298e+00   
    9.44000000e+04     4.72000000e+01    -1.85678054e-01     2.12282530e+02     5.48793366e-02     2.81787092e-02    -5.10041752e+00   
    9.46000000e+04     4.73000000e+01    -1.85669060e-01     1.24702254e+02     3.22380600e-02     2.81787092e-02    -5.09374058e+00   
    9.48000000e+04     4.74000000e+01    -1.85672301e-01     8.50516143e+01     2.19875661e-02     2.81787092e-02    -5.09928983e+00   
    9.50000000e+04     4.75000000e+01    -1.85662838e-01     1.72950511e+02     4.47112124e-02     2.81787092e-02    -5.08851118e+00   
    9.52000000e+04     4.76000000e+01    -1.85663477e-01     1.52041710e+02     3.93058636e-02     2.81787092e-02    -5.08436226e+00   
    9.54000000e+04     4.77000000e+01    -1.85678462e-01     1.26753175e+02     3.27682647e-02     2.81787092e-02    -5.10103852e+00   
    9.56000000e+04     4.78000000e+01    -1.85685214e-01     1.77347525e+01     4.58479296e-03     2.81787092e-02    -5.10078206e+00   
    9.58000000e+04     4.79000000e+01    -1.85670289e-01     7.04923055e+01     1.82236897e-02     2.81787092e-02    -5.09065087e+00   
    9.60000000e+04     4.80000000e+01    -1.85685925e-01     4.54783736e+01     1.17570813e-02     2.81787092e-02    -5.10171217e+00   
    9.62000000e+04     4.81000000e+01    -1.85686870e-01     3.57552853e+01     9.24346593e-03     2.81787092e-02    -5.10168527e+00   
    9.64000000e+04     4.82000000e+01    -1.85665677e-01     1.04716394e+02     2.70713103e-02     2.81787092e-02    -5.08639132e+00   
    9.66000000e+04     4.83000000e+01    -1.85682041e-01     1.79611220e+02     4.64331407e-02     2.81787092e-02    -5.10105542e+00   
    9.68000000e+04     4.84000000e+01    -1.85682817e-01     2.04130630e+02     5.27719052e-02     2.81787092e-02    -5.10172793e+00   
    9.70000000e+04     4.85000000e+01    -1.85673334e-01     4.19219005e+01     1.08376609e-02     2.81787092e-02    -5.09344281e+00   
    9.72000000e+04     4.86000000e+01    -1.85678211e-01     5.73211996e+01     1.48186919e-02     2.81787092e-02    -5.09597899e+00   
    9.74000000e+04     4.87000000e+01    -1.85682814e-01     5.07804075e+01     1.31277646e-02     2.81787092e-02    -5.10091107e+00   
    9.76000000e+04     4.88000000e+01    -1.85658625e-01     2.30153426e+01     5.94993253e-03     2.81787092e-02    -5.08056975e+00   
    9.78000000e+04     4.89000000e+01    -1.85664772e-01     1.54770502e+02     4.00113117e-02     2.81787092e-02    -5.08969047e+00   
    9.80000000e+04     4.90000000e+01    -1.85682073e-01     1.28460862e+02     3.32097364e-02     2.81787092e-02    -5.10138268e+00   
    9.82000000e+04     4.91000000e+01    -1.85681453e-01     1.72364917e+02     4.45598246e-02     2.81787092e-02    -5.10029294e+00   
    9.84000000e+04     4.92000000e+01    -1.85657148e-01     6.13070008e+01     1.58491023e-02     2.81787092e-02    -5.08383236e+00   
    9.86000000e+04     4.93000000e+01    -1.85682365e-01     1.24364005e+02     3.21506158e-02     2.81787092e-02    -5.10153941e+00   
    9.88000000e+04     4.94000000e+01    -1.85675125e-01     7.20317506e+01     1.86216675e-02     2.81787092e-02    -5.09477518e+00   
    9.90000000e+04     4.95000000e+01    -1.85681117e-01     8.46831572e+01     2.18923125e-02     2.81787092e-02    -5.09989332e+00   
    9.92000000e+04     4.96000000e+01    -1.85662918e-01     3.60241684e+01     9.31297766e-03     2.81787092e-02    -5.08334323e+00   
    9.94000000e+04     4.97000000e+01    -1.85680700e-01     2.08388467e+02     5.38726423e-02     2.81787092e-02    -5.09665159e+00   
    9.96000000e+04     4.98000000e+01    -1.85647575e-01     3.02287763e+01     7.81475135e-03     2.81787092e-02    -5.07662510e+00   
    9.98000000e+04     4.99000000e+01    -1.85677215e-01     9.53572181e+01     2.46517736e-02     2.81787092e-02    -5.09992879e+00   
    1.00000000e+05     5.00000000e+01    -1.85675639e-01     4.87163488e+01     1.25941636e-02     2.81787092e-02    -5.10162426e+00   
