# column   1     --> step : The current simulation time step.
# column   2     --> time{picosecond} : The elapsed simulation time.
# column   3     --> conserved : The value of the conserved energy quantity per bead.
# column   4     --> temperature{kelvin} : The current temperature, as obtained from the MD kinetic energy.
# column   5     --> kinetic_md{electronvolt} : The kinetic energy of the (extended) classical system.
# column   6     --> kinetic_cv{electronvolt} : The centroid-virial quantum kinetic energy of the physical system.
# column   7     --> potential{electronvolt} : The physical system potential energy.
    0.00000000e+00     0.00000000e+00    -1.57679116e-01     9.80414368e+01     8.11062352e-01     2.81787092e-02    -5.10172923e+00   
    2.00000000e+02     5.00000000e-02    -1.57669769e-01     1.21680332e+02     1.00661862e+00     1.04836218e-01    -5.03803397e+00   
    4.00000000e+02     1.00000000e-01    -1.57627159e-01     9.99685948e+01     8.27005053e-01     1.08639962e-01    -4.98972210e+00   
    6.00000000e+02     1.50000000e-01    -1.57666858e-01     1.11691855e+02     9.23987462e-01     1.25469582e-01    -5.02638111e+00   
    8.00000000e+02     2.00000000e-01    -1.57610846e-01     9.90931782e+01     8.19763039e-01     1.69297936e-01    -4.95707282e+00   
    1.00000000e+03     2.50000000e-01    -1.57627305e-01     1.12132674e+02     9.27634208e-01     1.13444611e-01    -5.00875653e+00   
    1.20000000e+03     3.00000000e-01    -1.57632780e-01     9.66495596e+01     7.99547841e-01     1.15729690e-01    -5.00629625e+00   
    1.40000000e+03     3.50000000e-01    -1.57573107e-01     1.21417753e+02     1.00444640e+00     3.83253511e-02    -4.96484130e+00   
    1.60000000e+03     4.00000000e-01    -1.57615414e-01     1.18038445e+02     9.76490571e-01     8.50592668e-02    -5.00778002e+00   
    1.80000000e+03     4.50000000e-01    -1.57654795e-01     9.91642456e+01     8.20350954e-01     7.82202636e-02    -5.03894189e+00   
    2.00000000e+03     5.00000000e-01    -1.57636812e-01     1.00694293e+02     8.33008500e-01     1.15473363e-01    -5.02168783e+00   
    2.20000000e+03     5.50000000e-01    -1.57611974e-01     1.24535042e+02     1.03023464e+00     1.11621937e-01    -5.01058169e+00   
    2.40000000e+03     6.00000000e-01    -1.57584905e-01     1.00805568e+02     8.33929037e-01     1.66460229e-01    -4.95997407e+00   
    2.60000000e+03     6.50000000e-01    -1.57574059e-01     1.18167691e+02     9.77559777e-01     1.16383039e-01    -5.01308786e+00   
    2.80000000e+03     7.00000000e-01    -1.57605378e-01     1.03247603e+02     8.54131139e-01     1.31551275e-01    -5.03694835e+00   
    3.00000000e+03     7.50000000e-01    -1.57597356e-01     1.02272905e+02     8.46067799e-01     9.48220102e-02    -5.02383733e+00   
    3.20000000e+03     8.00000000e-01    -1.57609773e-01     1.11953964e+02     9.26155800e-01     8.54781937e-02    -5.02012532e+00   
    3.40000000e+03     8.50000000e-01    -1.57602472e-01     9.77762242e+01     8.08868341e-01     4.45370210e-02    -5.02860058e+00   
    3.60000000e+03     9.00000000e-01    -1.57613100e-01     9.91452347e+01     8.20193684e-01     8.93370875e-02    -5.03813072e+00   
    3.80000000e+03     9.50000000e-01    -1.57598975e-01     1.23759101e+02     1.02381555e+00     1.03581611e-01    -5.01361809e+00   
    4.00000000e+03     1.00000000e+00    -1.57585692e-01     8.66231631e+01     7.16602986e-01     3.32824093e-02    -4.99184237e+00   
    4.20000000e+03     1.05000000e+00    -1.57602638e-01     1.12595769e+02     9.31465225e-01     1.31226041e-01    -4.96736000e+00   
    4.40000000e+03     1.10000000e+00    -1.57613213e-01     1.10102282e+02     9.10837485e-01     1.08176721e-01    -5.01147431e+00   
    4.60000000e+03     1.15000000e+00    -1.57552489e-01     1.10791406e+02     9.16538370e-01     1.94862043e-01    -4.97253800e+00   
    4.80000000e+03     1.20000000e+00    -1.57504476e-01     9.14191975e+01     7.56278894e-01     1.37286439e-01    -4.99347326e+00   
    5.00000000e+03     1.25000000e+00    -1.57529593e-01     1.00910572e+02     8.34797697e-01     1.09069890e-01    -4.99015783e+00   
    5.20000000e+03     1.30000000e+00    -1.57545696e-01     1.07331509e+02     8.87915858e-01     1.11782139e-01    -4.99304866e+00   
    5.40000000e+03     1.35000000e+00    -1.57542053e-01     9.49875074e+01     7.85798268e-01     1.01622936e-01    -5.03188426e+00   
    5.60000000e+03     1.40000000e+00    -1.57538272e-01     1.18472184e+02     9.80078745e-01     9.58924096e-02    -5.01234731e+00   
    5.80000000e+03     1.45000000e+00    -1.57483294e-01     1.22192826e+02     1.01085830e+00     1.56563945e-01    -4.97669209e+00   
    6.00000000e+03     1.50000000e+00    -1.57485843e-01     1.18136177e+02     9.77299073e-01     7.61456234e-02    -4.99666947e+00   
    6.20000000e+03     1.55000000e+00    -1.57498659e-01     1.09061628e+02     9.02228521e-01     1.51716688e-01    -5.00085367e+00   
    6.40000000e+03     1.60000000e+00    -1.57505387e-01     9.16920245e+01     7.58535895e-01     1.03155149e-01    -5.02947686e+00   
    6.60000000e+03     1.65000000e+00    -1.57522330e-01     9.30548227e+01     7.69809846e-01     8.50172041e-02    -4.99095462e+00   
    6.80000000e+03     1.70000000e+00    -1.57531635e-01     1.04545081e+02     8.64864713e-01     1.16070569e-01    -5.00104464e+00   
    7.00000000e+03     1.75000000e+00    -1.57554217e-01     1.07476314e+02     8.89113779e-01     1.19687965e-01    -5.01432759e+00   
    7.20000000e+03     1.80000000e+00    -1.57510207e-01     1.08014242e+02     8.93563867e-01     9.45772694e-02    -5.03641357e+00   
    7.40000000e+03     1.85000000e+00    -1.57462596e-01     1.20312395e+02     9.95302163e-01     8.47755097e-02    -5.02863640e+00   
    7.60000000e+03     1.90000000e+00    -1.57473827e-01     9.81545403e+01     8.11998018e-01     8.00079311e-02    -5.04059821e+00   
    7.80000000e+03     1.95000000e+00    -1.57497607e-01     1.00590409e+02     8.32149099e-01     8.36680213e-02    -5.00441049e+00   
    8.00000000e+03     2.00000000e+00    -1.57494967e-01     1.10951449e+02     9.17862344e-01     1.23167680e-01    -5.02492788e+00   
    8.20000000e+03     2.05000000e+00    -1.57516925e-01     1.19433042e+02     9.88027582e-01     8.81275302e-02    -5.01401524e+00   
    8.40000000e+03     2.10000000e+00    -1.57500878e-01     1.26773486e+02     1.04875250e+00     1.26193324e-01    -4.99441898e+00   
    8.60000000e+03     2.15000000e+00    -1.57464693e-01     1.01832935e+02     8.42428082e-01     1.37209595e-01    -4.98838336e+00   
    8.80000000e+03     2.20000000e+00    -1.57456663e-01     1.40350543e+02     1.16107072e+00     1.53731392e-01    -4.98284432e+00   
    9.00000000e+03     2.25000000e+00    -1.57427301e-01     1.06571948e+02     8.81632272e-01     1.68179062e-01    -4.98265217e+00   
    9.20000000e+03     2.30000000e+00    -1.57437240e-01     8.99082602e+01     7.43779440e-01     9.11605970e-02    -5.04049714e+00   
    9.40000000e+03     2.35000000e+00    -1.57450154e-01     8.89603180e+01     7.35937448e-01     5.24594119e-02    -5.05840290e+00   
    9.60000000e+03     2.40000000e+00    -1.57388624e-01     1.38337302e+02     1.14441588e+00     1.22435529e-01    -5.00577469e+00   
    9.80000000e+03     2.45000000e+00    -1.57408411e-01     1.00211610e+02     8.29015429e-01     9.75175767e-02    -5.01142667e+00   
    1.00000000e+04     2.50000000e+00    -1.57425166e-01     1.12653981e+02     9.31946796e-01     1.31849222e-01    -5.00326886e+00   
    1.02000000e+04     2.55000000e+00    -1.57467400e-01     1.19293479e+02     9.86873028e-01     7.20982927e-02    -5.04290724e+00   
    1.04000000e+04     2.60000000e+00    -1.57418895e-01     1.14458040e+02     9.46871139e-01     7.68833503e-02    -5.01291814e+00   
    1.06000000e+04     2.65000000e+00    -1.57372194e-01     1.09038154e+02     9.02034333e-01     1.73452638e-01    -4.94595850e+00   
    1.08000000e+04     2.70000000e+00    -1.57397559e-01     1.09069889e+02     9.02296864e-01     1.08499421e-01    -5.01409532e+00   
    1.10000000e+04     2.75000000e+00    -1.57355799e-01     1.13885174e+02     9.42132025e-01     1.77577135e-02    -4.97061446e+00   
    1.12000000e+04     2.80000000e+00    -1.57373607e-01     1.34613682e+02     1.11361168e+00     7.91575300e-02    -5.04367617e+00   
    1.14000000e+04     2.85000000e+00    -1.57380294e-01     1.13523327e+02     9.39138592e-01     7.83485936e-02    -5.02508936e+00   
    1.16000000e+04     2.90000000e+00    -1.57323111e-01     1.04047396e+02     8.60747539e-01     1.49060417e-01    -4.98910960e+00   
    1.18000000e+04     2.95000000e+00    -1.57308131e-01     1.17676867e+02     9.73499363e-01     6.21264270e-02    -5.03694951e+00   
    1.20000000e+04     3.00000000e+00    -1.57251751e-01     1.18330371e+02     9.78905578e-01     1.44055277e-01    -4.98468254e+00   
    1.22000000e+04     3.05000000e+00    -1.57261107e-01     9.67123389e+01     8.00067192e-01     8.52085020e-02    -5.02114575e+00   
    1.24000000e+04     3.10000000e+00    -1.57232957e-01     8.97665808e+01     7.42607377e-01     1.65427370e-01    -4.95418317e+00   
    1.26000000e+04     3.15000000e+00    -1.57306503e-01     8.69877474e+01     7.19619064e-01     8.88844901e-02    -5.03951270e+00   
    1.28000000e+04     3.20000000e+00    -1.57293441e-01     1.03724380e+02     8.58075344e-01     9.54401307e-02    -5.04413224e+00   
    1.30000000e+04     3.25000000e+00    -1.57307286e-01     9.04365715e+01     7.48149974e-01     1.05879152e-01    -5.01659160e+00   
    1.32000000e+04     3.30000000e+00    -1.57273149e-01     1.06267203e+02     8.79111228e-01     1.29801660e-01    -5.01150503e+00   
    1.34000000e+04     3.35000000e+00    -1.57316887e-01     1.07885076e+02     8.92495323e-01     9.60447333e-02    -5.03126334e+00   
    1.36000000e+04     3.40000000e+00    -1.57299631e-01     9.90862502e+01     8.19705726e-01     9.86947567e-02    -5.04890898e+00   
    1.38000000e+04     3.45000000e+00    -1.57295638e-01     9.33233858e+01     7.72031575e-01     1.12859442e-01    -4.98511956e+00   
    1.40000000e+04     3.50000000e+00    -1.57306241e-01     1.04184625e+02     8.61882788e-01     1.35970135e-01    -4.99647832e+00   
    1.42000000e+04     3.55000000e+00    -1.57314525e-01     8.98154478e+01     7.43011636e-01     1.30162926e-01    -4.98865479e+00   
    1.44000000e+04     3.60000000e+00    -1.57329755e-01     1.14202816e+02     9.44759765e-01     1.04276049e-01    -5.02351154e+00   
    1.46000000e+04     3.65000000e+00    -1.57322961e-01     1.03806217e+02     8.58752357e-01     8.90227294e-02    -5.03505021e+00   
    1.48000000e+04     3.70000000e+00    -1.57366186e-01     1.24213027e+02     1.02757072e+00     8.25692524e-02    -5.02775238e+00   
    1.50000000e+04     3.75000000e+00    -1.57351947e-01     1.11873249e+02     9.25488074e-01     1.11886439e-01    -5.00584009e+00   
    1.52000000e+04     3.80000000e+00    -1.57363340e-01     1.08728915e+02     8.99476104e-01     1.45991076e-01    -4.98375112e+00   
    1.54000000e+04     3.85000000e+00    -1.57391857e-01     9.35135269e+01     7.73604544e-01     7.91978171e-02    -5.03847209e+00   
    1.56000000e+04     3.90000000e+00    -1.57350365e-01     1.33222833e+02     1.10210568e+00     1.38241383e-01    -5.01612565e+00   
    1.58000000e+04     3.95000000e+00    -1.57386622e-01     1.14937759e+02     9.50839690e-01     1.19598902e-01    -4.99984358e+00   
    1.60000000e+04     4.00000000e+00    -1.57387069e-01     1.09961537e+02     9.09673153e-01     9.89323009e-02    -5.01597132e+00   
    1.62000000e+04     4.05000000e+00    -1.57350692e-01     1.03594112e+02     8.56997685e-01     1.57876734e-01    -4.97503151e+00   
    1.64000000e+04     4.10000000e+00    -1.57361002e-01     1.17271561e+02     9.70146408e-01     1.85378213e-01    -4.97893808e+00   
    1.66000000e+04     4.15000000e+00    -1.57361656e-01     9.44946469e+01     7.81721005e-01     6.65095281e-02    -5.02073178e+00   
    1.68000000e+04     4.20000000e+00    -1.57378544e-01     1.12889968e+02     9.33899034e-01     9.25915369e-02    -5.02540237e+00   
    1.70000000e+04     4.25000000e+00    -1.57354873e-01     1.09601143e+02     9.06691740e-01     8.80740342e-02    -4.99908537e+00   
    1.72000000e+04     4.30000000e+00    -1.57364893e-01     1.15801510e+02     9.57985195e-01     1.11362622e-01    -5.03174924e+00   
    1.74000000e+04     4.35000000e+00    -1.57368207e-01     1.10223418e+02     9.11839597e-01     7.90499578e-02    -5.03770045e+00   
    1.76000000e+04     4.40000000e+00    -1.57381214e-01     1.21026072e+02     1.00120616e+00     4.82928403e-02    -5.01849287e+00   
    1.78000000e+04     4.45000000e+00    -1.57404903e-01     1.31346152e+02     1.08658056e+00     1.20154759e-01    -4.99659861e+00   
    1.80000000e+04     4.50000000e+00    -1.57420598e-01     1.38760397e+02     1.14791600e+00     1.01424818e-01    -5.04661569e+00   
    1.82000000e+04     4.55000000e+00    -1.57407822e-01     1.10287953e+02     9.12373476e-01     1.06319907e-01    -5.02937687e+00   
    1.84000000e+04     4.60000000e+00    -1.57387735e-01     1.08036671e+02     8.93749408e-01     1.13086529e-01    -5.01491980e+00   
    1.86000000e+04     4.65000000e+00    -1.57346036e-01     1.16164343e+02     9.60986787e-01     1.18732100e-01    -5.01464145e+00   
    1.88000000e+04     4.70000000e+00    -1.57384423e-01     1.19506501e+02     9.88635285e-01     9.58453784e-02    -5.03057105e+00   
    1.90000000e+04     4.75000000e+00    -1.57396328e-01     9.54864452e+01     7.89925804e-01     1.20917577e-01    -4.98101590e+00   
    1.92000000e+04     4.80000000e+00    -1.57379366e-01     1.17721576e+02     9.73869224e-01     6.31415274e-02    -5.03078246e+00   
    1.94000000e+04     4.85000000e+00    -1.57440587e-01     1.17249158e+02     9.69961080e-01     9.61792033e-02    -5.02238596e+00   
    1.96000000e+04     4.90000000e+00    -1.57419106e-01     9.47448002e+01     7.83790436e-01     4.86890143e-02    -4.95106362e+00   
    1.98000000e+04     4.95000000e+00    -1.57481166e-01     1.05779649e+02     8.75077863e-01     1.21050528e-01    -5.01047173e+00   
    2.00000000e+04     5.00000000e+00    -1.57507912e-01     1.20885441e+02     1.00004277e+00     9.05291615e-02    -5.03635078e+00   
    2.02000000e+04     5.05000000e+00    -1.57468017e-01     9.88653616e+01     8.17878392e-01     1.00783678e-01    -5.03358185e+00   
    2.04000000e+04     5.10000000e+00    -1.57457911e-01     1.00507536e+02     8.31463525e-01     1.01050918e-01    -5.01242512e+00   
    2.06000000e+04     5.15000000e+00    -1.57431255e-01     1.24741236e+02     1.03194041e+00     7.83750817e-02    -5.03850835e+00   
    2.08000000e+04     5.20000000e+00    -1.57394778e-01     1.11080957e+02     9.18933719e-01     1.36218770e-01    -4.97573377e+00   
    2.10000000e+04     5.25000000e+00    -1.57390211e-01     1.13782060e+02     9.41278998e-01     1.06572250e-01    -5.01850133e+00   
    2.12000000e+04     5.30000000e+00    -1.57413028e-01     1.19397394e+02     9.87732684e-01     1.80607913e-01    -4.95781865e+00   
    2.14000000e+04     5.35000000e+00    -1.57437191e-01     9.43407744e+01     7.80448072e-01     6.83688560e-02    -5.05126614e+00   
    2.16000000e+04     5.40000000e+00    -1.57350894e-01     9.61492332e+01     7.95408816e-01     1.30766625e-01    -4.98988750e+00   
    2.18000000e+04     5.45000000e+00    -1.57340136e-01     1.17714677e+02     9.73812151e-01     6.85738069e-02    -5.03188540e+00   
    2.20000000e+04     5.50000000e+00    -1.57347627e-01     1.27328346e+02     1.05334266e+00     1.10211868e-01    -5.01908706e+00   
    2.22000000e+04     5.55000000e+00    -1.57365733e-01     1.14050189e+02     9.43497137e-01     1.40624169e-01    -5.01821876e+00   
    2.24000000e+04     5.60000000e+00    -1.57352379e-01     1.08219412e+02     8.95261160e-01     8.91370005e-02    -5.02697220e+00   
    2.26000000e+04     5.65000000e+00    -1.57345255e-01     1.04564075e+02     8.65021846e-01     1.02193275e-01    -5.03201897e+00   
    2.28000000e+04     5.70000000e+00    -1.57312884e-01     9.10753786e+01     7.53434601e-01     1.00245633e-01    -5.02576847e+00   
    2.30000000e+04     5.75000000e+00    -1.57300730e-01     1.05996423e+02     8.76871160e-01     9.77615115e-02    -5.03502771e+00   
    2.32000000e+04     5.80000000e+00    -1.57300707e-01     1.10279783e+02     9.12305892e-01     1.47645265e-01    -5.00171409e+00   
    2.34000000e+04     5.85000000e+00    -1.57357416e-01     1.15958503e+02     9.59283946e-01     9.40749187e-02    -5.02647483e+00   
    2.36000000e+04     5.90000000e+00    -1.57320136e-01     1.15693702e+02     9.57093339e-01     1.11245232e-01    -5.01003590e+00   
    2.38000000e+04     5.95000000e+00    -1.57348256e-01     1.03219789e+02     8.53901038e-01     1.37131790e-01    -5.02505058e+00   
    2.40000000e+04     6.00000000e+00    -1.57322237e-01     1.14524466e+02     9.47420658e-01     1.48746471e-01    -4.98863279e+00   
    2.42000000e+04     6.05000000e+00    -1.57337438e-01     1.11930071e+02     9.25958146e-01     5.28659363e-02    -5.03738044e+00   
    2.44000000e+04     6.10000000e+00    -1.57305956e-01     9.37212104e+01     7.75322638e-01     9.71985070e-02    -5.01314904e+00   
    2.46000000e+04     6.15000000e+00    -1.57282240e-01     1.03720731e+02     8.58045153e-01     1.36335119e-01    -4.99869982e+00   
    2.48000000e+04     6.20000000e+00    -1.57273850e-01     8.77807641e+01     7.26179413e-01     8.54706716e-02    -5.04622341e+00   
    2.50000000e+04     6.25000000e+00    -1.57233155e-01     1.07409104e+02     8.88557774e-01     1.11018841e-01    -5.02642497e+00   
    2.52000000e+04     6.30000000e+00    -1.57257352e-01     8.44967918e+01     6.99012264e-01     8.73918493e-02    -5.01966376e+00   
    2.54000000e+04     6.35000000e+00    -1.57282246e-01     1.10882602e+02     9.17292797e-01     9.64356478e-02    -5.04085057e+00   
    2.56000000e+04     6.40000000e+00    -1.57246222e-01     1.11516436e+02     9.22536286e-01     1.75118542e-01    -4.97678842e+00   
    2.58000000e+04     6.45000000e+00    -1.57259786e-01     1.17115378e+02     9.68854367e-01     1.49209197e-01    -4.99946444e+00   
    2.60000000e+04     6.50000000e+00    -1.57286827e-01     1.19958819e+02     9.92377149e-01     1.14942983e-01    -4.99836716e+00   
    2.62000000e+04     6.55000000e+00    -1.57340093e-01     9.36046768e+01     7.74358596e-01     1.22492034e-01    -5.00829689e+00   
    2.64000000e+04     6.60000000e+00    -1.57302193e-01     1.18703987e+02     9.81996365e-01     1.06475018e-01    -5.00442859e+00   
    2.66000000e+04     6.65000000e+00    -1.57284591e-01     1.02990457e+02     8.52003860e-01     1.42131061e-01    -5.01006031e+00   
    2.68000000e+04     6.70000000e+00    -1.57255644e-01     1.15289894e+02     9.53752780e-01     1.02590333e-01    -5.03106125e+00   
    2.70000000e+04     6.75000000e+00    -1.57252490e-01     1.22774926e+02     1.01567382e+00     1.07703366e-01    -5.01146740e+00   
    2.72000000e+04     6.80000000e+00    -1.57231196e-01     1.21369788e+02     1.00404960e+00     1.02550683e-01    -4.99848996e+00   
    2.74000000e+04     6.85000000e+00    -1.57212870e-01     1.16920464e+02     9.67241913e-01     1.24895773e-01    -4.99041230e+00   
    2.76000000e+04     6.90000000e+00    -1.57245579e-01     9.87906136e+01     8.17260028e-01     1.03333041e-01    -5.02251314e+00   
    2.78000000e+04     6.95000000e+00    -1.57267899e-01     1.06097871e+02     8.77710400e-01     1.03199307e-01    -5.03681257e+00   
    2.80000000e+04     7.00000000e+00    -1.57254982e-01     1.18398835e+02     9.79471953e-01     1.43574474e-01    -4.99343296e+00   
    2.82000000e+04     7.05000000e+00    -1.57262540e-01     8.77902360e+01     7.26257770e-01     1.15249413e-01    -5.00036978e+00   
    2.84000000e+04     7.10000000e+00    -1.57235350e-01     1.18250250e+02     9.78242758e-01     9.79543472e-02    -5.03549987e+00   
    2.86000000e+04     7.15000000e+00    -1.57199426e-01     8.52086020e+01     7.04900820e-01     1.48579363e-01    -4.97910056e+00   
    2.88000000e+04     7.20000000e+00    -1.57194670e-01     1.03237311e+02     8.54045992e-01     1.24421605e-01    -5.02224876e+00   
    2.90000000e+04     7.25000000e+00    -1.57182776e-01     1.22088083e+02     1.00999180e+00     1.43494021e-01    -5.01596277e+00   
    2.92000000e+04     7.30000000e+00    -1.57185665e-01     9.34110480e+01     7.72756773e-01     1.02525141e-01    -5.03097803e+00   
    2.94000000e+04     7.35000000e+00    -1.57162480e-01     1.00557994e+02     8.31880942e-01     1.01600858e-01    -5.02653318e+00   
    2.96000000e+04     7.40000000e+00    -1.57155856e-01     1.08817450e+02     9.00208526e-01     1.23879629e-01    -4.99293277e+00   
    2.98000000e+04     7.45000000e+00    -1.57137043e-01     1.27022722e+02     1.05081434e+00     1.46591856e-01    -4.98195213e+00   
    3.00000000e+04     7.50000000e+00    -1.57129938e-01     1.22941124e+02     1.01704871e+00     1.15325887e-01    -4.96978702e+00   
    3.02000000e+04     7.55000000e+00    -1.57171726e-01     1.23328501e+02     1.02025334e+00     1.25392734e-01    -5.02547182e+00   
    3.04000000e+04     7.60000000e+00    -1.57219734e-01     1.12660240e+02     9.31998572e-01     9.08204198e-02    -5.03980690e+00   
    3.06000000e+04     7.65000000e+00    -1.57218893e-01     1.01580789e+02     8.40342166e-01     8.36415431e-02    -5.02772638e+00   
    3.08000000e+04     7.70000000e+00    -1.57213973e-01     1.04147080e+02     8.61572192e-01     1.69870352e-01    -4.95351175e+00   
    3.10000000e+04     7.75000000e+00    -1.57198970e-01     1.17616860e+02     9.73002948e-01     1.25458302e-01    -5.00256746e+00   
    3.12000000e+04     7.80000000e+00    -1.57182413e-01     1.16059963e+02     9.60123283e-01     1.61132546e-01    -4.96335674e+00   
    3.14000000e+04     7.85000000e+00    -1.57196958e-01     9.21383965e+01     7.62228574e-01     1.39808424e-01    -4.99473465e+00   
    3.16000000e+04     7.90000000e+00    -1.57170135e-01     1.29806018e+02     1.07383957e+00     1.89889102e-01    -4.91428513e+00   
    3.18000000e+04     7.95000000e+00    -1.57195303e-01     1.13745909e+02     9.40979935e-01     1.08894295e-01    -5.01947982e+00   
    3.20000000e+04     8.00000000e+00    -1.57148840e-01     9.09398498e+01     7.52313418e-01     1.27306011e-01    -4.99763730e+00   
    3.22000000e+04     8.05000000e+00    -1.57183513e-01     9.86842170e+01     8.16379847e-01     9.60080895e-02    -5.02606425e+00   
    3.24000000e+04     8.10000000e+00    -1.57184514e-01     9.88222476e+01     8.17521725e-01     1.29707592e-01    -5.01623076e+00   
    3.26000000e+04     8.15000000e+00    -1.57224237e-01     1.12454590e+02     9.30297304e-01     9.64032319e-02    -5.01786612e+00   
    3.28000000e+04     8.20000000e+00    -1.57225981e-01     8.63222457e+01     7.14113602e-01     1.17657834e-01    -5.00615479e+00   
    3.30000000e+04     8.25000000e+00    -1.57261496e-01     9.61584919e+01     7.95485410e-01     1.64237656e-01    -4.98171219e+00   
    3.32000000e+04     8.30000000e+00    -1.57225735e-01     1.05447630e+02     8.72331183e-01     1.48127239e-01    -4.97103527e+00   
    3.34000000e+04     8.35000000e+00    -1.57241151e-01     1.17440671e+02     9.71545395e-01     1.90861315e-01    -4.99489060e+00   
    3.36000000e+04     8.40000000e+00    -1.57215612e-01     1.24578384e+02     1.03059319e+00     2.18840221e-01    -4.91441600e+00   
    3.38000000e+04     8.45000000e+00    -1.57210893e-01     9.66017724e+01     7.99152514e-01     1.37950019e-01    -4.97990658e+00   
    3.40000000e+04     8.50000000e+00    -1.57242573e-01     8.39958431e+01     6.94868091e-01     8.84614088e-02    -5.02636932e+00   
    3.42000000e+04     8.55000000e+00    -1.57206737e-01     1.05255370e+02     8.70740684e-01     2.36824057e-01    -4.97111188e+00   
    3.44000000e+04     8.60000000e+00    -1.57202443e-01     8.68927973e+01     7.18833575e-01     8.72692792e-02    -5.02883935e+00   
    3.46000000e+04     8.65000000e+00    -1.57222461e-01     1.00877070e+02     8.34520546e-01     1.19269135e-01    -5.00589653e+00   
    3.48000000e+04     8.70000000e+00    -1.57254218e-01     1.09818518e+02     9.08490004e-01     8.92589985e-02    -5.03846373e+00   
    3.50000000e+04     8.75000000e+00    -1.57263120e-01     1.16068185e+02     9.60191306e-01     6.78701649e-02    -5.04324244e+00   
    3.52000000e+04     8.80000000e+00    -1.57256294e-01     1.06629376e+02     8.82107352e-01     1.39982515e-01    -5.00208542e+00   
    3.54000000e+04     8.85000000e+00    -1.57175157e-01     1.27608220e+02     1.05565796e+00     1.50410101e-01    -4.96168045e+00   
    3.56000000e+04     8.90000000e+00    -1.57189815e-01     1.16167372e+02     9.61011841e-01     1.65023819e-01    -4.98514371e+00   
    3.58000000e+04     8.95000000e+00    -1.57202427e-01     1.09103742e+02     9.02576916e-01     1.14121301e-01    -5.00116604e+00   
    3.60000000e+04     9.00000000e+00    -1.57256578e-01     1.15673586e+02     9.56926924e-01     1.09687927e-01    -4.99902395e+00   
    3.62000000e+04     9.05000000e+00    -1.57267761e-01     1.15226659e+02     9.53229652e-01     1.01947122e-01    -5.01890273e+00   
    3.64000000e+04     9.10000000e+00    -1.57292588e-01     8.58884084e+01     7.10524619e-01     7.36915032e-02    -5.06641064e+00   
    3.66000000e+04     9.15000000e+00    -1.57277665e-01     1.18854312e+02     9.83239956e-01     1.02847372e-01    -5.02650620e+00   
    3.68000000e+04     9.20000000e+00    -1.57321828e-01     1.28506558e+02     1.06308960e+00     1.00323351e-01    -5.03408875e+00   
    3.70000000e+04     9.25000000e+00    -1.57296388e-01     1.34183850e+02     1.11005584e+00     7.25167781e-02    -4.99826797e+00   
    3.72000000e+04     9.30000000e+00    -1.57291664e-01     1.18203468e+02     9.77855755e-01     1.03958360e-01    -5.00371862e+00   
    3.74000000e+04     9.35000000e+00    -1.57279206e-01     7.68537131e+01     6.35783760e-01     1.22824842e-01    -4.99586012e+00   
    3.76000000e+04     9.40000000e+00    -1.57288454e-01     1.09590300e+02     9.06602036e-01     8.30028811e-02    -5.02022153e+00   
    3.78000000e+04     9.45000000e+00    -1.57290067e-01     8.91469749e+01     7.37481595e-01     9.90261031e-02    -5.03433916e+00   
    3.80000000e+04     9.50000000e+00    -1.57280254e-01     1.18516596e+02     9.80446150e-01     2.05383377e-01    -5.00032605e+00   
    3.82000000e+04     9.55000000e+00    -1.57294001e-01     1.17798945e+02     9.74509276e-01     1.48050793e-01    -4.98449699e+00   
    3.84000000e+04     9.60000000e+00    -1.57326684e-01     9.75461525e+01     8.06965039e-01     1.24779764e-01    -4.96134689e+00   
    3.86000000e+04     9.65000000e+00    -1.57307950e-01     8.58877573e+01     7.10519233e-01     1.32357349e-01    -4.99645845e+00   
    3.88000000e+04     9.70000000e+00    -1.57288817e-01     1.14271263e+02     9.45326000e-01     1.37349828e-01    -5.00480599e+00   
    3.90000000e+04     9.75000000e+00    -1.57293103e-01     1.09434133e+02     9.05310122e-01     8.93483841e-02    -5.02114071e+00   
    3.92000000e+04     9.80000000e+00    -1.57253540e-01     1.15945218e+02     9.59174042e-01     1.00521077e-01    -5.02699655e+00   
    3.94000000e+04     9.85000000e+00    -1.57196666e-01     1.14687528e+02     9.48769616e-01     1.41431269e-01    -4.99943584e+00   
    3.96000000e+04     9.90000000e+00    -1.57198538e-01     1.15015008e+02     9.51478744e-01     1.14691245e-01    -4.99872152e+00   
    3.98000000e+04     9.95000000e+00    -1.57233655e-01     1.09228007e+02     9.03604915e-01     1.31278138e-01    -5.00894853e+00   
    4.00000000e+04     1.00000000e+01    -1.57237468e-01     1.18942290e+02     9.83967765e-01     9.17662345e-02    -5.02870128e+00   
    4.02000000e+04     1.00500000e+01    -1.57197562e-01     1.09380009e+02     9.04862377e-01     1.70435161e-01    -4.97394466e+00   
    4.04000000e+04     1.01000000e+01    -1.57232895e-01     9.86209434e+01     8.15856407e-01     8.54828109e-02    -5.03891518e+00   
    4.06000000e+04     1.01500000e+01    -1.57260763e-01     1.06405219e+02     8.80252983e-01     5.65335300e-02    -5.05411898e+00   
    4.08000000e+04     1.02000000e+01    -1.57234268e-01     1.05023469e+02     8.68822254e-01     1.13784107e-01    -5.02503821e+00   
    4.10000000e+04     1.02500000e+01    -1.57269550e-01     1.03078684e+02     8.52733731e-01     1.21927648e-01    -5.01233219e+00   
    4.12000000e+04     1.03000000e+01    -1.57256522e-01     8.91269584e+01     7.37316005e-01     1.42323299e-01    -4.99410802e+00   
    4.14000000e+04     1.03500000e+01    -1.57327545e-01     9.95837188e+01     8.23821109e-01     6.08013247e-02    -5.03995609e+00   
    4.16000000e+04     1.04000000e+01    -1.57306620e-01     8.92430523e+01     7.38276409e-01     1.48525258e-01    -5.01742942e+00   
    4.18000000e+04     1.04500000e+01    -1.57337542e-01     9.84161886e+01     8.14162542e-01     5.08300406e-02    -5.04706949e+00   
    4.20000000e+04     1.05000000e+01    -1.57325380e-01     1.01647969e+02     8.40897925e-01     1.55733619e-01    -4.98880923e+00   
    4.22000000e+04     1.05500000e+01    -1.57370304e-01     1.05066428e+02     8.69177632e-01     1.05753839e-01    -5.01791279e+00   
    4.24000000e+04     1.06000000e+01    -1.57348570e-01     1.34074348e+02     1.10914996e+00     1.05452994e-01    -5.01996435e+00   
    4.26000000e+04     1.06500000e+01    -1.57354489e-01     9.99558158e+01     8.26899337e-01     1.15680025e-01    -5.00255643e+00   
    4.28000000e+04     1.07000000e+01    -1.57425040e-01     1.18019944e+02     9.76337520e-01     1.68532557e-01    -4.95614814e+00   
    4.30000000e+04     1.07500000e+01    -1.57410575e-01     1.06920279e+02     8.84513893e-01     1.23375406e-01    -5.01367168e+00   
    4.32000000e+04     1.08000000e+01    -1.57391059e-01     1.07701757e+02     8.90978789e-01     1.47891550e-01    -4.99013024e+00   
    4.34000000e+04     1.08500000e+01    -1.57410099e-01     1.15834041e+02     9.58254316e-01     1.07108975e-01    -5.00936521e+00   
    4.36000000e+04     1.09000000e+01    -1.57394236e-01     1.04673005e+02     8.65922985e-01     9.39354380e-02    -4.99624370e+00   
    4.38000000e+04     1.09500000e+01    -1.57442449e-01     1.08620373e+02     8.98578171e-01     1.48258502e-01    -5.01407622e+00   
    4.40000000e+04     1.10000000e+01    -1.57458383e-01     9.69117917e+01     8.01717195e-01     1.42469112e-01    -4.97803222e+00   
    4.42000000e+04     1.10500000e+01    -1.57497094e-01     1.16704853e+02     9.65458236e-01     1.33679901e-01    -4.98213608e+00   
    4.44000000e+04     1.11000000e+01    -1.57494386e-01     1.20015567e+02     9.92846605e-01     9.63366361e-02    -5.03248793e+00   
    4.46000000e+04     1.11500000e+01    -1.57502972e-01     9.19171279e+01     7.60398096e-01     6.89058372e-02    -5.04956998e+00   
    4.48000000e+04     1.12000000e+01    -1.57453892e-01     1.05414733e+02     8.72059038e-01     1.06161553e-01    -5.01554042e+00   
    4.50000000e+04     1.12500000e+01    -1.57435568e-01     1.03086394e+02     8.52797512e-01     9.43489433e-02    -4.98414502e+00   
    4.52000000e+04     1.13000000e+01    -1.57429928e-01     1.29210613e+02     1.06891399e+00     9.92794876e-02    -5.02629052e+00   
    4.54000000e+04     1.13500000e+01    -1.57456929e-01     1.11014532e+02     9.18384209e-01     5.85048335e-02    -5.01413954e+00   
    4.56000000e+04     1.14000000e+01    -1.57464884e-01     9.67369594e+01     8.00270869e-01     1.07803418e-01    -4.99555545e+00   
    4.58000000e+04     1.14500000e+01    -1.57493588e-01     9.12423977e+01     7.54816291e-01     6.62589751e-02    -5.03412572e+00   
    4.60000000e+04     1.15000000e+01    -1.57500378e-01     9.16245141e+01     7.57977406e-01     1.39289296e-01    -5.02844543e+00   
    4.62000000e+04     1.15500000e+01    -1.57482362e-01     1.20594656e+02     9.97637209e-01     1.36883284e-01    -4.98314008e+00   
    4.64000000e+04     1.16000000e+01    -1.57493989e-01     1.15146910e+02     9.52569922e-01     9.12198677e-02    -4.99995263e+00   
    4.66000000e+04     1.16500000e+01    -1.57518551e-01     1.20555891e+02     9.97316522e-01     1.20691877e-01    -5.01119114e+00   
    4.68000000e+04     1.17000000e+01    -1.57563816e-01     1.18840878e+02     9.83128822e-01     9.64678657e-02    -5.04358625e+00   
    4.70000000e+04     1.17500000e+01    -1.57522545e-01     1.28013433e+02     1.05901015e+00     1.28149014e-01    -5.00803928e+00   
    4.72000000e+04     1.18000000e+01    -1.57497045e-01     1.11806323e+02     9.24934419e-01     7.66767195e-02    -5.00813353e+00   
    4.74000000e+04     1.18500000e+01    -1.57456448e-01     1.08080305e+02     8.94110379e-01     4.46148215e-02    -4.98098352e+00   
    4.76000000e+04     1.19000000e+01    -1.57422616e-01     9.97007791e+01     8.24789508e-01     1.13204344e-01    -4.98362320e+00   
    4.78000000e+04     1.19500000e+01    -1.57410568e-01     1.03368178e+02     8.55128610e-01     1.71594388e-01    -4.94681264e+00   
    4.80000000e+04     1.20000000e+01    -1.57422706e-01     1.19428419e+02     9.87989343e-01     9.28927334e-02    -5.04246537e+00   
    4.82000000e+04     1.20500000e+01    -1.57441260e-01     1.10557283e+02     9.14601549e-01     7.76236879e-02    -5.04517183e+00   
    4.84000000e+04     1.21000000e+01    -1.57393249e-01     1.13664608e+02     9.40307356e-01     2.22178925e-01    -4.98441053e+00   
    4.86000000e+04     1.21500000e+01    -1.57421808e-01     1.19783176e+02     9.90924121e-01     8.91155406e-02    -5.04239477e+00   
    4.88000000e+04     1.22000000e+01    -1.57358215e-01     1.30394020e+02     1.07870390e+00     1.56493375e-01    -5.00006146e+00   
    4.90000000e+04     1.22500000e+01    -1.57396345e-01     1.02400817e+02     8.47125973e-01     8.55065852e-02    -5.04335510e+00   
    4.92000000e+04     1.23000000e+01    -1.57364554e-01     9.24153253e+01     7.64519508e-01     1.55550825e-01    -4.99009153e+00   
    4.94000000e+04     1.23500000e+01    -1.57415301e-01     1.14731181e+02     9.49130740e-01     9.47406230e-02    -5.02848386e+00   
    4.96000000e+04     1.24000000e+01    -1.57397083e-01     1.15476454e+02     9.55296125e-01     1.01523981e-01    -5.01949482e+00   
    4.98000000e+04     1.24500000e+01    -1.57421637e-01     1.32220510e+02     1.09381381e+00     1.05340068e-01    -5.02518057e+00   
    5.00000000e+04     1.25000000e+01    -1.57464168e-01     1.11983675e+02     9.26401586e-01     1.08406332e-01    -5.02139238e+00   
    5.02000000e+04     1.25500000e+01    -1.57445669e-01     1.32430262e+02     1.09554901e+00     1.19444713e-01    -5.01515589e+00   
    5.04000000e+04     1.26000000e+01    -1.57462619e-01     1.09635862e+02     9.06978956e-01     1.17628925e-01    -5.01024392e+00   
    5.06000000e+04     1.26500000e+01    -1.57412431e-01     1.10594068e+02     9.14905860e-01     1.68500466e-01    -4.94993294e+00   
    5.08000000e+04     1.27000000e+01    -1.57470159e-01     1.12868053e+02     9.33717739e-01     8.71240329e-02    -5.01960205e+00   
    5.10000000e+04     1.27500000e+01    -1.57458817e-01     1.11581322e+02     9.23073067e-01     1.03333551e-01    -5.02738000e+00   
    5.12000000e+04     1.28000000e+01    -1.57477311e-01     9.98434835e+01     8.25970051e-01     1.52337311e-01    -4.98965183e+00   
    5.14000000e+04     1.28500000e+01    -1.57489371e-01     8.90624992e+01     7.36782757e-01     1.03452180e-01    -5.02074924e+00   
    5.16000000e+04     1.29000000e+01    -1.57506527e-01     1.16319106e+02     9.62267087e-01     1.54766888e-01    -4.99283837e+00   
    5.18000000e+04     1.29500000e+01    -1.57476834e-01     1.51787068e+02     1.25568107e+00     1.19896435e-01    -5.00373835e+00   
    5.20000000e+04     1.30000000e+01    -1.57480414e-01     1.13954884e+02     9.42708710e-01     8.65195301e-02    -5.01927326e+00   
    5.22000000e+04     1.30500000e+01    -1.57519179e-01     1.27847614e+02     1.05763838e+00     1.13134511e-01    -5.01951170e+00   
    5.24000000e+04     1.31000000e+01    -1.57524869e-01     1.14476330e+02     9.47022449e-01     7.20335243e-02    -5.01757189e+00   
    5.26000000e+04     1.31500000e+01    -1.57546783e-01     1.20444978e+02     9.96398971e-01     1.03295784e-01    -5.01705910e+00   
    5.28000000e+04     1.32000000e+01    -1.57540650e-01     1.24198760e+02     1.02745269e+00     1.10828722e-01    -4.99190103e+00   
    5.30000000e+04     1.32500000e+01    -1.57548298e-01     1.03704667e+02     8.57912269e-01     1.43770778e-01    -4.97390043e+00   
    5.32000000e+04     1.33000000e+01    -1.57611784e-01     1.28451590e+02     1.06263486e+00     9.48783770e-02    -5.04324102e+00   
    5.34000000e+04     1.33500000e+01    -1.57580288e-01     1.00712352e+02     8.33157899e-01     9.96781072e-02    -4.99291142e+00   
    5.36000000e+04     1.34000000e+01    -1.57581191e-01     8.60466002e+01     7.11833284e-01     6.17426269e-02    -5.03365312e+00   
    5.38000000e+04     1.34500000e+01    -1.57603176e-01     1.12722544e+02     9.32513993e-01     9.40888390e-02    -5.03419850e+00   
    5.40000000e+04     1.35000000e+01    -1.57562633e-01     1.08162387e+02     8.94789418e-01     1.26725774e-01    -4.98736705e+00   
    5.42000000e+04     1.35500000e+01    -1.57561990e-01     9.99172838e+01     8.26580575e-01     7.10028991e-02    -5.01968912e+00   
    5.44000000e+04     1.36000000e+01    -1.57567242e-01     1.19108921e+02     9.85346241e-01     9.65188623e-02    -4.99587276e+00   
    5.46000000e+04     1.36500000e+01    -1.57605340e-01     9.84550568e+01     8.14484085e-01     8.03594246e-02    -5.04820939e+00   
    5.48000000e+04     1.37000000e+01    -1.57610048e-01     1.04234521e+02     8.62295565e-01     6.43676765e-02    -5.01094528e+00   
    5.50000000e+04     1.37500000e+01    -1.57581514e-01     1.11578896e+02     9.23052993e-01     1.26895225e-01    -4.99439522e+00   
    5.52000000e+04     1.38000000e+01    -1.57557750e-01     1.01109652e+02     8.36444621e-01     1.62818825e-01    -4.96684639e+00   
    5.54000000e+04     1.38500000e+01    -1.57597057e-01     9.23879338e+01     7.64292909e-01     1.15817601e-01    -4.99417306e+00   
    5.56000000e+04     1.39000000e+01    -1.57604064e-01     1.21257001e+02     1.00311656e+00     1.23845147e-01    -5.00578338e+00   
    5.58000000e+04     1.39500000e+01    -1.57618494e-01     1.01539271e+02     8.39998703e-01     1.54200112e-01    -4.99373680e+00   
    5.60000000e+04     1.40000000e+01    -1.57633879e-01     1.05500029e+02     8.72764660e-01     1.06952144e-01    -5.03057558e+00   
    5.62000000e+04     1.40500000e+01    -1.57614495e-01     1.02567981e+02     8.48508857e-01     1.30016207e-01    -4.99960994e+00   
    5.64000000e+04     1.41000000e+01    -1.57680930e-01     1.09393390e+02     9.04973070e-01     1.28541743e-01    -5.02359966e+00   
    5.66000000e+04     1.41500000e+01    -1.57672127e-01     1.01436286e+02     8.39146744e-01     9.03623724e-02    -5.03502233e+00   
    5.68000000e+04     1.42000000e+01    -1.57688699e-01     1.12403237e+02     9.29872476e-01     9.63758329e-02    -5.03598903e+00   
    5.70000000e+04     1.42500000e+01    -1.57679681e-01     1.24257065e+02     1.02793503e+00     1.25602206e-01    -5.00189060e+00   
    5.72000000e+04     1.43000000e+01    -1.57695152e-01     1.17948425e+02     9.75745872e-01     1.00598392e-01    -5.01242016e+00   
    5.74000000e+04     1.43500000e+01    -1.57705378e-01     1.03386524e+02     8.55280381e-01     8.01239134e-02    -5.04056623e+00   
    5.76000000e+04     1.44000000e+01    -1.57714055e-01     1.28082047e+02     1.05957776e+00     4.50621515e-02    -5.00141909e+00   
    5.78000000e+04     1.44500000e+01    -1.57682461e-01     1.06635600e+02     8.82158844e-01     1.38028005e-01    -4.99788912e+00   
    5.80000000e+04     1.45000000e+01    -1.57652475e-01     1.03928769e+02     8.59766182e-01     1.47396817e-01    -4.99106044e+00   
    5.82000000e+04     1.45500000e+01    -1.57655659e-01     1.08148094e+02     8.94671174e-01     1.27032005e-01    -5.00708364e+00   
    5.84000000e+04     1.46000000e+01    -1.57651923e-01     9.61029786e+01     7.95026168e-01     1.53268131e-01    -4.98232158e+00   
    5.86000000e+04     1.46500000e+01    -1.57702701e-01     1.17768676e+02     9.74258869e-01     1.20342191e-01    -5.00764843e+00   
    5.88000000e+04     1.47000000e+01    -1.57712260e-01     1.01037714e+02     8.35849504e-01     9.36879571e-02    -5.01112637e+00   
    5.90000000e+04     1.47500000e+01    -1.57735138e-01     1.09688554e+02     9.07414863e-01     9.35351151e-02    -5.02440514e+00   
    5.92000000e+04     1.48000000e+01    -1.57748942e-01     1.17424810e+02     9.71414188e-01     6.50840409e-02    -5.03703995e+00   
    5.94000000e+04     1.48500000e+01    -1.57751894e-01     1.11132129e+02     9.19357049e-01     1.07468716e-01    -4.99757841e+00   
    5.96000000e+04     1.49000000e+01    -1.57761936e-01     1.17650083e+02     9.73277789e-01     1.04968049e-01    -5.00388069e+00   
    5.98000000e+04     1.49500000e+01    -1.57722028e-01     1.00133350e+02     8.28368015e-01     1.00806007e-01    -4.98970818e+00   
    6.00000000e+04     1.50000000e+01    -1.57763066e-01     1.23524811e+02     1.02187735e+00     1.13651104e-01    -5.01274614e+00   
    6.02000000e+04     1.50500000e+01    -1.57728973e-01     1.13328565e+02     9.37527395e-01     6.45846763e-02    -4.97679835e+00   
    6.04000000e+04     1.51000000e+01    -1.57783178e-01     9.86483822e+01     8.16083398e-01     1.07212102e-01    -5.03153276e+00   
    6.06000000e+04     1.51500000e+01    -1.57733615e-01     1.16843715e+02     9.66606993e-01     1.55590454e-01    -4.98651587e+00   
    6.08000000e+04     1.52000000e+01    -1.57711357e-01     1.10100109e+02     9.10819507e-01     1.15097031e-01    -5.00552128e+00   
    6.10000000e+04     1.52500000e+01    -1.57692136e-01     1.21773697e+02     1.00739100e+00     7.76466491e-02    -5.02310724e+00   
    6.12000000e+04     1.53000000e+01    -1.57694881e-01     1.07925559e+02     8.92830224e-01     5.10766668e-02    -5.02662968e+00   
    6.14000000e+04     1.53500000e+01    -1.57691761e-01     1.24261679e+02     1.02797320e+00     1.03334997e-01    -5.01740126e+00   
    6.16000000e+04     1.54000000e+01    -1.57673691e-01     1.15217216e+02     9.53151541e-01     4.52223127e-02    -5.03725526e+00   
    6.18000000e+04     1.54500000e+01    -1.57687916e-01     1.19343502e+02     9.87286852e-01     1.27447996e-01    -4.99274492e+00   
    6.20000000e+04     1.55000000e+01    -1.57680179e-01     1.08455819e+02     8.97216873e-01     7.69801859e-02    -5.01873294e+00   
    6.22000000e+04     1.55500000e+01    -1.57656195e-01     1.22284586e+02     1.01161741e+00     9.43316830e-02    -4.99300950e+00   
    6.24000000e+04     1.56000000e+01    -1.57637631e-01     1.15405216e+02     9.54706798e-01     1.25025199e-01    -5.00834870e+00   
    6.26000000e+04     1.56500000e+01    -1.57661732e-01     1.02000858e+02     8.43817249e-01     7.92242141e-02    -5.02966075e+00   
    6.28000000e+04     1.57000000e+01    -1.57608034e-01     1.13731062e+02     9.40857111e-01     1.04883393e-01    -5.01701292e+00   
    6.30000000e+04     1.57500000e+01    -1.57589905e-01     1.04226735e+02     8.62231148e-01     1.04219786e-01    -5.02743250e+00   
    6.32000000e+04     1.58000000e+01    -1.57584442e-01     9.38368992e+01     7.76279690e-01     4.49156558e-02    -5.00698078e+00   
    6.34000000e+04     1.58500000e+01    -1.57565786e-01     1.06386416e+02     8.80097434e-01     1.34136640e-01    -5.00095586e+00   
    6.36000000e+04     1.59000000e+01    -1.57570019e-01     1.45748455e+02     1.20572575e+00     1.24800977e-01    -5.00716073e+00   
    6.38000000e+04     1.59500000e+01    -1.57541783e-01     1.18658825e+02     9.81622763e-01     1.29732261e-01    -4.99683739e+00   
    6.40000000e+04     1.60000000e+01    -1.57557779e-01     1.07262552e+02     8.87345395e-01     5.18026205e-02    -5.03594188e+00   
    6.42000000e+04     1.60500000e+01    -1.57559420e-01     1.21111993e+02     1.00191695e+00     1.79184309e-01    -4.98584522e+00   
    6.44000000e+04     1.61000000e+01    -1.57533829e-01     1.04122102e+02     8.61365555e-01     1.15452973e-01    -5.01714996e+00   
    6.46000000e+04     1.61500000e+01    -1.57478823e-01     1.26156461e+02     1.04364807e+00     1.19790663e-01    -4.99689650e+00   
    6.48000000e+04     1.62000000e+01    -1.57536514e-01     1.22396362e+02     1.01254209e+00     9.96691631e-02    -5.02382853e+00   
    6.50000000e+04     1.62500000e+01    -1.57495414e-01     1.04437621e+02     8.63975739e-01     9.99037950e-02    -4.98077956e+00   
    6.52000000e+04     1.63000000e+01    -1.57535919e-01     1.04123721e+02     8.61378948e-01     1.12377199e-01    -5.01791002e+00   
    6.54000000e+04     1.63500000e+01    -1.57485617e-01     8.10370635e+01     6.70391148e-01     1.42871258e-01    -4.96534290e+00   
    6.56000000e+04     1.64000000e+01    -1.57537162e-01     1.08799478e+02     9.00059848e-01     5.09321039e-02    -5.01673073e+00   
    6.58000000e+04     1.64500000e+01    -1.57529725e-01     1.06407048e+02     8.80268113e-01     1.08775455e-01    -5.02151796e+00   
    6.60000000e+04     1.65000000e+01    -1.57520234e-01     1.02742356e+02     8.49951408e-01     1.21561963e-01    -4.99583042e+00   
    6.62000000e+04     1.65500000e+01    -1.57592817e-01     1.07539471e+02     8.89636253e-01     1.34217209e-01    -5.03113185e+00   
    6.64000000e+04     1.66000000e+01    -1.57571743e-01     1.10177169e+02     9.11456996e-01     9.65061412e-02    -5.03850390e+00   
    6.66000000e+04     1.66500000e+01    -1.57590816e-01     1.06008571e+02     8.76971657e-01     6.11531022e-02    -5.01076328e+00   
    6.68000000e+04     1.67000000e+01    -1.57607401e-01     1.06128750e+02     8.77965850e-01     1.07887005e-01    -5.02317748e+00   
    6.70000000e+04     1.67500000e+01    -1.57610915e-01     1.17251139e+02     9.69977466e-01     1.35411098e-01    -5.01328480e+00   
    6.72000000e+04     1.68000000e+01    -1.57587582e-01     9.73505473e+01     8.05346866e-01     1.04101454e-01    -5.03749458e+00   
    6.74000000e+04     1.68500000e+01    -1.57581585e-01     1.15162989e+02     9.52702935e-01     1.62840259e-01    -5.00569390e+00   
    6.76000000e+04     1.69000000e+01    -1.57609026e-01     1.04708780e+02     8.66218940e-01     9.81889065e-02    -5.02558219e+00   
    6.78000000e+04     1.69500000e+01    -1.57612060e-01     1.00459078e+02     8.31062644e-01     1.12081723e-01    -5.02607494e+00   
    6.80000000e+04     1.70000000e+01    -1.57635709e-01     1.14081190e+02     9.43753592e-01     1.04095615e-01    -5.00096160e+00   
    6.82000000e+04     1.70500000e+01    -1.57673221e-01     1.07786253e+02     8.91677794e-01     5.92617509e-02    -5.04335668e+00   
    6.84000000e+04     1.71000000e+01    -1.57675536e-01     1.07147037e+02     8.86389786e-01     1.51587025e-01    -5.00565958e+00   
    6.86000000e+04     1.71500000e+01    -1.57646623e-01     1.03040640e+02     8.52419007e-01     1.54085870e-01    -4.97616264e+00   
    6.88000000e+04     1.72000000e+01    -1.57656145e-01     1.02540233e+02     8.48279310e-01     8.57216741e-02    -5.02226641e+00   
    6.90000000e+04     1.72500000e+01    -1.57654534e-01     1.06907529e+02     8.84408419e-01     1.15849150e-01    -5.00676453e+00   
    6.92000000e+04     1.73000000e+01    -1.57667691e-01     1.22156128e+02     1.01055472e+00     1.13420772e-01    -5.02025992e+00   
    6.94000000e+04     1.73500000e+01    -1.57675966e-01     1.11281688e+02     9.20594298e-01     1.16635551e-01    -5.02742829e+00   
    6.96000000e+04     1.74000000e+01    -1.57696076e-01     1.08522724e+02     8.97770361e-01     9.65093581e-02    -5.02422669e+00   
    6.98000000e+04     1.74500000e+01    -1.57678391e-01     1.16376740e+02     9.62743873e-01     9.81959257e-02    -5.02901041e+00   
    7.00000000e+04     1.75000000e+01    -1.57685326e-01     1.01976823e+02     8.43618419e-01     2.31654938e-03    -5.04435923e+00   
    7.02000000e+04     1.75500000e+01    -1.57643670e-01     1.15035158e+02     9.51645434e-01     1.12670988e-01    -4.98395535e+00   
    7.04000000e+04     1.76000000e+01    -1.57626311e-01     1.06306816e+02     8.79438930e-01     1.28428878e-01    -5.00560736e+00   
    7.06000000e+04     1.76500000e+01    -1.57626854e-01     9.88602206e+01     8.17835862e-01     9.75470522e-02    -5.00663604e+00   
    7.08000000e+04     1.77000000e+01    -1.57639088e-01     1.18239752e+02     9.78155913e-01     1.50302449e-01    -4.96959465e+00   
    7.10000000e+04     1.77500000e+01    -1.57669465e-01     1.06103360e+02     8.77755811e-01     8.67823739e-02    -4.98027700e+00   
    7.12000000e+04     1.78000000e+01    -1.57652549e-01     1.08242236e+02     8.95449983e-01     1.55295820e-01    -5.01717338e+00   
    7.14000000e+04     1.78500000e+01    -1.57656683e-01     1.12249925e+02     9.28604180e-01     8.79135220e-02    -5.05457110e+00   
    7.16000000e+04     1.79000000e+01    -1.57678696e-01     9.95054250e+01     8.23173412e-01     1.03178422e-01    -4.98347310e+00   
    7.18000000e+04     1.79500000e+01    -1.57663814e-01     1.13813973e+02     9.41543004e-01     1.30006600e-01    -4.98350530e+00   
    7.20000000e+04     1.80000000e+01    -1.57705218e-01     1.00477128e+02     8.31211970e-01     1.40495297e-01    -4.99131180e+00   
    7.22000000e+04     1.80500000e+01    -1.57734373e-01     1.16738923e+02     9.65740085e-01     1.08309910e-01    -5.01737544e+00   
    7.24000000e+04     1.81000000e+01    -1.57718116e-01     9.83982476e+01     8.14014122e-01     1.55894238e-01    -4.96792716e+00   
    7.26000000e+04     1.81500000e+01    -1.57720336e-01     1.12881857e+02     9.33831935e-01     9.95176296e-02    -4.99165784e+00   
    7.28000000e+04     1.82000000e+01    -1.57747550e-01     1.13826688e+02     9.41648190e-01     1.01452130e-01    -5.03940769e+00   
    7.30000000e+04     1.82500000e+01    -1.57729505e-01     1.04356602e+02     8.63305496e-01     1.00440477e-01    -5.03213325e+00   
    7.32000000e+04     1.83000000e+01    -1.57676258e-01     1.11631612e+02     9.23489096e-01     7.76800528e-02    -5.02238223e+00   
    7.34000000e+04     1.83500000e+01    -1.57667747e-01     9.58833712e+01     7.93209434e-01     8.77791619e-02    -5.03931608e+00   
    7.36000000e+04     1.84000000e+01    -1.57617006e-01     1.03592742e+02     8.56986352e-01     1.44562282e-01    -4.98535052e+00   
    7.38000000e+04     1.84500000e+01    -1.57624041e-01     1.18754243e+02     9.82412123e-01     9.43367743e-02    -5.01836149e+00   
    7.40000000e+04     1.85000000e+01    -1.57589708e-01     1.00385513e+02     8.30454072e-01     1.58353245e-01    -4.96882049e+00   
    7.42000000e+04     1.85500000e+01    -1.57572659e-01     1.15708571e+02     9.57216343e-01     7.75629476e-02    -5.03021750e+00   
    7.44000000e+04     1.86000000e+01    -1.57560924e-01     1.11789250e+02     9.24793176e-01     1.01841935e-01    -5.01306629e+00   
    7.46000000e+04     1.86500000e+01    -1.57550498e-01     1.13606260e+02     9.39824662e-01     1.09708092e-01    -5.02092024e+00   
    7.48000000e+04     1.87000000e+01    -1.57556141e-01     1.07634516e+02     8.90422529e-01     1.28299361e-01    -5.01305969e+00   
    7.50000000e+04     1.87500000e+01    -1.57505060e-01     9.41162410e+01     7.78590586e-01     1.27664326e-01    -4.99618516e+00   
    7.52000000e+04     1.88000000e+01    -1.57498093e-01     1.10377777e+02     9.13116558e-01     1.38329653e-01    -4.99887557e+00   
    7.54000000e+04     1.88500000e+01    -1.57462600e-01     9.67697110e+01     8.00541811e-01     8.71991331e-02    -5.03941724e+00   
    7.56000000e+04     1.89000000e+01    -1.57445483e-01     1.16686912e+02     9.65309818e-01     1.25760960e-01    -5.00554372e+00   
    7.58000000e+04     1.89500000e+01    -1.57473092e-01     1.00687075e+02     8.32948786e-01     8.35401528e-02    -5.02706231e+00   
    7.60000000e+04     1.90000000e+01    -1.57480423e-01     1.32047412e+02     1.09238183e+00     8.39902645e-02    -5.02802712e+00   
    7.62000000e+04     1.90500000e+01    -1.57485663e-01     9.96200846e+01     8.24121950e-01     7.04306229e-02    -5.03611781e+00   
    7.64000000e+04     1.91000000e+01    -1.57473497e-01     1.02169216e+02     8.45210020e-01     8.36418236e-02    -5.04012051e+00   
    7.66000000e+04     1.91500000e+01    -1.57456466e-01     1.08383829e+02     8.96621325e-01     1.05059135e-01    -5.01969470e+00   
    7.68000000e+04     1.92000000e+01    -1.57473055e-01     1.06316193e+02     8.79516500e-01     3.90292777e-02    -5.01712087e+00   
    7.70000000e+04     1.92500000e+01    -1.57438917e-01     1.19128792e+02     9.85510635e-01     9.17574178e-02    -4.98906422e+00   
    7.72000000e+04     1.93000000e+01    -1.57444301e-01     1.35342958e+02     1.11964472e+00     1.09900351e-01    -5.01928552e+00   
    7.74000000e+04     1.93500000e+01    -1.57457939e-01     1.12968525e+02     9.34548911e-01     5.31157746e-02    -5.04849672e+00   
    7.76000000e+04     1.94000000e+01    -1.57392695e-01     9.61817935e+01     7.95678176e-01     2.06290517e-01    -4.95145739e+00   
    7.78000000e+04     1.94500000e+01    -1.57384484e-01     9.66083453e+01     7.99206890e-01     1.27939419e-01    -5.00224349e+00   
    7.80000000e+04     1.95000000e+01    -1.57359592e-01     9.77556610e+01     8.08698229e-01     1.21316784e-01    -4.98927588e+00   
    7.82000000e+04     1.95500000e+01    -1.57419393e-01     1.10277357e+02     9.12285820e-01     5.79819034e-02    -5.02256771e+00   
    7.84000000e+04     1.96000000e+01    -1.57429371e-01     1.19433894e+02     9.88034631e-01     1.36071511e-01    -4.98741764e+00   
    7.86000000e+04     1.96500000e+01    -1.57457768e-01     9.69779170e+01     8.02264226e-01     8.67822026e-02    -5.01568935e+00   
    7.88000000e+04     1.97000000e+01    -1.57494914e-01     1.22954436e+02     1.01715884e+00     1.27946957e-01    -5.00607860e+00   
    7.90000000e+04     1.97500000e+01    -1.57492048e-01     1.00037455e+02     8.27574707e-01     1.10546670e-01    -5.01508547e+00   
    7.92000000e+04     1.98000000e+01    -1.57516596e-01     1.13612602e+02     9.39877126e-01     1.01731251e-01    -5.03152963e+00   
    7.94000000e+04     1.98500000e+01    -1.57508003e-01     1.24689634e+02     1.03151352e+00     1.07745442e-01    -5.00179668e+00   
    7.96000000e+04     1.99000000e+01    -1.57474288e-01     1.06642547e+02     8.82216312e-01     1.83999794e-01    -5.01002437e+00   
    7.98000000e+04     1.99500000e+01    -1.57479827e-01     1.00676994e+02     8.32865389e-01     7.48101070e-02    -4.98653708e+00   
    8.00000000e+04     2.00000000e+01    -1.57430313e-01     1.04356093e+02     8.63301284e-01     2.14689735e-01    -4.93021967e+00   
    8.02000000e+04     2.00500000e+01    -1.57450547e-01     1.11311447e+02     9.20840484e-01     1.03376173e-01    -5.00664998e+00   
    8.04000000e+04     2.01000000e+01    -1.57452284e-01     1.13242442e+02     9.36814929e-01     5.49956803e-02    -5.04549842e+00   
    8.06000000e+04     2.01500000e+01    -1.57397414e-01     1.08141442e+02     8.94616142e-01     1.10816028e-01    -5.00872263e+00   
    8.08000000e+04     2.02000000e+01    -1.57345281e-01     1.06131955e+02     8.77992363e-01     8.49536518e-02    -4.99515475e+00   
    8.10000000e+04     2.02500000e+01    -1.57334666e-01     1.05492097e+02     8.72699048e-01     1.31101797e-01    -4.99157489e+00   
    8.12000000e+04     2.03000000e+01    -1.57414489e-01     9.70339872e+01     8.02728076e-01     1.75658460e-01    -4.97787377e+00   
    8.14000000e+04     2.03500000e+01    -1.57402522e-01     1.16860411e+02     9.66745115e-01     7.26075127e-02    -5.01991843e+00   
    8.16000000e+04     2.04000000e+01    -1.57442363e-01     1.09132265e+02     9.02812875e-01    -4.83362606e-02    -5.03327921e+00   
    8.18000000e+04     2.04500000e+01    -1.57428142e-01     1.03397482e+02     8.55371031e-01     9.21285788e-02    -5.01305528e+00   
    8.20000000e+04     2.05000000e+01    -1.57386530e-01     1.20469263e+02     9.96599877e-01     9.96172269e-02    -5.01888163e+00   
    8.22000000e+04     2.05500000e+01    -1.57390744e-01     9.94974324e+01     8.23107292e-01     1.34188563e-01    -5.00639604e+00   
    8.24000000e+04     2.06000000e+01    -1.57346073e-01     1.22336605e+02     1.01204774e+00     1.07553251e-01    -5.00650138e+00   
    8.26000000e+04     2.06500000e+01    -1.57320905e-01     1.19132576e+02     9.85541935e-01     1.50662071e-01    -4.96288047e+00   
    8.28000000e+04     2.07000000e+01    -1.57314774e-01     1.18690780e+02     9.81887108e-01     1.34673242e-01    -4.99334826e+00   
    8.30000000e+04     2.07500000e+01    -1.57278386e-01     1.18776908e+02     9.82599616e-01     1.40225947e-01    -5.01070088e+00   
    8.32000000e+04     2.08000000e+01    -1.57306208e-01     9.62550167e+01     7.96283926e-01     7.63897532e-02    -5.04817655e+00   
    8.34000000e+04     2.08500000e+01    -1.57282326e-01     9.08492967e+01     7.51564305e-01     1.20135670e-01    -4.99812280e+00   
    8.36000000e+04     2.09000000e+01    -1.57285024e-01     1.00918823e+02     8.34865957e-01     1.58839926e-01    -4.93809234e+00   
    8.38000000e+04     2.09500000e+01    -1.57328904e-01     1.10914549e+02     9.17557083e-01     1.06249925e-01    -5.00571603e+00   
    8.40000000e+04     2.10000000e+01    -1.57358640e-01     1.15137918e+02     9.52495536e-01     8.39067520e-02    -5.01871867e+00   
    8.42000000e+04     2.10500000e+01    -1.57346958e-01     1.15014306e+02     9.51472935e-01     4.94838801e-02    -5.03468226e+00   
    8.44000000e+04     2.11000000e+01    -1.57329070e-01     1.34282709e+02     1.11087366e+00     1.23554425e-01    -4.98848064e+00   
    8.46000000e+04     2.11500000e+01    -1.57333316e-01     1.08655997e+02     8.98872880e-01     1.15445253e-01    -5.01327593e+00   
    8.48000000e+04     2.12000000e+01    -1.57318440e-01     1.02552378e+02     8.48379783e-01     8.89226676e-02    -5.02899763e+00   
    8.50000000e+04     2.12500000e+01    -1.57371111e-01     1.07180878e+02     8.86669737e-01     7.09027518e-02    -5.02882822e+00   
    8.52000000e+04     2.13000000e+01    -1.57359296e-01     1.01694996e+02     8.41286961e-01     1.42278135e-01    -5.00239989e+00   
    8.54000000e+04     2.13500000e+01    -1.57358960e-01     1.13112987e+02     9.35743994e-01     1.12226209e-01    -5.03909542e+00   
    8.56000000e+04     2.14000000e+01    -1.57338215e-01     1.05021807e+02     8.68808505e-01     1.39708509e-01    -4.94903336e+00   
    8.58000000e+04     2.14500000e+01    -1.57382482e-01     1.17130685e+02     9.68980992e-01     7.81358244e-02    -5.03725268e+00   
    8.60000000e+04     2.15000000e+01    -1.57364578e-01     9.77460496e+01     8.08618717e-01     1.48576140e-01    -4.99214139e+00   
    8.62000000e+04     2.15500000e+01    -1.57353877e-01     1.16637339e+02     9.64899720e-01     1.19938360e-01    -5.00875900e+00   
    8.64000000e+04     2.16000000e+01    -1.57353377e-01     9.65994666e+01     7.99133440e-01     7.82001122e-02    -4.97722392e+00   
    8.66000000e+04     2.16500000e+01    -1.57354462e-01     1.04298277e+02     8.62822993e-01     1.14118953e-01    -5.02232505e+00   
    8.68000000e+04     2.17000000e+01    -1.57357489e-01     9.82328663e+01     8.12645981e-01     9.10563666e-02    -5.04248158e+00   
    8.70000000e+04     2.17500000e+01    -1.57365604e-01     1.17107300e+02     9.68787536e-01     1.21546631e-01    -4.99879588e+00   
    8.72000000e+04     2.18000000e+01    -1.57370369e-01     1.20199666e+02     9.94369594e-01     1.24458879e-01    -4.99921035e+00   
    8.74000000e+04     2.18500000e+01    -1.57405449e-01     1.00701921e+02     8.33071603e-01     1.02299627e-01    -5.02174848e+00   
    8.76000000e+04     2.19000000e+01    -1.57431155e-01     1.14914141e+02     9.50644303e-01     7.01932274e-02    -5.02909920e+00   
    8.78000000e+04     2.19500000e+01    -1.57454315e-01     1.04686751e+02     8.66036703e-01     9.15099004e-02    -5.02579130e+00   
    8.80000000e+04     2.20000000e+01    -1.57380967e-01     1.09180402e+02     9.03211094e-01     1.74958681e-01    -4.93866517e+00   
    8.82000000e+04     2.20500000e+01    -1.57402352e-01     1.07520944e+02     8.89482987e-01     1.08084580e-01    -5.01224013e+00   
    8.84000000e+04     2.21000000e+01    -1.57399140e-01     1.25567131e+02     1.03877275e+00     4.42227486e-02    -5.01628647e+00   
    8.86000000e+04     2.21500000e+01    -1.57374406e-01     1.01171195e+02     8.36953742e-01     1.13861762e-01    -5.03101811e+00   
    8.88000000e+04     2.22000000e+01    -1.57385735e-01     1.11034624e+02     9.18550425e-01     1.62177842e-01    -4.97245966e+00   
    8.90000000e+04     2.22500000e+01    -1.57428564e-01     1.02485322e+02     8.47825049e-01     9.29002332e-02    -5.03264223e+00   
    8.92000000e+04     2.23000000e+01    -1.57395588e-01     1.23738730e+02     1.02364703e+00     1.25806570e-01    -5.00353677e+00   
    8.94000000e+04     2.23500000e+01    -1.57401535e-01     1.10371844e+02     9.13067474e-01     1.30381022e-01    -4.99070760e+00   
    8.96000000e+04     2.24000000e+01    -1.57438221e-01     1.01012360e+02     8.35639752e-01     1.06128025e-01    -5.01139685e+00   
    8.98000000e+04     2.24500000e+01    -1.57392555e-01     1.23099840e+02     1.01836172e+00     1.15618543e-01    -4.98516824e+00   
    9.00000000e+04     2.25000000e+01    -1.57431737e-01     1.13959163e+02     9.42744109e-01     8.59758147e-02    -5.00213803e+00   
    9.02000000e+04     2.25500000e+01    -1.57428907e-01     1.06520963e+02     8.81210492e-01     9.07633396e-02    -5.03732653e+00   
    9.04000000e+04     2.26000000e+01    -1.57435033e-01     8.46769053e+01     7.00502279e-01     1.10743221e-01    -5.02943787e+00   
    9.06000000e+04     2.26500000e+01    -1.57426954e-01     9.92720264e+01     8.21242587e-01     7.05707508e-02    -5.05973352e+00   
    9.08000000e+04     2.27000000e+01    -1.57410884e-01     1.14096102e+02     9.43876952e-01     1.41434731e-01    -5.00991048e+00   
    9.10000000e+04     2.27500000e+01    -1.57363289e-01     1.16071376e+02     9.60217700e-01     1.52158243e-01    -4.95752201e+00   
    9.12000000e+04     2.28000000e+01    -1.57424016e-01     9.85191918e+01     8.15014651e-01     1.67337392e-01    -4.99424313e+00   
    9.14000000e+04     2.28500000e+01    -1.57388622e-01     1.01606123e+02     8.40551752e-01     1.12628621e-01    -5.03719897e+00   
    9.16000000e+04     2.29000000e+01    -1.57301625e-01     1.04342551e+02     8.63189253e-01     1.08576493e-01    -5.00229821e+00   
    9.18000000e+04     2.29500000e+01    -1.57279090e-01     1.12472421e+02     9.30444815e-01     1.45058438e-01    -5.01195700e+00   
    9.20000000e+04     2.30000000e+01    -1.57272421e-01     1.06920454e+02     8.84515339e-01     6.92113457e-02    -5.00104724e+00   
    9.22000000e+04     2.30500000e+01    -1.57316878e-01     9.85450449e+01     8.15228525e-01     9.69138116e-02    -5.02199750e+00   
    9.24000000e+04     2.31000000e+01    -1.57312730e-01     1.14452344e+02     9.46824022e-01     1.23185630e-01    -5.01905894e+00   
    9.26000000e+04     2.31500000e+01    -1.57282260e-01     1.12022644e+02     9.26723967e-01     7.73633178e-02    -5.00144942e+00   
    9.28000000e+04     2.32000000e+01    -1.57266898e-01     1.23383836e+02     1.02071111e+00     1.37744045e-01    -4.98080662e+00   
    9.30000000e+04     2.32500000e+01    -1.57259910e-01     1.07585698e+02     8.90018669e-01     9.99383138e-02    -5.03421276e+00   
    9.32000000e+04     2.33000000e+01    -1.57278693e-01     9.67779999e+01     8.00610382e-01     6.87854954e-02    -5.02555062e+00   
    9.34000000e+04     2.33500000e+01    -1.57304759e-01     9.52434026e+01     7.87915199e-01     1.74572680e-01    -4.96879940e+00   
    9.36000000e+04     2.34000000e+01    -1.57333847e-01     9.49936620e+01     7.85849182e-01     1.18879693e-01    -5.01854478e+00   
    9.38000000e+04     2.34500000e+01    -1.57349812e-01     1.12065201e+02     9.27076023e-01     1.52680018e-01    -4.98728261e+00   
    9.40000000e+04     2.35000000e+01    -1.57358441e-01     1.09607662e+02     9.06745670e-01     1.02223538e-01    -5.01434938e+00   
    9.42000000e+04     2.35500000e+01    -1.57389611e-01     1.05770676e+02     8.75003629e-01     9.86069621e-02    -5.03009053e+00   
    9.44000000e+04     2.36000000e+01    -1.57364464e-01     1.15401714e+02     9.54677826e-01     9.26002325e-02    -5.01892711e+00   
    9.46000000e+04     2.36500000e+01    -1.57371324e-01     1.24633510e+02     1.03104923e+00     1.15234437e-01    -5.02473356e+00   
    9.48000000e+04     2.37000000e+01    -1.57361135e-01     1.25209103e+02     1.03581091e+00     1.04126059e-01    -5.03465081e+00   
    9.50000000e+04     2.37500000e+01    -1.57423793e-01     9.40712123e+01     7.78218080e-01     3.53768146e-02    -5.06142682e+00   
    9.52000000e+04     2.38000000e+01    -1.57398588e-01     1.11418711e+02     9.21727844e-01     1.48970394e-01    -4.97308289e+00   
    9.54000000e+04     2.38500000e+01    -1.57393847e-01     1.23433692e+02     1.02112355e+00     1.32070815e-01    -5.01110995e+00   
    9.56000000e+04     2.39000000e+01    -1.57382053e-01     1.16453114e+02     9.63375688e-01     6.89135319e-02    -5.02765846e+00   
    9.58000000e+04     2.39500000e+01    -1.57346298e-01     1.20332977e+02     9.95472431e-01     1.38272492e-01    -4.98833511e+00   
    9.60000000e+04     2.40000000e+01    -1.57388876e-01     1.21361078e+02     1.00397755e+00     1.02816317e-01    -5.03995315e+00   
    9.62000000e+04     2.40500000e+01    -1.57363947e-01     1.06931331e+02     8.84605324e-01     1.69094453e-01    -4.96352283e+00   
    9.64000000e+04     2.41000000e+01    -1.57408283e-01     1.21756706e+02     1.00725044e+00     1.05957170e-01    -5.02143100e+00   
    9.66000000e+04     2.41500000e+01    -1.57414793e-01     9.43312666e+01     7.80369418e-01     1.07709110e-01    -4.99753379e+00   
    9.68000000e+04     2.42000000e+01    -1.57437823e-01     1.01782733e+02     8.42012785e-01     9.54718943e-02    -5.02777119e+00   
    9.70000000e+04     2.42500000e+01    -1.57443033e-01     1.03887882e+02     8.59427941e-01     1.13642991e-01    -5.01589289e+00   
    9.72000000e+04     2.43000000e+01    -1.57442475e-01     1.07796178e+02     8.91759901e-01     1.11406248e-01    -5.01914245e+00   
    9.74000000e+04     2.43500000e+01    -1.57470874e-01     9.09594742e+01     7.52475764e-01     1.24115280e-01    -4.98981792e+00   
    9.76000000e+04     2.44000000e+01    -1.57534222e-01     9.68149474e+01     8.00916036e-01     9.52506709e-02    -4.97040744e+00   
    9.78000000e+04     2.44500000e+01    -1.57537587e-01     1.07512924e+02     8.89416634e-01     1.33390617e-01    -5.02161790e+00   
    9.80000000e+04     2.45000000e+01    -1.57524867e-01     1.03913239e+02     8.59637706e-01     1.05221168e-01    -5.03320602e+00   
    9.82000000e+04     2.45500000e+01    -1.57487188e-01     9.49250125e+01     7.85281269e-01     1.31688383e-01    -4.98364882e+00   
    9.84000000e+04     2.46000000e+01    -1.57517337e-01     1.02405840e+02     8.47167524e-01     1.36961782e-01    -5.03551526e+00   
    9.86000000e+04     2.46500000e+01    -1.57557918e-01     1.13889599e+02     9.42168631e-01     6.80301835e-02    -5.02544739e+00   
    9.88000000e+04     2.47000000e+01    -1.57524113e-01     9.76269756e+01     8.07633660e-01     2.19460928e-01    -4.97114570e+00   
    9.90000000e+04     2.47500000e+01    -1.57580305e-01     9.57008082e+01     7.91699154e-01     7.81111660e-02    -5.01453349e+00   
    9.92000000e+04     2.48000000e+01    -1.57538635e-01     1.19065914e+02     9.84990463e-01     1.22225701e-01    -4.98605256e+00   
    9.94000000e+04     2.48500000e+01    -1.57497727e-01     1.15458067e+02     9.55144016e-01     1.55733225e-01    -4.96062287e+00   
    9.96000000e+04     2.49000000e+01    -1.57568710e-01     1.09743793e+02     9.07871833e-01     2.74442070e-02    -5.02781736e+00   
    9.98000000e+04     2.49500000e+01    -1.57556471e-01     1.04296541e+02     8.62808629e-01     6.45394535e-02    -5.03017794e+00   
    1.00000000e+05     2.50000000e+01    -1.57533807e-01     1.18001225e+02     9.76182664e-01     1.10348198e-01    -5.01877229e+00   
