<> using ridge regression with alpha = 0.0005

>> dumping initial model as 'fit-1b-initial.cdl' >>

'training_set.xyz' : 2561 configurations

>>   E_min = 0.199817 kcal/mol; index 17
>> E_range = 10 kcal/mol

>> training set size = 2561
>>    effective size = 798


<> initial simplex sides:
0 : 0.1
1 : 0.1
2 : 0.1
3 : 0.1
4 : 0.1
5 : 0.1
6 : 0.1
7 : 0.1
<#> chisq = 3815.25 : penaltysq = 645.181
<#> chisq = 3835.09 : penaltysq = 663.465
<#> chisq = 3805.72 : penaltysq = 624.701
<#> chisq = 3638.7 : penaltysq = 604.475
<#> chisq = 3828.06 : penaltysq = 640.84
<#> chisq = 3833.66 : penaltysq = 652.548
<#> chisq = 3900.64 : penaltysq = 655.401
<#> chisq = 3894.76 : penaltysq = 646.43
<#> chisq = 3835.5 : penaltysq = 671.021
<#> chisq = 3722.85 : penaltysq = 631.832
1 3638.7 0.0888889
<#> chisq = 3692.68 : penaltysq = 637.173
2 3638.7 0.0888889
<#> chisq = 3710.01 : penaltysq = 607.203
3 3638.7 0.0888889
<#> chisq = 3676.02 : penaltysq = 597.913
4 3638.7 0.0888889
<#> chisq = 3649.56 : penaltysq = 597.19
5 3638.7 0.0888889
<#> chisq = 3601.05 : penaltysq = 596.059
<#> chisq = 3493.08 : penaltysq = 574.058
6 3493.08 0.103939
<#> chisq = 3535.78 : penaltysq = 576.436
7 3493.08 0.103939
<#> chisq = 3472.53 : penaltysq = 581.938
<#> chisq = 3309.15 : penaltysq = 560.328
8 3309.15 0.118176
<#> chisq = 3462.1 : penaltysq = 555.65
9 3309.15 0.118176
<#> chisq = 3405.06 : penaltysq = 568.191
10 3309.15 0.118176

<> solution:
0 : 2.2161
1 : 2.10912
2 : 3.51014
3 : 2.56773
4 : 2.66758
5 : 1.09424
6 : 1.54001
7 : 3.27451
<>
<#> chisq = 3336.39 : penaltysq = 530.058
11 3309.15 0.118176
<#> chisq = 3283.37 : penaltysq = 545.222
<#> chisq = 3095.37 : penaltysq = 520.555
12 3095.37 0.140044
<#> chisq = 3179.39 : penaltysq = 520.054
13 3095.37 0.140044
<#> chisq = 3088.04 : penaltysq = 501.441
<#> chisq = 2849.77 : penaltysq = 455.355
14 2849.77 0.169124
<#> chisq = 2984.25 : penaltysq = 490.971
15 2849.77 0.169124
<#> chisq = 2910.1 : penaltysq = 478.894
16 2849.77 0.169124
<#> chisq = 2803.78 : penaltysq = 475.555
<#> chisq = 2498.27 : penaltysq = 434.596
17 2498.27 0.203523
<#> chisq = 2644.06 : penaltysq = 436.798
18 2498.27 0.203523
<#> chisq = 2562.87 : penaltysq = 436.98
19 2498.27 0.203523
<#> chisq = 2402.33 : penaltysq = 391.076
<#> chisq = 2033.58 : penaltysq = 309.492
20 2033.58 0.266504

<> solution:
0 : 2.20646
1 : 1.9828
2 : 3.07001
3 : 2.17103
4 : 2.19329
5 : 0.592746
6 : 1.31619
7 : 3.34871
<>
<#> chisq = 2244.2 : penaltysq = 377.029
21 2033.58 0.266504
<#> chisq = 2135.4 : penaltysq = 333.36
22 2033.58 0.266504
<#> chisq = 2037.17 : penaltysq = 327.11
23 2033.58 0.266504
<#> chisq = 1915.59 : penaltysq = 302.229
<#> chisq = 1553.24 : penaltysq = 238.59
24 1553.24 0.358649
<#> chisq = 1686.98 : penaltysq = 241.539
25 1553.24 0.358649
<#> chisq = 1635.05 : penaltysq = 235.891
26 1553.24 0.358649
<#> chisq = 1557.01 : penaltysq = 207.755
27 1553.24 0.358649
<#> chisq = 1444.42 : penaltysq = 193.991
28 1444.42 0.358649
<#> chisq = 1456.84 : penaltysq = 195.709
29 1444.42 0.358649
<#> chisq = 1485.74 : penaltysq = 201.846
30 1444.42 0.358649

<> solution:
0 : 2.15711
1 : 1.92398
2 : 2.99677
3 : 1.76333
4 : 1.70707
5 : 0.216562
6 : 1.1617
7 : 3.30474
<>
<#> chisq = 2080.19 : penaltysq = 265.859
<#> chisq = 1760.4 : penaltysq = 261.793
31 1444.42 0.31842
<#> chisq = 1744.56 : penaltysq = 251.308
32 1444.42 0.274099
<#> chisq = 1480.4 : penaltysq = 199.138
33 1444.42 0.274099
<#> chisq = 1637.92 : penaltysq = 166.315
34 1444.42 0.274099
<#> chisq = 1566.89 : penaltysq = 173.222
35 1444.42 0.274099
<#> chisq = 1588.6 : penaltysq = 221.863
36 1444.42 0.274099
<#> chisq = 1685.34 : penaltysq = 144.391
<#> chisq = 1517.03 : penaltysq = 212.198
37 1444.42 0.250749
<#> chisq = 1710.59 : penaltysq = 144.436
<#> chisq = 1493.29 : penaltysq = 207.306
38 1444.42 0.237708
<#> chisq = 1732.52 : penaltysq = 250.834
<#> chisq = 1406.9 : penaltysq = 200.881
39 1406.9 0.191721
<#> chisq = 1335.88 : penaltysq = 199.401
<#> chisq = 1274.16 : penaltysq = 202.502
40 1274.16 0.244838

<> solution:
0 : 2.24179
1 : 1.83877
2 : 2.71988
3 : 1.36076
4 : 1.40679
5 : 0.122593
6 : 1.09641
7 : 3.30751
<>
<#> chisq = 1448.92 : penaltysq = 211.993
41 1274.16 0.228733
<#> chisq = 1544.6 : penaltysq = 180.089
<#> chisq = 1447.81 : penaltysq = 202.173
42 1274.16 0.213524
<#> chisq = 1547.25 : penaltysq = 181.871
<#> chisq = 1436.06 : penaltysq = 200.391
43 1274.16 0.203041
<#> chisq = 1422.88 : penaltysq = 202.737
44 1274.16 0.203041
<#> chisq = 1406.96 : penaltysq = 206.232
45 1274.16 0.203041
<#> chisq = 1358 : penaltysq = 205.533
46 1274.16 0.203041
<#> chisq = 1346.14 : penaltysq = 196.59
47 1274.16 0.203041
<#> chisq = 1288.58 : penaltysq = 197.443
48 1274.16 0.203041
<#> chisq = 1249.1 : penaltysq = 199.115
<#> chisq = 1161.2 : penaltysq = 194.454
49 1161.2 0.24299
<#> chisq = 1191.94 : penaltysq = 195.743
50 1161.2 0.24299

<> solution:
0 : 2.33635
1 : 1.79136
2 : 2.72512
3 : 1.2506
4 : 1.38076
5 : 0.210016
6 : 1.00724
7 : 3.46116
<>
<#> chisq = 1214.65 : penaltysq = 200.692
51 1161.2 0.24299
<#> chisq = 1365.17 : penaltysq = 188.456
52 1161.2 0.24299
<#> chisq = 1095.59 : penaltysq = 186.955
<#> chisq = 984.044 : penaltysq = 170.267
53 984.044 0.305612
<#> chisq = 1308.4 : penaltysq = 202.977
54 984.044 0.305612
<#> chisq = 1158.28 : penaltysq = 191.739
55 984.044 0.305612
<#> chisq = 1022.95 : penaltysq = 178.184
56 984.044 0.305612
<#> chisq = 1370.19 : penaltysq = 162.867
<#> chisq = 1201.5 : penaltysq = 195.112
57 984.044 0.279354
<#> chisq = 1003.02 : penaltysq = 178.465
58 984.044 0.279354
<#> chisq = 991.901 : penaltysq = 169.275
59 984.044 0.279354
<#> chisq = 1000.03 : penaltysq = 166.527
60 984.044 0.279354

<> solution:
0 : 2.15545
1 : 1.5869
2 : 2.44386
3 : 1.0755
4 : 0.994101
5 : 0.221193
6 : 1.05449
7 : 3.34245
<>
<#> chisq = 943.132 : penaltysq = 171.924
<#> chisq = 929.421 : penaltysq = 172.899
61 929.421 0.372392
<#> chisq = 870.552 : penaltysq = 162.017
<#> chisq = 854.744 : penaltysq = 179.946
62 854.744 0.492079
<#> chisq = 829.796 : penaltysq = 165.582
<#> chisq = 1248.99 : penaltysq = 186.873
63 829.796 0.492079
<#> chisq = 819.655 : penaltysq = 150.073
<#> chisq = 906.239 : penaltysq = 191.191
64 819.655 0.492079
<#> chisq = 810.314 : penaltysq = 163.467
<#> chisq = 1164.39 : penaltysq = 189.599
65 810.314 0.492079
<#> chisq = 799.231 : penaltysq = 160.543
<#> chisq = 1297.68 : penaltysq = 226.913
66 799.231 0.492079
<#> chisq = 1000.42 : penaltysq = 206.033
<#> chisq = 900.366 : penaltysq = 155.885
67 799.231 0.447225
<#> chisq = 1140.21 : penaltysq = 189.896
<#> chisq = 893.2 : penaltysq = 157.189
68 799.231 0.392437
<#> chisq = 884.612 : penaltysq = 157.743
69 799.231 0.321311
<#> chisq = 821.857 : penaltysq = 146.308
70 799.231 0.321311

<> solution:
0 : 2.23561
1 : 1.19937
2 : 2.02219
3 : 0.348365
4 : 0.379642
5 : 0.263552
6 : 0.909335
7 : 3.49541
<>
<#> chisq = 831.908 : penaltysq = 183.2
71 799.231 0.321311
<#> chisq = 1004.46 : penaltysq = 195.662
<#> chisq = 839.197 : penaltysq = 152.401
72 799.231 0.279567
<#> chisq = 1092.25 : penaltysq = 190.484
<#> chisq = 832.87 : penaltysq = 152.846
73 799.231 0.230951
<#> chisq = 822.158 : penaltysq = 145.892
74 799.231 0.230951
<#> chisq = 794.379 : penaltysq = 165.233
<#> chisq = 901.101 : penaltysq = 199.596
75 794.379 0.230951
<#> chisq = 811.316 : penaltysq = 174.825
76 794.379 0.230951
<#> chisq = 836.16 : penaltysq = 145.191
<#> chisq = 797.414 : penaltysq = 164.66
77 794.379 0.211212
<#> chisq = 812.1 : penaltysq = 159.227
78 794.379 0.211212
<#> chisq = 980.895 : penaltysq = 185.373
<#> chisq = 801.066 : penaltysq = 147.913
79 794.379 0.177365
<#> chisq = 862.16 : penaltysq = 188.636
<#> chisq = 802.043 : penaltysq = 149.382
80 794.379 0.160906

<> solution:
0 : 2.19569
1 : 1.20072
2 : 1.94496
3 : 0.341223
4 : 0.307766
5 : 0.274666
6 : 0.945656
7 : 3.41581
<>
<#> chisq = 818.824 : penaltysq = 179.402
<#> chisq = 795.036 : penaltysq = 165.552
81 794.379 0.14323
<#> chisq = 835.959 : penaltysq = 173.708
<#> chisq = 798.312 : penaltysq = 157.262
82 794.379 0.138284
<#> chisq = 807.627 : penaltysq = 150.27
83 794.379 0.138284
<#> chisq = 794.745 : penaltysq = 155.133
84 794.379 0.138284
<#> chisq = 814.024 : penaltysq = 176.6
<#> chisq = 796.806 : penaltysq = 151.868
85 794.379 0.124145
<#> chisq = 801.813 : penaltysq = 169.919
<#> chisq = 793.13 : penaltysq = 162.247
86 793.13 0.117572
<#> chisq = 850.101 : penaltysq = 186.178
<#> chisq = 792.509 : penaltysq = 151.811
87 792.509 0.0949753
<#> chisq = 787.603 : penaltysq = 157.231
<#> chisq = 787.838 : penaltysq = 158.748
88 787.838 0.109341
<#> chisq = 784.83 : penaltysq = 159.288
<#> chisq = 786.601 : penaltysq = 162.649
89 786.601 0.116909
<#> chisq = 786.924 : penaltysq = 153.731
90 786.601 0.116909

<> solution:
0 : 2.1042
1 : 1.21164
2 : 1.96563
3 : 0.449916
4 : 0.320573
5 : 0.232363
6 : 0.973114
7 : 3.33131
<>
<#> chisq = 798.57 : penaltysq = 172.207
<#> chisq = 789.852 : penaltysq = 153.962
91 786.601 0.107048
<#> chisq = 789.001 : penaltysq = 150.729
92 786.601 0.107048
<#> chisq = 788.346 : penaltysq = 160.449
93 786.601 0.107048
<#> chisq = 788.662 : penaltysq = 149.949
94 786.601 0.107048
<#> chisq = 788.428 : penaltysq = 149.95
95 786.601 0.107048
<#> chisq = 778.726 : penaltysq = 156.359
<#> chisq = 778.965 : penaltysq = 161.412
96 778.965 0.130635
<#> chisq = 778.759 : penaltysq = 156.321
<#> chisq = 781.521 : penaltysq = 160.876
97 778.759 0.130635
<#> chisq = 780.456 : penaltysq = 160.778
98 778.759 0.130635
<#> chisq = 784.057 : penaltysq = 166.28
99 778.759 0.130635
<#> chisq = 803.455 : penaltysq = 176.196
<#> chisq = 781.192 : penaltysq = 153.202
100 778.759 0.122193

<> solution:
0 : 2.01021
1 : 1.23631
2 : 1.93654
3 : 0.574321
4 : 0.302648
5 : 0.31647
6 : 1.04873
7 : 3.22846
<>
<#> chisq = 786.322 : penaltysq = 163.111
101 778.759 0.122193
<#> chisq = 779.416 : penaltysq = 160.289
102 778.759 0.122193
<#> chisq = 786.451 : penaltysq = 167.566
103 778.759 0.122193
<#> chisq = 790.428 : penaltysq = 167.153
<#> chisq = 779.155 : penaltysq = 159.839
104 778.759 0.10693
<#> chisq = 787.193 : penaltysq = 153.99
<#> chisq = 779.477 : penaltysq = 162.805
105 778.759 0.0917076
<#> chisq = 794.59 : penaltysq = 165.197
<#> chisq = 779.78 : penaltysq = 160.257
106 778.759 0.0849139
<#> chisq = 779.765 : penaltysq = 153.926
107 778.759 0.0849139
<#> chisq = 786.248 : penaltysq = 167.474
<#> chisq = 778.197 : penaltysq = 155.646
108 778.197 0.0762411
<#> chisq = 775.957 : penaltysq = 155.938
<#> chisq = 776.452 : penaltysq = 154.245
109 776.452 0.0888408
<#> chisq = 778.655 : penaltysq = 156.812
110 776.452 0.0888408

<> solution:
0 : 1.90248
1 : 1.25397
2 : 1.92744
3 : 0.628469
4 : 0.322643
5 : 0.320284
6 : 1.0811
7 : 3.1282
<>
<#> chisq = 778.57 : penaltysq = 163.203
111 776.452 0.0888408
<#> chisq = 777.425 : penaltysq = 153.611
112 776.452 0.0888408
<#> chisq = 779.487 : penaltysq = 155.295
<#> chisq = 776.9 : penaltysq = 158.358
113 776.452 0.0862415
<#> chisq = 778.24 : penaltysq = 155.792
114 776.452 0.0862415
<#> chisq = 778.145 : penaltysq = 153.192
115 776.452 0.0862415
<#> chisq = 775.363 : penaltysq = 156.021
<#> chisq = 777.66 : penaltysq = 157.265
116 775.363 0.0862415
<#> chisq = 776.352 : penaltysq = 155.922
117 775.363 0.0862415
<#> chisq = 784.999 : penaltysq = 150.248
<#> chisq = 775.455 : penaltysq = 158.513
118 775.363 0.078854
<#> chisq = 777.35 : penaltysq = 156.848
119 775.363 0.078854
<#> chisq = 773.226 : penaltysq = 155.14
<#> chisq = 771.96 : penaltysq = 155.117
120 771.96 0.0931091

<> solution:
0 : 1.84098
1 : 1.23199
2 : 1.94888
3 : 0.605727
4 : 0.324596
5 : 0.271859
6 : 1.08788
7 : 3.09243
<>
<#> chisq = 774.15 : penaltysq = 159.401
121 771.96 0.0931091
<#> chisq = 773.269 : penaltysq = 159.39
122 771.96 0.0931091
<#> chisq = 774.851 : penaltysq = 158.712
123 771.96 0.0931091
<#> chisq = 771.377 : penaltysq = 155.289
<#> chisq = 771.068 : penaltysq = 154.202
124 771.068 0.11231
<#> chisq = 772.609 : penaltysq = 160.298
125 771.068 0.11231
<#> chisq = 772.85 : penaltysq = 159.69
126 771.068 0.11231
<#> chisq = 769.035 : penaltysq = 156.178
<#> chisq = 767.761 : penaltysq = 155.205
127 767.761 0.146376
<#> chisq = 769.675 : penaltysq = 159.84
128 767.761 0.146376
<#> chisq = 767.982 : penaltysq = 157.617
129 767.761 0.146376
<#> chisq = 767.365 : penaltysq = 155.509
<#> chisq = 768.179 : penaltysq = 154.476
130 767.365 0.146376

<> solution:
0 : 1.64201
1 : 1.26647
2 : 1.88309
3 : 0.663573
4 : 0.30997
5 : 0.270941
6 : 1.16234
7 : 2.87323
<>
<#> chisq = 764.887 : penaltysq = 153.911
<#> chisq = 762.861 : penaltysq = 151.359
131 762.861 0.177013
<#> chisq = 766.149 : penaltysq = 152.549
132 762.861 0.177013
<#> chisq = 767.566 : penaltysq = 150.533
133 762.861 0.177013
<#> chisq = 761.802 : penaltysq = 153.044
<#> chisq = 757.983 : penaltysq = 152.311
134 757.983 0.24521
<#> chisq = 761.166 : penaltysq = 154.595
135 757.983 0.24521
<#> chisq = 762.571 : penaltysq = 148.994
136 757.983 0.24521
<#> chisq = 764.976 : penaltysq = 148.97
137 757.983 0.24521
<#> chisq = 757.764 : penaltysq = 147.24
<#> chisq = 752.047 : penaltysq = 144.045
138 752.047 0.291808
<#> chisq = 753.631 : penaltysq = 150.224
139 752.047 0.291808
<#> chisq = 753.826 : penaltysq = 146.187
140 752.047 0.291808

<> solution:
0 : 1.01626
1 : 1.35473
2 : 1.7812
3 : 0.778335
4 : 0.355909
5 : 0.352268
6 : 1.34548
7 : 2.31231
<>
<#> chisq = 739.709 : penaltysq = 146.882
<#> chisq = 714.956 : penaltysq = 151.148
141 714.956 0.423227
<#> chisq = 744.028 : penaltysq = 147.556
142 714.956 0.423227
<#> chisq = 725.771 : penaltysq = 148.144
143 714.956 0.423227
<#> chisq = 723.745 : penaltysq = 152.847
144 714.956 0.423227
<#> chisq = 714.81 : penaltysq = 151.017
<#> chisq = 831.259 : penaltysq = 290.649
145 714.81 0.423227
<#> chisq = 717.54 : penaltysq = 147.014
146 714.81 0.423227
<#> chisq = 704.443 : penaltysq = 149.239
<#> chisq = 689.325 : penaltysq = 147.363
147 689.325 0.461027
<#> chisq = 763.647 : penaltysq = 231.756
<#> chisq = 740.452 : penaltysq = 146.62
148 689.325 0.397553
<#> chisq = 701.278 : penaltysq = 149.853
149 689.325 0.397553
<#> chisq = 729.657 : penaltysq = 146.203
150 689.325 0.322329

<> solution:
0 : 0.348835
1 : 1.44634
2 : 1.57156
3 : 0.885142
4 : 0.307941
5 : 0.29918
6 : 1.56592
7 : 1.60676
<>
<#> chisq = 729.477 : penaltysq = 168.738
151 689.325 0.322329
<#> chisq = 815.832 : penaltysq = 287.477
<#> chisq = 715.752 : penaltysq = 148.407
152 689.325 0.280817
<#> chisq = 737.735 : penaltysq = 146.628
<#> chisq = 705.707 : penaltysq = 149.068
153 689.325 0.232197
<#> chisq = 708.202 : penaltysq = 148.286
154 689.325 0.232197
<#> chisq = 726.878 : penaltysq = 159.616
<#> chisq = 710.544 : penaltysq = 151.599
155 689.325 0.203005
<#> chisq = 691.475 : penaltysq = 152.756
156 689.325 0.203005
<#> chisq = 722.724 : penaltysq = 163.937
<#> chisq = 705.615 : penaltysq = 150.216
157 689.325 0.171375
<#> chisq = 689.203 : penaltysq = 149.002
<#> chisq = 686.732 : penaltysq = 149.471
158 686.732 0.195841
<#> chisq = 699.688 : penaltysq = 149.206
159 686.732 0.195841
<#> chisq = 726.206 : penaltysq = 203.604
<#> chisq = 699.147 : penaltysq = 151.219
160 686.732 0.168788

<> solution:
0 : 0.222253
1 : 1.44064
2 : 1.42411
3 : 0.775812
4 : 0.23589
5 : 0.39051
6 : 1.61621
7 : 1.45801
<>
<#> chisq = 688.805 : penaltysq = 153.352
161 686.732 0.168788
<#> chisq = 681.808 : penaltysq = 152.65
<#> chisq = 680.574 : penaltysq = 156.729
162 680.574 0.176534
<#> chisq = 694.207 : penaltysq = 150.535
163 680.574 0.176534
<#> chisq = 672.631 : penaltysq = 151.226
<#> chisq = 665.074 : penaltysq = 153.307
164 665.074 0.185384
<#> chisq = 675.9 : penaltysq = 154.452
165 665.074 0.185384
<#> chisq = 671.412 : penaltysq = 149.87
166 665.074 0.185384
<#> chisq = 682.323 : penaltysq = 152.622
167 665.074 0.185384
<#> chisq = 662.523 : penaltysq = 153.139
<#> chisq = 662.332 : penaltysq = 156.817
168 662.332 0.202487
<#> chisq = 694.278 : penaltysq = 166.236
<#> chisq = 676.128 : penaltysq = 149.085
169 662.332 0.191353
<#> chisq = 655.357 : penaltysq = 150.556
<#> chisq = 655.796 : penaltysq = 149.295
170 655.796 0.22013

<> solution:
0 : 0.339059
1 : 1.57756
2 : 1.226
3 : 0.549525
4 : 0.132084
5 : 0.356156
6 : 1.59575
7 : 1.36272
<>
<#> chisq = 673.502 : penaltysq = 161.393
171 655.796 0.22013
<#> chisq = 687.114 : penaltysq = 150.769
<#> chisq = 667.811 : penaltysq = 153.745
172 655.796 0.20339
<#> chisq = 641.645 : penaltysq = 150.392
<#> chisq = 625.962 : penaltysq = 148.303
173 625.962 0.215141
<#> chisq = 669.08 : penaltysq = 161.499
174 625.962 0.215141
<#> chisq = 675.338 : penaltysq = 153.786
<#> chisq = 656.817 : penaltysq = 153.695
175 625.962 0.201707
<#> chisq = 661.092 : penaltysq = 147.443
176 625.962 0.201707
<#> chisq = 642.474 : penaltysq = 158.118
177 625.962 0.201707
<#> chisq = 654.523 : penaltysq = 144.36
178 625.962 0.201707
<#> chisq = 662.112 : penaltysq = 148.583
179 625.962 0.201707
<#> chisq = 647.67 : penaltysq = 151.188
180 625.962 0.201707

<> solution:
0 : 0.467055
1 : 1.61797
2 : 1.28941
3 : 0.532742
4 : 0.191844
5 : 0.385313
6 : 1.53338
7 : 1.48227
<>
<#> chisq = 633.462 : penaltysq = 142.646
181 625.962 0.201707
<#> chisq = 641.324 : penaltysq = 149.446
182 625.962 0.201707
<#> chisq = 627.047 : penaltysq = 153.81
183 625.962 0.201707
<#> chisq = 625.541 : penaltysq = 145.206
<#> chisq = 630.678 : penaltysq = 144.059
184 625.541 0.201707
<#> chisq = 622.384 : penaltysq = 148.366
<#> chisq = 630.007 : penaltysq = 150.249
185 622.384 0.201707
<#> chisq = 627.076 : penaltysq = 161.026
186 622.384 0.201707
<#> chisq = 629.373 : penaltysq = 150.566
187 622.384 0.201707
<#> chisq = 613.97 : penaltysq = 140.862
<#> chisq = 617.941 : penaltysq = 135.761
188 617.941 0.217065
<#> chisq = 599.171 : penaltysq = 146.967
<#> chisq = 607.762 : penaltysq = 155.468
189 607.762 0.25194
<#> chisq = 624.41 : penaltysq = 151.533
190 607.762 0.25194

<> solution:
0 : 0.478896
1 : 1.94169
2 : 1.05371
3 : 0.206671
4 : 0.175414
5 : 0.475274
6 : 1.51416
7 : 1.23801
<>
<#> chisq = 619.274 : penaltysq = 150.617
191 607.762 0.25194
<#> chisq = 624.688 : penaltysq = 138.568
192 607.762 0.25194
<#> chisq = 616.335 : penaltysq = 138.968
193 607.762 0.25194
<#> chisq = 605.077 : penaltysq = 143.72
<#> chisq = 631.495 : penaltysq = 152.63
194 605.077 0.25194
<#> chisq = 588.186 : penaltysq = 142.929
<#> chisq = 579.75 : penaltysq = 146.695
195 579.75 0.267737
<#> chisq = 623.26 : penaltysq = 164.984
196 579.75 0.267737
<#> chisq = 620.893 : penaltysq = 145.577
197 579.75 0.267737
<#> chisq = 622.761 : penaltysq = 134.167
<#> chisq = 606.644 : penaltysq = 136.124
198 579.75 0.256464
<#> chisq = 591.102 : penaltysq = 141.085
199 579.75 0.256464
<#> chisq = 605.342 : penaltysq = 145.354
200 579.75 0.256464

<> solution:
0 : 0.589059
1 : 2.03926
2 : 1.17863
3 : 0.27934
4 : 0.312659
5 : 0.495254
6 : 1.45041
7 : 1.34067
<>
<#> chisq = 600.06 : penaltysq = 135.544
201 579.75 0.256464
<#> chisq = 681.198 : penaltysq = 166.98
<#> chisq = 600.143 : penaltysq = 135.712
202 579.75 0.239955
<#> chisq = 564.721 : penaltysq = 141.887
<#> chisq = 549.138 : penaltysq = 147.653
203 549.138 0.255829
<#> chisq = 613.019 : penaltysq = 135.521
<#> chisq = 584.107 : penaltysq = 144.892
204 549.138 0.247591
<#> chisq = 564.004 : penaltysq = 149.344
205 549.138 0.247591
<#> chisq = 580.057 : penaltysq = 145.429
206 549.138 0.247591
<#> chisq = 536.429 : penaltysq = 137.38
<#> chisq = 504.654 : penaltysq = 136.889
207 504.654 0.272474
<#> chisq = 609.594 : penaltysq = 166.859
<#> chisq = 576.775 : penaltysq = 135.858
208 504.654 0.250131
<#> chisq = 663.404 : penaltysq = 161.895
<#> chisq = 574.114 : penaltysq = 136.068
209 504.654 0.235679
<#> chisq = 558.419 : penaltysq = 144.901
210 504.654 0.235679

<> solution:
0 : 0.551516
1 : 2.38857
2 : 0.956807
3 : 0.320891
4 : 0.303919
5 : 0.549627
6 : 1.49987
7 : 1.01667
<>
<#> chisq = 535.799 : penaltysq = 140.169
211 504.654 0.235679
<#> chisq = 573.044 : penaltysq = 143.437
212 504.654 0.235679
<#> chisq = 521.805 : penaltysq = 136.14
213 504.654 0.235679
<#> chisq = 523.705 : penaltysq = 147.806
214 504.654 0.235679
<#> chisq = 518.376 : penaltysq = 150.77
215 504.654 0.235679
<#> chisq = 522.754 : penaltysq = 156.178
216 504.654 0.235679
<#> chisq = 490.327 : penaltysq = 138.937
<#> chisq = 466.2 : penaltysq = 136.743
217 466.2 0.266999
<#> chisq = 470.344 : penaltysq = 145.675
218 466.2 0.266999
<#> chisq = 465.497 : penaltysq = 140.514
<#> chisq = 444.666 : penaltysq = 142.597
219 444.666 0.335665
<#> chisq = 448.806 : penaltysq = 145.203
220 444.666 0.335665

<> solution:
0 : 0.817491
1 : 3.06015
2 : 0.765465
3 : 0.395656
4 : 0.42948
5 : 0.654957
6 : 1.44224
7 : 0.788108
<>
<#> chisq = 442.545 : penaltysq = 139.692
<#> chisq = 427.796 : penaltysq = 142.34
221 427.796 0.390941
<#> chisq = 449.228 : penaltysq = 135.056
222 427.796 0.390941
<#> chisq = 416.91 : penaltysq = 145.453
<#> chisq = 412.779 : penaltysq = 153.394
223 412.779 0.494549
<#> chisq = 417.349 : penaltysq = 141.926
224 412.779 0.494549
<#> chisq = 402.963 : penaltysq = 140.198
<#> chisq = 428.671 : penaltysq = 145.872
225 402.963 0.494549
<#> chisq = 404.626 : penaltysq = 137.231
226 402.963 0.494549
<#> chisq = 429.069 : penaltysq = 148.696
227 402.963 0.494549
<#> chisq = 462.088 : penaltysq = 214.164
<#> chisq = 420.018 : penaltysq = 137.446
228 402.963 0.451895
<#> chisq = 998.417 : penaltysq = 256.965
<#> chisq = 418.529 : penaltysq = 142.195
229 402.963 0.394848
<#> chisq = 418.777 : penaltysq = 150.67
230 402.963 0.394848

<> solution:
0 : 0.942214
1 : 3.57713
2 : 0.483022
3 : 0.382608
4 : 0.393194
5 : 0.564045
6 : 1.44581
7 : 0.428696
<>
<#> chisq = 423.665 : penaltysq = 138.3
231 402.963 0.394848
<#> chisq = 401.965 : penaltysq = 137.468
<#> chisq = 409.427 : penaltysq = 136.221
232 401.965 0.394848
<#> chisq = 430.199 : penaltysq = 146.602
<#> chisq = 406.874 : penaltysq = 139.323
233 401.965 0.35936
<#> chisq = 418.014 : penaltysq = 147.975
234 401.965 0.35936
<#> chisq = 431.752 : penaltysq = 142.237
<#> chisq = 404.48 : penaltysq = 142.245
235 401.965 0.339766
<#> chisq = 426.851 : penaltysq = 168.965
<#> chisq = 405.239 : penaltysq = 141.765
236 401.965 0.294123
<#> chisq = 420.441 : penaltysq = 137.512
<#> chisq = 405.352 : penaltysq = 142.376
237 401.965 0.259512
<#> chisq = 402.579 : penaltysq = 141.67
238 401.965 0.259512
<#> chisq = 402.51 : penaltysq = 135.713
239 401.965 0.259512
<#> chisq = 410.499 : penaltysq = 137.784
<#> chisq = 401.178 : penaltysq = 139.242
240 401.178 0.229157

<> solution:
0 : 0.903384
1 : 3.39056
2 : 0.551866
3 : 0.381339
4 : 0.361581
5 : 0.514988
6 : 1.44507
7 : 0.517886
<>
<#> chisq = 406.663 : penaltysq = 136.616
<#> chisq = 400.88 : penaltysq = 140.255
241 400.88 0.219193
<#> chisq = 401.785 : penaltysq = 135.147
242 400.88 0.219193
<#> chisq = 400.328 : penaltysq = 142.871
<#> chisq = 413.395 : penaltysq = 153.549
243 400.328 0.219193
<#> chisq = 408.158 : penaltysq = 136.424
<#> chisq = 399.712 : penaltysq = 139.964
244 399.712 0.203705
<#> chisq = 397.94 : penaltysq = 137.59
<#> chisq = 401.825 : penaltysq = 138.907
245 397.94 0.203705
<#> chisq = 403.77 : penaltysq = 136.356
<#> chisq = 399.33 : penaltysq = 139.271
246 397.94 0.189577
<#> chisq = 409.74 : penaltysq = 150.386
<#> chisq = 399.336 : penaltysq = 136.412
247 397.94 0.176837
<#> chisq = 398.431 : penaltysq = 140.343
248 397.94 0.176837
<#> chisq = 402.864 : penaltysq = 144.335
<#> chisq = 398.942 : penaltysq = 136.933
249 397.94 0.154879
<#> chisq = 401.68 : penaltysq = 138.318
<#> chisq = 398.712 : penaltysq = 138.988
250 397.94 0.129756

<> solution:
0 : 1.14653
1 : 3.68468
2 : 0.450735
3 : 0.395472
4 : 0.362292
5 : 0.437539
6 : 1.38019
7 : 0.462826
<>
<#> chisq = 398.477 : penaltysq = 138.129
251 397.94 0.129756
<#> chisq = 399.087 : penaltysq = 136.123
252 397.94 0.129756
<#> chisq = 400.215 : penaltysq = 136.469
<#> chisq = 398.079 : penaltysq = 138.616
253 397.94 0.122971
<#> chisq = 397.907 : penaltysq = 140.504
<#> chisq = 401.121 : penaltysq = 144.685
254 397.907 0.122971
<#> chisq = 397.847 : penaltysq = 137.473
<#> chisq = 400.963 : penaltysq = 137.479
255 397.847 0.122971
<#> chisq = 400.445 : penaltysq = 143.516
<#> chisq = 397.715 : penaltysq = 136.904
256 397.715 0.118185
<#> chisq = 397.824 : penaltysq = 139.999
257 397.715 0.118185
<#> chisq = 398.52 : penaltysq = 138.703
<#> chisq = 397.42 : penaltysq = 138.433
258 397.42 0.113133
<#> chisq = 398.548 : penaltysq = 139.307
<#> chisq = 397.447 : penaltysq = 138.223
259 397.42 0.105836
<#> chisq = 397.926 : penaltysq = 136.762
260 397.42 0.105836

<> solution:
0 : 1.05601
1 : 3.63497
2 : 0.432574
3 : 0.400733
4 : 0.336549
5 : 0.442553
6 : 1.41893
7 : 0.414054
<>
<#> chisq = 398.714 : penaltysq = 138.429
<#> chisq = 397.273 : penaltysq = 138.2
261 397.273 0.103176
<#> chisq = 397.566 : penaltysq = 138.964
262 397.273 0.103176
<#> chisq = 399.267 : penaltysq = 140.84
<#> chisq = 397.146 : penaltysq = 137.478
263 397.146 0.091981
<#> chisq = 398.263 : penaltysq = 136.911
<#> chisq = 397.176 : penaltysq = 139.107
264 397.146 0.0847933
<#> chisq = 398.167 : penaltysq = 139.556
<#> chisq = 397.197 : penaltysq = 137.84
265 397.146 0.0788542
<#> chisq = 398.472 : penaltysq = 136.391
<#> chisq = 397.16 : penaltysq = 138.973
266 397.146 0.0683229
<#> chisq = 397.932 : penaltysq = 140.532
<#> chisq = 397.198 : penaltysq = 137.529
267 397.146 0.066926
<#> chisq = 397.849 : penaltysq = 137.681
<#> chisq = 397.129 : penaltysq = 138.523
268 397.129 0.0544201
<#> chisq = 397.111 : penaltysq = 138.266
<#> chisq = 397.744 : penaltysq = 138.413
269 397.111 0.0544201
<#> chisq = 397.383 : penaltysq = 138.178
<#> chisq = 397.093 : penaltysq = 138.155
270 397.093 0.0502649

<> solution:
0 : 0.991484
1 : 3.55827
2 : 0.468608
3 : 0.402072
4 : 0.348654
5 : 0.47634
6 : 1.43101
7 : 0.434804
<>
<#> chisq = 396.949 : penaltysq = 138.274
<#> chisq = 397.194 : penaltysq = 138.474
271 396.949 0.0502649
<#> chisq = 396.963 : penaltysq = 139.151
272 396.949 0.0502649
<#> chisq = 396.991 : penaltysq = 139.146
273 396.949 0.0502649
<#> chisq = 397.03 : penaltysq = 137.967
274 396.949 0.0502649
<#> chisq = 396.921 : penaltysq = 137.723
<#> chisq = 397.273 : penaltysq = 137.182
275 396.921 0.0502649
<#> chisq = 397.616 : penaltysq = 139.455
<#> chisq = 396.904 : penaltysq = 137.889
276 396.904 0.0392645
<#> chisq = 396.663 : penaltysq = 138.047
<#> chisq = 396.566 : penaltysq = 137.836
277 396.566 0.0410419
<#> chisq = 397.054 : penaltysq = 138.24
278 396.566 0.0410419
<#> chisq = 396.828 : penaltysq = 138.463
279 396.566 0.0410419
<#> chisq = 396.92 : penaltysq = 138.308
280 396.566 0.0410419

<> solution:
0 : 1.02944
1 : 3.56773
2 : 0.470824
3 : 0.404057
4 : 0.349068
5 : 0.456654
6 : 1.41018
7 : 0.448187
<>
<#> chisq = 396.877 : penaltysq = 138.801
281 396.566 0.0410419
<#> chisq = 396.849 : penaltysq = 137.532
282 396.566 0.0410419
<#> chisq = 396.741 : penaltysq = 137.133
283 396.566 0.0410419
<#> chisq = 396.618 : penaltysq = 137.61
284 396.566 0.0410419
<#> chisq = 396.714 : penaltysq = 138.184
285 396.566 0.0410419
<#> chisq = 396.968 : penaltysq = 137.596
<#> chisq = 396.697 : penaltysq = 138.083
286 396.566 0.0362071
<#> chisq = 396.371 : penaltysq = 137.951
<#> chisq = 396.211 : penaltysq = 138.008
287 396.211 0.036975
<#> chisq = 396.588 : penaltysq = 137.102
288 396.211 0.036975
<#> chisq = 396.482 : penaltysq = 138.037
289 396.211 0.036975
<#> chisq = 396.477 : penaltysq = 137.076
290 396.211 0.036975

<> solution:
0 : 1.03232
1 : 3.59759
2 : 0.445089
3 : 0.409042
4 : 0.341174
5 : 0.440451
6 : 1.40541
7 : 0.409763
<>
<#> chisq = 396.21 : penaltysq = 138.344
<#> chisq = 396.164 : penaltysq = 139.07
291 396.164 0.0384485
<#> chisq = 396.196 : penaltysq = 137.489
292 396.164 0.0384485
<#> chisq = 396 : penaltysq = 137.411
<#> chisq = 395.935 : penaltysq = 137.15
293 395.935 0.0420947
<#> chisq = 395.867 : penaltysq = 137.734
<#> chisq = 395.81 : penaltysq = 137.843
294 395.81 0.0501515
<#> chisq = 395.965 : penaltysq = 138.718
295 395.81 0.0501515
<#> chisq = 395.446 : penaltysq = 137.912
<#> chisq = 395.141 : penaltysq = 138.019
296 395.141 0.0524266
<#> chisq = 395.23 : penaltysq = 137.64
297 395.141 0.0524266
<#> chisq = 395.438 : penaltysq = 139.03
298 395.141 0.0524266
<#> chisq = 395.148 : penaltysq = 138.094
299 395.141 0.0524266
<#> chisq = 395.826 : penaltysq = 139.187
300 395.141 0.0524266

<> solution:
0 : 1.05925
1 : 3.60035
2 : 0.446593
3 : 0.404142
4 : 0.350551
5 : 0.42662
6 : 1.36553
7 : 0.407544
<>
<#> chisq = 394.884 : penaltysq = 137.406
<#> chisq = 394.875 : penaltysq = 136.862
301 394.875 0.0567722
<#> chisq = 394.948 : penaltysq = 137.434
302 394.875 0.0567722
<#> chisq = 394.642 : penaltysq = 138.853
<#> chisq = 394.955 : penaltysq = 139.983
303 394.642 0.0567722
<#> chisq = 394.751 : penaltysq = 136.898
304 394.642 0.0567722
<#> chisq = 394.301 : penaltysq = 137.757
<#> chisq = 394.591 : penaltysq = 137.863
305 394.591 0.0695304
<#> chisq = 394.265 : penaltysq = 136.469
<#> chisq = 394.674 : penaltysq = 135.603
306 394.265 0.0695304
<#> chisq = 394.272 : penaltysq = 137.465
307 394.265 0.0695304
<#> chisq = 394.591 : penaltysq = 137.131
308 394.265 0.0695304
<#> chisq = 394.095 : penaltysq = 136.746
<#> chisq = 394.834 : penaltysq = 136.382
309 394.095 0.0695304
<#> chisq = 393.714 : penaltysq = 136.98
<#> chisq = 393.864 : penaltysq = 136.856
310 393.864 0.0765391

<> solution:
0 : 1.08974
1 : 3.61703
2 : 0.444883
3 : 0.425367
4 : 0.386971
5 : 0.410548
6 : 1.2672
7 : 0.361647
<>
<#> chisq = 393.819 : penaltysq = 137.418
<#> chisq = 394.703 : penaltysq = 137.64
311 393.819 0.0765391
<#> chisq = 395.113 : penaltysq = 138.332
<#> chisq = 394.035 : penaltysq = 136.993
312 393.819 0.0708236
<#> chisq = 395.018 : penaltysq = 135.815
<#> chisq = 393.982 : penaltysq = 137.874
313 393.819 0.0646704
<#> chisq = 393.483 : penaltysq = 137.481
<#> chisq = 393.748 : penaltysq = 138.127
314 393.748 0.0669195
<#> chisq = 393.594 : penaltysq = 136.539
<#> chisq = 394.566 : penaltysq = 136.041
315 393.594 0.0669195
<#> chisq = 393.534 : penaltysq = 136.62
<#> chisq = 394.357 : penaltysq = 136.291
316 393.534 0.0669195
<#> chisq = 392.676 : penaltysq = 137.633
<#> chisq = 392.179 : penaltysq = 138.296
317 392.179 0.0705075
<#> chisq = 393.647 : penaltysq = 138.248
318 392.179 0.0705075
<#> chisq = 392.544 : penaltysq = 137.875
319 392.179 0.0705075
<#> chisq = 392.804 : penaltysq = 137.085
320 392.179 0.0705075

<> solution:
0 : 0.99777
1 : 3.47932
2 : 0.471089
3 : 0.400389
4 : 0.360183
5 : 0.399669
6 : 1.28679
7 : 0.374466
<>
<#> chisq = 392.89 : penaltysq = 138.264
321 392.179 0.0705075
<#> chisq = 392.676 : penaltysq = 137.967
322 392.179 0.0705075
<#> chisq = 392.27 : penaltysq = 137.088
323 392.179 0.0705075
<#> chisq = 392.064 : penaltysq = 136.54
<#> chisq = 392.813 : penaltysq = 135.724
324 392.064 0.0705075
<#> chisq = 392.849 : penaltysq = 138.702
325 392.064 0.0705075
<#> chisq = 391.123 : penaltysq = 138.739
<#> chisq = 390.883 : penaltysq = 140.068
326 390.883 0.0815199
<#> chisq = 391.856 : penaltysq = 137.685
327 390.883 0.0815199
<#> chisq = 392.06 : penaltysq = 136.93
328 390.883 0.0815199
<#> chisq = 391.498 : penaltysq = 138.212
329 390.883 0.0815199
<#> chisq = 392.368 : penaltysq = 138.269
330 390.883 0.0815199

<> solution:
0 : 0.944646
1 : 3.37158
2 : 0.497333
3 : 0.350626
4 : 0.371356
5 : 0.408822
6 : 1.23698
7 : 0.377476
<>
<#> chisq = 390.9 : penaltysq = 137.368
331 390.883 0.0815199
<#> chisq = 391.997 : penaltysq = 137.739
332 390.883 0.0815199
<#> chisq = 392.057 : penaltysq = 138.436
333 390.883 0.0815199
<#> chisq = 390.914 : penaltysq = 137.033
334 390.883 0.0815199
<#> chisq = 390.725 : penaltysq = 139.613
<#> chisq = 391.781 : penaltysq = 142.146
335 390.725 0.0815199
<#> chisq = 390.86 : penaltysq = 140.016
336 390.725 0.0815199
<#> chisq = 390.304 : penaltysq = 138.146
<#> chisq = 391.196 : penaltysq = 137.984
337 390.304 0.0815199
<#> chisq = 390.966 : penaltysq = 139.35
338 390.304 0.0815199
<#> chisq = 391.695 : penaltysq = 139.139
<#> chisq = 390.622 : penaltysq = 138.875
339 390.304 0.0637568
<#> chisq = 389.99 : penaltysq = 139.433
<#> chisq = 390.819 : penaltysq = 140.618
340 389.99 0.0637568

<> solution:
0 : 0.924434
1 : 3.30871
2 : 0.51267
3 : 0.351324
4 : 0.385186
5 : 0.404617
6 : 1.17939
7 : 0.3655
<>
<#> chisq = 391.41 : penaltysq = 138.472
<#> chisq = 390.303 : penaltysq = 138.943
341 389.99 0.0601317
<#> chisq = 391.224 : penaltysq = 141.421
<#> chisq = 390.335 : penaltysq = 137.911
342 389.99 0.0575503
<#> chisq = 392.005 : penaltysq = 142.466
<#> chisq = 390.288 : penaltysq = 138.038
343 389.99 0.0545899
<#> chisq = 389.802 : penaltysq = 137.692
<#> chisq = 389.905 : penaltysq = 136.694
344 389.905 0.0605468
<#> chisq = 389.78 : penaltysq = 137.308
<#> chisq = 390.203 : penaltysq = 136.665
345 389.78 0.0605468
<#> chisq = 389.916 : penaltysq = 136.776
346 389.78 0.0605468
<#> chisq = 389.807 : penaltysq = 136.968
347 389.78 0.0605468
<#> chisq = 389.557 : penaltysq = 137.539
<#> chisq = 389.991 : penaltysq = 137.406
348 389.557 0.0605468
<#> chisq = 390.615 : penaltysq = 136.888
<#> chisq = 389.778 : penaltysq = 137.901
349 389.557 0.052802
<#> chisq = 389.364 : penaltysq = 136.349
<#> chisq = 389.6 : penaltysq = 135.427
350 389.364 0.052802

<> solution:
0 : 0.905661
1 : 3.30293
2 : 0.517269
3 : 0.423554
4 : 0.371859
5 : 0.40464
6 : 1.2195
7 : 0.36777
<>
<#> chisq = 389.003 : penaltysq = 136.544
<#> chisq = 388.933 : penaltysq = 135.814
351 388.933 0.0584182
<#> chisq = 390.592 : penaltysq = 135.808
<#> chisq = 389.39 : penaltysq = 137.967
352 388.933 0.0555448
<#> chisq = 389.033 : penaltysq = 137.366
353 388.933 0.0555448
<#> chisq = 389.746 : penaltysq = 137.37
354 388.933 0.0555448
<#> chisq = 388.715 : penaltysq = 137.406
<#> chisq = 388.481 : penaltysq = 137.649
355 388.481 0.061821
<#> chisq = 389.257 : penaltysq = 137.175
356 388.481 0.061821
<#> chisq = 388.504 : penaltysq = 136.29
357 388.481 0.061821
<#> chisq = 388.908 : penaltysq = 136.249
358 388.481 0.061821
<#> chisq = 388.288 : penaltysq = 136.284
<#> chisq = 388.378 : penaltysq = 135.851
359 388.378 0.0669292
<#> chisq = 388.079 : penaltysq = 135.305
<#> chisq = 388.171 : penaltysq = 134.175
360 388.171 0.0737239

<> solution:
0 : 0.849124
1 : 3.19557
2 : 0.526032
3 : 0.457614
4 : 0.386065
5 : 0.411999
6 : 1.13523
7 : 0.322531
<>
<#> chisq = 387.944 : penaltysq = 136.205
<#> chisq = 388.525 : penaltysq = 136.198
361 387.944 0.0737239
<#> chisq = 387.967 : penaltysq = 134.977
362 387.944 0.0737239
<#> chisq = 388.83 : penaltysq = 133.732
363 387.944 0.0737239
<#> chisq = 387.352 : penaltysq = 135.216
<#> chisq = 387.335 : penaltysq = 134.746
364 387.335 0.0846415
<#> chisq = 387.179 : penaltysq = 134.733
<#> chisq = 387.51 : penaltysq = 134.18
365 387.179 0.0846415
<#> chisq = 387.484 : penaltysq = 136.957
366 387.179 0.0846415
<#> chisq = 386.843 : penaltysq = 134.858
<#> chisq = 387.135 : penaltysq = 134.012
367 387.135 0.0959045
<#> chisq = 388.214 : penaltysq = 133.43
368 387.135 0.0959045
<#> chisq = 386.074 : penaltysq = 133.959
<#> chisq = 385.673 : penaltysq = 133.078
369 385.673 0.103081
<#> chisq = 387.716 : penaltysq = 137.168
370 385.673 0.103081

<> solution:
0 : 0.8238
1 : 3.03889
2 : 0.547202
3 : 0.453581
4 : 0.365815
5 : 0.398068
6 : 1.07756
7 : 0.351901
<>
<#> chisq = 386.558 : penaltysq = 136.668
371 385.673 0.103081
<#> chisq = 385.46 : penaltysq = 136.109
<#> chisq = 385.389 : penaltysq = 137.068
372 385.389 0.107957
<#> chisq = 385.81 : penaltysq = 134.711
373 385.389 0.107957
<#> chisq = 386.297 : penaltysq = 133.612
374 385.389 0.107957
<#> chisq = 388.688 : penaltysq = 131.088
<#> chisq = 386.106 : penaltysq = 135.987
375 385.389 0.0827991
<#> chisq = 384.061 : penaltysq = 134.974
<#> chisq = 383.024 : penaltysq = 135.144
376 383.024 0.0843641
<#> chisq = 384.269 : penaltysq = 134.855
377 383.024 0.0843641
<#> chisq = 383.006 : penaltysq = 136.192
<#> chisq = 382.457 : penaltysq = 137.608
378 382.457 0.0880115
<#> chisq = 382.919 : penaltysq = 133.829
379 382.457 0.0880115
<#> chisq = 384.116 : penaltysq = 137.441
380 382.457 0.0880115

<> solution:
0 : 0.838678
1 : 3.08294
2 : 0.493599
3 : 0.384829
4 : 0.341418
5 : 0.410935
6 : 1.09628
7 : 0.328796
<>
<#> chisq = 381.958 : penaltysq = 134.489
<#> chisq = 382.495 : penaltysq = 133.702
381 381.958 0.0880115
<#> chisq = 382.253 : penaltysq = 135.667
382 381.958 0.0880115
<#> chisq = 382.328 : penaltysq = 139.533
383 381.958 0.0880115
<#> chisq = 379.506 : penaltysq = 135.388
<#> chisq = 378.061 : penaltysq = 135.422
384 378.061 0.0940724
<#> chisq = 383.847 : penaltysq = 136.801
385 378.061 0.0940724
<#> chisq = 379.896 : penaltysq = 134.436
386 378.061 0.0940724
<#> chisq = 383.198 : penaltysq = 134.15
<#> chisq = 381.218 : penaltysq = 134.826
387 378.061 0.0855453
<#> chisq = 379.646 : penaltysq = 136.199
388 378.061 0.0855453
<#> chisq = 378.823 : penaltysq = 138.427
389 378.061 0.0855453
<#> chisq = 378.032 : penaltysq = 134.313
<#> chisq = 377.71 : penaltysq = 132.968
390 377.71 0.104948

<> solution:
0 : 0.753064
1 : 2.79996
2 : 0.51426
3 : 0.456565
4 : 0.329704
5 : 0.496904
6 : 0.990681
7 : 0.35352
<>
<#> chisq = 379.179 : penaltysq = 131.927
391 377.71 0.104948
<#> chisq = 376.742 : penaltysq = 133.307
<#> chisq = 377.085 : penaltysq = 132.083
392 377.085 0.130474
<#> chisq = 374.227 : penaltysq = 134.275
<#> chisq = 372.304 : penaltysq = 134.535
393 372.304 0.140191
<#> chisq = 374.738 : penaltysq = 134.775
394 372.304 0.140191
<#> chisq = 375.174 : penaltysq = 135.334
395 372.304 0.140191
<#> chisq = 373.124 : penaltysq = 133.133
396 372.304 0.140191
<#> chisq = 372.911 : penaltysq = 137.255
397 372.304 0.140191
<#> chisq = 374.64 : penaltysq = 132.272
398 372.304 0.140191
<#> chisq = 374.526 : penaltysq = 132.144
399 372.304 0.140191
<#> chisq = 373.613 : penaltysq = 136.035
400 372.304 0.140191

<> solution:
0 : 0.895425
1 : 2.82634
2 : 0.474658
3 : 0.479161
4 : 0.320304
5 : 0.466775
6 : 0.885013
7 : 0.366503
<>
<#> chisq = 372.968 : penaltysq = 136.906
401 372.304 0.140191
<#> chisq = 372.595 : penaltysq = 134.299
402 372.304 0.140191
<#> chisq = 372.821 : penaltysq = 133.824
403 372.304 0.140191
<#> chisq = 370.314 : penaltysq = 137.394
<#> chisq = 371.619 : penaltysq = 141.102
404 371.619 0.152357
<#> chisq = 372.747 : penaltysq = 138.364
405 371.619 0.152357
<#> chisq = 373.363 : penaltysq = 136.827
<#> chisq = 371.461 : penaltysq = 136.208
406 371.461 0.145246
<#> chisq = 371.34 : penaltysq = 139.815
<#> chisq = 375.228 : penaltysq = 143.943
407 371.34 0.145246
<#> chisq = 370.769 : penaltysq = 137.331
<#> chisq = 374.047 : penaltysq = 139.32
408 370.769 0.145246
<#> chisq = 374.612 : penaltysq = 136.497
<#> chisq = 370.933 : penaltysq = 136.836
409 370.769 0.138233
<#> chisq = 376.666 : penaltysq = 140.969
<#> chisq = 370.654 : penaltysq = 135.343
410 370.654 0.116531

<> solution:
0 : 0.934007
1 : 2.69091
2 : 0.471442
3 : 0.51439
4 : 0.286558
5 : 0.505604
6 : 0.837087
7 : 0.440474
<>
<#> chisq = 372.144 : penaltysq = 135.193
411 370.654 0.116531
<#> chisq = 371.918 : penaltysq = 141.068
412 370.654 0.116531
<#> chisq = 371.204 : penaltysq = 141.299
413 370.654 0.116531
<#> chisq = 373.141 : penaltysq = 141.188
<#> chisq = 370.45 : penaltysq = 136.753
414 370.45 0.099191
<#> chisq = 371.871 : penaltysq = 136.164
<#> chisq = 370.581 : penaltysq = 136.865
415 370.45 0.0881091
<#> chisq = 372.506 : penaltysq = 134.94
<#> chisq = 370.351 : penaltysq = 139.057
416 370.351 0.0822449
<#> chisq = 370.557 : penaltysq = 139.557
417 370.351 0.0822449
<#> chisq = 371.224 : penaltysq = 135.718
<#> chisq = 370.298 : penaltysq = 136.682
418 370.298 0.0776025
<#> chisq = 371.538 : penaltysq = 133.785
<#> chisq = 370.243 : penaltysq = 139.124
419 370.243 0.0747088
<#> chisq = 370.472 : penaltysq = 138.139
420 370.243 0.0747088

<> solution:
0 : 0.945472
1 : 2.73273
2 : 0.438032
3 : 0.438098
4 : 0.278886
5 : 0.523199
6 : 0.849528
7 : 0.429257
<>
<#> chisq = 371.876 : penaltysq = 138.374
<#> chisq = 370.061 : penaltysq = 137.377
421 370.061 0.0627148
<#> chisq = 371.47 : penaltysq = 141.754
<#> chisq = 370.083 : penaltysq = 136.474
422 370.061 0.0588496
<#> chisq = 370.278 : penaltysq = 139.406
423 370.061 0.0588496
<#> chisq = 370.62 : penaltysq = 136.356
<#> chisq = 370.054 : penaltysq = 138.639
424 370.054 0.0557397
<#> chisq = 370.798 : penaltysq = 137.636
<#> chisq = 370.004 : penaltysq = 137.997
425 370.004 0.0497134
<#> chisq = 370.178 : penaltysq = 139.314
426 370.004 0.0497134
<#> chisq = 370.941 : penaltysq = 137.065
<#> chisq = 369.936 : penaltysq = 138.555
427 369.936 0.0444836
<#> chisq = 370.241 : penaltysq = 139.974
428 369.936 0.0444836
<#> chisq = 370.396 : penaltysq = 137.927
<#> chisq = 369.961 : penaltysq = 138.816
429 369.936 0.0423127
<#> chisq = 369.675 : penaltysq = 137.596
<#> chisq = 369.689 : penaltysq = 136.886
430 369.689 0.043731

<> solution:
0 : 0.976521
1 : 2.74526
2 : 0.463552
3 : 0.445936
4 : 0.295551
5 : 0.495437
6 : 0.828442
7 : 0.448742
<>
<#> chisq = 370.186 : penaltysq = 136.064
<#> chisq = 369.885 : penaltysq = 136.995
431 369.689 0.0409129
<#> chisq = 370.246 : penaltysq = 136.091
<#> chisq = 369.88 : penaltysq = 138.482
432 369.689 0.0375228
<#> chisq = 370.222 : penaltysq = 139.883
<#> chisq = 369.858 : penaltysq = 137.156
433 369.689 0.0343569
<#> chisq = 369.942 : penaltysq = 138.538
434 369.689 0.0343569
<#> chisq = 369.713 : penaltysq = 137.221
435 369.689 0.0343569
<#> chisq = 369.804 : penaltysq = 137.648
436 369.689 0.0343569
<#> chisq = 369.814 : penaltysq = 136.7
437 369.689 0.0343569
<#> chisq = 370.167 : penaltysq = 136.475
<#> chisq = 369.735 : penaltysq = 137.966
438 369.689 0.0288695
<#> chisq = 369.931 : penaltysq = 136.223
<#> chisq = 369.76 : penaltysq = 136.783
439 369.689 0.0267374
<#> chisq = 369.73 : penaltysq = 137.695
440 369.689 0.0267374

<> solution:
0 : 0.976521
1 : 2.74526
2 : 0.463552
3 : 0.445936
4 : 0.295551
5 : 0.495437
6 : 0.828442
7 : 0.448742
<>
<#> chisq = 369.852 : penaltysq = 136.066
441 369.689 0.0267374
<#> chisq = 369.813 : penaltysq = 137.097
442 369.689 0.0267374
<#> chisq = 369.801 : penaltysq = 138.46
443 369.689 0.0267374
<#> chisq = 369.754 : penaltysq = 138.351
444 369.689 0.0267374
<#> chisq = 369.908 : penaltysq = 138.177
<#> chisq = 369.689 : penaltysq = 137.342
445 369.689 0.0249767
<#> chisq = 369.779 : penaltysq = 137.504
446 369.689 0.0249767
<#> chisq = 369.764 : penaltysq = 136.469
447 369.689 0.0249767
<#> chisq = 369.743 : penaltysq = 137.15
448 369.689 0.0249767
<#> chisq = 369.843 : penaltysq = 138.371
<#> chisq = 369.672 : penaltysq = 136.933
449 369.672 0.0235617
<#> chisq = 369.691 : penaltysq = 138.115
450 369.672 0.0235617

<> solution:
0 : 0.97268
1 : 2.7362
2 : 0.460728
3 : 0.448843
4 : 0.292788
5 : 0.495299
6 : 0.824033
7 : 0.44452
<>
<#> chisq = 369.828 : penaltysq = 136.577
<#> chisq = 369.663 : penaltysq = 137.858
451 369.663 0.0220406
<#> chisq = 369.775 : penaltysq = 137.848
<#> chisq = 369.667 : penaltysq = 137.316
452 369.663 0.0203422
<#> chisq = 369.885 : penaltysq = 136.929
<#> chisq = 369.654 : penaltysq = 137.679
453 369.654 0.0167636
<#> chisq = 369.694 : penaltysq = 137.173
454 369.654 0.0167636
<#> chisq = 369.664 : penaltysq = 137.604
455 369.654 0.0167636
<#> chisq = 369.747 : penaltysq = 137.796
<#> chisq = 369.647 : penaltysq = 137.309
456 369.647 0.0153037
<#> chisq = 369.748 : penaltysq = 136.637
<#> chisq = 369.647 : penaltysq = 137.732
457 369.647 0.0134341
<#> chisq = 369.683 : penaltysq = 138.078
458 369.647 0.0134341
<#> chisq = 369.633 : penaltysq = 137.784
<#> chisq = 369.678 : penaltysq = 138.024
459 369.633 0.0134341
<#> chisq = 369.664 : penaltysq = 136.991
460 369.633 0.0134341

<> solution:
0 : 0.964886
1 : 2.73555
2 : 0.454264
3 : 0.435418
4 : 0.287554
5 : 0.498582
6 : 0.832391
7 : 0.440682
<>
<#> chisq = 369.676 : penaltysq = 138.155
<#> chisq = 369.641 : penaltysq = 137.227
461 369.633 0.0127524
<#> chisq = 369.651 : penaltysq = 137.734
462 369.633 0.0127524
<#> chisq = 369.686 : penaltysq = 138.266
<#> chisq = 369.636 : penaltysq = 137.297
463 369.633 0.012383
<#> chisq = 369.697 : penaltysq = 137.56
<#> chisq = 369.635 : penaltysq = 137.587
464 369.633 0.0114796
<#> chisq = 369.628 : penaltysq = 137.223
<#> chisq = 369.663 : penaltysq = 136.909
465 369.628 0.0114796
<#> chisq = 369.657 : penaltysq = 137.31
<#> chisq = 369.632 : penaltysq = 137.578
466 369.628 0.0109827
<#> chisq = 369.657 : penaltysq = 137.211
<#> chisq = 369.631 : penaltysq = 137.597
467 369.628 0.0101216
<#> chisq = 369.637 : penaltysq = 137.701
468 369.628 0.0101216
<#> chisq = 369.635 : penaltysq = 137.262
469 369.628 0.0101216
<#> chisq = 369.625 : penaltysq = 137.786
<#> chisq = 369.651 : penaltysq = 138.079
470 369.625 0.0101216

<> solution:
0 : 0.97031
1 : 2.72877
2 : 0.454059
3 : 0.435392
4 : 0.286875
5 : 0.49889
6 : 0.825098
7 : 0.444377
<>
<#> chisq = 369.638 : penaltysq = 137.33
<#> chisq = 369.625 : penaltysq = 137.605
471 369.625 0.00966808
<#> chisq = 369.634 : penaltysq = 137.815
472 369.625 0.00966808
<#> chisq = 369.644 : penaltysq = 137.983
<#> chisq = 369.624 : penaltysq = 137.44
473 369.624 0.00860641
<#> chisq = 369.654 : penaltysq = 137.621
<#> chisq = 369.623 : penaltysq = 137.593
474 369.623 0.0075007
<#> chisq = 369.634 : penaltysq = 137.343
<#> chisq = 369.625 : penaltysq = 137.458
475 369.623 0.00694631
<#> chisq = 369.642 : penaltysq = 137.29
<#> chisq = 369.623 : penaltysq = 137.658
476 369.623 0.0062496
<#> chisq = 369.616 : penaltysq = 137.511
<#> chisq = 369.619 : penaltysq = 137.48
477 369.619 0.00695034
<#> chisq = 369.612 : penaltysq = 137.463
<#> chisq = 369.614 : penaltysq = 137.4
478 369.614 0.00820574
<#> chisq = 369.634 : penaltysq = 137.887
<#> chisq = 369.618 : penaltysq = 137.386
479 369.614 0.00792466
<#> chisq = 369.622 : penaltysq = 137.223
480 369.614 0.00792466

<> solution:
0 : 0.961993
1 : 2.71993
2 : 0.455854
3 : 0.443449
4 : 0.285697
5 : 0.497041
6 : 0.825586
7 : 0.441009
<>
<#> chisq = 369.613 : penaltysq = 137.301
<#> chisq = 369.618 : penaltysq = 137.15
481 369.613 0.00792466
<#> chisq = 369.609 : penaltysq = 137.41
<#> chisq = 369.612 : penaltysq = 137.387
482 369.612 0.0093738
<#> chisq = 369.604 : penaltysq = 137.415
<#> chisq = 369.604 : penaltysq = 137.404
483 369.604 0.00959735
<#> chisq = 369.611 : penaltysq = 137.132
484 369.604 0.00959735
<#> chisq = 369.614 : penaltysq = 137.078
485 369.604 0.00959735
<#> chisq = 369.608 : penaltysq = 137.421
486 369.604 0.00959735
<#> chisq = 369.624 : penaltysq = 137.156
<#> chisq = 369.608 : penaltysq = 137.395
487 369.604 0.00890063
<#> chisq = 369.605 : penaltysq = 137.241
488 369.604 0.00890063
<#> chisq = 369.607 : penaltysq = 137.59
489 369.604 0.00890063
<#> chisq = 369.617 : penaltysq = 137.328
<#> chisq = 369.605 : penaltysq = 137.377
490 369.604 0.00864518

<> solution:
0 : 0.965341
1 : 2.72829
2 : 0.456791
3 : 0.436798
4 : 0.288421
5 : 0.491605
6 : 0.823681
7 : 0.43905
<>
<#> chisq = 369.616 : penaltysq = 137.439
<#> chisq = 369.605 : penaltysq = 137.334
491 369.604 0.00807273
<#> chisq = 369.599 : penaltysq = 137.337
<#> chisq = 369.604 : penaltysq = 137.316
492 369.604 0.00914272
<#> chisq = 369.603 : penaltysq = 137.641
<#> chisq = 369.622 : penaltysq = 137.904
493 369.603 0.00914272
<#> chisq = 369.606 : penaltysq = 137.402
494 369.603 0.00914272
<#> chisq = 369.599 : penaltysq = 137.431
<#> chisq = 369.608 : penaltysq = 137.451
495 369.599 0.00914272
<#> chisq = 369.601 : penaltysq = 137.195
496 369.599 0.00914272
<#> chisq = 369.604 : penaltysq = 137.33
497 369.599 0.00914272
<#> chisq = 369.609 : penaltysq = 137.511
<#> chisq = 369.599 : penaltysq = 137.31
498 369.599 0.00789731
<#> chisq = 369.603 : penaltysq = 137.368
499 369.599 0.00789731
<#> chisq = 369.603 : penaltysq = 137.416
500 369.599 0.00789731

<> solution:
0 : 0.962179
1 : 2.72642
2 : 0.457039
3 : 0.437243
4 : 0.286918
5 : 0.491722
6 : 0.827605
7 : 0.439491
<>
<#> chisq = 369.592 : penaltysq = 137.346
<#> chisq = 369.593 : penaltysq = 137.318
501 369.593 0.00859957
<#> chisq = 369.6 : penaltysq = 137.416
502 369.593 0.00859957
<#> chisq = 369.606 : penaltysq = 137.46
<#> chisq = 369.596 : penaltysq = 137.35
503 369.593 0.00788021
<#> chisq = 369.591 : penaltysq = 137.402
<#> chisq = 369.596 : penaltysq = 137.424
504 369.591 0.00788021
<#> chisq = 369.601 : penaltysq = 137.07
505 369.591 0.00788021
<#> chisq = 369.596 : penaltysq = 137.209
506 369.591 0.00788021
<#> chisq = 369.604 : penaltysq = 137.589
<#> chisq = 369.594 : penaltysq = 137.198
507 369.591 0.00774059
<#> chisq = 369.589 : penaltysq = 137.463
<#> chisq = 369.595 : penaltysq = 137.599
508 369.589 0.00774059
<#> chisq = 369.601 : penaltysq = 137.255
<#> chisq = 369.593 : penaltysq = 137.375
509 369.589 0.0064902
<#> chisq = 369.588 : penaltysq = 137.375
<#> chisq = 369.594 : penaltysq = 137.409
510 369.588 0.0064902

<> solution:
0 : 0.961656
1 : 2.73157
2 : 0.458749
3 : 0.434331
4 : 0.289422
5 : 0.492431
6 : 0.830024
7 : 0.43984
<>
<#> chisq = 369.588 : penaltysq = 137.243
<#> chisq = 369.597 : penaltysq = 137.155
511 369.588 0.0064902
<#> chisq = 369.586 : penaltysq = 137.294
<#> chisq = 369.591 : penaltysq = 137.267
512 369.586 0.0064902
<#> chisq = 369.589 : penaltysq = 137.463
513 369.586 0.0064902
<#> chisq = 369.589 : penaltysq = 137.536
514 369.586 0.0064902
<#> chisq = 369.591 : penaltysq = 137.468
515 369.586 0.0064902
<#> chisq = 369.582 : penaltysq = 137.435
<#> chisq = 369.584 : penaltysq = 137.466
516 369.584 0.0072173
<#> chisq = 369.593 : penaltysq = 137.341
<#> chisq = 369.586 : penaltysq = 137.436
517 369.584 0.00619613
<#> chisq = 369.585 : penaltysq = 137.421
518 369.584 0.00619613
<#> chisq = 369.582 : penaltysq = 137.346
<#> chisq = 369.587 : penaltysq = 137.289
519 369.582 0.00619613
<#> chisq = 369.589 : penaltysq = 137.318
<#> chisq = 369.584 : penaltysq = 137.425
520 369.582 0.00601149

<> solution:
0 : 0.954986
1 : 2.72342
2 : 0.459571
3 : 0.431696
4 : 0.289266
5 : 0.495343
6 : 0.829858
7 : 0.439322
<>
<#> chisq = 369.581 : penaltysq = 137.215
<#> chisq = 369.586 : penaltysq = 137.058
521 369.581 0.00601149
<#> chisq = 369.583 : penaltysq = 137.335
522 369.581 0.00601149
<#> chisq = 369.584 : penaltysq = 137.492
523 369.581 0.00601149
<#> chisq = 369.578 : penaltysq = 137.492
<#> chisq = 369.581 : penaltysq = 137.595
524 369.578 0.00601149
<#> chisq = 369.586 : penaltysq = 137.363
<#> chisq = 369.581 : penaltysq = 137.417
525 369.578 0.00538702
<#> chisq = 369.579 : penaltysq = 137.378
526 369.578 0.00538702
<#> chisq = 369.583 : penaltysq = 137.277
527 369.578 0.00538702
<#> chisq = 369.576 : penaltysq = 137.305
<#> chisq = 369.577 : penaltysq = 137.246
528 369.577 0.00581945
<#> chisq = 369.584 : penaltysq = 137.211
<#> chisq = 369.579 : penaltysq = 137.274
529 369.577 0.00554497
<#> chisq = 369.578 : penaltysq = 137.398
530 369.577 0.00554497

<> solution:
0 : 0.952975
1 : 2.71557
2 : 0.460799
3 : 0.434229
4 : 0.288247
5 : 0.498791
6 : 0.830119
7 : 0.442836
<>
<#> chisq = 369.577 : penaltysq = 137.355
<#> chisq = 369.584 : penaltysq = 137.364
531 369.577 0.00554497
<#> chisq = 369.572 : penaltysq = 137.347
<#> chisq = 369.571 : penaltysq = 137.35
532 369.571 0.00573181
<#> chisq = 369.569 : penaltysq = 137.258
<#> chisq = 369.566 : penaltysq = 137.179
533 369.566 0.00614904
<#> chisq = 369.572 : penaltysq = 137.452
534 369.566 0.00614904
<#> chisq = 369.573 : penaltysq = 137.439
535 369.566 0.00614904
<#> chisq = 369.567 : penaltysq = 137.349
536 369.566 0.00614904
<#> chisq = 369.574 : penaltysq = 137.206
537 369.566 0.00614904
<#> chisq = 369.561 : penaltysq = 137.245
<#> chisq = 369.558 : penaltysq = 137.17
538 369.558 0.00630529
<#> chisq = 369.561 : penaltysq = 137.378
539 369.558 0.00630529
<#> chisq = 369.567 : penaltysq = 137.275
540 369.558 0.00630529

<> solution:
0 : 0.955171
1 : 2.71935
2 : 0.460686
3 : 0.438252
4 : 0.288697
5 : 0.49898
6 : 0.831341
7 : 0.443098
<>
<#> chisq = 369.558 : penaltysq = 137.443
541 369.558 0.00630529
<#> chisq = 369.553 : penaltysq = 137.21
<#> chisq = 369.551 : penaltysq = 137.097
542 369.551 0.0065376
<#> chisq = 369.55 : penaltysq = 137.109
<#> chisq = 369.551 : penaltysq = 136.942
543 369.55 0.0065376
<#> chisq = 369.551 : penaltysq = 137.15
544 369.55 0.0065376
<#> chisq = 369.544 : penaltysq = 137.102
<#> chisq = 369.542 : penaltysq = 136.984
545 369.542 0.00720229
<#> chisq = 369.558 : penaltysq = 137.104
546 369.542 0.00720229
<#> chisq = 369.535 : penaltysq = 137.177
<#> chisq = 369.528 : penaltysq = 137.178
547 369.528 0.00814521
<#> chisq = 369.545 : penaltysq = 136.932
548 369.528 0.00814521
<#> chisq = 369.553 : penaltysq = 136.751
549 369.528 0.00814521
<#> chisq = 369.546 : penaltysq = 136.989
550 369.528 0.00814521

<> solution:
0 : 0.964919
1 : 2.73037
2 : 0.460325
3 : 0.44033
4 : 0.289871
5 : 0.495687
6 : 0.83131
7 : 0.445066
<>
<#> chisq = 369.525 : penaltysq = 136.874
<#> chisq = 369.516 : penaltysq = 136.728
551 369.516 0.00828172
<#> chisq = 369.536 : penaltysq = 137.299
552 369.516 0.00828172
<#> chisq = 369.535 : penaltysq = 136.933
553 369.516 0.00828172
<#> chisq = 369.517 : penaltysq = 136.942
554 369.516 0.00828172
<#> chisq = 369.509 : penaltysq = 136.886
<#> chisq = 369.503 : penaltysq = 136.779
555 369.503 0.00895354
<#> chisq = 369.513 : penaltysq = 136.951
556 369.503 0.00895354
<#> chisq = 369.499 : penaltysq = 137.018
<#> chisq = 369.497 : penaltysq = 137.073
557 369.497 0.00944218
<#> chisq = 369.492 : penaltysq = 136.98
<#> chisq = 369.497 : penaltysq = 136.98
558 369.492 0.00944218
<#> chisq = 369.526 : penaltysq = 136.618
559 369.492 0.00944218
<#> chisq = 369.466 : penaltysq = 136.872
<#> chisq = 369.435 : penaltysq = 136.843
560 369.435 0.00958977

<> solution:
0 : 0.964195
1 : 2.72669
2 : 0.461823
3 : 0.44695
4 : 0.291091
5 : 0.497242
6 : 0.830448
7 : 0.445807
<>
<#> chisq = 369.468 : penaltysq = 136.548
561 369.435 0.00958977
<#> chisq = 369.479 : penaltysq = 137.108
562 369.435 0.00958977
<#> chisq = 369.445 : penaltysq = 136.803
563 369.435 0.00958977
<#> chisq = 369.442 : penaltysq = 137.043
564 369.435 0.00958977
<#> chisq = 369.426 : penaltysq = 136.844
<#> chisq = 369.415 : penaltysq = 136.803
565 369.415 0.0108725
<#> chisq = 369.419 : penaltysq = 137.016
566 369.415 0.0108725
<#> chisq = 369.402 : penaltysq = 136.715
<#> chisq = 369.399 : penaltysq = 136.553
567 369.399 0.0114103
<#> chisq = 369.358 : penaltysq = 136.689
<#> chisq = 369.314 : penaltysq = 136.55
568 369.314 0.0130296
<#> chisq = 369.382 : penaltysq = 136.46
569 369.314 0.0130296
<#> chisq = 369.316 : penaltysq = 136.953
570 369.314 0.0130296

<> solution:
0 : 0.954035
1 : 2.70204
2 : 0.461704
3 : 0.454642
4 : 0.287744
5 : 0.502422
6 : 0.826763
7 : 0.445745
<>
<#> chisq = 369.33 : penaltysq = 136.751
571 369.314 0.0130296
<#> chisq = 369.295 : penaltysq = 136.431
<#> chisq = 369.262 : penaltysq = 136.137
572 369.262 0.0139237
<#> chisq = 369.248 : penaltysq = 136.454
<#> chisq = 369.195 : penaltysq = 136.272
573 369.195 0.0158049
<#> chisq = 369.312 : penaltysq = 136.124
574 369.195 0.0158049
<#> chisq = 369.195 : penaltysq = 136.144
575 369.195 0.0158049
<#> chisq = 369.251 : penaltysq = 136.364
576 369.195 0.0158049
<#> chisq = 369.171 : penaltysq = 136.348
<#> chisq = 369.162 : penaltysq = 136.3
577 369.162 0.0192359
<#> chisq = 369.126 : penaltysq = 135.945
<#> chisq = 369.077 : penaltysq = 135.552
578 369.077 0.0206066
<#> chisq = 369.209 : penaltysq = 135.432
579 369.077 0.0206066
<#> chisq = 369.179 : penaltysq = 135.554
580 369.077 0.0206066

<> solution:
0 : 0.947153
1 : 2.68419
2 : 0.47187
3 : 0.465679
4 : 0.292616
5 : 0.515601
6 : 0.83544
7 : 0.460359
<>
<#> chisq = 369.006 : penaltysq = 135.795
<#> chisq = 368.894 : penaltysq = 135.637
581 368.894 0.0214921
<#> chisq = 369.019 : penaltysq = 135.677
582 368.894 0.0214921
<#> chisq = 369.046 : penaltysq = 135.295
583 368.894 0.0214921
<#> chisq = 368.932 : penaltysq = 136.168
584 368.894 0.0214921
<#> chisq = 369.072 : penaltysq = 135.482
585 368.894 0.0214921
<#> chisq = 369.028 : penaltysq = 135.145
586 368.894 0.0214921
<#> chisq = 368.864 : penaltysq = 135.758
<#> chisq = 368.831 : penaltysq = 135.892
587 368.831 0.0246296
<#> chisq = 368.749 : penaltysq = 134.905
<#> chisq = 368.632 : penaltysq = 134.24
588 368.632 0.0259216
<#> chisq = 368.754 : penaltysq = 135.305
589 368.632 0.0259216
<#> chisq = 368.663 : penaltysq = 135.345
590 368.632 0.0259216

<> solution:
0 : 0.936355
1 : 2.65296
2 : 0.482703
3 : 0.482929
4 : 0.291987
5 : 0.518048
6 : 0.848844
7 : 0.47525
<>
<#> chisq = 368.617 : penaltysq = 135.566
<#> chisq = 368.577 : penaltysq = 135.768
591 368.577 0.0272705
<#> chisq = 368.593 : penaltysq = 135.866
592 368.577 0.0272705
<#> chisq = 368.415 : penaltysq = 135.353
<#> chisq = 368.324 : penaltysq = 135.234
593 368.324 0.0301797
<#> chisq = 368.401 : penaltysq = 134.613
594 368.324 0.0301797
<#> chisq = 368.163 : penaltysq = 134.862
<#> chisq = 367.943 : penaltysq = 134.473
595 367.943 0.0348707
<#> chisq = 368.073 : penaltysq = 134.346
596 367.943 0.0348707
<#> chisq = 367.993 : penaltysq = 134.629
597 367.943 0.0348707
<#> chisq = 368.097 : penaltysq = 134.5
598 367.943 0.0348707
<#> chisq = 368.373 : penaltysq = 135.777
599 367.943 0.0348707
<#> chisq = 368.073 : penaltysq = 133.914
600 367.943 0.0348707

<> solution:
0 : 0.888787
1 : 2.6107
2 : 0.475783
3 : 0.464109
4 : 0.276476
5 : 0.512534
6 : 0.873111
7 : 0.458968
<>
<#> chisq = 367.821 : penaltysq = 133.578
<#> chisq = 367.932 : penaltysq = 132.541
601 367.932 0.0401788
<#> chisq = 367.633 : penaltysq = 134.211
<#> chisq = 367.555 : penaltysq = 134.083
602 367.555 0.0420507
<#> chisq = 367.756 : penaltysq = 132.738
603 367.555 0.0420507
<#> chisq = 367.358 : penaltysq = 132.543
<#> chisq = 367.255 : penaltysq = 131.288
604 367.255 0.0508141
<#> chisq = 367.34 : penaltysq = 132.498
605 367.255 0.0508141
<#> chisq = 367.812 : penaltysq = 132.167
606 367.255 0.0508141
<#> chisq = 367.084 : penaltysq = 132.149
<#> chisq = 366.999 : penaltysq = 131.368
607 366.999 0.0520755
<#> chisq = 367.611 : penaltysq = 130.548
608 366.999 0.0520755
<#> chisq = 367.868 : penaltysq = 129.848
609 366.999 0.0520755
<#> chisq = 366.542 : penaltysq = 130.98
<#> chisq = 365.935 : penaltysq = 130.239
610 365.935 0.0532036

<> solution:
0 : 0.868811
1 : 2.56036
2 : 0.500087
3 : 0.484518
4 : 0.285958
5 : 0.480105
6 : 0.900159
7 : 0.470492
<>
<#> chisq = 367.362 : penaltysq = 133.885
611 365.935 0.0532036
<#> chisq = 366.652 : penaltysq = 131.953
612 365.935 0.0532036
<#> chisq = 366.251 : penaltysq = 131.149
613 365.935 0.0532036
<#> chisq = 366.764 : penaltysq = 133.517
614 365.935 0.0532036
<#> chisq = 366.473 : penaltysq = 130.04
615 365.935 0.0532036
<#> chisq = 366.476 : penaltysq = 129.142
616 365.935 0.0532036
<#> chisq = 365.646 : penaltysq = 129.662
<#> chisq = 365.38 : penaltysq = 128.416
617 365.38 0.061216
<#> chisq = 365.647 : penaltysq = 130.232
618 365.38 0.061216
<#> chisq = 365.242 : penaltysq = 130.05
<#> chisq = 365.125 : penaltysq = 129.896
619 365.125 0.068071
<#> chisq = 365.773 : penaltysq = 126.569
620 365.125 0.068071

<> solution:
0 : 0.920321
1 : 2.50529
2 : 0.487478
3 : 0.569553
4 : 0.273432
5 : 0.48966
6 : 0.869629
7 : 0.498431
<>
<#> chisq = 365.167 : penaltysq = 126.806
621 365.125 0.068071
<#> chisq = 364.49 : penaltysq = 129.003
<#> chisq = 364.129 : penaltysq = 129.066
622 364.129 0.074694
<#> chisq = 364.435 : penaltysq = 127.969
623 364.129 0.074694
<#> chisq = 364.545 : penaltysq = 126.404
624 364.129 0.074694
<#> chisq = 364.297 : penaltysq = 126.183
625 364.129 0.074694
<#> chisq = 364.137 : penaltysq = 129.616
626 364.129 0.074694
<#> chisq = 365.482 : penaltysq = 126.927
<#> chisq = 364.535 : penaltysq = 127.317
627 364.129 0.0607714
<#> chisq = 363.149 : penaltysq = 127.332
<#> chisq = 362.425 : penaltysq = 126.945
628 362.425 0.0663333
<#> chisq = 364.122 : penaltysq = 129.272
629 362.425 0.0663333
<#> chisq = 362.938 : penaltysq = 125.693
630 362.425 0.0663333

<> solution:
0 : 0.912195
1 : 2.36855
2 : 0.483055
3 : 0.605894
4 : 0.264592
5 : 0.489037
6 : 0.860419
7 : 0.518524
<>
<#> chisq = 363.208 : penaltysq = 129.156
631 362.425 0.0663333
<#> chisq = 362.213 : penaltysq = 128.496
<#> chisq = 361.409 : penaltysq = 129.173
632 361.409 0.0696352
<#> chisq = 364.198 : penaltysq = 128.602
633 361.409 0.0696352
<#> chisq = 362.71 : penaltysq = 130.697
634 361.409 0.0696352
<#> chisq = 363.502 : penaltysq = 129.033
635 361.409 0.0696352
<#> chisq = 361.657 : penaltysq = 127.448
636 361.409 0.0696352
<#> chisq = 361.314 : penaltysq = 127.827
<#> chisq = 361.258 : penaltysq = 127.573
637 361.258 0.0771055
<#> chisq = 360.325 : penaltysq = 127.134
<#> chisq = 359.854 : penaltysq = 126.505
638 359.854 0.0852849
<#> chisq = 360.734 : penaltysq = 126.783
639 359.854 0.0852849
<#> chisq = 358.705 : penaltysq = 125.731
<#> chisq = 356.874 : penaltysq = 124.155
640 356.874 0.0878381

<> solution:
0 : 0.973594
1 : 2.3002
2 : 0.468122
3 : 0.585122
4 : 0.273995
5 : 0.474077
6 : 0.82503
7 : 0.546959
<>
<#> chisq = 358.257 : penaltysq = 128.862
641 356.874 0.0878381
<#> chisq = 358.083 : penaltysq = 123.58
642 356.874 0.0878381
<#> chisq = 356.471 : penaltysq = 126.379
<#> chisq = 355.084 : penaltysq = 126.468
643 355.084 0.094604
<#> chisq = 356.124 : penaltysq = 125.565
644 355.084 0.094604
<#> chisq = 355.866 : penaltysq = 123.441
645 355.084 0.094604
<#> chisq = 353.452 : penaltysq = 124.064
<#> chisq = 352.024 : penaltysq = 123.665
646 352.024 0.108307
<#> chisq = 352.937 : penaltysq = 123.962
647 352.024 0.108307
<#> chisq = 351.641 : penaltysq = 123.052
<#> chisq = 351.128 : penaltysq = 122.061
648 351.128 0.133657
<#> chisq = 352.379 : penaltysq = 119.723
649 351.128 0.133657
<#> chisq = 348.864 : penaltysq = 122.958
<#> chisq = 347.561 : penaltysq = 123.2
650 347.561 0.147216

<> solution:
0 : 1.11756
1 : 2.09236
2 : 0.352087
3 : 0.488962
4 : 0.249106
5 : 0.43549
6 : 0.739906
7 : 0.567785
<>
<#> chisq = 349.599 : penaltysq = 123.027
651 347.561 0.147216
<#> chisq = 345.763 : penaltysq = 120.53
<#> chisq = 343.376 : penaltysq = 119.471
652 343.376 0.170283
<#> chisq = 346.659 : penaltysq = 123.466
653 343.376 0.170283
<#> chisq = 341.27 : penaltysq = 118.145
<#> chisq = 337.463 : penaltysq = 116.155
654 337.463 0.194464
<#> chisq = 345.679 : penaltysq = 118.673
655 337.463 0.194464
<#> chisq = 343.513 : penaltysq = 121.753
656 337.463 0.194464
<#> chisq = 347.697 : penaltysq = 119.325
657 337.463 0.194464
<#> chisq = 355.722 : penaltysq = 128.77
<#> chisq = 345.477 : penaltysq = 120.041
658 337.463 0.177151
<#> chisq = 343.117 : penaltysq = 118.125
659 337.463 0.177151
<#> chisq = 348.061 : penaltysq = 122.359
<#> chisq = 343.695 : penaltysq = 119.016
660 337.463 0.16011

<> solution:
0 : 1.0502
1 : 1.77937
2 : 0.354774
3 : 0.422927
4 : 0.286192
5 : 0.445332
6 : 0.78735
7 : 0.609718
<>
<#> chisq = 339.349 : penaltysq = 116.894
661 337.463 0.16011
<#> chisq = 341.167 : penaltysq = 116.238
662 337.463 0.16011
<#> chisq = 336.543 : penaltysq = 117.006
<#> chisq = 333.757 : penaltysq = 116.337
663 333.757 0.16403
<#> chisq = 340.993 : penaltysq = 119.982
664 333.757 0.16403
<#> chisq = 337.632 : penaltysq = 117.408
665 333.757 0.16403
<#> chisq = 334.545 : penaltysq = 113.626
666 333.757 0.16403
<#> chisq = 337.268 : penaltysq = 115.647
667 333.757 0.16403
<#> chisq = 332.537 : penaltysq = 114.477
<#> chisq = 332.086 : penaltysq = 113.873
668 332.086 0.195269
<#> chisq = 341.008 : penaltysq = 120.741
<#> chisq = 335.638 : penaltysq = 117.216
669 332.086 0.188301
<#> chisq = 332.382 : penaltysq = 112.038
670 332.086 0.188301

<> solution:
0 : 0.908173
1 : 1.32536
2 : 0.329726
3 : 0.383573
4 : 0.279786
5 : 0.468389
6 : 0.960701
7 : 0.668312
<>
<#> chisq = 329.991 : penaltysq = 113.025
<#> chisq = 329.131 : penaltysq = 111.993
671 329.131 0.206746
<#> chisq = 329.124 : penaltysq = 111.038
<#> chisq = 329.828 : penaltysq = 108.943
672 329.124 0.206746
<#> chisq = 328.975 : penaltysq = 112.412
<#> chisq = 331.132 : penaltysq = 113.064
673 328.975 0.206746
<#> chisq = 337.695 : penaltysq = 112.232
<#> chisq = 331.911 : penaltysq = 114.03
674 328.975 0.190997
<#> chisq = 327.358 : penaltysq = 109.716
<#> chisq = 326.925 : penaltysq = 108.034
675 326.925 0.203864
<#> chisq = 325.677 : penaltysq = 110.156
<#> chisq = 324.764 : penaltysq = 109.104
676 324.764 0.219471
<#> chisq = 327 : penaltysq = 108.422
677 324.764 0.219471
<#> chisq = 326.772 : penaltysq = 111.277
678 324.764 0.219471
<#> chisq = 322.328 : penaltysq = 107.088
<#> chisq = 320.857 : penaltysq = 104.972
679 320.857 0.225918
<#> chisq = 326.016 : penaltysq = 105.78
680 320.857 0.225918

<> solution:
0 : 1.0418
1 : 1.23072
2 : 0.298726
3 : 0.48652
4 : 0.368892
5 : 0.503902
6 : 1.13029
7 : 0.772676
<>
<#> chisq = 322.837 : penaltysq = 106.054
681 320.857 0.225918
<#> chisq = 326.922 : penaltysq = 106.608
682 320.857 0.225918
<#> chisq = 324.161 : penaltysq = 103.816
683 320.857 0.225918
<#> chisq = 321.761 : penaltysq = 105.328
684 320.857 0.225918
<#> chisq = 325.52 : penaltysq = 106.609
685 320.857 0.225918
<#> chisq = 321.651 : penaltysq = 106.219
686 320.857 0.225918
<#> chisq = 321.791 : penaltysq = 102.387
687 320.857 0.225918
<#> chisq = 319.696 : penaltysq = 104.67
<#> chisq = 321.367 : penaltysq = 105.348
688 319.696 0.225918
<#> chisq = 325.71 : penaltysq = 107.219
<#> chisq = 321.763 : penaltysq = 105.152
689 319.696 0.193736
<#> chisq = 323.294 : penaltysq = 102.861
690 319.696 0.193736

<> solution:
0 : 1.03724
1 : 1.26496
2 : 0.259315
3 : 0.525447
4 : 0.356073
5 : 0.494827
6 : 1.24058
7 : 0.752697
<>
<#> chisq = 320.267 : penaltysq = 105.43
691 319.696 0.193736
<#> chisq = 323.89 : penaltysq = 109.877
<#> chisq = 320.986 : penaltysq = 103.383
692 319.696 0.172899
<#> chisq = 318.769 : penaltysq = 103.215
<#> chisq = 319.086 : penaltysq = 102.908
693 319.086 0.20716
<#> chisq = 321.417 : penaltysq = 107.613
694 319.086 0.20716
<#> chisq = 320.299 : penaltysq = 105.509
695 319.086 0.20716
<#> chisq = 319.317 : penaltysq = 104.935
696 319.086 0.20716
<#> chisq = 323.475 : penaltysq = 104.569
<#> chisq = 319.493 : penaltysq = 105.075
697 319.086 0.202427
<#> chisq = 320.373 : penaltysq = 102.536
698 319.086 0.202427
<#> chisq = 319.475 : penaltysq = 106.712
699 319.086 0.202427
<#> chisq = 319.284 : penaltysq = 104.755
700 319.086 0.202427

<> solution:
0 : 0.985383
1 : 1.58129
2 : 0.263072
3 : 0.523968
4 : 0.404483
5 : 0.501301
6 : 1.46231
7 : 0.688481
<>
<#> chisq = 321.008 : penaltysq = 108.192
<#> chisq = 319.08 : penaltysq = 103.355
701 319.08 0.199106
<#> chisq = 318.372 : penaltysq = 103.699
<#> chisq = 319.893 : penaltysq = 103.849
702 318.372 0.199106
<#> chisq = 318.284 : penaltysq = 103.444
<#> chisq = 320.151 : penaltysq = 103.517
703 318.284 0.199106
<#> chisq = 319.656 : penaltysq = 105.224
<#> chisq = 318.528 : penaltysq = 104.316
704 318.284 0.180571
<#> chisq = 320.603 : penaltysq = 104.919
<#> chisq = 318.424 : penaltysq = 104.274
705 318.284 0.163664
<#> chisq = 319.005 : penaltysq = 101.829
706 318.284 0.163664
<#> chisq = 320.289 : penaltysq = 102.875
<#> chisq = 318.328 : penaltysq = 103.955
707 318.284 0.146816
<#> chisq = 319.215 : penaltysq = 102.705
<#> chisq = 318.423 : penaltysq = 102.866
708 318.284 0.135257
<#> chisq = 319.027 : penaltysq = 104.193
709 318.284 0.135257
<#> chisq = 318.356 : penaltysq = 103.989
710 318.284 0.135257

<> solution:
0 : 1.00574
1 : 1.65773
2 : 0.275995
3 : 0.511748
4 : 0.404624
5 : 0.475727
6 : 1.35824
7 : 0.653749
<>
<#> chisq = 319.037 : penaltysq = 103.059
<#> chisq = 318.278 : penaltysq = 103.69
711 318.278 0.125789
<#> chisq = 319.233 : penaltysq = 106.66
<#> chisq = 318.304 : penaltysq = 102.59
712 318.278 0.111769
<#> chisq = 318.421 : penaltysq = 103.249
713 318.278 0.111769
<#> chisq = 318.413 : penaltysq = 102.586
714 318.278 0.111769
<#> chisq = 318.012 : penaltysq = 103.711
<#> chisq = 318.377 : penaltysq = 104.269
715 318.012 0.111769
<#> chisq = 318.657 : penaltysq = 104.237
<#> chisq = 318.097 : penaltysq = 103.208
716 318.012 0.0944279
<#> chisq = 318.347 : penaltysq = 104.545
717 318.012 0.0944279
<#> chisq = 318.287 : penaltysq = 103.578
718 318.012 0.0944279
<#> chisq = 318.756 : penaltysq = 103.588
<#> chisq = 318.034 : penaltysq = 103.659
719 318.012 0.0907587
<#> chisq = 318.271 : penaltysq = 102.482
720 318.012 0.0907587

<> solution:
0 : 1.03891
1 : 1.55465
2 : 0.260034
3 : 0.474423
4 : 0.400613
5 : 0.464859
6 : 1.32047
7 : 0.678715
<>
<#> chisq = 318.606 : penaltysq = 102.677
<#> chisq = 318.051 : penaltysq = 103.55
721 318.012 0.0841766
<#> chisq = 317.973 : penaltysq = 104.277
<#> chisq = 318.346 : penaltysq = 105.448
722 317.973 0.0841766
<#> chisq = 318.248 : penaltysq = 103.474
723 317.973 0.0841766
<#> chisq = 318.54 : penaltysq = 104.01
<#> chisq = 318.011 : penaltysq = 103.371
724 317.973 0.0738443
<#> chisq = 318.196 : penaltysq = 103.28
725 317.973 0.0738443
<#> chisq = 318.103 : penaltysq = 104.76
726 317.973 0.0738443
<#> chisq = 318.08 : penaltysq = 104.01
727 317.973 0.0738443
<#> chisq = 318.537 : penaltysq = 104.516
<#> chisq = 317.954 : penaltysq = 103.487
728 317.954 0.0670002
<#> chisq = 318.22 : penaltysq = 102.676
<#> chisq = 317.947 : penaltysq = 104.157
729 317.947 0.0656927
<#> chisq = 318.303 : penaltysq = 104.652
<#> chisq = 317.942 : penaltysq = 103.435
730 317.942 0.0513672

<> solution:
0 : 1.01491
1 : 1.49696
2 : 0.269862
3 : 0.480612
4 : 0.398568
5 : 0.471885
6 : 1.31494
7 : 0.68695
<>
<#> chisq = 318.164 : penaltysq = 103.464
<#> chisq = 317.949 : penaltysq = 103.827
731 317.942 0.0480076
<#> chisq = 318.026 : penaltysq = 103.959
732 317.942 0.0480076
<#> chisq = 317.832 : penaltysq = 103.867
<#> chisq = 317.817 : penaltysq = 104.018
733 317.817 0.0503075
<#> chisq = 318.015 : penaltysq = 103.651
<#> chisq = 317.914 : penaltysq = 103.689
734 317.817 0.0476242
<#> chisq = 317.85 : penaltysq = 103.826
735 317.817 0.0476242
<#> chisq = 317.907 : penaltysq = 104.34
736 317.817 0.0476242
<#> chisq = 317.954 : penaltysq = 103.482
<#> chisq = 317.873 : penaltysq = 103.637
737 317.817 0.0436935
<#> chisq = 317.994 : penaltysq = 104.286
<#> chisq = 317.872 : penaltysq = 103.654
738 317.817 0.0398281
<#> chisq = 317.826 : penaltysq = 103.833
739 317.817 0.0398281
<#> chisq = 317.791 : penaltysq = 103.458
<#> chisq = 317.836 : penaltysq = 103.183
740 317.791 0.0398281

<> solution:
0 : 1.0378
1 : 1.55083
2 : 0.265862
3 : 0.498149
4 : 0.404507
5 : 0.473954
6 : 1.29662
7 : 0.675211
<>
<#> chisq = 317.832 : penaltysq = 104.231
741 317.791 0.0398281
<#> chisq = 317.716 : penaltysq = 104.022
<#> chisq = 317.679 : penaltysq = 104.206
742 317.679 0.0410161
<#> chisq = 317.944 : penaltysq = 103.475
<#> chisq = 317.801 : penaltysq = 104.072
743 317.679 0.0373637
<#> chisq = 317.733 : penaltysq = 104.198
744 317.679 0.0373637
<#> chisq = 317.726 : penaltysq = 104.318
745 317.679 0.0373637
<#> chisq = 317.748 : penaltysq = 104.241
746 317.679 0.0373637
<#> chisq = 317.67 : penaltysq = 103.859
<#> chisq = 317.685 : penaltysq = 103.734
747 317.67 0.0373637
<#> chisq = 317.754 : penaltysq = 104.292
748 317.67 0.0373637
<#> chisq = 317.617 : penaltysq = 104.13
<#> chisq = 317.594 : penaltysq = 104.225
749 317.594 0.0408983
<#> chisq = 317.632 : penaltysq = 104.127
750 317.594 0.0408983

<> solution:
0 : 1.02447
1 : 1.52765
2 : 0.262002
3 : 0.477853
4 : 0.403589
5 : 0.483676
6 : 1.24517
7 : 0.656591
<>
<#> chisq = 317.672 : penaltysq = 104.944
751 317.594 0.0408983
<#> chisq = 317.7 : penaltysq = 104.26
752 317.594 0.0408983
<#> chisq = 317.662 : penaltysq = 104.277
753 317.594 0.0408983
<#> chisq = 317.598 : penaltysq = 104.36
754 317.594 0.0408983
<#> chisq = 317.682 : penaltysq = 104.306
755 317.594 0.0408983
<#> chisq = 317.564 : penaltysq = 104.289
<#> chisq = 317.611 : penaltysq = 104.336
756 317.564 0.0408983
<#> chisq = 317.715 : penaltysq = 104.339
<#> chisq = 317.607 : penaltysq = 104.272
757 317.564 0.0373452
<#> chisq = 317.528 : penaltysq = 104.362
<#> chisq = 317.532 : penaltysq = 104.47
758 317.532 0.0414134
<#> chisq = 317.632 : penaltysq = 103.577
759 317.532 0.0414134
<#> chisq = 317.587 : penaltysq = 104.546
760 317.532 0.0414134

<> solution:
0 : 1.01612
1 : 1.52818
2 : 0.264085
3 : 0.487586
4 : 0.405445
5 : 0.487919
6 : 1.20276
7 : 0.637043
<>
<#> chisq = 317.52 : penaltysq = 104.176
<#> chisq = 317.603 : penaltysq = 104.175
761 317.52 0.0414134
<#> chisq = 317.61 : penaltysq = 104.441
762 317.52 0.0414134
<#> chisq = 317.652 : penaltysq = 105.166
<#> chisq = 317.554 : penaltysq = 103.942
763 317.52 0.0380806
<#> chisq = 317.634 : penaltysq = 104.227
<#> chisq = 317.547 : penaltysq = 104.341
764 317.52 0.0328545
<#> chisq = 317.496 : penaltysq = 104.31
<#> chisq = 317.527 : penaltysq = 104.363
765 317.496 0.0328545
<#> chisq = 317.505 : penaltysq = 104.218
766 317.496 0.0328545
<#> chisq = 317.497 : penaltysq = 104.355
767 317.496 0.0328545
<#> chisq = 317.479 : penaltysq = 103.981
<#> chisq = 317.556 : penaltysq = 103.742
768 317.479 0.0328545
<#> chisq = 317.569 : penaltysq = 104.209
<#> chisq = 317.503 : penaltysq = 104.242
769 317.479 0.0273015
<#> chisq = 317.495 : penaltysq = 104.591
770 317.479 0.0273015

<> solution:
0 : 1.01852
1 : 1.50215
2 : 0.258454
3 : 0.488861
4 : 0.405317
5 : 0.477475
6 : 1.2446
7 : 0.64936
<>
<#> chisq = 317.503 : penaltysq = 104.278
771 317.479 0.0273015
<#> chisq = 317.496 : penaltysq = 104.067
772 317.479 0.0273015
<#> chisq = 317.498 : penaltysq = 104.34
773 317.479 0.0273015
<#> chisq = 317.473 : penaltysq = 104.321
<#> chisq = 317.533 : penaltysq = 104.404
774 317.473 0.0273015
<#> chisq = 317.475 : penaltysq = 104.324
775 317.473 0.0273015
<#> chisq = 317.455 : penaltysq = 104.3
<#> chisq = 317.502 : penaltysq = 104.35
776 317.455 0.0273015
<#> chisq = 317.514 : penaltysq = 104.238
<#> chisq = 317.463 : penaltysq = 104.301
777 317.455 0.0254615
<#> chisq = 317.491 : penaltysq = 104.193
778 317.455 0.0254615
<#> chisq = 317.5 : penaltysq = 104.518
<#> chisq = 317.463 : penaltysq = 104.171
779 317.455 0.023787
<#> chisq = 317.469 : penaltysq = 104.229
780 317.455 0.023787

<> solution:
0 : 1.00492
1 : 1.50382
2 : 0.258254
3 : 0.488295
4 : 0.403961
5 : 0.48281
6 : 1.22616
7 : 0.634922
<>
<#> chisq = 317.463 : penaltysq = 103.874
781 317.455 0.023787
<#> chisq = 317.461 : penaltysq = 104.179
782 317.455 0.023787
<#> chisq = 317.497 : penaltysq = 104.465
<#> chisq = 317.45 : penaltysq = 104.088
783 317.45 0.0219368
<#> chisq = 317.506 : penaltysq = 104.064
<#> chisq = 317.447 : penaltysq = 104.246
784 317.447 0.0193257
<#> chisq = 317.442 : penaltysq = 104.029
<#> chisq = 317.475 : penaltysq = 103.906
785 317.442 0.0193257
<#> chisq = 317.483 : penaltysq = 104.069
<#> chisq = 317.445 : penaltysq = 104.184
786 317.442 0.0189043
<#> chisq = 317.429 : penaltysq = 104.123
<#> chisq = 317.438 : penaltysq = 104.106
787 317.438 0.020812
<#> chisq = 317.443 : penaltysq = 103.96
788 317.438 0.020812
<#> chisq = 317.465 : penaltysq = 104.411
<#> chisq = 317.439 : penaltysq = 104
789 317.438 0.0196388
<#> chisq = 317.458 : penaltysq = 104.059
<#> chisq = 317.438 : penaltysq = 104.082
790 317.438 0.0180606

<> solution:
0 : 0.997278
1 : 1.48855
2 : 0.263755
3 : 0.495154
4 : 0.406101
5 : 0.479996
6 : 1.21552
7 : 0.631926
<>
<#> chisq = 317.447 : penaltysq = 103.881
791 317.438 0.0180606
<#> chisq = 317.421 : penaltysq = 104.03
<#> chisq = 317.427 : penaltysq = 104.01
792 317.427 0.019924
<#> chisq = 317.447 : penaltysq = 103.824
793 317.427 0.019924
<#> chisq = 317.44 : penaltysq = 104.172
794 317.427 0.019924
<#> chisq = 317.446 : penaltysq = 104.317
<#> chisq = 317.43 : penaltysq = 104.188
795 317.427 0.0184811
<#> chisq = 317.443 : penaltysq = 103.957
796 317.427 0.0184811
<#> chisq = 317.449 : penaltysq = 104.18
<#> chisq = 317.428 : penaltysq = 104.01
797 317.427 0.0172766
<#> chisq = 317.444 : penaltysq = 104.198
<#> chisq = 317.429 : penaltysq = 104.012
798 317.427 0.0152439
<#> chisq = 317.424 : penaltysq = 104.117
<#> chisq = 317.444 : penaltysq = 104.175
799 317.424 0.0152439
<#> chisq = 317.429 : penaltysq = 103.965
800 317.424 0.0152439

<> solution:
0 : 0.997323
1 : 1.47853
2 : 0.258859
3 : 0.498228
4 : 0.402855
5 : 0.478804
6 : 1.22425
7 : 0.633003
<>
<#> chisq = 317.426 : penaltysq = 104.125
801 317.424 0.0152439
<#> chisq = 317.44 : penaltysq = 104.057
<#> chisq = 317.424 : penaltysq = 104.071
802 317.424 0.0142493
<#> chisq = 317.429 : penaltysq = 104.018
803 317.424 0.0142493
<#> chisq = 317.423 : penaltysq = 103.897
<#> chisq = 317.446 : penaltysq = 103.766
804 317.423 0.0142493
<#> chisq = 317.438 : penaltysq = 104.032
<#> chisq = 317.42 : penaltysq = 104.02
805 317.42 0.013948
<#> chisq = 317.421 : penaltysq = 104.041
806 317.42 0.013948
<#> chisq = 317.425 : penaltysq = 104.113
807 317.42 0.013948
<#> chisq = 317.424 : penaltysq = 104.091
808 317.42 0.013948
<#> chisq = 317.426 : penaltysq = 104.111
809 317.42 0.013948
<#> chisq = 317.428 : penaltysq = 103.991
<#> chisq = 317.418 : penaltysq = 104.089
810 317.418 0.0133908

<> solution:
0 : 0.999274
1 : 1.47218
2 : 0.259799
3 : 0.496709
4 : 0.407072
5 : 0.478422
6 : 1.21319
7 : 0.631182
<>
<#> chisq = 317.426 : penaltysq = 104.002
<#> chisq = 317.418 : penaltysq = 104.026
811 317.418 0.0130722
<#> chisq = 317.428 : penaltysq = 103.981
<#> chisq = 317.418 : penaltysq = 104.076
812 317.418 0.0122145
<#> chisq = 317.432 : penaltysq = 103.999
<#> chisq = 317.417 : penaltysq = 104.065
813 317.417 0.0107246
<#> chisq = 317.427 : penaltysq = 104.019
<#> chisq = 317.418 : penaltysq = 104.054
814 317.417 0.00934446
<#> chisq = 317.429 : penaltysq = 103.955
<#> chisq = 317.417 : penaltysq = 104.074
815 317.417 0.00888839
<#> chisq = 317.421 : penaltysq = 104.217
816 317.417 0.00888839
<#> chisq = 317.425 : penaltysq = 104.118
<#> chisq = 317.417 : penaltysq = 104.058
817 317.417 0.0086243
<#> chisq = 317.424 : penaltysq = 103.902
<#> chisq = 317.417 : penaltysq = 104.136
818 317.417 0.00714294
<#> chisq = 317.42 : penaltysq = 104.126
<#> chisq = 317.417 : penaltysq = 104.045
819 317.417 0.00659674
<#> chisq = 317.417 : penaltysq = 104.124
820 317.417 0.00659674

<> solution:
0 : 1.00378
1 : 1.48313
2 : 0.257755
3 : 0.497404
4 : 0.406867
5 : 0.478248
6 : 1.21444
7 : 0.629982
<>
<#> chisq = 317.418 : penaltysq = 104.069
<#> chisq = 317.416 : penaltysq = 104.074
821 317.416 0.00631732
<#> chisq = 317.418 : penaltysq = 104.083
<#> chisq = 317.416 : penaltysq = 104.077
822 317.416 0.00560216
<#> chisq = 317.417 : penaltysq = 104.11
823 317.416 0.00560216
<#> chisq = 317.419 : penaltysq = 104.037
<#> chisq = 317.416 : penaltysq = 104.101
824 317.416 0.00548137
<#> chisq = 317.417 : penaltysq = 104.093
<#> chisq = 317.416 : penaltysq = 104.088
825 317.416 0.00526398
<#> chisq = 317.419 : penaltysq = 104.109
<#> chisq = 317.416 : penaltysq = 104.075
826 317.416 0.00456671
<#> chisq = 317.417 : penaltysq = 104.119
827 317.416 0.00456671
<#> chisq = 317.416 : penaltysq = 104.15
828 317.416 0.00456671
<#> chisq = 317.416 : penaltysq = 104.062
829 317.416 0.00456671
<#> chisq = 317.416 : penaltysq = 104.077
830 317.416 0.00456671

<> solution:
0 : 1.00137
1 : 1.47349
2 : 0.258435
3 : 0.498728
4 : 0.407078
5 : 0.477308
6 : 1.21404
7 : 0.630504
<>
<#> chisq = 317.416 : penaltysq = 104.057
<#> chisq = 317.417 : penaltysq = 104.027
831 317.416 0.00456671
<#> chisq = 317.417 : penaltysq = 104.095
<#> chisq = 317.416 : penaltysq = 104.081
832 317.416 0.00441128
<#> chisq = 317.416 : penaltysq = 104.114
<#> chisq = 317.416 : penaltysq = 104.075
833 317.416 0.00359523
<#> chisq = 317.417 : penaltysq = 104.008
<#> chisq = 317.415 : penaltysq = 104.114
834 317.415 0.00327107
<#> chisq = 317.416 : penaltysq = 104.094
<#> chisq = 317.415 : penaltysq = 104.078
835 317.415 0.00283031
<#> chisq = 317.415 : penaltysq = 104.091
836 317.415 0.00283031
<#> chisq = 317.416 : penaltysq = 104.08
<#> chisq = 317.415 : penaltysq = 104.086
837 317.415 0.00267087
<#> chisq = 317.416 : penaltysq = 104.063
<#> chisq = 317.415 : penaltysq = 104.092
838 317.415 0.00253649
<#> chisq = 317.415 : penaltysq = 104.093
839 317.415 0.00253649
<#> chisq = 317.416 : penaltysq = 104.12
<#> chisq = 317.415 : penaltysq = 104.073
840 317.415 0.00249677

<> solution:
0 : 1.00218
1 : 1.47455
2 : 0.258047
3 : 0.498526
4 : 0.406515
5 : 0.47706
6 : 1.21643
7 : 0.631482
<>
<#> chisq = 317.416 : penaltysq = 104.102
<#> chisq = 317.415 : penaltysq = 104.082
841 317.415 0.00208273
<#> chisq = 317.416 : penaltysq = 104.096
<#> chisq = 317.415 : penaltysq = 104.085
842 317.415 0.00201559
<#> chisq = 317.415 : penaltysq = 104.1
<#> chisq = 317.415 : penaltysq = 104.111
843 317.415 0.00201559
<#> chisq = 317.416 : penaltysq = 104.087
<#> chisq = 317.415 : penaltysq = 104.092
844 317.415 0.00180385
<#> chisq = 317.416 : penaltysq = 104.09
<#> chisq = 317.415 : penaltysq = 104.09
845 317.415 0.00156916
<#> chisq = 317.415 : penaltysq = 104.061
<#> chisq = 317.415 : penaltysq = 104.101
846 317.415 0.00144206
<#> chisq = 317.415 : penaltysq = 104.093
847 317.415 0.00144206
<#> chisq = 317.415 : penaltysq = 104.087
848 317.415 0.00144206
<#> chisq = 317.415 : penaltysq = 104.085
<#> chisq = 317.415 : penaltysq = 104.091
849 317.415 0.00136811
<#> chisq = 317.415 : penaltysq = 104.098
<#> chisq = 317.415 : penaltysq = 104.106
850 317.415 0.00136811

<> solution:
0 : 1.00272
1 : 1.47576
2 : 0.258016
3 : 0.498251
4 : 0.406308
5 : 0.477299
6 : 1.21497
7 : 0.631305
<>
<#> chisq = 317.415 : penaltysq = 104.098
851 317.415 0.00136811
<#> chisq = 317.415 : penaltysq = 104.116
852 317.415 0.00136811
<#> chisq = 317.415 : penaltysq = 104.093
853 317.415 0.00136811
<#> chisq = 317.415 : penaltysq = 104.094
854 317.415 0.00136811
<#> chisq = 317.415 : penaltysq = 104.1
855 317.415 0.00136811
<#> chisq = 317.415 : penaltysq = 104.104
<#> chisq = 317.415 : penaltysq = 104.111
856 317.415 0.00136811
<#> chisq = 317.415 : penaltysq = 104.107
857 317.415 0.00136811
<#> chisq = 317.415 : penaltysq = 104.099
858 317.415 0.00136811
<#> chisq = 317.415 : penaltysq = 104.108
<#> chisq = 317.415 : penaltysq = 104.097
859 317.415 0.00127734
<#> chisq = 317.415 : penaltysq = 104.08
860 317.415 0.00127734

<> solution:
0 : 1.00146
1 : 1.47324
2 : 0.258174
3 : 0.497839
4 : 0.405972
5 : 0.477403
6 : 1.21489
7 : 0.631408
<>
<#> chisq = 317.415 : penaltysq = 104.108
<#> chisq = 317.415 : penaltysq = 104.118
861 317.415 0.00127734
<#> chisq = 317.415 : penaltysq = 104.096
<#> chisq = 317.415 : penaltysq = 104.095
862 317.415 0.00127734
<#> chisq = 317.415 : penaltysq = 104.097
863 317.415 0.00127734
<#> chisq = 317.415 : penaltysq = 104.12
864 317.415 0.00127734
<#> chisq = 317.415 : penaltysq = 104.096
<#> chisq = 317.415 : penaltysq = 104.104
865 317.415 0.00118138
<#> chisq = 317.415 : penaltysq = 104.114
866 317.415 0.00118138
<#> chisq = 317.415 : penaltysq = 104.085
867 317.415 0.00118138
<#> chisq = 317.415 : penaltysq = 104.103
<#> chisq = 317.415 : penaltysq = 104.106
868 317.415 0.00134458
<#> chisq = 317.415 : penaltysq = 104.107
<#> chisq = 317.415 : penaltysq = 104.099
869 317.415 0.00128093
<#> chisq = 317.415 : penaltysq = 104.086
870 317.415 0.00128093

<> solution:
0 : 1.00201
1 : 1.47253
2 : 0.258222
3 : 0.497423
4 : 0.406056
5 : 0.477397
6 : 1.21429
7 : 0.631881
<>
<#> chisq = 317.415 : penaltysq = 104.1
<#> chisq = 317.415 : penaltysq = 104.102
871 317.415 0.00135227
<#> chisq = 317.415 : penaltysq = 104.117
872 317.415 0.00135227
<#> chisq = 317.415 : penaltysq = 104.1
873 317.415 0.00135227
<#> chisq = 317.415 : penaltysq = 104.122
874 317.415 0.00135227
<#> chisq = 317.415 : penaltysq = 104.104
<#> chisq = 317.415 : penaltysq = 104.102
875 317.415 0.00135227
<#> chisq = 317.415 : penaltysq = 104.117
<#> chisq = 317.415 : penaltysq = 104.102
876 317.415 0.00116483
<#> chisq = 317.415 : penaltysq = 104.108
<#> chisq = 317.415 : penaltysq = 104.11
877 317.415 0.00116483
<#> chisq = 317.415 : penaltysq = 104.114
878 317.415 0.00116483
<#> chisq = 317.415 : penaltysq = 104.12
879 317.415 0.00116483
<#> chisq = 317.415 : penaltysq = 104.096
880 317.415 0.00116483

<> solution:
0 : 1.00323
1 : 1.47358
2 : 0.258121
3 : 0.497703
4 : 0.405936
5 : 0.477145
6 : 1.21376
7 : 0.63217
<>
<#> chisq = 317.415 : penaltysq = 104.11
881 317.415 0.00116483
<#> chisq = 317.415 : penaltysq = 104.1
<#> chisq = 317.415 : penaltysq = 104.111
882 317.415 0.00110302
<#> chisq = 317.415 : penaltysq = 104.096
883 317.415 0.00110302
<#> chisq = 317.415 : penaltysq = 104.117
<#> chisq = 317.415 : penaltysq = 104.101
884 317.415 0.000895574
<#> chisq = 317.415 : penaltysq = 104.101
885 317.415 0.000895574
<#> chisq = 317.415 : penaltysq = 104.109
<#> chisq = 317.415 : penaltysq = 104.107
886 317.415 0.000712777
<#> chisq = 317.415 : penaltysq = 104.111
<#> chisq = 317.415 : penaltysq = 104.104
887 317.415 0.000661102
<#> chisq = 317.415 : penaltysq = 104.111
888 317.415 0.000661102
<#> chisq = 317.415 : penaltysq = 104.111
<#> chisq = 317.415 : penaltysq = 104.106
889 317.415 0.000617409
<#> chisq = 317.415 : penaltysq = 104.102
890 317.415 0.000617409

<> solution:
0 : 1.00283
1 : 1.4731
2 : 0.25809
3 : 0.497889
4 : 0.406024
5 : 0.477065
6 : 1.21368
7 : 0.631818
<>
<#> chisq = 317.415 : penaltysq = 104.089
<#> chisq = 317.415 : penaltysq = 104.112
891 317.415 0.000589236
<#> chisq = 317.415 : penaltysq = 104.098
<#> chisq = 317.415 : penaltysq = 104.108
892 317.415 0.000561842
<#> chisq = 317.415 : penaltysq = 104.116
<#> chisq = 317.415 : penaltysq = 104.101
893 317.415 0.000538379
<#> chisq = 317.415 : penaltysq = 104.109
<#> chisq = 317.415 : penaltysq = 104.104
894 317.415 0.000507697
<#> chisq = 317.415 : penaltysq = 104.111
895 317.415 0.000507697
<#> chisq = 317.415 : penaltysq = 104.105
<#> chisq = 317.415 : penaltysq = 104.103
896 317.415 0.000507697
<#> chisq = 317.415 : penaltysq = 104.105
<#> chisq = 317.415 : penaltysq = 104.104
897 317.415 0.000507697
<#> chisq = 317.415 : penaltysq = 104.109
<#> chisq = 317.415 : penaltysq = 104.112
898 317.415 0.000507697
<#> chisq = 317.415 : penaltysq = 104.101
<#> chisq = 317.415 : penaltysq = 104.109
899 317.415 0.000470262
<#> chisq = 317.415 : penaltysq = 104.108
<#> chisq = 317.415 : penaltysq = 104.107
900 317.415 0.000451897

<> solution:
0 : 1.00313
1 : 1.47285
2 : 0.25807
3 : 0.49767
4 : 0.405904
5 : 0.476973
6 : 1.2135
7 : 0.632089
<>
<#> chisq = 317.415 : penaltysq = 104.11
<#> chisq = 317.415 : penaltysq = 104.113
901 317.415 0.000470507
<#> chisq = 317.415 : penaltysq = 104.107
<#> chisq = 317.415 : penaltysq = 104.107
902 317.415 0.000498389
<#> chisq = 317.415 : penaltysq = 104.102
903 317.415 0.000498389
<#> chisq = 317.415 : penaltysq = 104.113
<#> chisq = 317.415 : penaltysq = 104.119
904 317.415 0.000498389
<#> chisq = 317.415 : penaltysq = 104.112
905 317.415 0.000498389
<#> chisq = 317.415 : penaltysq = 104.109
<#> chisq = 317.415 : penaltysq = 104.109
906 317.415 0.000506398
<#> chisq = 317.415 : penaltysq = 104.11
907 317.415 0.000506398
<#> chisq = 317.415 : penaltysq = 104.114
908 317.415 0.000506398
<#> chisq = 317.415 : penaltysq = 104.111
909 317.415 0.000506398
<#> chisq = 317.415 : penaltysq = 104.108
910 317.415 0.000506398

<> solution:
0 : 1.00295
1 : 1.47324
2 : 0.257998
3 : 0.497562
4 : 0.406007
5 : 0.476939
6 : 1.21388
7 : 0.631848
<>
<#> chisq = 317.415 : penaltysq = 104.119
911 317.415 0.000506398
<#> chisq = 317.415 : penaltysq = 104.11
912 317.415 0.000506398
<#> chisq = 317.415 : penaltysq = 104.116
<#> chisq = 317.415 : penaltysq = 104.12
913 317.415 0.000536851
<#> chisq = 317.415 : penaltysq = 104.112
<#> chisq = 317.415 : penaltysq = 104.111
914 317.415 0.000536851
<#> chisq = 317.415 : penaltysq = 104.118
915 317.415 0.000536851
<#> chisq = 317.415 : penaltysq = 104.118
916 317.415 0.000536851
<#> chisq = 317.415 : penaltysq = 104.12
<#> chisq = 317.415 : penaltysq = 104.124
917 317.415 0.000569333
<#> chisq = 317.415 : penaltysq = 104.119
918 317.415 0.000569333
<#> chisq = 317.415 : penaltysq = 104.115
<#> chisq = 317.415 : penaltysq = 104.113
919 317.415 0.000569333
<#> chisq = 317.415 : penaltysq = 104.113
<#> chisq = 317.415 : penaltysq = 104.11
920 317.415 0.000569333

<> solution:
0 : 1.00283
1 : 1.4738
2 : 0.257915
3 : 0.497313
4 : 0.406102
5 : 0.476904
6 : 1.21395
7 : 0.631516
<>
<#> chisq = 317.415 : penaltysq = 104.122
<#> chisq = 317.415 : penaltysq = 104.128
921 317.415 0.000569333
<#> chisq = 317.415 : penaltysq = 104.127
922 317.415 0.000569333
<#> chisq = 317.415 : penaltysq = 104.12
<#> chisq = 317.415 : penaltysq = 104.119
923 317.415 0.000491568
<#> chisq = 317.415 : penaltysq = 104.119
924 317.415 0.000491568
<#> chisq = 317.415 : penaltysq = 104.117
925 317.415 0.000491568
<#> chisq = 317.415 : penaltysq = 104.127
926 317.415 0.000491568
<#> chisq = 317.415 : penaltysq = 104.112
<#> chisq = 317.415 : penaltysq = 104.123
927 317.415 0.000453669
<#> chisq = 317.415 : penaltysq = 104.123
<#> chisq = 317.415 : penaltysq = 104.119
928 317.415 0.000422369
<#> chisq = 317.415 : penaltysq = 104.122
<#> chisq = 317.415 : penaltysq = 104.12
929 317.415 0.000382914
<#> chisq = 317.415 : penaltysq = 104.111
<#> chisq = 317.415 : penaltysq = 104.123
930 317.415 0.000371463

<> solution:
0 : 1.00297
1 : 1.47381
2 : 0.257882
3 : 0.497331
4 : 0.406018
5 : 0.476849
6 : 1.21346
7 : 0.631434
<>
<#> chisq = 317.415 : penaltysq = 104.114
<#> chisq = 317.415 : penaltysq = 104.122
931 317.415 0.000312983
<#> chisq = 317.415 : penaltysq = 104.125
932 317.415 0.000312983
<#> chisq = 317.415 : penaltysq = 104.13
<#> chisq = 317.415 : penaltysq = 104.117
933 317.415 0.000278758
<#> chisq = 317.415 : penaltysq = 104.124
<#> chisq = 317.415 : penaltysq = 104.12
934 317.415 0.000253075
<#> chisq = 317.415 : penaltysq = 104.118
935 317.415 0.000253075
<#> chisq = 317.415 : penaltysq = 104.119
<#> chisq = 317.415 : penaltysq = 104.118
936 317.415 0.000253075
<#> chisq = 317.415 : penaltysq = 104.121
937 317.415 0.000253075
<#> chisq = 317.415 : penaltysq = 104.115
<#> chisq = 317.415 : penaltysq = 104.123
938 317.415 0.000238094
<#> chisq = 317.415 : penaltysq = 104.117
<#> chisq = 317.415 : penaltysq = 104.113
939 317.415 0.000238094
<#> chisq = 317.415 : penaltysq = 104.121
<#> chisq = 317.415 : penaltysq = 104.119
940 317.415 0.000228475

<> solution:
0 : 1.00289
1 : 1.4738
2 : 0.257929
3 : 0.497368
4 : 0.406
5 : 0.476907
6 : 1.21365
7 : 0.631524
<>
<#> chisq = 317.415 : penaltysq = 104.117
<#> chisq = 317.415 : penaltysq = 104.12
941 317.415 0.000193249
<#> chisq = 317.415 : penaltysq = 104.119
<#> chisq = 317.415 : penaltysq = 104.118
942 317.415 0.000209981
<#> chisq = 317.415 : penaltysq = 104.12
943 317.415 0.000209981
<#> chisq = 317.415 : penaltysq = 104.117
<#> chisq = 317.415 : penaltysq = 104.12
944 317.415 0.00019499
<#> chisq = 317.415 : penaltysq = 104.122
<#> chisq = 317.415 : penaltysq = 104.124
945 317.415 0.000208677
<#> chisq = 317.415 : penaltysq = 104.121
946 317.415 0.000208677
<#> chisq = 317.415 : penaltysq = 104.118
<#> chisq = 317.415 : penaltysq = 104.115
947 317.415 0.00021481
<#> chisq = 317.415 : penaltysq = 104.12
<#> chisq = 317.415 : penaltysq = 104.12
948 317.415 0.00021481
<#> chisq = 317.415 : penaltysq = 104.118
<#> chisq = 317.415 : penaltysq = 104.117
949 317.415 0.00025202
<#> chisq = 317.415 : penaltysq = 104.118
950 317.415 0.00025202

<> solution:
0 : 1.00284
1 : 1.47417
2 : 0.257935
3 : 0.497172
4 : 0.405983
5 : 0.47685
6 : 1.21394
7 : 0.631507
<>
<#> chisq = 317.415 : penaltysq = 104.122
951 317.415 0.00025202
<#> chisq = 317.415 : penaltysq = 104.121
<#> chisq = 317.415 : penaltysq = 104.123
952 317.415 0.00025202
<#> chisq = 317.415 : penaltysq = 104.12
<#> chisq = 317.415 : penaltysq = 104.119
953 317.415 0.00025202
<#> chisq = 317.415 : penaltysq = 104.118
954 317.415 0.00025202
<#> chisq = 317.415 : penaltysq = 104.116
955 317.415 0.00025202
<#> chisq = 317.415 : penaltysq = 104.112
956 317.415 0.00025202
<#> chisq = 317.415 : penaltysq = 104.121
957 317.415 0.00025202
<#> chisq = 317.415 : penaltysq = 104.126
<#> chisq = 317.415 : penaltysq = 104.116
958 317.415 0.000230739
<#> chisq = 317.415 : penaltysq = 104.119
<#> chisq = 317.415 : penaltysq = 104.12
959 317.415 0.000230739
<#> chisq = 317.415 : penaltysq = 104.117
960 317.415 0.000230739

<> solution:
0 : 1.00279
1 : 1.47425
2 : 0.258002
3 : 0.497143
4 : 0.405982
5 : 0.476914
6 : 1.21373
7 : 0.63148
<>
<#> chisq = 317.415 : penaltysq = 104.121
<#> chisq = 317.415 : penaltysq = 104.118
961 317.415 0.000214915
<#> chisq = 317.415 : penaltysq = 104.119
962 317.415 0.000214915
<#> chisq = 317.415 : penaltysq = 104.12
<#> chisq = 317.415 : penaltysq = 104.122
963 317.415 0.000214915
<#> chisq = 317.415 : penaltysq = 104.123
964 317.415 0.000214915
<#> chisq = 317.415 : penaltysq = 104.118
965 317.415 0.000214915
<#> chisq = 317.415 : penaltysq = 104.118
<#> chisq = 317.415 : penaltysq = 104.116
966 317.415 0.000214915
<#> chisq = 317.415 : penaltysq = 104.118
967 317.415 0.000214915
<#> chisq = 317.415 : penaltysq = 104.121
<#> chisq = 317.415 : penaltysq = 104.122
968 317.415 0.000260219
<#> chisq = 317.415 : penaltysq = 104.12
<#> chisq = 317.415 : penaltysq = 104.119
969 317.415 0.000251275
<#> chisq = 317.415 : penaltysq = 104.122
970 317.415 0.000251275

<> solution:
0 : 1.00278
1 : 1.47475
2 : 0.258004
3 : 0.497144
4 : 0.405881
5 : 0.47689
6 : 1.2138
7 : 0.631418
<>
<#> chisq = 317.415 : penaltysq = 104.121
971 317.415 0.000251275
<#> chisq = 317.415 : penaltysq = 104.118
<#> chisq = 317.415 : penaltysq = 104.121
972 317.415 0.000245199
<#> chisq = 317.415 : penaltysq = 104.123
<#> chisq = 317.415 : penaltysq = 104.119
973 317.415 0.000234862
<#> chisq = 317.415 : penaltysq = 104.123
974 317.415 0.000234862
<#> chisq = 317.415 : penaltysq = 104.118
<#> chisq = 317.415 : penaltysq = 104.115
975 317.415 0.000234862
<#> chisq = 317.415 : penaltysq = 104.12
976 317.415 0.000234862
<#> chisq = 317.415 : penaltysq = 104.123
<#> chisq = 317.415 : penaltysq = 104.119
977 317.415 0.00022041
<#> chisq = 317.415 : penaltysq = 104.117
<#> chisq = 317.415 : penaltysq = 104.121
978 317.415 0.000197409
<#> chisq = 317.415 : penaltysq = 104.121
<#> chisq = 317.415 : penaltysq = 104.122
979 317.415 0.000197409
<#> chisq = 317.415 : penaltysq = 104.119
980 317.415 0.000197409

<> solution:
0 : 1.00279
1 : 1.47451
2 : 0.258024
3 : 0.497207
4 : 0.405874
5 : 0.476861
6 : 1.2137
7 : 0.63145
<>
<#> chisq = 317.415 : penaltysq = 104.121
<#> chisq = 317.415 : penaltysq = 104.122
981 317.415 0.000197409
<#> chisq = 317.415 : penaltysq = 104.12
982 317.415 0.000197409
<#> chisq = 317.415 : penaltysq = 104.118
<#> chisq = 317.415 : penaltysq = 104.121
983 317.415 0.000179826
<#> chisq = 317.415 : penaltysq = 104.121
<#> chisq = 317.415 : penaltysq = 104.12
984 317.415 0.000172152
<#> chisq = 317.415 : penaltysq = 104.121
985 317.415 0.000172152
<#> chisq = 317.415 : penaltysq = 104.119
986 317.415 0.000172152
<#> chisq = 317.415 : penaltysq = 104.121
987 317.415 0.000172152
<#> chisq = 317.415 : penaltysq = 104.119
<#> chisq = 317.415 : penaltysq = 104.121
988 317.415 0.000162265
<#> chisq = 317.415 : penaltysq = 104.121
989 317.415 0.000162265
<#> chisq = 317.415 : penaltysq = 104.124
<#> chisq = 317.415 : penaltysq = 104.119
990 317.415 0.000135192

<> solution:
0 : 1.00277
1 : 1.47465
2 : 0.257999
3 : 0.497243
4 : 0.405876
5 : 0.476865
6 : 1.21376
7 : 0.631393
<>
<#> chisq = 317.415 : penaltysq = 104.119
<#> chisq = 317.415 : penaltysq = 104.12
991 317.415 0.000108953
<#> chisq = 317.415 : penaltysq = 104.122
<#> chisq = 317.415 : penaltysq = 104.12
!!! converged !!!
992 317.415 8.90928e-05
<#> chisq = 317.415 : penaltysq = 104.121
      err[L2] = 4.87499    #rmsd of full ts
     err[wL2] = 0.886656   #weighted rmsd of full ts
    err[Linf] = 50.2231   #highest error in full ts
  err[L2,low] = 0.279429   #rmsd of low-energy ts 
err[Linf,low] = 1.56783   #highest error in low-energy ts 

>> saving as 'fit-1b.cdl'
