# step time temp etotal ke pe enthalpy density vol press
0 0 258.37026506627887557 -38288.645622045616619 1659.6790312847188034 -39948.324653330339061 -43561.378835082810838 0.39515913179395717458 69370.388678210641956 -5211.7764657902098406
5 0.002500000000000000052 348.54671787644235792 -38304.644583198300097 2238.9406108100233723 -40543.585194008323015 -31536.930981686524319 0.39516135419239395432 69369.998537217034027 6689.5113826568731383
10 0.0050000000000000001041 280.17378523914209154 -38290.147739302614355 1799.7371189667960607 -40089.884858269411779 -21799.366108682363119 0.39515390138517209051 69371.306891314685345 16299.920085033256328
15 0.0074999999999999997224 320.72510126935986818 -38299.459726109642361 2060.2244041003523307 -40359.684130209992873 -37797.487335287216411 0.39512631757902177965 69376.149708906305023 496.12801167077992659
20 0.010000000000000000208 294.50626089067571911 -38293.948605376732303 1891.8038639505775791 -40185.752469327308063 -41921.051975519898406 0.39509631032997516442 69381.418772037955932 -3584.6013750313768469
25 0.012500000000000000694 332.74012060464900742 -38298.35748503805371 2137.4046308812648931 -40435.762115919322241 -26285.460070350214664 0.39506892500779328126 69386.228141710525961 11871.30872138565428
30 0.014999999999999999445 337.26269546806975086 -38301.999466809967998 2166.4560492645268823 -40468.455516074493062 -26664.849869298224803 0.39502639143454049142 69393.699146892438876 11498.751512441904197
35 0.017500000000000001665 294.20927396740677295 -38295.274358873452002 1889.8961251905125209 -40185.170484063964977 -42189.367564079904696 0.39496906773451784245 69403.770577589981258 -3847.2232376016295348
40 0.020000000000000000416 339.62827248725642448 -38302.207333037433273 2181.6516778118984803 -40483.859010849329934 -38443.479623481049202 0.39491481910139258904 69413.304430222153314 -139.55274307501116482
45 0.022499999999999999167 310.40436173790891417 -38295.995344931019645 1993.9276304243787763 -40289.922975355395465 -24740.102876134042162 0.39485937062747378246 69423.051854461315088 13389.011800352203863
50 0.025000000000000001388 332.22860966017668716 -38305.132500709005399 2134.1188658239134384 -40439.251366532917018 -33195.714049601083389 0.39478753992772697146 69435.683221687795594 5045.6005976880342132
55 0.027500000000000000139 291.79696607643415973 -38298.036944987972674 1874.4003140815102597 -40172.437259069483844 -43048.338863879107521 0.39470845116824981869 69449.596230221563019 -4690.0297630252262024
60 0.02999999999999999889 341.63869823949266902 -38303.851776515475649 2194.5659404654797981 -40498.417716980955447 -33115.286712901790452 0.39463362903823356875 69462.763802208210109 5121.7611143346766767
65 0.03250000000000000111 333.63171237553399351 -38303.246256641526998 2143.1319004887959636 -40446.378157130326144 -26123.556019824536634 0.39455172520921588664 69477.183372485174914 12020.378693996597576
70 0.035000000000000003331 326.45986882157529863 -38305.520047572572366 2097.0625187853465832 -40402.582566357916221 -37596.119330443601939 0.39445485682508080183 69494.245255159708904 699.94979576794935383
75 0.037499999999999998612 319.55362722532669295 -38304.427275093126809 2052.6992699442321282 -40357.126545037361211 -40600.190724046347896 0.3943558351151542074 69511.695076824486023 -2264.6097284158890943
80 0.040000000000000000833 336.76633010969629822 -38305.976339260792884 2163.2675740855538606 -40469.243913346348563 -29677.756478415427409 0.39425829293861763825 69528.892741791787557 8509.0289345867822703
85 0.042500000000000003053 332.58880266868516173 -38309.346265537991712 2136.4326180789707905 -40445.778883616963867 -30259.609054259846744 0.3941499840065297855 69547.99866701742576 7936.3566504124855783
90 0.044999999999999998335 310.68135621346283415 -38308.695168180733162 1995.7069447844914976 -40304.40211296522466 -40268.357124676680542 0.39403142065410967643 69568.925535901085823 -1931.4789362872033962
95 0.047500000000000000555 315.97754227183543208 -38308.878108588469331 2029.7277673609926296 -40338.605875949462643 -37531.988307231586077 0.39391403731044688508 69589.656538914307021 765.48879471646625916
100 0.050000000000000002776 330.6289329599861162 -38311.356864195367962 2123.8431095349305906 -40435.199973730297643 -29830.563441625825362 0.39379498094000209285 69610.695638773438986 8353.8105400589138299
105 0.052499999999999998057 323.82517478553955925 -38313.349629636861209 2080.1381778812660741 -40393.487807518125919 -34812.579635808469902 0.39366557463279039375 69633.578165581770008 3447.2198051574455349
110 0.055000000000000000278 311.49133238287879522 -38312.794714374416799 2000.909944688041378 -40313.704659062459541 -40300.524134089580912 0.39353128134836534713 69657.340754126402317 -1956.6560291158505152
115 0.057500000000000002498 323.12980234654941114 -38313.581720039481297 2075.6713517330276773 -40389.253071772509429 -34563.458022067577986 0.39339847291556989672 69680.856560351297958 3690.2536897083141412
120 0.05999999999999999778 335.17197404462456234 -38316.563094098251895 2153.0259956712484382 -40469.589089769498969 -31224.0360182192926 0.39326074289243845294 69705.260587855518679 6976.8527631375800411
125 0.0625 325.52074637945452196 -38317.952025048885844 2091.029928987922176 -40408.981954036811658 -37289.397529686655616 0.39311428059172787153 69731.230625936965225 1011.4026506493407851
130 0.06500000000000000222 315.51620509853404428 -38316.767551779841597 2026.7643008309564721 -40343.531852610794886 -38957.385817702990607 0.39296593787549854992 69757.553823853275389 -629.69781344853367955
135 0.067500000000000004441 330.98308308986895554 -38318.786014750447066 2126.1180444789442845 -40444.904059229389532 -34021.890742790608783 0.39281785151783965571 69783.851361057997565 4222.0555683416378088
140 0.070000000000000006661 333.39173444123770196 -38320.61378505556786 2141.5903672731974439 -40462.204152328762575 -34328.520727411065309 0.39266455920953324821 69811.094277197873453 3921.0314109715218365
145 0.072499999999999995004 327.83275283243068543 -38321.484662174079858 2105.8814392002723253 -40427.366101374354912 -38777.339186215722293 0.39250636570688846039 69839.230538140516728 -447.55965870850917554
150 0.074999999999999997224 324.46209511373001533 -38321.275339384148538 2084.2295283817793461 -40405.504867765928793 -37303.513570116017945 0.39234830775512158363 69867.365349769985187 998.83988779235187394
155 0.077499999999999999445 329.5556730620743906 -38323.373259634121496 2116.9488682520727707 -40440.32212788619654 -33549.177489281202725 0.39218879698840553027 69895.781758145109052 4683.5306600552585223
160 0.080000000000000001665 324.37772441776633059 -38325.27216603794659 2083.6875609270109635 -40408.959726964960282 -35187.851282641277066 0.39202351576140403999 69925.250553017729544 3076.5420997569167412
165 0.082500000000000003886 317.19266843032744418 -38325.749148611670535 2037.5333072326084221 -40363.282455844280776 -37493.859830881949165 0.39185418985686587545 69955.466272554302122 815.39492210542675821
170 0.085000000000000006106 320.21275137577157466 -38326.693778795852268 2056.9332499311553875 -40383.627028727009019 -35462.510457990771101 0.39168348315083267863 69985.954837250319542 2806.1703385164105384
175 0.087500000000000008327 330.6519461207486188 -38329.254067390284035 2123.9909379251339487 -40453.245005315417075 -34407.666815802644123 0.39150925514092604907 70017.099729670095257 3840.447878643338754
180 0.089999999999999996669 325.77350779727464669 -38330.362829522571701 2092.6535787719490145 -40423.016408294519351 -36815.623410992295248 0.39133033770046132815 70049.111764172732364 1482.720886116421525
185 0.09249999999999999889 319.56657397211870375 -38331.246741851886327 2052.782435258044643 -40384.029177109929151 -37899.056859565978812 0.39114958539969668649 70081.48183074190456 422.85885562399431592
190 0.09500000000000000111 313.04987892717696241 -38331.504978915982065 2010.9214954297235636 -40342.426474345702445 -36113.136302646962577 0.390968348162534729 70113.968793440843001 2169.468176384914841
195 0.097500000000000003331 323.56388326469175354 -38334.130695518681023 2078.4597337379650526 -40412.590429256648349 -36224.159689987296588 0.3907847845694648603 70146.903473971688072 2062.4911490059753305
200 0.10000000000000000555 321.15711085801200397 -38333.814050239190692 2062.9994806186041387 -40396.813530857791193 -37835.013432984684187 0.39059898954700528195 70180.270036239380715 487.34448739655590543
205 0.10250000000000000777 321.73944078604932884 -38334.743864308184129 2066.740161732218894 -40401.484026040401659 -37564.415082920808345 0.39041288922365380287 70213.723263084961218 752.27777582312114646
210 0.10499999999999999611 316.57766835358586377 -38335.36389877381589 2033.5827646601314882 -40368.946663433947833 -36280.586295015134965 0.39022622639194831651 70247.309658674144885 2005.668888272266031
215 0.10749999999999999833 321.03172529199645169 -38337.336379530192062 2062.194048171923896 -40399.530427702113229 -36733.762108818278648 0.3900375618803106903 70281.288884435678483 1564.4924534365918589
220 0.11000000000000000056 321.36209472656173602 -38338.006718806056597 2064.3162243557226248 -40402.322943161780131 -37643.430460402872995 0.38984741303325992634 70315.568722146126674 677.31789702977573597
225 0.11250000000000000278 320.18732819251380306 -38338.316520604676043 2056.7699404104155292 -40395.086461015089299 -37091.144727873885131 0.389656852325070302 70349.956375006571761 1215.588430565687986
230 0.115000000000000005 323.63217653623615888 -38339.806568085288745 2078.8984255151749494 -40418.704993600462331 -36546.60560129742953 0.38946534009044447844 70384.549639064614894 1746.930948619267383
235 0.11750000000000000722 324.52727891483357325 -38340.610825519448554 2084.6482460226939111 -40425.259071542139282 -37414.747374390106415 0.38927231801253370236 70419.450070961524034 901.52634373593173223
240 0.11999999999999999556 324.21727206248687025 -38341.386057425996114 2082.6568718517441994 -40424.042929277740768 -37950.221097220914089 0.38907882908712226877 70454.469667772442335 380.69353798669129674
245 0.12249999999999999778 318.24454210549612299 -38341.931822896571248 2044.2901709986072092 -40386.221993895182095 -37244.42817744264903 0.38888554006855513556 70489.487877226434648 1067.5930226159346148
250 0.125 317.79760138107599232 -38343.120627658936428 2041.4191821549140968 -40384.539809813853935 -37031.771905492452788 0.38869171979552180618 70524.637305656578974 1274.9743469296688545
255 0.12750000000000000222 319.9462551605211047 -38344.058756836842804 2055.22137267525477 -40399.2801295120953 -37611.039821788057452 0.38849713929251528111 70559.95988081448013 712.32957935608658318
260 0.13000000000000000444 319.02416462189034974 -38344.772152968791488 2049.298189790727065 -40394.070342759521736 -37616.578336859471165 0.38830247161771097586 70595.333704903358012 707.2860649987898114
265 0.13250000000000000666 316.82324512182970011 -38345.197011220901913 2035.1602628011050911 -40380.357274022004276 -37015.4114723001112 0.38810777477330432594 70630.74832320160931 1290.957392614330729
270 0.13500000000000000888 325.25367722266861392 -38346.859104356371972 2089.3143713586150625 -40436.173475714989763 -37371.24101877657813 0.38791244106453715013 70666.314509181902395 946.65451620302735591
275 0.1375000000000000111 327.4110638179611783 -38347.209525653226592 2103.1726583935542294 -40450.382184046779003 -38224.896623055268719 0.38771691790089390928 70701.951079932157882 118.6219296227035187
280 0.14000000000000001332 324.93587281955944945 -38347.8895600255928 2087.2729084845691432 -40435.162468510163308 -38232.558345785888378 0.38752228243759423432 70737.461572175525362 111.79477443324871899
285 0.14250000000000001554 317.63599341314477442 -38348.184763459044916 2040.381069833455058 -40388.565833292501338 -37710.042354693396192 0.38732861315009226022 70772.831212623626925 618.26569269053220523
290 0.14499999999999999001 317.83977353686265133 -38349.164833250877564 2041.690081140311122 -40390.854914391187776 -38079.456328127642337 0.38713540692404946331 70808.151545975721092 261.17734052571097436
295 0.14749999999999999223 316.70900501663010118 -38349.549296192839392 2034.4264248453989694 -40383.97572103823768 -38528.216973009315552 0.38694308135485550038 70843.345916170859709 -172.93027669153872239
300 0.14999999999999999445 312.59678001100542133 -38349.567089982265315 2008.0109485443269932 -40357.578038526589808 -38111.55499343763222 0.38675218652581394574 70878.31308346442529 230.2553700971185151
305 0.15249999999999999667 313.67009239037429325 -38350.504064923981787 2014.9055269494690492 -40365.409591873452882 -37775.732352719191113 0.38656228706853235089 70913.132189305440988 555.76709244077733274
310 0.15499999999999999889 315.19878005691418821 -38351.124381984351203 2024.7252748406940555 -40375.849656825048442 -38244.77274863072671 0.38637301916736332963 70947.869551980809774 102.7848049246422022
315 0.15750000000000000111 315.71665134860165836 -38351.697768728372466 2028.0518965148157804 -40379.749665243187337 -38489.027946007692663 0.38618493224396693853 70982.423894709878368 -132.65977788642160817
320 0.16000000000000000333 314.24744049463060946 -38352.093721672878019 2018.6142065923854716 -40370.707928265263035 -38013.497122207059874 0.38599832670121664302 71016.739364027584088 326.92337549816227238
325 0.16250000000000000555 312.89644370748112578 -38352.411721063908772 2009.9358819469784976 -40362.347603010886814 -37780.402154971779964 0.38581267489124221326 71050.912389071745565 552.02372486081867464
330 0.16500000000000000777 317.9457381893166712 -38353.44904203130136 2042.3707605199224417 -40395.819802551224711 -38276.856431438558502 0.38562775070359717189 71084.984190779519849 73.88105897247919529
335 0.16750000000000000999 314.5314492525688479 -38353.721104996388021 2020.4385782170782022 -40374.15968321346736 -38303.461756273020001 0.38544409516647076819 71118.854604457912501 48.456965456773950507
340 0.17000000000000001221 308.04294320540674335 -38354.496105402839021 1978.758714521940874 -40333.254819924783078 -37954.058128635304456 0.38526178844013386771 71152.508203005185351 385.89500308854974264
345 0.17250000000000001443 304.69184110796703635 -38354.806643829055247 1957.2324220850453003 -40312.039065914097591 -37981.667017829153338 0.38508045080265562721 71186.014520220953273 359.41881141889723494
350 0.17500000000000001665 311.21541081286636654 -38355.609993170684902 1999.1375222929514166 -40354.747515463634045 -38424.96758818005037 0.38490015338236233111 71219.359933742278372 -66.775949158042635645
355 0.17749999999999999112 314.59652867882607552 -38355.912995507416781 2020.8566253909643819 -40376.769620898383437 -38526.26184446465777 0.38472143148245480093 71252.444805745661142 -163.93192685411892739
360 0.17999999999999999334 312.91862555180347272 -38356.52168168778735 2010.0783702549406371 -40366.600051942725258 -38241.044140229139884 0.38454440451358828934 71285.246230445220135 111.07644855878453427
365 0.18249999999999999556 308.82365143313023736 -38356.961782544953167 1983.773707538926601 -40340.735490083876357 -38227.841363495092082 0.38436878058136192404 71317.817541865937528 124.14264462295446378
370 0.18499999999999999778 309.42436095170728549 -38357.552563734519936 1987.6324526295031774 -40345.185016364026524 -38504.798884805553826 0.38419458117273830311 71350.154077176237479 -141.50560683444055599
375 0.1875 309.47856455204566828 -38357.86616293064435 1987.9806373514511506 -40345.846800282095501 -38378.46393932148203 0.38402209183608349008 71382.202079123599106 -19.785840706884382456
380 0.19000000000000000222 306.73622295604826604 -38358.393407078750897 1970.3648066662551628 -40328.758213745008106 -38063.187924150217441 0.38385117973040161488 71413.985444942925824 283.44268895795988783
385 0.19250000000000000444 306.43201824820249612 -38359.106045564119995 1968.4107034156347709 -40327.516748979753174 -38201.982297025853768 0.38368149229996634242 71445.569078583037481 150.79628499112706663
390 0.19500000000000000666 306.98753561198378748 -38359.317054180479317 1971.9791501172931021 -40331.296204297774239 -38882.344064364944643 0.38351329160327674028 71476.903571435075719 -501.74435794767458674
395 0.19750000000000000888 312.04667531856074447 -38360.148625548092241 2004.4772709253968515 -40364.625896473487956 -38844.414187970047351 0.38334731975738328691 71507.849799602277926 -464.3591178788532261
400 0.2000000000000000111 307.34886991473774742 -38359.659540320753877 1974.3002336421745895 -40333.959773962931649 -38639.843569773824129 0.38318358640067479159 71538.404919117383542 -268.55190340952674433
405 0.20250000000000001332 310.35358905199274204 -38360.769332066665811 1993.6014846809609935 -40354.370816747628851 -38850.28270719347347 0.38302188243768314768 71568.606962687059422 -468.99272849121081208
410 0.20500000000000001554 307.15851733267419377 -38360.164678420311247 1973.0774761049606241 -40333.242154525272781 -38871.093921707972186 0.38286240434690516077 71598.418259561498417 -489.30701600667748608
415 0.20750000000000001776 314.60305961134616837 -38361.583575843476865 2020.8985777872881044 -40382.482153630764515 -38670.490772239289072 0.38270519843007655414 71627.829135170570225 -295.71295255902697363
420 0.20999999999999999223 309.00338728351692907 -38361.174813698555226 1984.9282669538049504 -40346.103080652363133 -38415.729362658705213 0.38254996286397685568 71656.89510741912818 -52.203196184115185474
425 0.21249999999999999445 308.60841499975708757 -38361.886939638192416 1982.3911049582995929 -40344.278044596489053 -38767.239369273687771 0.38239644284257401363 71685.663073953488492 -387.72569611068672657
430 0.21499999999999999667 309.32953511010043712 -38362.182958804522059 1987.0233250238227356 -40349.206283828345477 -38942.134517423677607 0.38224501396665411246 71714.061820783987059 -554.51271538171818065
435 0.21749999999999999889 311.25677061611526142 -38362.375249867603998 1999.4032030134965225 -40361.778452881102567 -38563.750607685833529 0.38209587005390216463 71742.054051576167694 -192.46715595468248239
440 0.22000000000000000111 315.5122783214257538 -38363.493463254933886 2026.7390766062360399 -40390.232539861171972 -38671.3660640836315 0.38194861266364088515 71769.713656301377341 -294.13989808914573132
445 0.22250000000000000333 309.0228554732833004 -38362.702513134907349 1985.0533237064621517 -40347.755836841366545 -38941.439027918793727 0.38180331994264510298 71797.025144802260911 -552.71155652091681532
450 0.22500000000000000555 313.74522412239866753 -38364.130141826091858 2015.3881465736467362 -40379.518288399740413 -38811.04028568501235 0.38166030893050245654 71823.928034609067254 -426.65335982546150717
455 0.22750000000000000777 307.39505092886224702 -38363.602499007378356 1974.5968841130261353 -40338.199383120401762 -38634.793628467821691 0.38151941512689641067 71850.452363409887766 -258.80346326994083483
460 0.23000000000000000999 308.59837316614095926 -38364.851454238196311 1982.3265997773953586 -40347.178054015588714 -38904.266414098019595 0.38138045444670992667 71876.631963375519263 -514.58767355325392145
465 0.23250000000000001221 301.31663278478293932 -38364.373685281811049 1935.5512797958222109 -40299.924965077632805 -39050.126486441768066 0.38124369479768988045 71902.415531980557716 -653.95553556103391202
470 0.23500000000000001443 301.38972602058817074 -38364.866013202015893 1936.0208048426134155 -40300.886818044629763 -38865.81355550353328 0.38110931310915446835 71927.768803802056937 -477.55101464992202409
475 0.23750000000000001665 303.03117010613561888 -38365.468962657520024 1946.5648600151796472 -40312.03382267269626 -38795.590069009267609 0.38097708255332152216 71952.733688264415832 -409.8902294437257865
480 0.23999999999999999112 301.15669957357442854 -38365.340996754646767 1934.5239255181127191 -40299.86492227276176 -39013.915157751333027 0.38084691517965224561 71977.325979810513672 -617.85710463836323925
485 0.24249999999999999334 305.57455862449660344 -38366.361558653399698 1962.9026866271203744 -40329.264245280523028 -38849.516843344652443 0.38071901107012640075 72001.507056977163302 -460.11803675076993159
490 0.24499999999999999556 303.0739281796816158 -38366.010109872717294 1946.8395227286471254 -40312.849632601362828 -38574.872574822678871 0.3805931421799587655 72025.319230080829584 -198.83796875461194986
495 0.24749999999999999778 307.4619451666848704 -38367.197008344090136 1975.0265889933439212 -40342.223597337433603 -38789.496311782924749 0.38046900067393357725 72048.820045088970801 -401.89962686805580461
500 0.25 301.99136327308042382 -38366.643503262392187 1939.8855093671259056 -40306.529012629514909 -38971.587062765735027 0.38034678753188366773 72071.97079321500496 -575.53610069321985065
505 0.25250000000000000222 306.85985544336250541 -38367.523995577983442 1971.1589779565481422 -40338.682973534530902 -38956.551643094026076 0.38022673926221245422 72094.725940320931841 -560.21701524723334842
510 0.25500000000000000444 309.20878005368626873 -38367.707673666525807 1986.2476373300364685 -40353.955310996563639 -38987.840571732100216 0.38010883390270000515 72117.088889620659756 -589.6179472079752486
515 0.25750000000000000666 311.92988849235234738 -38368.040917179518146 2003.7270737363407989 -40371.767990915861446 -39530.948592950640887 0.37999317687630668194 72139.038883885514224 -1105.3479135937282081
520 0.26000000000000000888 310.91572111790617328 -38368.223167436583026 1997.2124218852479771 -40365.435589321830776 -39667.129158769588685 0.37988035421941912517 72160.463835036032833 -1234.2482340927658697
525 0.2625000000000000111 307.12248723979035958 -38368.172207685514877 1972.84603155525906 -40341.018239240773255 -39343.883203773082641 0.37977051078688095487 72181.335263480446883 -926.87335660365135936
530 0.26500000000000001332 307.8434536599072544 -38368.635087225637108 1977.4772643692265319 -40346.112351594863867 -39331.352773594837345 0.37966327334199539978 72201.72317694373487 -914.27216612307654486
535 0.26750000000000001554 311.63996338382139584 -38368.74716194019129 2001.8646975718531849 -40370.611859512042429 -39490.262947826908203 0.37955856724950620684 72221.640947104024235 -1064.7855521872515965
540 0.27000000000000001776 316.10070574105947117 -38369.205714877651189 2030.5189258452671766 -40399.724640722917684 -39371.44843890004995 0.37945652821775188723 72241.061949948707479 -951.28993368219630611
545 0.27250000000000001998 316.86465058287973307 -38369.446679485903587 2035.4262368111862997 -40404.872916297092161 -39265.889205974905053 0.37935699497179081741 72260.016094680075184 -850.64530153725718264
550 0.2750000000000000222 315.70149047533817566 -38369.473911558423424 2027.9545084371090979 -40397.428419995529111 -39489.294930877826118 0.37925983746204899871 72278.527422598795965 -1062.3397448245248142
555 0.27750000000000002442 317.9914076408215351 -38370.264284400400356 2042.6641248937733053 -40412.928409294174344 -39622.131865192182886 0.37916527770655711338 72296.552912490005838 -1187.3121517796073476
560 0.28000000000000002665 312.51020962349156207 -38370.065847783705976 2007.4548510504837395 -40377.520698834188806 -39438.809371206341893 0.37907343773209617455 72314.068551709729945 -1013.3857893807186201
565 0.28250000000000002887 311.82893888790744086 -38370.826469824802189 2003.0786092480966545 -40373.905079072901572 -39481.564857983474212 0.37898408549517609289 72331.117879196521244 -1052.9571917151313301
570 0.28500000000000003109 308.45156818510275798 -38370.561601364504895 1981.3835765984133559 -40351.945177962916205 -39678.166438043597736 0.37889724077289538284 72347.696452932388638 -1239.298491773683736
575 0.28750000000000003331 307.70323429898348877 -38371.132443761678587 1976.5765448802960691 -40347.708988641978067 -39620.686933755554492 0.37881313138107020055 72363.760100795974722 -1184.0176728747803736
580 0.28999999999999998002 305.0197359961725283 -38371.337908634530322 1959.3387026598650209 -40330.676611294395116 -39409.713486722874222 0.37873163130716663849 72379.33221389305254 -983.70301833980840911
585 0.29249999999999998224 303.3947962645820553 -38371.308121692884015 1948.9006656089284206 -40320.208787301809934 -39549.831462872156408 0.37865249059543876209 72394.459941844310379 -1116.2384194879321058
590 0.29499999999999998446 309.39639784530055522 -38372.268625346347108 1987.4528275424563617 -40359.721452888799831 -39616.419003306145896 0.37857581702129156076 72409.122109216419631 -1178.158455086361073
595 0.29749999999999998668 306.94442736331728838 -38371.960576258301444 1971.7022380029334272 -40343.662814261231688 -39211.790090357135341 0.3785016139705448257 72423.317498520133086 -795.1276003498985574
600 0.2999999999999999889 307.19100118178181447 -38372.91875017163693 1973.2861408412277342 -40346.204891012865119 -39278.668038599957072 0.37842946051632225801 72437.126128843592596 -857.37516676794496107
605 0.30249999999999999112 300.55838338376156571 -38372.535858412382368 1930.6805543234597735 -40303.216412735841004 -39505.814655862726795 0.37835933635310409207 72450.551442738782498 -1072.554029567214684
610 0.30499999999999999334 304.66843709344027502 -38373.483053486605058 1957.0820829887566106 -40330.565136475364852 -39454.58914289742097 0.3782914676908061824 72463.549679360876326 -1022.9933715055300354
615 0.30749999999999999556 305.96049766691152172 -38373.515778565750225 1965.3818222810850784 -40338.897600846838031 -39254.509540290986479 0.37822577507502136429 72476.13560142435017 -833.49291963629332258
620 0.30999999999999999778 307.03318610335134053 -38374.075025083373475 1972.2723926979404041 -40346.347417781311378 -39532.577582187943335 0.3781620485611274507 72488.34902019535366 -1095.8545088670218774
625 0.3125 303.79358413881470824 -38374.177987616807513 1951.462337605606308 -40325.640325222411775 -39810.977608838715241 0.37810057624319221015 72500.134315213537775 -1358.8812438808579373
630 0.31500000000000000222 305.60386948841517096 -38374.440906999443541 1963.0909692308557624 -40337.531876230299531 -39652.710666753569967 0.37804164138019147323 72511.436735412018606 -1208.7600979221306261
635 0.31750000000000000444 314.21567670884735435 -38375.284076438314514 2018.4101672877650344 -40393.694243726080458 -39766.101914574181137 0.37798513005562628386 72522.277683931446518 -1314.9914448403085316
640 0.32000000000000000666 314.22360966872798826 -38375.090972985228291 2018.4611258110553536 -40393.552098796280916 -39966.565909465920413 0.37793113105235581761 72532.639705972163938 -1504.4938988718738528
645 0.32250000000000000888 315.5513351412701013 -38375.846243148771464 2026.9899637774346957 -40402.836206926207524 -40233.821655776591797 0.37787991132544807016 72542.471141532223555 -1756.190920272111498
650 0.3250000000000000111 310.75433606926941366 -38375.570694489804737 1996.1757415183465127 -40371.74643600815034 -40037.815757081021729 0.3778317046439689797 72551.726669210402179 -1570.9827252371301256
655 0.32750000000000001332 312.89072143356798961 -38376.434100176003994 2009.8991240870038837 -40386.333224263005832 -39882.897374456952093 0.37778627675006692943 72560.450840373770916 -1423.5826511110858519
660 0.33000000000000001554 311.04767984226225508 -38376.421292951061332 1998.0600779719600268 -40374.481370923022041 -39931.479198556284246 0.3777433952325529587 72568.687919520103605 -1469.3369671892360202
665 0.33250000000000001776 311.61443348578643509 -38377.144257856627519 2001.7007025531981981 -40378.844960409827763 -39964.762855382330599 0.37770307758894944294 72576.434211964922724 -1499.9426747658253589
670 0.33500000000000001998 307.78857919714982927 -38377.350248551534605 1977.1247702648133782 -40354.475018816345255 -39799.99745242192148 0.37766530578693841003 72583.692868404148612 -1343.9473801702565652
675 0.3375000000000000222 304.86707617185294339 -38377.394913754469599 1958.3580700422617156 -40335.752983796730405 -39921.463131866104959 0.37762989546897995918 72590.499034107415355 -1458.5147061469144774
680 0.34000000000000002442 309.32247439525099253 -38378.234326663907268 1986.9779694935396037 -40365.2122961574496 -40174.613174311940384 0.37759694398648557812 72596.833737277745968 -1696.6972797809942222
685 0.34250000000000002665 310.48008746648747547 -38378.395111165104026 1994.4140656719423532 -40372.809176837043196 -40090.494124955199368 0.37756675571945491621 72602.638201175170252 -1616.964873554001997
690 0.34500000000000002887 312.72286456638539676 -38379.316892623115564 2008.8208710510027686 -40388.137763674116286 -40013.692464934560121 0.37753925639847224494 72607.926454564047162 -1543.4477746481563827
695 0.34750000000000003109 309.13729848249465704 -38379.164018564726575 1985.7884650456423969 -40364.952483610366471 -39795.919473527756054 0.37751419824017146132 72612.74593135053874 -1337.8460591651692084
700 0.35000000000000003331 312.98176481725653275 -38380.03670779348613 2010.4839545233016906 -40390.520662316790549 -39650.867747709409741 0.3774913323080894556 72617.144331988252816 -1199.9765474315358915
705 0.35249999999999998002 312.03851807129854024 -38380.325122982882021 2004.4248716594418056 -40384.749994642326783 -39225.683305674683652 0.37747038186116005365 72621.174745238138712 -798.18139678686634397
710 0.35499999999999998224 310.18914525240347757 -38380.811505598154326 1992.5451559817856833 -40373.356661579942738 -38966.935858602788358 0.37745081215547293674 72624.939937868941342 -553.38590176887953476
715 0.35749999999999998446 310.27924865451592495 -38381.473693964260747 1993.1239483095137075 -40374.59764227377309 -39042.29893531230482 0.37743226969954657424 72628.507848871944589 -623.88366129611233646
720 0.35999999999999998668 308.89703009741492679 -38381.694253691232007 1984.2450660771303319 -40365.939319768360292 -39161.771148988227651 0.37741480884988737321 72631.867959357245127 -736.43481561794442314
725 0.3624999999999999889 309.75812092531907638 -38382.670283533487236 1989.7764084347252265 -40372.446691968209052 -39257.867524424982548 0.3773985700867014681 72634.993174440256553 -826.19802105826533989
730 0.36499999999999999112 304.88265234695427353 -38382.642667292006081 1958.4581258718155823 -40341.100793163823255 -39536.213783412305929 0.37738370465814363719 72637.85432156585739 -1088.9438263413267123
735 0.36749999999999999334 306.75945403043664328 -38383.464308566908585 1970.5140348563750194 -40353.978343423281331 -39630.042646568654163 0.37737054307212752891 72640.387718475685688 -1176.6994022854537434
740 0.36999999999999999556 308.15254610704556626 -38383.782655410199368 1979.4627647251297731 -40363.245420135332097 -39663.657338183213142 0.37735919492874420156 72642.57219826662913 -1208.0929369743273583
745 0.37249999999999999778 307.44893991933327015 -38384.25072306740185 1974.9430478926658452 -40359.193770960067923 -39799.476430613249249 0.37734970551159030538 72644.398980322250281 -1335.8192096813741045
750 0.375 304.14131240526859301 -38384.727651846733352 1953.6960207744898526 -40338.423672621225705 -39907.70981365582702 0.37734226797777536966 72645.830824087795918 -1437.5012540141090085
755 0.37750000000000000222 303.61719429055455066 -38384.929307199257892 1950.3292717227586763 -40335.258578922017477 -39723.025218844137271 0.37733694859346106343 72646.854924946266692 -1262.9743692863250999
760 0.38000000000000000444 312.33323022089695087 -38386.074671190748631 2006.3179980794957373 -40392.392669270244369 -39577.981491458383971 0.37733351106339224623 72647.51674198845285 -1124.982176386011588
765 0.38250000000000000666 313.60544028342479805 -38386.190865446325915 2014.490224723398569 -40400.681090169724484 -39627.570264770423819 0.37733175700338195124 72647.854450388549594 -1171.6714618658638756
770 0.38500000000000000888 311.21501677262369867 -38386.922024953586515 1999.1349911180575418 -40386.057016071645194 -39720.745359748485498 0.37733172475729853668 72647.860658742152737 -1258.9242288430014014
775 0.3875000000000000111 306.04528370508546686 -38386.961879681330174 1965.9264577470389668 -40352.888337428368686 -39616.735357553021458 0.37733344248801570231 72647.529944716472528 -1160.7224395773428114
780 0.39000000000000001332 310.3671784378956886 -38387.813658565602964 1993.6887780807080617 -40381.502436646311253 -39936.717351250365027 0.37733690589387525183 72646.863145691619138 -1461.9471040621215252
785 0.39250000000000001554 312.06361285028145858 -38388.423372316821769 2004.5860716274876268 -40393.009443944312807 -39968.50606748937571 0.37734243904989578366 72645.797889344627038 -1491.3975635857295856
790 0.39500000000000001776 310.49113358301411836 -38388.772541472149896 1994.4850220104037817 -40383.25756348255527 -39774.66511581280065 0.37735006881139859791 72644.32904076637351 -1308.1331803543837395
795 0.39750000000000001998 311.18855141270250897 -38389.736252897120721 1998.9649870237190044 -40388.701239920839726 -39559.103500736091519 0.3773595327460964044 72642.507167654533987 -1103.7842974248642349
800 0.4000000000000000222 305.6774374448054914 -38389.654058888147119 1963.5635437144719617 -40353.2176026026209 -39419.984455036064901 0.37737053461877057003 72640.389345669842442 -972.57356171365665887
805 0.40250000000000002442 307.99750993640753904 -38390.698870190244634 1978.4668673008168298 -40369.165737491064647 -39213.239684112006216 0.37738285257018128194 72638.018329657003051 -776.45730404511527922
810 0.40500000000000002665 307.77878226491810665 -38390.858729798761487 1977.0618382436239244 -40367.92056804238382 -39030.476587216297048 0.37739620563255976693 72635.448245550884167 -603.80411697263377846
815 0.40750000000000002887 307.85905133035095105 -38391.72211679953034 1977.577458277243295 -40369.299575076773181 -38987.342345064447727 0.3774103465575205929 72632.726718617384904 -562.29108886800713663
820 0.41000000000000003109 303.50381883260587301 -38391.943405019817874 1949.6009879546113552 -40341.544392974428774 -39064.788366307482647 0.37742521180890659105 72629.866009508026764 -635.21957386224119091
825 0.41250000000000003331 305.47100947866226761 -38392.661288606541348 1962.2375236061179749 -40354.898812212661142 -38990.877258676839119 0.37744085337354316145 72626.856147873870214 -564.78722983534146351
830 0.41500000000000003553 305.3858806850359997 -38393.003761768290133 1961.6906864005909483 -40354.694448168884264 -39220.411022017091454 0.37745724701311250682 72623.70183433991042 -781.20507440074277383
835 0.41749999999999998224 303.48059801597662499 -38393.560832197799755 1949.4518256567014305 -40343.012657854502322 -39728.90672365827777 0.37747471286721639983 72620.341516582237091 -1260.8388964034222681
840 0.41999999999999998446 304.98461475536487342 -38394.170767565177812 1959.1130962538561562 -40353.283863819036924 -39726.96754605678143 0.37749380663837173167 72616.668353850138374 -1258.4956689689522591
845 0.42249999999999998668 309.78335044467155512 -38394.925342620867013 1989.9384739271608851 -40384.863816548029718 -39484.946502092832816 0.37751456179953579717 72612.676002806256292 -1029.3109596810156745
850 0.4249999999999999889 308.35173588436492764 -38395.259812093427172 1980.7422892732756736 -40376.002101366699208 -39473.178780715068569 0.37753669055685734612 72608.419917700026417 -1017.9424818856716684
855 0.42749999999999999112 305.78381209133061702 -38395.571835892042145 1964.246856750717825 -40359.818692642758833 -40037.663919993159652 0.37756024908376611959 72603.889389344389201 -1550.8212085864533947
860 0.42999999999999999334 309.07003605113425238 -38396.501437218001229 1985.3563950205043511 -40381.857832238507399 -39680.551475374908478 0.37758574907637726392 72598.986135851650033 -1212.7617833719202736
865 0.43249999999999999556 307.69232699604970094 -38396.815248885664914 1976.5064802311676431 -40373.321729116833012 -39234.762215113594721 0.37761282048532190947 72593.781448044377612 -791.48233061022449419
870 0.43499999999999999778 308.37940380030983079 -38397.809355779398174 1980.9200181613939549 -40378.729373940790538 -39629.291623898301623 0.37764095332800884375 72588.373482050403254 -1163.2825365125245298
875 0.4375 306.33202987426619757 -38397.803154030865699 1967.7684135315732874 -40365.571567562437849 -39760.085945575832739 0.3776705545209125825 72582.684125492713065 -1286.9401693179615904
880 0.44000000000000000222 313.2607459693873011 -38399.395928213212756 2012.2760305897804756 -40411.671958802995505 -39065.968482540971308 0.37770174119346605623 72576.69100405323843 -629.75898873928088051
885 0.44250000000000000444 304.22716496073314829 -38398.653179359032947 1954.2475071696064788 -40352.900686528642836 -38896.150765849932213 0.37773367907753968575 72570.554548470579903 -470.06146203860737387
890 0.44500000000000000666 304.66998494053513014 -38399.834410917756031 1957.0920258100263709 -40356.926436727779219 -39747.892293751821853 0.377766238130775589 72564.299811253731605 -1273.8246299436093523
895 0.44750000000000000888 303.17887105814344295 -38399.904701900180953 1947.5136385941902972 -40347.418340494368749 -39451.669545275479322 0.37780027181841308037 72557.762942708024639 -993.93704185604735812
900 0.4500000000000000111 306.71560863748544534 -38400.952609908745217 1970.2323875883316759 -40371.184997497075528 -38759.396860826142074 0.37783548471483408004 72551.000822435045848 -338.76795457889983254
905 0.45250000000000001332 304.70206419340638604 -38401.545049374515656 1957.2980915634366283 -40358.843140937955468 -39321.231466950208414 0.37787111828533614943 72544.159200840542326 -869.28349084046851658
910 0.45500000000000001554 299.57281092047884385 -38401.374386512070487 1924.3495860492955671 -40325.72397256136901 -39882.079099752612819 0.37790778185241330478 72537.121167292047176 -1399.6912702914719375
915 0.45750000000000001776 304.95337984958626976 -38402.809285547955369 1958.9124542869810739 -40361.721739834938489 -39104.973006446853105 0.37794608352203795665 72529.770137683313806 -663.81367707554898061
920 0.46000000000000001998 302.91262884771595054 -38402.388277113277582 1945.8033929752677977 -40348.191670088548562 -38558.530138144444209 0.37798512009116302934 72522.279595767482533 -147.62911460772747319
925 0.4625000000000000222 307.87100754025260585 -38403.619027612061473 1977.6542607330611645 -40381.273288345124456 -39354.152782377786934 0.37802432563862781167 72514.758186476843548 -898.80452749602056883
930 0.46500000000000002442 308.90534076865895941 -38403.84934973687632 1984.298450884380145 -40388.147800621256465 -39561.511255644007178 0.37806454487523727392 72507.043926420679782 -1094.7769719378432001
935 0.46750000000000002665 310.17793255187694967 -38404.59938279940252 1992.4731295667365885 -40397.072512366139563 -38624.445444752185722 0.37810594619972587305 72499.104649920336669 -207.92665074810574311
940 0.47000000000000002887 308.79836723916645269 -38405.332952901102544 1983.6112908361612881 -40388.944243737263605 -38914.212500818772241 0.37814753086203894972 72491.131965878215851 -481.34251846219467552
945 0.47250000000000003109 304.12818320526014304 -38404.974539869799628 1953.611683445865765 -40358.586223315665848 -39838.682254502375145 0.37818964269698179814 72483.059998168057064 -1356.2764260795916016
950 0.47500000000000003331 313.63214589120940445 -38406.630878613970708 2014.6617720848817044 -40421.292650698851503 -39412.869291655209963 0.3782333078495266343 72474.692189712135587 -952.0036720369428167
955 0.47750000000000003553 311.98903821208926956 -38406.15201979738049 2004.1070305766859292 -40410.259050374064827 -38557.602064679413161 0.37827802645842711904 72466.124503543425817 -143.30405552089408161
960 0.47999999999999998224 311.57802025063335805 -38407.355715830643021 2001.4667968333224053 -40408.822512663966336 -39193.260937578117591 0.37832290259712197944 72457.528672226908384 -743.72223815719587492
965 0.48249999999999998446 304.23259215917636311 -38407.379115524126973 1954.282369569319826 -40361.661485093449301 -39295.874013605731307 0.37836852297612982854 72448.792374889060738 -840.90686538700924757
970 0.48499999999999998668 306.2893990845950043 -38408.073603156393801 1967.4945684446154246 -40375.568171601007634 -38350.987150081018626 0.37841497262649709254 72439.899436398845864 54.035519593551697426
975 0.4874999999999999889 311.65052546786824905 -38408.995333299018966 2001.9325446571776865 -40410.927877956193697 -38223.247749384274357 0.37846109468857375147 72431.071375640371116 175.84190289082013692
980 0.48999999999999999112 307.07793661601874646 -38408.41016185060289 1972.5598541343185843 -40380.970015984923521 -39093.598523722212121 0.37850677020028278275 72422.330907809460768 -648.72642679492298612
985 0.49249999999999999334 311.87722824300857383 -38410.083447178520146 2003.3888029543077209 -40413.472250132828776 -39114.569037867331645 0.37855303190620076537 72413.480415825601085 -667.07828523753357786
990 0.49499999999999999556 303.68702435718068955 -38409.149937826987298 1950.7778353270221032 -40359.92777315400599 -38379.000948588058236 0.37859988683293688272 72404.518637342320289 28.551649052728979683
995 0.49749999999999999778 308.72264001272401401 -38410.840486615750706 1983.1248459668508985 -40393.96533258260024 -38911.593040567880962 0.37864662913622099127 72395.580609881188138 -474.28045527703335438
1000 0.5 305.66662716862333582 -38410.520406228133652 1963.4941023308153945 -40374.014508558946545 -39267.436584724760905 0.3786937625555767406 72386.570027722744271 -811.71665026907635365
1005 0.50250000000000005773 309.17126072182668395 -38411.369992737192661 1986.0066264368549582 -40397.376619174050575 -38755.245230835411348 0.37874171190330963022 72377.405764298979193 -325.77818706197513166
1010 0.50500000000000000444 311.912931133155098 -38412.156630910641979 2003.618145669566502 -40415.774776580205071 -38607.079102660223725 0.3787899139559044448 72368.195541453038459 -184.68782917345296823
1015 0.50750000000000006217 307.00550181625931145 -38411.540477598500729 1972.0945586473737876 -40383.635036245876108 -39110.391204747531447 0.37883819941564766953 72358.971731399316923 -662.24112277444862684
1020 0.51000000000000000888 314.8212678838242482 -38413.262850594255724 2022.3002704092771182 -40435.563121003535343 -38938.320467064950208 0.37888710523515184425 72349.631812563049607 -497.61647216595684995
1025 0.51249999999999995559 311.12849219114576726 -38412.342365364682337 1998.5791878659581471 -40410.921553230640711 -38370.016110299009597 0.37893641330628835551 72340.217513311654329 40.119373738473193214
1030 0.51500000000000001332 317.62765927692106516 -38414.281226256221998 2040.3275342954905227 -40454.608760551709565 -38544.044362304688548 0.37898554256784644512 72330.839790237310808 -123.01326225544208626
1035 0.51749999999999996003 308.46221491411176885 -38413.767800032612286 1981.4519674129812756 -40395.219767445596517 -38841.134462175868975 0.37903468382004595894 72321.462210317418794 -405.18891282625588701
1040 0.52000000000000001776 307.17433719670981418 -38414.652880094232387 1973.1790973058791678 -40387.831977400113828 -38592.975531442614738 0.37908413254926304203 72312.028408967380528 -169.0908391119050691
1045 0.52249999999999996447 306.7202010382115418 -38415.06765622876992 1970.2618875433145149 -40385.329543772080797 -38586.601959888408601 0.37913360723337652392 72302.59211871275329 -162.67515417370782416
1050 0.5250000000000000222 304.36251579027407388 -38415.113640185110853 1955.1169529380597396 -40370.230593123167637 -38952.175148526097473 0.3791831156231804667 72293.151864737927099 -509.39066058915523172
1055 0.52749999999999996891 306.80494333634544546 -38416.241038812877377 1970.8062420387502698 -40387.047280851627875 -38617.768531498441007 0.37923301797082886733 72283.638985252226121 -191.16941186638814543
1060 0.53000000000000002665 305.22477180333351043 -38415.557647396970424 1960.6557800322179901 -40376.213427429189323 -38186.461729257367551 0.37928292618406511671 72274.127491275256034 217.34947947588003103
1065 0.53249999999999997335 316.50898667976673551 -38417.149282127298648 2033.1415779243361612 -40450.290860051631171 -38741.558500465827819 0.37933240805692924891 72264.699719980402733 -307.8159322470920074
1070 0.53500000000000003109 312.00988092413069808 -38416.642891884686833 2004.2409167733867434 -40420.883808658072667 -38810.789769245398929 0.37938198312178500471 72255.256659068749286 -374.03543918394535694
1075 0.5374999999999999778 309.970925974642455 -38417.527294035251543 1991.1433926657587108 -40408.670686701007071 -38585.357974467646272 0.37943185183734140509 72245.760153110342799 -159.28801525836416886
1080 0.54000000000000003553 304.6310762765579625 -38417.547122977666731 1956.842090339620654 -40374.389213317284884 -38997.195246539115033 0.37948181380309570221 72236.248392432040418 -550.21618612320492048
1085 0.54249999999999998224 307.83116237928743431 -38418.018944031879073 1977.3983095378448525 -40395.417253569721652 -39699.057716038121725 0.37953234235984212308 72226.631311175267911 -1216.1552678758760067
1090 0.54500000000000003997 315.27423848705802811 -38418.981069735105848 2025.2099930578281146 -40444.191062792931916 -39572.448832384689013 0.37958427862567811761 72216.748969530890463 -1095.1954687388044931
1095 0.54749999999999998668 313.02598225168878798 -38418.91462447468075 2010.7679916539891565 -40429.682616128673544 -39256.922412519466889 0.37963753563065366636 72206.618127877416555 -795.78392221782280558
1100 0.55000000000000004441 311.81612334931560326 -38420.012996071382076 2002.9962867692695454 -40423.009282840648666 -39452.642240417779249 0.37969177289553701637 72196.303736696732813 -980.73927476553501492
1105 0.55249999999999999112 309.74393890459157319 -38420.062510555289919 1989.6853081588608347 -40409.747818714153254 -39442.623399810290721 0.37974715536104192148 72185.77460107364459 -971.31851538188004724
1110 0.55500000000000004885 316.70813656948354264 -38421.395280937402276 2034.4208462486569715 -40455.81612718605902 -39010.853546706115594 0.37980363928868782208 72175.039221925442689 -560.00272986524294083
1115 0.55749999999999999556 311.75528808146640358 -38421.297334027112811 2002.6055025651119195 -40423.902836592227686 -38970.894553985483071 0.37986071909781377043 72164.19383240416937 -522.21203147467383587
1120 0.56000000000000005329 309.18197292485666594 -38421.763691629144887 1986.0754378333335808 -40407.839129462481651 -39429.183205229841406 0.37991836062768435944 72153.245020855538314 -957.36732655203650211
1125 0.5625 311.22000554560457886 -38422.26071689651144 1999.1670372279536423 -40421.427754124466446 -38981.908059476809285 0.37997699309392179989 72142.111392295133555 -531.92414941977278886
1130 0.56500000000000005773 313.77542714062974483 -38422.79716694929084 2015.582160060557726 -40438.379327009846747 -38548.678201406168228 0.38003614911449146163 72130.881828382844105 -119.6639052854627181
1135 0.56750000000000000444 311.88245268938709387 -38423.490419714638847 2003.4223629466011971 -40426.912782661238452 -38617.496380282384052 0.38009528016458499211 72119.660497813209076 -184.4529095791597797
1140 0.57000000000000006217 308.15369112346974134 -38423.314397716036183 1979.4701199049111437 -40402.784517620944825 -39048.520203557745845 0.38015447569018656626 72108.430428243140341 -594.5126097013587696
1145 0.57250000000000000888 314.19808146113700786 -38424.377886487149226 2018.297141651213451 -40442.675028138364723 -38810.563112896314124 0.38021414244803108939 72097.114499200601131 -367.2838927775163711
1150 0.57500000000000006661 315.34370211358884717 -38424.49657341629063 2025.6562027807644881 -40450.152776197057392 -38722.561292950507777 0.38027407178831645895 72085.752345351676922 -283.52101103094713608
1155 0.57750000000000001332 314.41257261532962275 -38425.147403745904739 2019.67495682246863 -40444.822360568374279 -39312.957783339159505 0.38033424913542640544 72074.346774198333151 -844.62438126530093996
1160 0.57999999999999996003 308.94689421915296634 -38425.162352426159487 1984.5653755262105733 -40409.727727952369605 -39308.259887912565318 0.38039530030355950263 72062.779273076521349 -840.27564450782131189
1165 0.58250000000000001776 309.67979540890615908 -38426.139153473559418 1989.2732730713282763 -40415.412426544884511 -39023.212351848778781 0.38045727107110588472 72051.041330125648528 -568.21334009577333291
1170 0.58499999999999996447 307.29905780424780914 -38426.419478968971816 1973.980258294922578 -40400.399737263891438 -39099.54480619768583 0.38051983030514402451 72039.195803038004669 -640.69478108308624087
1175 0.5875000000000000222 306.45027150060406029 -38426.998168979836919 1968.5279558411637026 -40395.526124821000849 -39117.989844748110045 0.38058305029854699875 72027.229118027069489 -657.80961680457016882
1180 0.58999999999999996891 308.75623556993843977 -38427.715686292809551 1983.3406519220711743 -40411.056338214882999 -38830.502591435411887 0.38064692110938608272 72015.143278706862475 -383.5090567201539784
1185 0.59250000000000002665 307.40166521745379669 -38427.674047291577153 1974.6393719592163052 -40402.313419250793231 -38944.418306854611728 0.38071116409950372939 72002.991105158391292 -492.09531846861455051
1190 0.59499999999999997335 311.48546691209162418 -38428.910005267993256 2000.872266982088604 -40429.782272250078677 -39110.609105581410404 0.38077586766696813747 71990.755953752508503 -649.29206807392165501
1195 0.59750000000000003109 306.4210245542290636 -38428.467185927875107 1968.3400838210795882 -40396.80726974895515 -38853.516308369151375 0.38084117025379743415 71978.411745828663697 -404.9123051763933745
1200 0.5999999999999999778 310.4503895436869243 -38429.793898412528506 1994.2232967391005332 -40424.017195151631313 -38781.839549941272708 0.38090681126303921333 71966.00783114162914 -335.42519670686402833
1205 0.60250000000000003553 307.38321480071158476 -38429.428746639874589 1974.520853019826518 -40403.949599659703381 -38996.87536165468191 0.38097267410986795921 71953.566292751158471 -540.75033376907754246
1210 0.60499999999999998224 311.05515883127765164 -38430.573253744805697 1998.1081203472731431 -40428.681374092077021 -38980.699099228710111 0.38103902756848739841 71941.036426679449505 -524.33574978879926221
1215 0.60750000000000003997 307.89686654723573156 -38430.798625777759298 1977.8203698309819174 -40408.618995608740079 -38406.002211791179434 0.38110574220022214176 71928.442757205688395 23.638087237379782124
1220 0.60999999999999998668 307.00167888560218898 -38431.161384941093274 1972.0700014954582002 -40403.231386436549656 -38957.023022035318718 0.3811723202344735606 71915.879268013726687 -501.38438592231301527
1225 0.61250000000000004441 309.14702732680052577 -38432.097586519041215 1985.850959694122821 -40417.948546213163354 -39086.715682657173602 0.3812392792473613401 71903.248312734795036 -624.257267033084986
1230 0.61499999999999999112 306.85297540995821919 -38431.674640755532891 1971.1147830598456494 -40402.789423815382179 -38505.006187072838657 0.38130677229013248963 71890.52110890201584 -69.942849528936761772
1235 0.61750000000000004885 313.75547013093552096 -38432.899824698411976 2015.4539633018937366 -40448.35378800030594 -38431.002850777105778 0.38137415892350562396 71877.818464856492938 1.8096333174576364478
1240 0.61999999999999999556 311.87942469693138037 -38432.410385460287216 2003.4029121960113571 -40435.813297656299255 -38925.569474406795052 0.38144132878322539737 71865.161150037849438 -470.53588318417342862
1245 0.62250000000000005329 317.10330199857673961 -38433.730416003018036 2036.9592489413444127 -40470.68966494435881 -38827.75069568491017 0.38150884713157340311 71852.442658655287232 -376.01151827215596768
1250 0.625 314.47858629030702105 -38433.654600082831166 2020.0990052790893969 -40453.753605361918744 -37969.837123158860777 0.38157649113688218989 71839.705010698598926 442.69710235084130545
1255 0.62750000000000005773 315.9848282025266144 -38434.152682160092809 2029.7745695980397613 -40463.927251758133934 -38385.266034759843023 0.38164337695192707134 71827.114572838516324 46.668725965590802218
1260 0.63000000000000000444 315.4205738313686993 -38434.652879311535798 2026.1499994568848706 -40460.802878768423398 -39155.861014899113798 0.38170991997726050338 71814.593039458064595 -688.6079367625766281
1265 0.63250000000000006217 310.74500447194969865 -38434.472199568488577 1996.1157986437440286 -40430.587998212235107 -38606.166130557103315 0.38177702462066104294 71801.97024566460459 -163.96180596060634116
1270 0.63500000000000000888 316.22265832946612818 -38435.729495245301223 2031.3023060602370151 -40467.031801305536646 -38177.36189278364327 0.38184417654067626113 71789.343000156877679 246.77558322420509285
1275 0.63750000000000006661 314.06229106170007981 -38435.411838863496087 2017.4248722415063639 -40452.836711105002905 -38893.512299637994147 0.38191083661698677076 71776.812632794011733 -437.62353542745302093
1280 0.64000000000000001332 317.26294146308583777 -38436.810450956276327 2037.9847162943437979 -40474.795167250616942 -39354.179519558339962 0.38197783394371132015 71764.223277758515906 -876.51673955432931962
1285 0.64249999999999996003 311.90249629213650451 -38436.525427028354898 2003.5511159483680785 -40440.076542976719793 -38252.40407292740565 0.38204560926917013886 71751.492222955261241 175.95326629760052128
1290 0.64500000000000001776 310.71426704833123722 -38436.993690118550148 1995.9183523259869162 -40432.912042444535473 -37856.748108488245634 0.38211294738743423194 71738.847766644714284 554.60215882700538259
1295 0.64749999999999996447 309.72117884638686292 -38437.213722696389596 1989.5391056098039826 -40426.752828306191077 -38719.450693893872085 0.38217935719799311922 71726.381987946399022 -269.81065032200069709
1300 0.6500000000000000222 312.30522980456100868 -38437.545021967307548 2006.1381333266840556 -40443.683155293991149 -38620.872128833259922 0.38224576586665570677 71713.920754988052067 -175.28603947455360412
1305 0.65249999999999996891 317.32700568961996623 -38438.485457945498638 2038.396242184936682 -40476.881700130434183 -37481.941260142870306 0.38231201583391949406 71701.493615098108421 914.74690712665733372
1310 0.65500000000000002665 313.28967370779588464 -38438.053204574505799 2012.4618521309973858 -40450.515056705502502 -37835.055603978980798 0.38237683781764175706 71689.338503720267909 576.7467043860715421
1315 0.65749999999999997335 314.6967860167584945 -38439.062436119253107 2021.5006430044315948 -40460.563079123683565 -39212.77232648734207 0.38244070148584352609 71677.367120679657091 -740.15080329391298619
1320 0.66000000000000003109 309.98913391190757238 -38438.998102519515669 1991.2603540029083433 -40430.25845652242424 -38413.172447948119952 0.38250510680208243963 71665.29825306328712 24.709646697413845118
1325 0.6624999999999999778 310.64302347378344393 -38439.858512547965802 1995.460708847700289 -40435.319221395664499 -37416.976434422904276 0.38256925837697575155 71653.280973453220213 978.84426052907281246
1330 0.66500000000000003553 308.03748548329980395 -38439.833248448623635 1978.7236560490273405 -40418.556904497650976 -38269.801348104527278 0.38263195983612302564 71641.539232717157574 162.73823860987695866
1335 0.66749999999999998224 309.22152421465932548 -38440.273418109747581 1986.3295013043327799 -40426.602919414079224 -38922.377264538336021 0.38269413456343170932 71629.899929253966548 -461.49857318886301982
1340 0.67000000000000003997 309.31708082454730402 -38440.687624330435938 1986.9433231065090695 -40427.63094743694819 -37602.644602650325396 0.38275647247149641172 71618.233874105004361 802.35546996911637052
1345 0.67249999999999998668 309.4344877685875872 -38440.853867718185938 1987.6975037127831456 -40428.551371430970903 -37462.930325456611172 0.38281755226497521383 71606.806950473983306 936.4286740287000157
1350 0.67500000000000004441 311.2866830828345428 -38441.324963364670111 1999.5953501004505597 -40440.920313465117943 -38886.671508724975865 0.38287721153810855279 71595.6493001220515 -426.51623443031792249
1355 0.67749999999999999112 313.4770505547392645 -38441.77964294305275 2013.6654946002281577 -40455.445137543283636 -38873.348327479849104 0.38293706519378778452 71584.45878938063106 -413.3855471253897349
1360 0.68000000000000004885 311.29525555388431712 -38442.120790104308981 1999.6504166168854226 -40441.771206721197814 -37535.961325298441807 0.3829971199699984119 71573.234191521798493 868.11667714669988527
1365 0.68249999999999999556 310.68557668900683666 -38442.26911425608705 1995.734055623893255 -40438.003169879979396 -38206.497211472589697 0.38305594114024277275 71562.243573856947478 225.90831237304067258
1370 0.68500000000000005329 310.30258069305398294 -38442.33394761531963 1993.2738250575550865 -40435.607772672876308 -39547.659007429385383 0.38311426205303955594 71551.349760234224959 -1059.2446916124088148
1375 0.6875 313.98903199342765902 -38443.630692737591744 2016.9542819457074074 -40460.584974683297332 -38588.55196109424287 0.38317356595942486663 71540.275732887646882 -138.9010815125638203
1380 0.69000000000000005773 307.64797502400915619 -38443.529656616105058 1976.2215788785567838 -40419.75123549465934 -37531.088240003824467 0.38323281717461271656 71529.214967519743368 874.67284166153058322
1385 0.69250000000000000444 303.64693349432411651 -38443.960714232103783 1950.5203058299180157 -40394.481020062019525 -38510.154269915459736 0.38329082654229501559 71518.389337883607368 -63.463218878973194137
1390 0.69500000000000006217 299.70824589633309643 -38443.898060072562657 1925.2195723438492223 -40369.117632416411652 -38781.61101731917006 0.38334860517117441692 71507.610025216577924 -323.8318578287926357
1395 0.69750000000000000888 304.306858766583332 -38444.471934783854522 1954.7594319395054754 -40399.231366723361134 -37323.321294724977633 0.38340639727165914952 71496.831449237128254 1075.2297802127718569
1400 0.70000000000000006661 311.04543282903853196 -38444.845476827395032 1998.0456439552226584 -40442.891120782616781 -37281.526875317525992 0.38346259440656682571 71486.353459620848298 1115.8341247690721048
1405 0.70250000000000001332 314.67028204751539988 -38444.962922680671909 2021.3303908974901333 -40466.293313578164089 -38803.236989030599943 0.38351716684926062673 71476.181333664630074 -343.69889950526948041
1410 0.70499999999999996003 318.20220305136734851 -38445.622612828003184 2044.0181999173996701 -40489.640812745405128 -38381.946974591526669 0.38357173568187541424 71466.012774794653524 61.093902100670746336
1415 0.70750000000000001776 317.78377365751333627 -38445.633777013463259 2041.3303577584943014 -40486.964134771958925 -37315.845209185004933 0.38362590912551525202 71455.920755660583382 1084.1342545429358779
1420 0.70999999999999996447 318.27057765650033616 -38446.195057757679024 2044.457414152762567 -40490.652471910441818 -38100.490212659693498 0.38367854731558331816 71446.117470164055703 331.78056590812269633
1425 0.7125000000000000222 313.87434782827364188 -38446.187033693866397 2016.2175915062030072 -40462.404625200069859 -39078.709245984173322 0.38373057342029037731 71436.43082165105443 -607.12783449834500971
1430 0.71499999999999996891 315.36130972404623662 -38446.959699904931767 2025.769307831222477 -40472.729007736154017 -37694.161191760074871 0.38378292205727054798 71426.686772165485309 722.67387513727828718
1435 0.71750000000000002665 315.97340259504261439 -38447.165560185036156 2029.7011755441380956 -40476.866735729170614 -37027.669455322007707 0.38383411964329683386 71417.159547373725218 1362.8741135324405604
1440 0.71999999999999997335 313.31895480644129748 -38447.609806493310316 2012.6499435331650147 -40460.259750026474649 -38190.056143067238736 0.3838833902964056688 71407.993300062633352 247.31189972472810723
1445 0.72250000000000003109 306.29797586306921175 -38447.662235539930407 1967.5496626304188794 -40415.211898170346103 -38297.738198663137155 0.38393196560799025541 71398.958716243374511 143.98044122602073003
1450 0.7249999999999999778 307.31460155626882624 -38448.02940018051595 1974.0801058500976524 -40422.109506030610646 -37139.221187816809106 0.3839800010854298451 71390.026784734101966 1257.0790165322243865
1455 0.72750000000000003553 312.31914786267685713 -38448.350716322522203 2006.2275380002643033 -40454.578254322783323 -37418.175138824415626 0.38402620984800922566 71381.436629391479073 989.57810120159012968
1460 0.72999999999999998224 313.07594351335382044 -38448.610128748288844 2011.08892509553948 -40459.699053843825823 -38656.852583248364681 0.38407093466480429766 71373.124306360303308 -200.05926852087301882
1465 0.73250000000000003997 310.80400781012957623 -38448.983981604600558 1996.4948151808359853 -40445.478796785435406 -37938.963031318475259 0.38411551748945910179 71364.840299749965197 490.0358219961678401
1470 0.73499999999999998668 310.52960019996640995 -38449.266244706806901 1994.732117927357649 -40443.998362634163641 -36844.361846497340593 0.3841591651981487443 71356.73191124261939 1542.1915755423408427
1475 0.73750000000000004441 311.26307395133085265 -38449.649658021888172 1999.4436934053835557 -40449.093351427269226 -37837.099079750616511 0.38420068323070188931 71349.020860097516561 588.67832736979130459
1480 0.73999999999999999112 309.74678009640416576 -38449.968496527792013 1989.7035589683107446 -40439.672055496099347 -38572.07206949157262 0.38424114988822183347 71341.506682107021334 -117.35732609727919851
1485 0.74250000000000004885 308.75901354847707125 -38450.214943703133031 1983.3584966718481155 -40433.573440374981146 -37443.268670577032026 0.38428139775522357491 71334.034700664735283 967.90697775813066528
1490 0.74499999999999999556 310.58332699079409167 -38450.569288876758947 1995.0772397939626899 -40445.646528670724365 -36913.972557862907706 0.38432016649575795331 71326.838797551463358 1477.1719049382302273
1495 0.74750000000000005329 309.93913647752503948 -38450.7482148342242 1990.9391882006382275 -40441.687403034862655 -38084.223424371935835 0.38435686217135101028 71320.029015301683103 352.38381541900656657
1500 0.75 307.23865245325811202 -38451.305244906870939 1973.5922357243327951 -40424.897480631203507 -38156.491585961288365 0.3843927496791418319 71313.370465942818555 283.46585194572071487
1505 0.75250000000000005773 303.6033346887946891 -38451.203173988571507 1950.2402425520958786 -40401.443416540663748 -37105.279006214346737 0.38442792431036137968 71306.845389722977416 1294.2360076382440184
1510 0.75500000000000000444 307.69943772883749489 -38451.818636509953649 1976.5521570589635303 -40428.37079356891627 -37478.518368219964032 0.38446125202744446669 71300.664027214515954 936.00329851411208892
1515 0.75750000000000006217 310.84189429247186354 -38452.32206957769813 1996.7381845186214377 -40449.060254096322751 -38846.8604253839585 0.38449323637222360128 71294.732830497654504 -379.45116897568533432
1520 0.76000000000000000888 304.87529060341995546 -38452.350596009615401 1958.410836639927993 -40410.761432649545895 -38272.776389005754027 0.38452539104625382826 71288.771042413907708 172.72171436102678399
1525 0.76250000000000006661 302.86061557390684129 -38452.970598042411439 1945.4692781348187509 -40398.439876177231781 -37402.698077024222584 0.38455718998843935186 71282.876190964321722 1010.2780068994984504
1530 0.76500000000000001332 301.96505558227102028 -38452.606221688605729 1939.7165180832926126 -40392.322739771901979 -37855.938691703988297 0.38458757772225710125 71277.243858583009569 573.9917061633625508
1535 0.76750000000000007105 313.04861253576729041 -38453.897296343515336 2010.9133605800436726 -40464.8106569235606 -38388.031620144167391 0.38461702877744952112 71271.785987803043099 63.367361394106666239
1540 0.77000000000000001776 310.23168058433259375 -38453.199050405797607 1992.8183878820329937 -40446.017438287832192 -37598.943477547283692 0.38464609782962361217 71266.399729429147555 821.91538871349746387
1545 0.77249999999999996447 316.23720912366991342 -38454.522168250579853 2031.3957752062408417 -40485.917943456821376 -37571.810285936961009 0.38467398675032565825 71261.232904951189994 849.35598507875749874
1550 0.7750000000000000222 314.76025311777948446 -38454.2185892964917 2021.9083331723149968 -40476.126922468807606 -38535.231382969432161 0.38470065164323424822 71256.293549803682254 -77.956887457149591114
1555 0.77749999999999996891 317.76523682485429845 -38455.163445674457762 2041.2112837138756731 -40496.374729388335254 -38960.000280513639154 0.3847272698534992541 71251.363524944419623 -485.82735664308682999
1560 0.78000000000000002665 312.97196133545162411 -38455.19942095886654 2010.4209804299746338 -40465.620401388841856 -38281.095902596920496 0.38475433901661976188 71246.350677560432814 167.55949162967792176
1565 0.78249999999999997335 310.14898611261503447 -38455.424604101608566 1992.2871878978646691 -40447.711791999470734 -38237.406686489412095 0.38478115760435771531 71241.384928929313901 209.83790625606434332
1570 0.78500000000000003109 310.60390589004396134 -38456.104810752607591 1995.209431350770501 -40451.314242103377183 -38720.138666003076651 0.38480764739235490124 71236.4807405739557 -254.144825413200806
1575 0.7874999999999999778 310.01525653564021923 -38456.102299514685001 1991.4281564814175454 -40447.5304559961005 -38526.72989003744442 0.38483432459605121378 71231.542537337227259 -67.987042887304070859
1580 0.79000000000000003553 312.64075391957914007 -38457.159143977609347 2008.2934213511907728 -40465.452565328800119 -37900.247603293093562 0.38486094948432075791 71226.614700766993337 536.12742652971076041
1585 0.79249999999999998224 308.34601131108246364 -38456.908763305429602 1980.7055166429672681 -40437.614279948400508 -38048.638897800890845 0.38488679592509988936 71221.831594414034043 393.05950076275706806
1590 0.79500000000000003997 310.35078833447107627 -38457.368899423687253 1993.5834938640143719 -40450.952393287698214 -38431.12386429101025 0.38491199508095480519 71217.168892140383832 25.268913222209381075
1595 0.79749999999999998668 315.545228634443788 -38457.923997000863892 2026.9507377413758604 -40484.874734742239525 -38061.848317079049593 0.38493700725124518902 71212.541392257611733 381.3693636165990597
1600 0.80000000000000004441 312.80508514885337945 -38458.027423082086898 2009.3490269385508782 -40467.376450020638003 -37882.50353710303898 0.38496150492737807314 71208.00966180326941 554.18991267484443597
1605 0.80249999999999999112 312.1822545244146454 -38459.030858219754009 2005.3481837023614389 -40464.379041922118631 -38183.095230384024035 0.38498517923952468855 71203.630790254494059 265.72336877680027101
1610 0.80500000000000004885 305.66709136466829477 -38458.301518658408895 1963.497084161723933 -40421.798602820133965 -38321.120875890919706 0.38500836134168858749 71199.343481174582848 132.11160080057132404
1615 0.80749999999999999556 314.08139109996341176 -38459.962038855919673 2017.5475641193593219 -40477.509602975282178 -37988.093222465351573 0.38503122107225057347 71195.116297198081156 454.45949821562021498
1620 0.81000000000000005329 305.46772820530503623 -38459.096362022159155 1962.2164458687648221 -40421.312807890921249 -38050.746976970884134 0.38505338280122242134 71191.018665695621166 393.30621508135129716
1625 0.8125 305.71593786688021055 -38460.456910161054111 1963.8108567835538452 -40424.267766944605683 -38649.635367396644142 0.38507499087381524827 71187.023857578387833 -182.21954313951761151
1630 0.81500000000000005773 301.89792700786392743 -38460.102226024115225 1939.2853079077915481 -40399.387533931905637 -38775.251891573941975 0.38509674893451606437 71183.001773282710928 -303.57406285502293031
1635 0.81750000000000000444 307.98439798135700585 -38461.212565021312912 1978.3826407476917666 -40439.595205769001041 -38487.221087792866456 0.38511881149059168372 71178.923865578923142 -25.054652221277436297
1640 0.82000000000000006217 304.79774127623949198 -38461.343408397471649 1957.9126872411236491 -40419.256095638593251 -38706.904103765889886 0.38514089741431611902 71174.842106685391627 -236.56824756241670116
1645 0.82250000000000000888 300.63723039848986218 -38461.265568105067359 1931.1870396072456515 -40392.452607712315512 -39008.973291746217001 0.38516326104649595274 71170.709500722383382 -527.68127164659290429
1650 0.82500000000000006661 306.49412750527000071 -38462.362246687182051 1968.809671275102346 -40431.171917962281441 -38739.277830387130962 0.38518623279473068743 71166.465019790455699 -266.80632033395573899
1655 0.82750000000000001332 307.85821216803350353 -38461.912761678584502 1977.5720677958665874 -40439.484829474451544 -38362.737918180289853 0.38520947645311026664 71162.170813385586371 95.560067221444398911
1660 0.83000000000000007105 315.02583274480036835 -38463.466753998232889 2023.6143225902146696 -40487.081076588445285 -38401.981222029891796 0.38523256191974697416 71157.906345418698038 59.248025820709408151
1665 0.83250000000000001776 304.77110461610254788 -38462.712494668980071 1957.7415827748980064 -40420.454077443879214 -38399.476272126106778 0.38525549300592798474 71153.670901375749963 60.93863458375700759
1670 0.83499999999999996447 308.32042035556548853 -38464.098131986771477 1980.5411294126829489 -40444.639261399453972 -37925.833929489082948 0.38527820529860873355 71149.476366163013154 518.73780527298606557
1675 0.8375000000000000222 305.53940110851948475 -38463.619945053673291 1962.6768472022765764 -40426.296792255947366 -37740.167569044730044 0.38530011166407068801 71145.431139119158615 697.2476230260911052
1680 0.83999999999999996891 307.57168053321851175 -38464.412577945768135 1975.7314901040792847 -40440.144068049849011 -38232.614649230548821 0.38532102062705575474 71141.570521331363125 223.41391194786339724
1685 0.84250000000000002665 303.126950421464187 -38464.308058081922354 1947.1801188218378229 -40411.488176903760177 -38425.623191402672091 0.38534148868571255209 71137.791717643936863 37.287634724608025749
1690 0.84499999999999997335 307.03906893613668672 -38464.858118920099514 1972.3101819312173575 -40437.168300851313688 -38226.486933970707469 0.38536179834984773951 71134.042553447347018 229.77373064902130295
1695 0.84750000000000003109 313.02809959564450537 -38465.683921143005136 2010.7815927212964198 -40476.465513864299282 -38304.107723439054098 0.38538174914957806783 71130.360020374297164 155.75661047003163162
1700 0.8499999999999999778 311.06186738757924104 -38465.757658488968445 1998.1512137358297423 -40463.90887222479796 -38579.956242005573586 0.38540142169581292908 71126.729220856112079 -110.09104386994337688
1705 0.85250000000000003553 310.45311958608436953 -38466.37676267218194 1994.2408335640923269 -40460.617596236275858 -38311.939707063284004 0.38542111357360103741 71123.09522466348426 148.88980979974169827
1710 0.85499999999999998224 310.43392990348610283 -38466.157549813273363 1994.1175658427962389 -40460.275115656069829 -37906.65141997266619 0.38544050597695139748 71119.516857240407262 539.43629261380613116
1715 0.85750000000000003997 316.74736000583919804 -38467.191121020587161 2034.6728037052848777 -40501.863924725868856 -38124.431066833320074 0.38545913230549189166 71116.080188147359877 330.48100484104111274
1720 0.85999999999999998668 309.71180108051476054 -38467.077660020404437 1989.4788661647803565 -40456.556526185187977 -38433.973267792440311 0.3854772228308581683 71112.742695874418132 31.919957219446803975
1725 0.86250000000000004441 306.38304969102040332 -38467.832679674800602 1968.0961467559257017 -40435.928826430725167 -38400.395775949582458 0.38549516544043782584 71109.432801762333838 65.027119732999423718
1730 0.86499999999999999112 304.76860464268060014 -38467.802799241719185 1957.7255238314817234 -40425.528323073202046 -38444.385976608762576 0.38551297758157665463 71106.147280062607024 22.581091420318603724
1735 0.86750000000000004885 311.8119197584670701 -38468.741875271742174 2002.9692843911684577 -40471.711159662911086 -38872.982634414533095 0.38553076947359687932 71102.865796470243367 -389.83165899614226646
1740 0.86999999999999999556 311.22660582417353226 -38468.923794492737215 1999.2094350787231178 -40468.133229571460106 -38862.009853569354163 0.38554900030347077911 71099.503670647420222 -379.09249204235044317
1745 0.87250000000000005329 309.50788423764981871 -38469.380773073578894 1988.1689766225688345 -40457.549749696147046 -38578.623385104212502 0.38556773312299041923 71096.049299195205094 -105.35877634884963072
1750 0.875 309.92731423726257844 -38469.753737391147297 1990.8632463183114396 -40460.61698370945669 -38262.233954996947432 0.38558656672162006096 71092.576682220911607 200.15173487829946453
1755 0.87750000000000005773 311.17176655895104886 -38470.172026474094309 1998.8571670708024612 -40469.02919354489859 -38206.09674702816119 0.38560507748065736555 71089.163922293315409 254.71144058020473722
1760 0.88000000000000000444 311.17775999976282719 -38470.686661348634516 1998.8956668108480699 -40469.582328159485769 -38128.939026170730358 0.38562315793986512436 71085.83081145194592 329.64507000419388305
1765 0.88250000000000006217 306.66704513598045878 -38470.692435514727549 1969.9204328627640734 -40440.612868377495033 -37834.294719583362166 0.38564067679978264458 71082.601528891711496 613.88837426409679665
1770 0.88500000000000000888 309.76517550012903257 -38471.453432933536533 1989.8217245235705377 -40461.275157457108435 -37775.30212281014974 0.38565728313794384041 71079.540723949146923 671.55740525558678655
1775 0.88750000000000006661 310.98359452099902001 -38471.392627222987358 1997.6484165763019973 -40469.041043799290492 -37782.668926159181865 0.38567285775889459387 71076.670319973709411 664.41903288775847614
1780 0.89000000000000001332 314.8993917765890842 -38472.390809821699804 2022.8021106138023697 -40495.192920435503765 -37663.79928605222085 0.38568741153262031673 71073.988267757114954 780.08622449094229978
1785 0.89250000000000007105 307.96754847197257732 -38472.009852369184955 1978.2744054698991931 -40450.284257839084603 -37347.421127841786074 0.3857007803767037446 71071.524759473279119 1084.9811739466993004
1790 0.89500000000000001776 312.26786493449856152 -38473.074207805788319 2005.8981146413550505 -40478.972322447145416 -37868.433480149433308 0.38571272656387317612 71069.323551997556933 583.36359863492180011
1795 0.89749999999999996447 312.99136343264927973 -38473.02790336182079 2010.5456126273895734 -40483.573515989213774 -38218.173269900056766 0.38572374629016725756 71067.293175332961255 245.89339893340212484
1800 0.9000000000000000222 315.30285138268169476 -38474.066522775246995 2025.3937921605568135 -40499.460314935800852 -38221.710068719046831 0.38573432998390000392 71065.343246568736504 243.48974168205859314
1805 0.90249999999999996891 308.99652307594277545 -38473.810349992643751 1984.8841737166274015 -40458.694523709273199 -38014.590979051616159 0.38574449229964746788 71063.471052743057953 443.09606519716624007
1810 0.90500000000000002665 311.36829323115944135 -38474.401493538563955 2000.1195847753660928 -40474.521078313933685 -38039.072994335452677 0.38575402036495232139 71061.715795876676566 420.05438315659284854
1815 0.90749999999999997335 313.07281874509362751 -38474.837910244365048 2011.0688526914734666 -40485.906762935839652 -37981.331699846741685 0.38576290249442135583 71060.079611173816375 476.2018115484994496
1820 0.91000000000000003109 309.49973283166559668 -38475.112638107057137 1988.1166148789138788 -40463.229252985969651 -37534.706603172067844 0.3857710041665561862 71058.587260891741607 907.45051031173341016
1825 0.9124999999999999778 306.82665676661355292 -38475.804778747937235 1970.9457214208066489 -40446.75050016874593 -37449.859213593212189 0.38577781948317141358 71057.331909376036492 990.00988903801510332
1830 0.91500000000000003553 305.59627360485774261 -38475.945732113519625 1963.0421759664252477 -40438.987908079943736 -37811.402622666384559 0.38578321805646359488 71056.337547267205082 641.27520903607580749
1835 0.91749999999999998224 310.44522302805489744 -38476.9488557868317 1994.1901088733950473 -40471.138964660225611 -37956.889217994474166 0.38578764684197303092 71055.52183095109649 501.85635331388544955
1840 0.92000000000000003997 305.41293897785584477 -38476.514741507911822 1961.8644992857693978 -40438.379240793678036 -37690.453758794421447 0.38579127648975558573 71054.853317863919074 758.55417555911981253
1845 0.92249999999999998668 304.33182827485910593 -38477.180749006118276 1954.9198272129174256 -40432.100576219032519 -37882.198253327005659 0.38579386542909549496 71054.37649145082105 574.16599365092736207
1850 0.92500000000000004441 303.61396037399634906 -38477.255770237432444 1950.3084981887020604 -40427.564268426132912 -38206.061675257449679 0.38579562585921967077 71054.052262101278757 261.70708999879377643
1855 0.92749999999999999112 310.64292819113688893 -38478.273446638959285 1995.4600967857415981 -40473.733543424699747 -37824.399480145017151 0.3857969151333239255 71053.814810359210242 631.00203151535788493
1860 0.93000000000000004885 312.38912305497825628 -38478.886022052109183 2006.6770338404414815 -40485.563055892547709 -37249.018568421706732 0.38579723840208057783 71053.755272664056974 1186.8487686810058221
1865 0.93249999999999999556 307.59022906473506964 -38478.799688462378981 1975.8506392980132205 -40454.650327760391519 -37716.722412317110866 0.38579596658733922299 71053.989508429105626 735.41867661913067877
1870 0.93500000000000005329 307.30266595202181179 -38479.321783361338021 1974.003435757703528 -40453.325219119040412 -38232.078398998732155 0.38579366126483077837 71054.414093842948205 238.59301636896799437
1875 0.9375 306.7180564935662801 -38479.296598854081822 1970.2481117484162496 -40449.544710602494888 -38088.739673379917804 0.38579095929238899076 71054.911739171657246 376.88977006037038109
1880 0.94000000000000005773 308.28414327731019284 -38480.164881285541924 1980.3080983164725239 -40460.472979602011037 -37868.530506404829794 0.38578768745246766469 71055.514351189602166 590.22582593386198369
1885 0.94250000000000000444 304.24712773675923927 -38480.204830317758024 1954.375740969142953 -40434.58057128690416 -38448.714540825894801 0.38578367666818375037 71056.253076950903051 30.387744144201999319
1890 0.94500000000000006217 306.3812663009362609 -38481.189838183978281 1968.0846908899554819 -40449.274529073933081 -38700.600014124582231 0.38577960225394025695 71057.003538115604897 -211.72589962998395663
1895 0.94750000000000000888 305.27499240896815991 -38481.281669109856011 1960.9783794075324295 -40442.260048517389805 -38059.18493045521609 0.38577572905166346295 71057.71695300193096 407.3097981090598978
1900 0.95000000000000006661 308.24169466858586475 -38481.762462042577681 1980.0354234953629202 -40461.797885537940601 -38058.282668159052264 0.38577141348030297152 71058.511865837630467 408.63983059403363995
1905 0.95250000000000001332 308.11469782154216546 -38481.996038222081552 1979.2196407503026876 -40461.215678972381284 -38358.955836996690778 0.38576657598730301757 71059.402935917663854 118.72702599139968527
1910 0.95500000000000007105 309.06233804809261301 -38482.616579658068076 1985.3069457766926007 -40467.923525434758631 -38126.586950927470753 0.3857615227812665748 71060.333764376846375 343.54450706694944984
1915 0.95750000000000001776 309.55535930530163569 -38482.899857932599843 1988.4739396347417824 -40471.37379756734299 -37537.288393549868488 0.38575593951235814805 71061.36226170246664 912.43788825445801649
1920 0.95999999999999996447 311.36182120216182057 -38483.431917575289845 2000.0780107543985196 -40483.509928329687682 -37504.90090908507409 0.38574911332845596146 71062.619757599095465 944.18585339799403755
1925 0.9625000000000000222 309.88556159990906735 -38483.8257955011577 1990.5950421706759244 -40474.420837671830668 -37727.266442012922198 0.38574096419294440219 71064.121021327780909 729.98969067025791446
1930 0.96499999999999996891 307.70217000188762313 -38484.190267018006125 1976.5697082128776856 -40460.759975230881537 -37543.590651925362181 0.38573171769167174938 71065.824522635361063 907.54487392136377366
1935 0.96750000000000002665 307.42633760667581555 -38484.815571867664403 1974.7978586451085903 -40459.613430512770719 -37621.568662771212985 0.38572124311019384546 71067.75437426409917 832.88789453895594761
1940 0.96999999999999997335 305.98899983822047943 -38484.973644162586424 1965.5649101300502934 -40450.538554292637855 -38336.386705603341397 0.38570974328402390929 71069.873239125110558 143.35709918082102377
1945 0.97250000000000003109 311.47369602453068183 -38485.832125345674285 2000.7966549713198674 -40486.628780316990742 -38732.588073071114195 0.38569803807080438318 71072.030076696566539 -238.06361249422113247
1950 0.9749999999999999778 309.89857562079208719 -38485.632193827936135 1990.6786396294110091 -40476.310833457348053 -38528.561658254657232 0.38568663303815314825 71074.131728022228344 -41.41598723714776753
1955 0.97750000000000003553 309.55250795474620418 -38486.584814441572235 1988.4556235691277379 -40475.04043801069929 -38343.364559262758121 0.38567532975857687916 71076.214751538573182 138.16697931700701929
1960 0.97999999999999998224 305.58500260662401615 -38486.673595087821013 1962.9697750675627503 -40449.643370155383309 -38310.343460776108259 0.38566388167745097038 71078.324584248490282 170.10358498476497857
1965 0.98250000000000003997 307.68520868932267831 -38487.473034209993784 1976.4607547510702261 -40463.933788961061509 -38210.680995275273744 0.3856522194162234074 71080.474018238979625 267.0099159651351215
1970 0.98499999999999998668 303.29555120042061844 -38487.657267980015604 1948.2631504834746465 -40435.920418463487295 -37851.475295396630827 0.3856401465807185458 71082.699260807828978 613.67941799120433188
1975 0.98750000000000004441 299.94842232108101143 -38487.935058809111069 1926.762380591775127 -40414.697439400886651 -37949.916454401747615 0.38562728013564456786 71085.070933386145043 518.97089586216782209
1980 0.98999999999999999112 302.34266813563078813 -38488.643084379131324 1942.1421673219940658 -40430.785251701126981 -38340.984390932804672 0.38561373117169045477 71087.568585792934755 142.42606368463077615
1985 0.99250000000000004885 304.27332944371255508 -38488.840016978901986 1954.5440514502392944 -40443.384068429142644 -38498.991414092481136 0.38559998813355284009 71090.102193667029496 -9.7913097412246834494
1990 0.99499999999999999556 304.614903930633659 -38489.412725538953964 1956.7382049199482026 -40446.15093045890535 -38278.072075287986081 0.38558623408310355174 71092.638012546405662 203.83676591408391232
1995 0.99750000000000005329 302.26844942840631347 -38489.892525366041809 1941.6654126456076028 -40431.557938011646911 -38431.454289118744782 0.3855722768778904741 71095.211471784496098 56.361281609844517959
2000 1 298.6792956311475109 -38489.983189119273447 1918.6099604408491359 -40408.593149560125312 -38579.59105184848886 0.38555825846316343908 71097.796404509048443 -86.419965591091823853
